2023-02-09 10:40:11,956 - root - INFO - Main - acquire a child logger and then log messages in the child
2023-02-09 10:40:11,956 - PublisherAppln - DEBUG - Main: parse command line arguments
2023-02-09 10:40:11,959 - PublisherAppln - DEBUG - Main: resetting log level to 20
2023-02-09 10:40:11,959 - PublisherAppln - INFO - PublisherAppln::configure
2023-02-09 10:40:11,959 - PublisherAppln - INFO - PublisherMW::configure
2023-02-09 10:40:11,959 - PublisherAppln - INFO - PublisherMW::configure completed
2023-02-09 10:40:11,959 - PublisherAppln - INFO - PublisherAppln::configure - configuration complete
2023-02-09 10:40:11,959 - PublisherAppln - INFO - PublisherAppln::driver
2023-02-09 10:40:11,959 - PublisherAppln - INFO - **********************************
2023-02-09 10:40:11,959 - PublisherAppln - INFO - PublisherAppln::dump
2023-02-09 10:40:11,959 - PublisherAppln - INFO - ------------------------------
2023-02-09 10:40:11,959 - PublisherAppln - INFO -      Name: pub1
2023-02-09 10:40:11,959 - PublisherAppln - INFO -      Lookup: Centralized
2023-02-09 10:40:11,959 - PublisherAppln - INFO -      Dissemination: Direct
2023-02-09 10:40:11,959 - PublisherAppln - INFO -      Num Topics: 9
2023-02-09 10:40:11,959 - PublisherAppln - INFO -      TopicList: ['airquality', 'humidity', 'light', 'temperature', 'pressure', 'sound', 'altitude', 'weather', 'location']
2023-02-09 10:40:11,959 - PublisherAppln - INFO -      Iterations: 1000
2023-02-09 10:40:11,960 - PublisherAppln - INFO -      Frequency: 1
2023-02-09 10:40:11,960 - PublisherAppln - INFO - **********************************
2023-02-09 10:40:11,960 - PublisherAppln - INFO - PublisherMW::event_loop - run the event loop
2023-02-09 10:40:11,960 - PublisherAppln - INFO - PublisherAppln::invoke_operation
2023-02-09 10:40:11,960 - PublisherAppln - INFO - PublisherMW::register
2023-02-09 10:40:11,960 - PublisherAppln - INFO - PublisherMW::register - sent register message and now wait for reply
2023-02-09 10:40:11,961 - PublisherAppln - INFO - PublisherMW::handle_reply
2023-02-09 10:40:11,961 - PublisherAppln - INFO - PublisherAppln::register_response
2023-02-09 10:40:11,961 - PublisherAppln - INFO - PublisherAppln::invoke_operation
2023-02-09 10:40:11,961 - PublisherAppln - INFO - PublisherMW::is_ready
2023-02-09 10:40:11,961 - PublisherAppln - INFO - PublisherMW::is_ready - request sent and now wait for reply
2023-02-09 10:40:11,962 - PublisherAppln - INFO - PublisherMW::handle_reply
2023-02-09 10:40:11,962 - PublisherAppln - INFO - PublisherAppln::isready_response
2023-02-09 10:40:11,962 - PublisherAppln - INFO - PublisherAppln::driver - Not ready yet; check again
2023-02-09 10:40:21,969 - PublisherAppln - INFO - PublisherAppln::invoke_operation
2023-02-09 10:40:21,970 - PublisherAppln - INFO - PublisherMW::is_ready
2023-02-09 10:40:21,970 - PublisherAppln - INFO - PublisherMW::is_ready - request sent and now wait for reply
2023-02-09 10:40:21,972 - PublisherAppln - INFO - PublisherMW::handle_reply
2023-02-09 10:40:21,972 - PublisherAppln - INFO - PublisherAppln::isready_response
2023-02-09 10:40:21,972 - PublisherAppln - INFO - PublisherAppln::driver - System ready; let's go!!
2023-02-09 10:40:21,973 - PublisherAppln - INFO - PublisherAppln::invoke_operation
