2023-03-22 15:36:14,857 - root - INFO - Main - acquire a child logger and then log messages in the child
2023-03-22 15:36:14,857 - PublisherAppln - DEBUG - Main: parse command line arguments
2023-03-22 15:36:14,861 - PublisherAppln - DEBUG - Main: resetting log level to 20
2023-03-22 15:36:14,861 - PublisherAppln - INFO - PublisherAppln::configure
2023-03-22 15:36:14,862 - PublisherAppln - INFO - PublisherMW::configure
2023-03-22 15:36:14,862 - PublisherAppln - INFO - PublisherMW::configure completed
2023-03-22 15:36:14,862 - PublisherAppln - INFO - PublisherAppln::configure - configuration complete
2023-03-22 15:36:14,862 - PublisherAppln - INFO - PublisherAppln::driver
2023-03-22 15:36:14,863 - PublisherAppln - INFO - **********************************
2023-03-22 15:36:14,863 - PublisherAppln - INFO - PublisherAppln::dump
2023-03-22 15:36:14,863 - PublisherAppln - INFO - ------------------------------
2023-03-22 15:36:14,863 - PublisherAppln - INFO -      Name: pub19
2023-03-22 15:36:14,863 - PublisherAppln - INFO -      Lookup: Centralized
2023-03-22 15:36:14,863 - PublisherAppln - INFO -      Dissemination: Direct
2023-03-22 15:36:14,863 - PublisherAppln - INFO -      Num Topics: 1
2023-03-22 15:36:14,863 - PublisherAppln - INFO -      TopicList: ['pressure']
2023-03-22 15:36:14,863 - PublisherAppln - INFO -      Iterations: 1000
2023-03-22 15:36:14,863 - PublisherAppln - INFO -      Frequency: 1
2023-03-22 15:36:14,863 - PublisherAppln - INFO - **********************************
2023-03-22 15:36:14,863 - PublisherAppln - INFO - PublisherMW::event_loop - run the event loop
2023-03-22 15:36:14,863 - PublisherAppln - INFO - PublisherAppln::invoke_operation
2023-03-22 15:36:14,863 - PublisherAppln - INFO - PublisherMW::register
2023-03-22 15:36:14,863 - PublisherAppln - INFO - PublisherMW::register - sent register message and now wait for reply
2023-03-22 15:36:15,200 - PublisherAppln - INFO - PublisherMW::handle_reply
2023-03-22 15:36:15,200 - PublisherAppln - INFO - PublisherAppln::register_response
2023-03-22 15:36:15,200 - PublisherAppln - INFO - PublisherAppln::register_response - registration is a success
2023-03-22 15:36:15,200 - PublisherAppln - INFO - PublisherAppln::invoke_operation
2023-03-22 15:36:15,200 - PublisherAppln - INFO - PublisherAppln::invoke_operation - check if are ready to go
2023-03-22 15:36:15,200 - PublisherAppln - INFO - PublisherMW::is_ready
2023-03-22 15:36:15,200 - PublisherAppln - INFO - PublisherMW::is_ready - request sent and now wait for reply
2023-03-22 15:36:15,519 - PublisherAppln - INFO - PublisherMW::handle_reply
2023-03-22 15:36:15,519 - PublisherAppln - INFO - PublisherAppln::isready_response
2023-03-22 15:36:15,519 - PublisherAppln - INFO - PublisherAppln::driver - Not ready yet; check again
2023-03-22 15:36:25,525 - PublisherAppln - INFO - PublisherAppln::invoke_operation
2023-03-22 15:36:25,525 - PublisherAppln - INFO - PublisherAppln::invoke_operation - check if are ready to go
2023-03-22 15:36:25,525 - PublisherAppln - INFO - PublisherMW::is_ready
2023-03-22 15:36:25,525 - PublisherAppln - INFO - PublisherMW::is_ready - request sent and now wait for reply
2023-03-22 15:36:25,542 - PublisherAppln - INFO - PublisherMW::handle_reply
2023-03-22 15:36:25,542 - PublisherAppln - INFO - PublisherAppln::isready_response
2023-03-22 15:36:25,542 - PublisherAppln - INFO - PublisherAppln::driver - System ready; let's go!!
2023-03-22 15:36:25,542 - PublisherAppln - INFO - PublisherAppln::invoke_operation
2023-03-22 15:36:25,542 - PublisherAppln - INFO - PublisherAppln::invoke_operation - start Disseminating
2023-03-22 15:36:25,542 - PublisherAppln - INFO - pressure:1006:1679517385.5423045
2023-03-22 15:36:26,543 - PublisherAppln - INFO - pressure:1023:1679517386.5433946
2023-03-22 15:36:27,544 - PublisherAppln - INFO - pressure:926:1679517387.5446062
2023-03-22 15:36:28,545 - PublisherAppln - INFO - pressure:925:1679517388.5456629
2023-03-22 15:36:29,546 - PublisherAppln - INFO - pressure:905:1679517389.5468388
2023-03-22 15:36:30,548 - PublisherAppln - INFO - pressure:1031:1679517390.5479941
2023-03-22 15:36:31,549 - PublisherAppln - INFO - pressure:1007:1679517391.5492074
2023-03-22 15:36:32,549 - PublisherAppln - INFO - pressure:1054:1679517392.5496228
2023-03-22 15:36:33,550 - PublisherAppln - INFO - pressure:985:1679517393.5507965
2023-03-22 15:36:34,551 - PublisherAppln - INFO - pressure:997:1679517394.5510082
2023-03-22 15:36:35,552 - PublisherAppln - INFO - pressure:956:1679517395.552154
2023-03-22 15:36:36,553 - PublisherAppln - INFO - pressure:897:1679517396.5533037
2023-03-22 15:36:37,553 - PublisherAppln - INFO - pressure:929:1679517397.5537891
2023-03-22 15:36:38,554 - PublisherAppln - INFO - pressure:959:1679517398.5549333
2023-03-22 15:36:39,556 - PublisherAppln - INFO - pressure:891:1679517399.556162
2023-03-22 15:36:40,557 - PublisherAppln - INFO - pressure:923:1679517400.5573099
2023-03-22 15:36:41,557 - PublisherAppln - INFO - pressure:1082:1679517401.5576584
2023-03-22 15:36:42,558 - PublisherAppln - INFO - pressure:1046:1679517402.5588057
2023-03-22 15:36:43,560 - PublisherAppln - INFO - pressure:1035:1679517403.5600674
2023-03-22 15:36:44,561 - PublisherAppln - INFO - pressure:982:1679517404.561279
2023-03-22 15:36:45,561 - PublisherAppln - INFO - pressure:1017:1679517405.5617003
2023-03-22 15:36:46,562 - PublisherAppln - INFO - pressure:907:1679517406.5629182
2023-03-22 15:36:47,564 - PublisherAppln - INFO - pressure:1005:1679517407.564103
2023-03-22 15:36:48,565 - PublisherAppln - INFO - pressure:899:1679517408.5653613
2023-03-22 15:36:49,566 - PublisherAppln - INFO - pressure:1010:1679517409.5668306
2023-03-22 15:36:50,568 - PublisherAppln - INFO - pressure:1025:1679517410.5680468
2023-03-22 15:36:51,569 - PublisherAppln - INFO - pressure:882:1679517411.5694482
2023-03-22 15:36:52,569 - PublisherAppln - INFO - pressure:979:1679517412.5697124
2023-03-22 15:36:53,571 - PublisherAppln - INFO - pressure:953:1679517413.571129
2023-03-22 15:36:54,572 - PublisherAppln - INFO - pressure:972:1679517414.572599
2023-03-22 15:36:55,573 - PublisherAppln - INFO - pressure:965:1679517415.573628
2023-03-22 15:36:56,574 - PublisherAppln - INFO - pressure:894:1679517416.5748029
2023-03-22 15:36:57,576 - PublisherAppln - INFO - pressure:1003:1679517417.5760553
2023-03-22 15:36:58,577 - PublisherAppln - INFO - pressure:1049:1679517418.577472
2023-03-22 15:36:59,577 - PublisherAppln - INFO - pressure:974:1679517419.5776584
2023-03-22 15:37:00,578 - PublisherAppln - INFO - pressure:1007:1679517420.578805
2023-03-22 15:37:01,579 - PublisherAppln - INFO - pressure:918:1679517421.579724
2023-03-22 15:37:02,580 - PublisherAppln - INFO - pressure:1084:1679517422.5808764
