2023-03-22 15:36:14,843 - root - INFO - Main - acquire a child logger and then log messages in the child
2023-03-22 15:36:14,843 - PublisherAppln - DEBUG - Main: parse command line arguments
2023-03-22 15:36:14,846 - PublisherAppln - DEBUG - Main: resetting log level to 20
2023-03-22 15:36:14,846 - PublisherAppln - INFO - PublisherAppln::configure
2023-03-22 15:36:14,847 - PublisherAppln - INFO - PublisherMW::configure
2023-03-22 15:36:14,847 - PublisherAppln - INFO - PublisherMW::configure completed
2023-03-22 15:36:14,848 - PublisherAppln - INFO - PublisherAppln::configure - configuration complete
2023-03-22 15:36:14,848 - PublisherAppln - INFO - PublisherAppln::driver
2023-03-22 15:36:14,848 - PublisherAppln - INFO - **********************************
2023-03-22 15:36:14,848 - PublisherAppln - INFO - PublisherAppln::dump
2023-03-22 15:36:14,848 - PublisherAppln - INFO - ------------------------------
2023-03-22 15:36:14,848 - PublisherAppln - INFO -      Name: pub17
2023-03-22 15:36:14,848 - PublisherAppln - INFO -      Lookup: Centralized
2023-03-22 15:36:14,848 - PublisherAppln - INFO -      Dissemination: Direct
2023-03-22 15:36:14,848 - PublisherAppln - INFO -      Num Topics: 1
2023-03-22 15:36:14,848 - PublisherAppln - INFO -      TopicList: ['weather']
2023-03-22 15:36:14,848 - PublisherAppln - INFO -      Iterations: 1000
2023-03-22 15:36:14,848 - PublisherAppln - INFO -      Frequency: 1
2023-03-22 15:36:14,848 - PublisherAppln - INFO - **********************************
2023-03-22 15:36:14,848 - PublisherAppln - INFO - PublisherMW::event_loop - run the event loop
2023-03-22 15:36:14,848 - PublisherAppln - INFO - PublisherAppln::invoke_operation
2023-03-22 15:36:14,848 - PublisherAppln - INFO - PublisherMW::register
2023-03-22 15:36:14,848 - PublisherAppln - INFO - PublisherMW::register - sent register message and now wait for reply
2023-03-22 15:36:15,178 - PublisherAppln - INFO - PublisherMW::handle_reply
2023-03-22 15:36:15,178 - PublisherAppln - INFO - PublisherAppln::register_response
2023-03-22 15:36:15,178 - PublisherAppln - INFO - PublisherAppln::register_response - registration is a success
2023-03-22 15:36:15,179 - PublisherAppln - INFO - PublisherAppln::invoke_operation
2023-03-22 15:36:15,179 - PublisherAppln - INFO - PublisherAppln::invoke_operation - check if are ready to go
2023-03-22 15:36:15,179 - PublisherAppln - INFO - PublisherMW::is_ready
2023-03-22 15:36:15,179 - PublisherAppln - INFO - PublisherMW::is_ready - request sent and now wait for reply
2023-03-22 15:36:15,441 - PublisherAppln - INFO - PublisherMW::handle_reply
2023-03-22 15:36:15,441 - PublisherAppln - INFO - PublisherAppln::isready_response
2023-03-22 15:36:15,441 - PublisherAppln - INFO - PublisherAppln::driver - System ready; let's go!!
2023-03-22 15:36:15,441 - PublisherAppln - INFO - PublisherAppln::invoke_operation
2023-03-22 15:36:15,441 - PublisherAppln - INFO - PublisherAppln::invoke_operation - start Disseminating
2023-03-22 15:36:15,441 - PublisherAppln - INFO - weather:foggy:1679517375.4416928
2023-03-22 15:36:16,442 - PublisherAppln - INFO - weather:sunny:1679517376.4428163
2023-03-22 15:36:17,443 - PublisherAppln - INFO - weather:sunny:1679517377.4439542
2023-03-22 15:36:18,445 - PublisherAppln - INFO - weather:cloudy:1679517378.445087
2023-03-22 15:36:19,445 - PublisherAppln - INFO - weather:sunny:1679517379.4456155
2023-03-22 15:36:20,446 - PublisherAppln - INFO - weather:sunny:1679517380.4468021
2023-03-22 15:36:21,448 - PublisherAppln - INFO - weather:cloudy:1679517381.4481997
2023-03-22 15:36:22,449 - PublisherAppln - INFO - weather:cloudy:1679517382.4493375
2023-03-22 15:36:23,449 - PublisherAppln - INFO - weather:icy:1679517383.4496512
2023-03-22 15:36:24,450 - PublisherAppln - INFO - weather:cloudy:1679517384.4507935
2023-03-22 15:36:25,451 - PublisherAppln - INFO - weather:rainy:1679517385.451929
2023-03-22 15:36:26,453 - PublisherAppln - INFO - weather:rainy:1679517386.4531088
2023-03-22 15:36:27,454 - PublisherAppln - INFO - weather:sunny:1679517387.454477
2023-03-22 15:36:28,455 - PublisherAppln - INFO - weather:cloudy:1679517388.455706
2023-03-22 15:36:29,457 - PublisherAppln - INFO - weather:sunny:1679517389.457011
2023-03-22 15:36:30,457 - PublisherAppln - INFO - weather:sunny:1679517390.4576602
2023-03-22 15:36:31,458 - PublisherAppln - INFO - weather:foggy:1679517391.4587972
2023-03-22 15:36:32,459 - PublisherAppln - INFO - weather:rainy:1679517392.4599674
2023-03-22 15:36:33,461 - PublisherAppln - INFO - weather:rainy:1679517393.4611025
2023-03-22 15:36:34,461 - PublisherAppln - INFO - weather:icy:1679517394.4616194
2023-03-22 15:36:35,462 - PublisherAppln - INFO - weather:cloudy:1679517395.46275
2023-03-22 15:36:36,464 - PublisherAppln - INFO - weather:sunny:1679517396.4639833
2023-03-22 15:36:37,465 - PublisherAppln - INFO - weather:cloudy:1679517397.4651842
2023-03-22 15:36:38,465 - PublisherAppln - INFO - weather:cloudy:1679517398.4656181
2023-03-22 15:36:39,466 - PublisherAppln - INFO - weather:sunny:1679517399.4667506
2023-03-22 15:36:40,467 - PublisherAppln - INFO - weather:rainy:1679517400.4679232
2023-03-22 15:36:41,469 - PublisherAppln - INFO - weather:rainy:1679517401.4691584
2023-03-22 15:36:42,470 - PublisherAppln - INFO - weather:rainy:1679517402.470432
2023-03-22 15:36:43,471 - PublisherAppln - INFO - weather:cloudy:1679517403.47167
2023-03-22 15:36:44,472 - PublisherAppln - INFO - weather:icy:1679517404.4728897
2023-03-22 15:36:45,473 - PublisherAppln - INFO - weather:cloudy:1679517405.4736197
2023-03-22 15:36:46,474 - PublisherAppln - INFO - weather:icy:1679517406.4747887
2023-03-22 15:36:47,475 - PublisherAppln - INFO - weather:icy:1679517407.4759703
2023-03-22 15:36:48,477 - PublisherAppln - INFO - weather:icy:1679517408.4771018
2023-03-22 15:36:49,477 - PublisherAppln - INFO - weather:icy:1679517409.4777374
2023-03-22 15:36:50,478 - PublisherAppln - INFO - weather:sunny:1679517410.4789524
2023-03-22 15:36:51,480 - PublisherAppln - INFO - weather:rainy:1679517411.4801
2023-03-22 15:36:52,481 - PublisherAppln - INFO - weather:cloudy:1679517412.4814472
2023-03-22 15:36:53,481 - PublisherAppln - INFO - weather:sunny:1679517413.4816172
2023-03-22 15:36:54,482 - PublisherAppln - INFO - weather:cloudy:1679517414.482808
2023-03-22 15:36:55,484 - PublisherAppln - INFO - weather:rainy:1679517415.4839911
2023-03-22 15:36:56,485 - PublisherAppln - INFO - weather:rainy:1679517416.4851103
2023-03-22 15:36:57,485 - PublisherAppln - INFO - weather:foggy:1679517417.4856184
2023-03-22 15:36:58,486 - PublisherAppln - INFO - weather:sunny:1679517418.486044
2023-03-22 15:36:59,487 - PublisherAppln - INFO - weather:foggy:1679517419.4872453
2023-03-22 15:37:00,488 - PublisherAppln - INFO - weather:cloudy:1679517420.4884248
2023-03-22 15:37:01,489 - PublisherAppln - INFO - weather:cloudy:1679517421.4895658
2023-03-22 15:37:02,490 - PublisherAppln - INFO - weather:foggy:1679517422.4902937
2023-03-22 15:37:03,491 - PublisherAppln - INFO - weather:rainy:1679517423.4916027
