2023-03-22 15:36:14,945 - root - INFO - Main - acquire a child logger and then log messages in the child
2023-03-22 15:36:14,945 - PublisherAppln - DEBUG - Main: parse command line arguments
2023-03-22 15:36:14,949 - PublisherAppln - DEBUG - Main: resetting log level to 20
2023-03-22 15:36:14,949 - PublisherAppln - INFO - PublisherAppln::configure
2023-03-22 15:36:14,949 - PublisherAppln - INFO - PublisherMW::configure
2023-03-22 15:36:14,950 - PublisherAppln - INFO - PublisherMW::configure completed
2023-03-22 15:36:14,950 - PublisherAppln - INFO - PublisherAppln::configure - configuration complete
2023-03-22 15:36:14,950 - PublisherAppln - INFO - PublisherAppln::driver
2023-03-22 15:36:14,950 - PublisherAppln - INFO - **********************************
2023-03-22 15:36:14,950 - PublisherAppln - INFO - PublisherAppln::dump
2023-03-22 15:36:14,950 - PublisherAppln - INFO - ------------------------------
2023-03-22 15:36:14,950 - PublisherAppln - INFO -      Name: pub10
2023-03-22 15:36:14,950 - PublisherAppln - INFO -      Lookup: Centralized
2023-03-22 15:36:14,950 - PublisherAppln - INFO -      Dissemination: Direct
2023-03-22 15:36:14,950 - PublisherAppln - INFO -      Num Topics: 1
2023-03-22 15:36:14,950 - PublisherAppln - INFO -      TopicList: ['sound']
2023-03-22 15:36:14,950 - PublisherAppln - INFO -      Iterations: 1000
2023-03-22 15:36:14,950 - PublisherAppln - INFO -      Frequency: 1
2023-03-22 15:36:14,950 - PublisherAppln - INFO - **********************************
2023-03-22 15:36:14,950 - PublisherAppln - INFO - PublisherMW::event_loop - run the event loop
2023-03-22 15:36:14,950 - PublisherAppln - INFO - PublisherAppln::invoke_operation
2023-03-22 15:36:14,950 - PublisherAppln - INFO - PublisherMW::register
2023-03-22 15:36:14,950 - PublisherAppln - INFO - PublisherMW::register - sent register message and now wait for reply
2023-03-22 15:36:15,235 - PublisherAppln - INFO - PublisherMW::handle_reply
2023-03-22 15:36:15,235 - PublisherAppln - INFO - PublisherAppln::register_response
2023-03-22 15:36:15,235 - PublisherAppln - INFO - PublisherAppln::register_response - registration is a success
2023-03-22 15:36:15,235 - PublisherAppln - INFO - PublisherAppln::invoke_operation
2023-03-22 15:36:15,235 - PublisherAppln - INFO - PublisherAppln::invoke_operation - check if are ready to go
2023-03-22 15:36:15,235 - PublisherAppln - INFO - PublisherMW::is_ready
2023-03-22 15:36:15,235 - PublisherAppln - INFO - PublisherMW::is_ready - request sent and now wait for reply
2023-03-22 15:36:15,663 - PublisherAppln - INFO - PublisherMW::handle_reply
2023-03-22 15:36:15,663 - PublisherAppln - INFO - PublisherAppln::isready_response
2023-03-22 15:36:15,663 - PublisherAppln - INFO - PublisherAppln::driver - Not ready yet; check again
2023-03-22 15:36:25,669 - PublisherAppln - INFO - PublisherAppln::invoke_operation
2023-03-22 15:36:25,669 - PublisherAppln - INFO - PublisherAppln::invoke_operation - check if are ready to go
2023-03-22 15:36:25,669 - PublisherAppln - INFO - PublisherMW::is_ready
2023-03-22 15:36:25,669 - PublisherAppln - INFO - PublisherMW::is_ready - request sent and now wait for reply
2023-03-22 15:36:25,685 - PublisherAppln - INFO - PublisherMW::handle_reply
2023-03-22 15:36:25,685 - PublisherAppln - INFO - PublisherAppln::isready_response
2023-03-22 15:36:25,685 - PublisherAppln - INFO - PublisherAppln::driver - System ready; let's go!!
2023-03-22 15:36:25,685 - PublisherAppln - INFO - PublisherAppln::invoke_operation
2023-03-22 15:36:25,685 - PublisherAppln - INFO - PublisherAppln::invoke_operation - start Disseminating
2023-03-22 15:36:25,685 - PublisherAppln - INFO - sound:49:1679517385.6857958
2023-03-22 15:36:26,686 - PublisherAppln - INFO - sound:86:1679517386.686884
2023-03-22 15:36:27,688 - PublisherAppln - INFO - sound:85:1679517387.6880953
2023-03-22 15:36:28,689 - PublisherAppln - INFO - sound:53:1679517388.6892931
2023-03-22 15:36:29,690 - PublisherAppln - INFO - sound:39:1679517389.6907365
2023-03-22 15:36:30,691 - PublisherAppln - INFO - sound:62:1679517390.6919198
2023-03-22 15:36:31,693 - PublisherAppln - INFO - sound:69:1679517391.6930602
2023-03-22 15:36:32,693 - PublisherAppln - INFO - sound:77:1679517392.6937673
2023-03-22 15:36:33,695 - PublisherAppln - INFO - sound:44:1679517393.6949592
2023-03-22 15:36:34,696 - PublisherAppln - INFO - sound:40:1679517394.6962264
2023-03-22 15:36:35,697 - PublisherAppln - INFO - sound:94:1679517395.6974044
2023-03-22 15:36:36,698 - PublisherAppln - INFO - sound:78:1679517396.6985576
2023-03-22 15:36:37,699 - PublisherAppln - INFO - sound:36:1679517397.6997483
2023-03-22 15:36:38,700 - PublisherAppln - INFO - sound:58:1679517398.7009072
2023-03-22 15:36:39,701 - PublisherAppln - INFO - sound:56:1679517399.7016268
2023-03-22 15:36:40,702 - PublisherAppln - INFO - sound:91:1679517400.702771
2023-03-22 15:36:41,703 - PublisherAppln - INFO - sound:32:1679517401.703956
2023-03-22 15:36:42,705 - PublisherAppln - INFO - sound:52:1679517402.7052128
2023-03-22 15:36:43,705 - PublisherAppln - INFO - sound:46:1679517403.7056236
2023-03-22 15:36:44,706 - PublisherAppln - INFO - sound:40:1679517404.7067719
2023-03-22 15:36:45,707 - PublisherAppln - INFO - sound:31:1679517405.707967
2023-03-22 15:36:46,709 - PublisherAppln - INFO - sound:69:1679517406.709145
2023-03-22 15:36:47,709 - PublisherAppln - INFO - sound:72:1679517407.7096353
2023-03-22 15:36:48,710 - PublisherAppln - INFO - sound:31:1679517408.7108777
2023-03-22 15:36:49,712 - PublisherAppln - INFO - sound:71:1679517409.7124534
2023-03-22 15:36:50,713 - PublisherAppln - INFO - sound:62:1679517410.7137227
2023-03-22 15:36:51,715 - PublisherAppln - INFO - sound:65:1679517411.7150295
2023-03-22 15:36:52,716 - PublisherAppln - INFO - sound:90:1679517412.7162864
2023-03-22 15:36:53,717 - PublisherAppln - INFO - sound:69:1679517413.7174678
2023-03-22 15:36:54,718 - PublisherAppln - INFO - sound:47:1679517414.7186425
2023-03-22 15:36:55,719 - PublisherAppln - INFO - sound:77:1679517415.7198281
2023-03-22 15:36:56,721 - PublisherAppln - INFO - sound:83:1679517416.721005
2023-03-22 15:36:57,721 - PublisherAppln - INFO - sound:37:1679517417.7217755
2023-03-22 15:36:58,723 - PublisherAppln - INFO - sound:87:1679517418.7230203
2023-03-22 15:36:59,724 - PublisherAppln - INFO - sound:92:1679517419.7242928
2023-03-22 15:37:00,725 - PublisherAppln - INFO - sound:53:1679517420.7255692
2023-03-22 15:37:01,727 - PublisherAppln - INFO - sound:44:1679517421.7270095
2023-03-22 15:37:02,728 - PublisherAppln - INFO - sound:55:1679517422.7281556
