2023-03-22 15:36:14,872 - root - INFO - Main - acquire a child logger and then log messages in the child
2023-03-22 15:36:14,872 - PublisherAppln - DEBUG - Main: parse command line arguments
2023-03-22 15:36:14,881 - PublisherAppln - DEBUG - Main: resetting log level to 20
2023-03-22 15:36:14,881 - PublisherAppln - INFO - PublisherAppln::configure
2023-03-22 15:36:14,881 - PublisherAppln - INFO - PublisherMW::configure
2023-03-22 15:36:14,882 - PublisherAppln - INFO - PublisherMW::configure completed
2023-03-22 15:36:14,882 - PublisherAppln - INFO - PublisherAppln::configure - configuration complete
2023-03-22 15:36:14,882 - PublisherAppln - INFO - PublisherAppln::driver
2023-03-22 15:36:14,882 - PublisherAppln - INFO - **********************************
2023-03-22 15:36:14,882 - PublisherAppln - INFO - PublisherAppln::dump
2023-03-22 15:36:14,882 - PublisherAppln - INFO - ------------------------------
2023-03-22 15:36:14,882 - PublisherAppln - INFO -      Name: pub14
2023-03-22 15:36:14,882 - PublisherAppln - INFO -      Lookup: Centralized
2023-03-22 15:36:14,882 - PublisherAppln - INFO -      Dissemination: Direct
2023-03-22 15:36:14,882 - PublisherAppln - INFO -      Num Topics: 1
2023-03-22 15:36:14,882 - PublisherAppln - INFO -      TopicList: ['airquality']
2023-03-22 15:36:14,882 - PublisherAppln - INFO -      Iterations: 1000
2023-03-22 15:36:14,882 - PublisherAppln - INFO -      Frequency: 1
2023-03-22 15:36:14,882 - PublisherAppln - INFO - **********************************
2023-03-22 15:36:14,882 - PublisherAppln - INFO - PublisherMW::event_loop - run the event loop
2023-03-22 15:36:14,882 - PublisherAppln - INFO - PublisherAppln::invoke_operation
2023-03-22 15:36:14,882 - PublisherAppln - INFO - PublisherMW::register
2023-03-22 15:36:14,883 - PublisherAppln - INFO - PublisherMW::register - sent register message and now wait for reply
2023-03-22 15:36:15,190 - PublisherAppln - INFO - PublisherMW::handle_reply
2023-03-22 15:36:15,190 - PublisherAppln - INFO - PublisherAppln::register_response
2023-03-22 15:36:15,190 - PublisherAppln - INFO - PublisherAppln::register_response - registration is a success
2023-03-22 15:36:15,190 - PublisherAppln - INFO - PublisherAppln::invoke_operation
2023-03-22 15:36:15,190 - PublisherAppln - INFO - PublisherAppln::invoke_operation - check if are ready to go
2023-03-22 15:36:15,190 - PublisherAppln - INFO - PublisherMW::is_ready
2023-03-22 15:36:15,190 - PublisherAppln - INFO - PublisherMW::is_ready - request sent and now wait for reply
2023-03-22 15:36:15,470 - PublisherAppln - INFO - PublisherMW::handle_reply
2023-03-22 15:36:15,470 - PublisherAppln - INFO - PublisherAppln::isready_response
2023-03-22 15:36:15,470 - PublisherAppln - INFO - PublisherAppln::driver - Not ready yet; check again
2023-03-22 15:36:25,477 - PublisherAppln - INFO - PublisherAppln::invoke_operation
2023-03-22 15:36:25,477 - PublisherAppln - INFO - PublisherAppln::invoke_operation - check if are ready to go
2023-03-22 15:36:25,477 - PublisherAppln - INFO - PublisherMW::is_ready
2023-03-22 15:36:25,477 - PublisherAppln - INFO - PublisherMW::is_ready - request sent and now wait for reply
2023-03-22 15:36:25,492 - PublisherAppln - INFO - PublisherMW::handle_reply
2023-03-22 15:36:25,492 - PublisherAppln - INFO - PublisherAppln::isready_response
2023-03-22 15:36:25,492 - PublisherAppln - INFO - PublisherAppln::driver - System ready; let's go!!
2023-03-22 15:36:25,492 - PublisherAppln - INFO - PublisherAppln::invoke_operation
2023-03-22 15:36:25,492 - PublisherAppln - INFO - PublisherAppln::invoke_operation - start Disseminating
2023-03-22 15:36:25,492 - PublisherAppln - INFO - airquality:poor:1679517385.4923015
2023-03-22 15:36:26,493 - PublisherAppln - INFO - airquality:smog:1679517386.4933755
2023-03-22 15:36:27,493 - PublisherAppln - INFO - airquality:good:1679517387.4936163
2023-03-22 15:36:28,494 - PublisherAppln - INFO - airquality:smog:1679517388.4947762
2023-03-22 15:36:29,495 - PublisherAppln - INFO - airquality:good:1679517389.4959085
2023-03-22 15:36:30,497 - PublisherAppln - INFO - airquality:smog:1679517390.4970434
2023-03-22 15:36:31,497 - PublisherAppln - INFO - airquality:poor:1679517391.497625
2023-03-22 15:36:32,498 - PublisherAppln - INFO - airquality:smog:1679517392.4987614
2023-03-22 15:36:33,499 - PublisherAppln - INFO - airquality:smog:1679517393.499906
2023-03-22 15:36:34,501 - PublisherAppln - INFO - airquality:good:1679517394.5010717
2023-03-22 15:36:35,501 - PublisherAppln - INFO - airquality:good:1679517395.501632
2023-03-22 15:36:36,502 - PublisherAppln - INFO - airquality:good:1679517396.5028214
2023-03-22 15:36:37,503 - PublisherAppln - INFO - airquality:poor:1679517397.5039752
2023-03-22 15:36:38,505 - PublisherAppln - INFO - airquality:good:1679517398.505119
2023-03-22 15:36:39,505 - PublisherAppln - INFO - airquality:poor:1679517399.5056155
2023-03-22 15:36:40,506 - PublisherAppln - INFO - airquality:good:1679517400.506766
2023-03-22 15:36:41,507 - PublisherAppln - INFO - airquality:poor:1679517401.5079525
2023-03-22 15:36:42,509 - PublisherAppln - INFO - airquality:smog:1679517402.5090916
2023-03-22 15:36:43,509 - PublisherAppln - INFO - airquality:good:1679517403.509701
2023-03-22 15:36:44,510 - PublisherAppln - INFO - airquality:good:1679517404.5109208
2023-03-22 15:36:45,512 - PublisherAppln - INFO - airquality:good:1679517405.5120704
2023-03-22 15:36:46,513 - PublisherAppln - INFO - airquality:smog:1679517406.513208
2023-03-22 15:36:47,513 - PublisherAppln - INFO - airquality:smog:1679517407.51362
2023-03-22 15:36:48,514 - PublisherAppln - INFO - airquality:good:1679517408.5147576
2023-03-22 15:36:49,516 - PublisherAppln - INFO - airquality:poor:1679517409.5159557
2023-03-22 15:36:50,517 - PublisherAppln - INFO - airquality:poor:1679517410.5171854
2023-03-22 15:36:51,517 - PublisherAppln - INFO - airquality:good:1679517411.5176177
2023-03-22 15:36:52,518 - PublisherAppln - INFO - airquality:good:1679517412.5187814
2023-03-22 15:36:53,520 - PublisherAppln - INFO - airquality:poor:1679517413.520107
2023-03-22 15:36:54,521 - PublisherAppln - INFO - airquality:poor:1679517414.521382
2023-03-22 15:36:55,521 - PublisherAppln - INFO - airquality:smog:1679517415.5216656
2023-03-22 15:36:56,522 - PublisherAppln - INFO - airquality:good:1679517416.5228515
2023-03-22 15:36:57,524 - PublisherAppln - INFO - airquality:smog:1679517417.524045
2023-03-22 15:36:58,525 - PublisherAppln - INFO - airquality:poor:1679517418.5252242
2023-03-22 15:36:59,525 - PublisherAppln - INFO - airquality:poor:1679517419.5256178
2023-03-22 15:37:00,526 - PublisherAppln - INFO - airquality:poor:1679517420.5267615
2023-03-22 15:37:01,527 - PublisherAppln - INFO - airquality:good:1679517421.5279038
2023-03-22 15:37:02,529 - PublisherAppln - INFO - airquality:poor:1679517422.5291224
