2023-03-22 15:32:52,915 - root - INFO - Main - acquire a child logger and then log messages in the child
2023-03-22 15:32:52,915 - PublisherAppln - DEBUG - Main: parse command line arguments
2023-03-22 15:32:52,919 - PublisherAppln - DEBUG - Main: resetting log level to 20
2023-03-22 15:32:52,919 - PublisherAppln - INFO - PublisherAppln::configure
2023-03-22 15:32:52,919 - PublisherAppln - INFO - PublisherMW::configure
2023-03-22 15:32:52,920 - PublisherAppln - INFO - PublisherMW::configure completed
2023-03-22 15:32:52,920 - PublisherAppln - INFO - PublisherAppln::configure - configuration complete
2023-03-22 15:32:52,920 - PublisherAppln - INFO - PublisherAppln::driver
2023-03-22 15:32:52,920 - PublisherAppln - INFO - **********************************
2023-03-22 15:32:52,920 - PublisherAppln - INFO - PublisherAppln::dump
2023-03-22 15:32:52,920 - PublisherAppln - INFO - ------------------------------
2023-03-22 15:32:52,920 - PublisherAppln - INFO -      Name: pub26
2023-03-22 15:32:52,920 - PublisherAppln - INFO -      Lookup: Centralized
2023-03-22 15:32:52,920 - PublisherAppln - INFO -      Dissemination: Direct
2023-03-22 15:32:52,920 - PublisherAppln - INFO -      Num Topics: 1
2023-03-22 15:32:52,920 - PublisherAppln - INFO -      TopicList: ['altitude']
2023-03-22 15:32:52,920 - PublisherAppln - INFO -      Iterations: 1000
2023-03-22 15:32:52,920 - PublisherAppln - INFO -      Frequency: 1
2023-03-22 15:32:52,920 - PublisherAppln - INFO - **********************************
2023-03-22 15:32:52,920 - PublisherAppln - INFO - PublisherMW::event_loop - run the event loop
2023-03-22 15:32:52,920 - PublisherAppln - INFO - PublisherAppln::invoke_operation
2023-03-22 15:32:52,920 - PublisherAppln - INFO - PublisherMW::register
2023-03-22 15:32:52,920 - PublisherAppln - INFO - PublisherMW::register - sent register message and now wait for reply
2023-03-22 15:32:53,182 - PublisherAppln - INFO - PublisherMW::handle_reply
2023-03-22 15:32:53,182 - PublisherAppln - INFO - PublisherAppln::register_response
2023-03-22 15:32:53,182 - PublisherAppln - INFO - PublisherAppln::register_response - registration is a success
2023-03-22 15:32:53,182 - PublisherAppln - INFO - PublisherAppln::invoke_operation
2023-03-22 15:32:53,182 - PublisherAppln - INFO - PublisherAppln::invoke_operation - check if are ready to go
2023-03-22 15:32:53,182 - PublisherAppln - INFO - PublisherMW::is_ready
2023-03-22 15:32:53,183 - PublisherAppln - INFO - PublisherMW::is_ready - request sent and now wait for reply
2023-03-22 15:32:53,736 - PublisherAppln - INFO - PublisherMW::handle_reply
2023-03-22 15:32:53,737 - PublisherAppln - INFO - PublisherAppln::isready_response
2023-03-22 15:32:53,737 - PublisherAppln - INFO - PublisherAppln::driver - Not ready yet; check again
2023-03-22 15:33:03,745 - PublisherAppln - INFO - PublisherAppln::invoke_operation
2023-03-22 15:33:03,745 - PublisherAppln - INFO - PublisherAppln::invoke_operation - check if are ready to go
2023-03-22 15:33:03,745 - PublisherAppln - INFO - PublisherMW::is_ready
2023-03-22 15:33:03,745 - PublisherAppln - INFO - PublisherMW::is_ready - request sent and now wait for reply
2023-03-22 15:33:03,761 - PublisherAppln - INFO - PublisherMW::handle_reply
2023-03-22 15:33:03,761 - PublisherAppln - INFO - PublisherAppln::isready_response
2023-03-22 15:33:03,761 - PublisherAppln - INFO - PublisherAppln::driver - System ready; let's go!!
2023-03-22 15:33:03,761 - PublisherAppln - INFO - PublisherAppln::invoke_operation
2023-03-22 15:33:03,761 - PublisherAppln - INFO - PublisherAppln::invoke_operation - start Disseminating
2023-03-22 15:33:03,761 - PublisherAppln - INFO - altitude:20062:1679517183.7617605
2023-03-22 15:33:04,762 - PublisherAppln - INFO - altitude:696:1679517184.7629044
2023-03-22 15:33:05,764 - PublisherAppln - INFO - altitude:32935:1679517185.7640646
2023-03-22 15:33:06,765 - PublisherAppln - INFO - altitude:3631:1679517186.7653327
2023-03-22 15:33:07,765 - PublisherAppln - INFO - altitude:35388:1679517187.7657483
2023-03-22 15:33:08,766 - PublisherAppln - INFO - altitude:21587:1679517188.7668972
2023-03-22 15:33:09,768 - PublisherAppln - INFO - altitude:11435:1679517189.768143
2023-03-22 15:33:10,769 - PublisherAppln - INFO - altitude:33627:1679517190.7697055
2023-03-22 15:33:11,771 - PublisherAppln - INFO - altitude:27939:1679517191.7711334
2023-03-22 15:33:12,772 - PublisherAppln - INFO - altitude:35875:1679517192.7724252
2023-03-22 15:33:13,773 - PublisherAppln - INFO - altitude:13837:1679517193.7736213
2023-03-22 15:33:14,774 - PublisherAppln - INFO - altitude:33536:1679517194.7747562
2023-03-22 15:33:15,775 - PublisherAppln - INFO - altitude:5128:1679517195.775882
2023-03-22 15:33:16,777 - PublisherAppln - INFO - altitude:18017:1679517196.7770717
2023-03-22 15:33:17,777 - PublisherAppln - INFO - altitude:13484:1679517197.777689
2023-03-22 15:33:18,779 - PublisherAppln - INFO - altitude:23851:1679517198.7790828
2023-03-22 15:33:19,780 - PublisherAppln - INFO - altitude:36253:1679517199.7803204
2023-03-22 15:33:20,781 - PublisherAppln - INFO - altitude:33701:1679517200.7817333
2023-03-22 15:33:21,783 - PublisherAppln - INFO - altitude:31685:1679517201.783144
2023-03-22 15:33:22,784 - PublisherAppln - INFO - altitude:17980:1679517202.7845006
2023-03-22 15:33:23,785 - PublisherAppln - INFO - altitude:20515:1679517203.785625
2023-03-22 15:33:24,786 - PublisherAppln - INFO - altitude:37654:1679517204.78686
2023-03-22 15:33:25,788 - PublisherAppln - INFO - altitude:9811:1679517205.788314
2023-03-22 15:33:26,789 - PublisherAppln - INFO - altitude:28932:1679517206.7894769
2023-03-22 15:33:27,790 - PublisherAppln - INFO - altitude:31534:1679517207.7906494
2023-03-22 15:33:28,791 - PublisherAppln - INFO - altitude:6921:1679517208.7918036
2023-03-22 15:33:29,792 - PublisherAppln - INFO - altitude:22803:1679517209.7929556
2023-03-22 15:33:30,793 - PublisherAppln - INFO - altitude:12577:1679517210.7936263
2023-03-22 15:33:31,794 - PublisherAppln - INFO - altitude:27995:1679517211.7947855
2023-03-22 15:33:32,795 - PublisherAppln - INFO - altitude:36331:1679517212.7959347
2023-03-22 15:33:33,797 - PublisherAppln - INFO - altitude:18523:1679517213.7971172
2023-03-22 15:33:34,797 - PublisherAppln - INFO - altitude:14007:1679517214.797632
2023-03-22 15:33:35,798 - PublisherAppln - INFO - altitude:6592:1679517215.7987723
2023-03-22 15:33:36,799 - PublisherAppln - INFO - altitude:886:1679517216.7998877
2023-03-22 15:33:37,801 - PublisherAppln - INFO - altitude:16036:1679517217.8010533
2023-03-22 15:33:38,801 - PublisherAppln - INFO - altitude:39992:1679517218.801629
2023-03-22 15:33:39,802 - PublisherAppln - INFO - altitude:37010:1679517219.8027885
2023-03-22 15:33:40,803 - PublisherAppln - INFO - altitude:12859:1679517220.8039665
2023-03-22 15:33:41,805 - PublisherAppln - INFO - altitude:29381:1679517221.8050961
2023-03-22 15:33:42,805 - PublisherAppln - INFO - altitude:11762:1679517222.80562
2023-03-22 15:33:43,806 - PublisherAppln - INFO - altitude:18602:1679517223.8067265
2023-03-22 15:33:44,807 - PublisherAppln - INFO - altitude:7053:1679517224.8079448
2023-03-22 15:33:45,809 - PublisherAppln - INFO - altitude:26797:1679517225.8093376
2023-03-22 15:33:46,809 - PublisherAppln - INFO - altitude:26483:1679517226.8096228
2023-03-22 15:33:47,810 - PublisherAppln - INFO - altitude:11495:1679517227.810752
2023-03-22 15:33:48,811 - PublisherAppln - INFO - altitude:9578:1679517228.8118722
2023-03-22 15:33:49,812 - PublisherAppln - INFO - altitude:23902:1679517229.812986
2023-03-22 15:33:50,813 - PublisherAppln - INFO - altitude:205:1679517230.8136284
2023-03-22 15:33:51,814 - PublisherAppln - INFO - altitude:29621:1679517231.8147714
2023-03-22 15:33:52,815 - PublisherAppln - INFO - altitude:21093:1679517232.8158863
2023-03-22 15:33:53,817 - PublisherAppln - INFO - altitude:28194:1679517233.8170116
2023-03-22 15:33:54,817 - PublisherAppln - INFO - altitude:1355:1679517234.8176184
2023-03-22 15:33:55,818 - PublisherAppln - INFO - altitude:2763:1679517235.8186631
2023-03-22 15:33:56,819 - PublisherAppln - INFO - altitude:23621:1679517236.8197722
2023-03-22 15:33:57,820 - PublisherAppln - INFO - altitude:19044:1679517237.8208988
2023-03-22 15:33:58,821 - PublisherAppln - INFO - altitude:30710:1679517238.8216195
2023-03-22 15:33:59,822 - PublisherAppln - INFO - altitude:16461:1679517239.8227344
2023-03-22 15:34:00,823 - PublisherAppln - INFO - altitude:20929:1679517240.8238509
2023-03-22 15:34:01,824 - PublisherAppln - INFO - altitude:8121:1679517241.8249578
2023-03-22 15:34:02,825 - PublisherAppln - INFO - altitude:20034:1679517242.8257155
2023-03-22 15:34:03,827 - PublisherAppln - INFO - altitude:18075:1679517243.827148
2023-03-22 15:34:04,828 - PublisherAppln - INFO - altitude:23487:1679517244.8285153
2023-03-22 15:34:05,829 - PublisherAppln - INFO - altitude:25071:1679517245.8296235
2023-03-22 15:34:06,830 - PublisherAppln - INFO - altitude:11789:1679517246.830772
2023-03-22 15:34:07,831 - PublisherAppln - INFO - altitude:25440:1679517247.8319225
2023-03-22 15:34:08,833 - PublisherAppln - INFO - altitude:342:1679517248.8330514
2023-03-22 15:34:09,833 - PublisherAppln - INFO - altitude:16914:1679517249.8336287
2023-03-22 15:34:10,834 - PublisherAppln - INFO - altitude:24834:1679517250.8347468
2023-03-22 15:34:11,835 - PublisherAppln - INFO - altitude:17703:1679517251.8358705
2023-03-22 15:34:12,837 - PublisherAppln - INFO - altitude:9279:1679517252.8370035
2023-03-22 15:34:13,837 - PublisherAppln - INFO - altitude:7164:1679517253.837696
2023-03-22 15:34:14,839 - PublisherAppln - INFO - altitude:31842:1679517254.8390656
2023-03-22 15:34:15,840 - PublisherAppln - INFO - altitude:32486:1679517255.840184
2023-03-22 15:34:16,841 - PublisherAppln - INFO - altitude:30446:1679517256.8413286
2023-03-22 15:34:17,842 - PublisherAppln - INFO - altitude:35071:1679517257.842437
