2023-03-22 15:32:52,876 - root - INFO - Main - acquire a child logger and then log messages in the child
2023-03-22 15:32:52,876 - PublisherAppln - DEBUG - Main: parse command line arguments
2023-03-22 15:32:52,882 - PublisherAppln - DEBUG - Main: resetting log level to 20
2023-03-22 15:32:52,882 - PublisherAppln - INFO - PublisherAppln::configure
2023-03-22 15:32:52,882 - PublisherAppln - INFO - PublisherMW::configure
2023-03-22 15:32:52,883 - PublisherAppln - INFO - PublisherMW::configure completed
2023-03-22 15:32:52,883 - PublisherAppln - INFO - PublisherAppln::configure - configuration complete
2023-03-22 15:32:52,883 - PublisherAppln - INFO - PublisherAppln::driver
2023-03-22 15:32:52,883 - PublisherAppln - INFO - **********************************
2023-03-22 15:32:52,883 - PublisherAppln - INFO - PublisherAppln::dump
2023-03-22 15:32:52,883 - PublisherAppln - INFO - ------------------------------
2023-03-22 15:32:52,883 - PublisherAppln - INFO -      Name: pub23
2023-03-22 15:32:52,883 - PublisherAppln - INFO -      Lookup: Centralized
2023-03-22 15:32:52,883 - PublisherAppln - INFO -      Dissemination: Direct
2023-03-22 15:32:52,883 - PublisherAppln - INFO -      Num Topics: 1
2023-03-22 15:32:52,883 - PublisherAppln - INFO -      TopicList: ['weather']
2023-03-22 15:32:52,883 - PublisherAppln - INFO -      Iterations: 1000
2023-03-22 15:32:52,883 - PublisherAppln - INFO -      Frequency: 1
2023-03-22 15:32:52,883 - PublisherAppln - INFO - **********************************
2023-03-22 15:32:52,883 - PublisherAppln - INFO - PublisherMW::event_loop - run the event loop
2023-03-22 15:32:52,883 - PublisherAppln - INFO - PublisherAppln::invoke_operation
2023-03-22 15:32:52,883 - PublisherAppln - INFO - PublisherMW::register
2023-03-22 15:32:52,884 - PublisherAppln - INFO - PublisherMW::register - sent register message and now wait for reply
2023-03-22 15:32:53,140 - PublisherAppln - INFO - PublisherMW::handle_reply
2023-03-22 15:32:53,140 - PublisherAppln - INFO - PublisherAppln::register_response
2023-03-22 15:32:53,140 - PublisherAppln - INFO - PublisherAppln::register_response - registration is a success
2023-03-22 15:32:53,140 - PublisherAppln - INFO - PublisherAppln::invoke_operation
2023-03-22 15:32:53,140 - PublisherAppln - INFO - PublisherAppln::invoke_operation - check if are ready to go
2023-03-22 15:32:53,140 - PublisherAppln - INFO - PublisherMW::is_ready
2023-03-22 15:32:53,140 - PublisherAppln - INFO - PublisherMW::is_ready - request sent and now wait for reply
2023-03-22 15:32:53,570 - PublisherAppln - INFO - PublisherMW::handle_reply
2023-03-22 15:32:53,571 - PublisherAppln - INFO - PublisherAppln::isready_response
2023-03-22 15:32:53,571 - PublisherAppln - INFO - PublisherAppln::driver - Not ready yet; check again
2023-03-22 15:33:03,577 - PublisherAppln - INFO - PublisherAppln::invoke_operation
2023-03-22 15:33:03,577 - PublisherAppln - INFO - PublisherAppln::invoke_operation - check if are ready to go
2023-03-22 15:33:03,577 - PublisherAppln - INFO - PublisherMW::is_ready
2023-03-22 15:33:03,577 - PublisherAppln - INFO - PublisherMW::is_ready - request sent and now wait for reply
2023-03-22 15:33:03,593 - PublisherAppln - INFO - PublisherMW::handle_reply
2023-03-22 15:33:03,593 - PublisherAppln - INFO - PublisherAppln::isready_response
2023-03-22 15:33:03,593 - PublisherAppln - INFO - PublisherAppln::driver - System ready; let's go!!
2023-03-22 15:33:03,593 - PublisherAppln - INFO - PublisherAppln::invoke_operation
2023-03-22 15:33:03,593 - PublisherAppln - INFO - PublisherAppln::invoke_operation - start Disseminating
2023-03-22 15:33:03,593 - PublisherAppln - INFO - weather:foggy:1679517183.5937867
2023-03-22 15:33:04,594 - PublisherAppln - INFO - weather:rainy:1679517184.5949194
2023-03-22 15:33:05,596 - PublisherAppln - INFO - weather:rainy:1679517185.5962677
2023-03-22 15:33:06,597 - PublisherAppln - INFO - weather:foggy:1679517186.597446
2023-03-22 15:33:07,597 - PublisherAppln - INFO - weather:foggy:1679517187.5977244
2023-03-22 15:33:08,599 - PublisherAppln - INFO - weather:foggy:1679517188.5990102
2023-03-22 15:33:09,600 - PublisherAppln - INFO - weather:cloudy:1679517189.6002498
2023-03-22 15:33:10,601 - PublisherAppln - INFO - weather:rainy:1679517190.6015286
2023-03-22 15:33:11,602 - PublisherAppln - INFO - weather:foggy:1679517191.6026816
2023-03-22 15:33:12,603 - PublisherAppln - INFO - weather:icy:1679517192.6035163
2023-03-22 15:33:13,604 - PublisherAppln - INFO - weather:cloudy:1679517193.6046946
2023-03-22 15:33:14,605 - PublisherAppln - INFO - weather:sunny:1679517194.605674
2023-03-22 15:33:15,607 - PublisherAppln - INFO - weather:cloudy:1679517195.6069732
2023-03-22 15:33:16,608 - PublisherAppln - INFO - weather:sunny:1679517196.6082063
2023-03-22 15:33:17,609 - PublisherAppln - INFO - weather:cloudy:1679517197.6095436
2023-03-22 15:33:18,610 - PublisherAppln - INFO - weather:rainy:1679517198.6108162
2023-03-22 15:33:19,612 - PublisherAppln - INFO - weather:icy:1679517199.6123617
2023-03-22 15:33:20,613 - PublisherAppln - INFO - weather:icy:1679517200.6135244
2023-03-22 15:33:21,614 - PublisherAppln - INFO - weather:cloudy:1679517201.6147964
2023-03-22 15:33:22,616 - PublisherAppln - INFO - weather:foggy:1679517202.6161773
2023-03-22 15:33:23,617 - PublisherAppln - INFO - weather:icy:1679517203.6174266
2023-03-22 15:33:24,617 - PublisherAppln - INFO - weather:foggy:1679517204.617627
2023-03-22 15:33:25,618 - PublisherAppln - INFO - weather:foggy:1679517205.6187952
2023-03-22 15:33:26,619 - PublisherAppln - INFO - weather:rainy:1679517206.6194596
2023-03-22 15:33:27,620 - PublisherAppln - INFO - weather:sunny:1679517207.6206903
2023-03-22 15:33:28,621 - PublisherAppln - INFO - weather:rainy:1679517208.6217482
2023-03-22 15:33:29,622 - PublisherAppln - INFO - weather:sunny:1679517209.6228826
2023-03-22 15:33:30,624 - PublisherAppln - INFO - weather:icy:1679517210.6240916
2023-03-22 15:33:31,625 - PublisherAppln - INFO - weather:icy:1679517211.625368
2023-03-22 15:33:32,625 - PublisherAppln - INFO - weather:sunny:1679517212.625698
2023-03-22 15:33:33,626 - PublisherAppln - INFO - weather:foggy:1679517213.6268554
2023-03-22 15:33:34,628 - PublisherAppln - INFO - weather:foggy:1679517214.6279945
2023-03-22 15:33:35,629 - PublisherAppln - INFO - weather:icy:1679517215.6292655
2023-03-22 15:33:36,629 - PublisherAppln - INFO - weather:foggy:1679517216.62969
2023-03-22 15:33:37,630 - PublisherAppln - INFO - weather:icy:1679517217.6308644
2023-03-22 15:33:38,632 - PublisherAppln - INFO - weather:icy:1679517218.6320586
2023-03-22 15:33:39,633 - PublisherAppln - INFO - weather:sunny:1679517219.6332574
2023-03-22 15:33:40,633 - PublisherAppln - INFO - weather:sunny:1679517220.6336882
2023-03-22 15:33:41,635 - PublisherAppln - INFO - weather:sunny:1679517221.6349483
2023-03-22 15:33:42,636 - PublisherAppln - INFO - weather:foggy:1679517222.6361294
2023-03-22 15:33:43,637 - PublisherAppln - INFO - weather:foggy:1679517223.6373246
2023-03-22 15:33:44,637 - PublisherAppln - INFO - weather:foggy:1679517224.6376178
2023-03-22 15:33:45,638 - PublisherAppln - INFO - weather:icy:1679517225.6387663
2023-03-22 15:33:46,640 - PublisherAppln - INFO - weather:icy:1679517226.6399736
2023-03-22 15:33:47,641 - PublisherAppln - INFO - weather:foggy:1679517227.6411965
2023-03-22 15:33:48,641 - PublisherAppln - INFO - weather:icy:1679517228.6417046
2023-03-22 15:33:49,642 - PublisherAppln - INFO - weather:cloudy:1679517229.6429007
2023-03-22 15:33:50,644 - PublisherAppln - INFO - weather:cloudy:1679517230.6440978
2023-03-22 15:33:51,645 - PublisherAppln - INFO - weather:rainy:1679517231.6452327
2023-03-22 15:33:52,645 - PublisherAppln - INFO - weather:rainy:1679517232.6456208
2023-03-22 15:33:53,645 - PublisherAppln - INFO - weather:icy:1679517233.645777
2023-03-22 15:33:54,647 - PublisherAppln - INFO - weather:sunny:1679517234.6470397
2023-03-22 15:33:55,648 - PublisherAppln - INFO - weather:sunny:1679517235.6484432
2023-03-22 15:33:56,649 - PublisherAppln - INFO - weather:foggy:1679517236.6495988
2023-03-22 15:33:57,650 - PublisherAppln - INFO - weather:rainy:1679517237.650744
2023-03-22 15:33:58,652 - PublisherAppln - INFO - weather:foggy:1679517238.6520338
2023-03-22 15:33:59,653 - PublisherAppln - INFO - weather:foggy:1679517239.6532366
2023-03-22 15:34:00,653 - PublisherAppln - INFO - weather:cloudy:1679517240.6536245
2023-03-22 15:34:01,654 - PublisherAppln - INFO - weather:icy:1679517241.654814
2023-03-22 15:34:02,655 - PublisherAppln - INFO - weather:foggy:1679517242.6559548
2023-03-22 15:34:03,657 - PublisherAppln - INFO - weather:icy:1679517243.657171
2023-03-22 15:34:04,657 - PublisherAppln - INFO - weather:sunny:1679517244.6578023
2023-03-22 15:34:05,658 - PublisherAppln - INFO - weather:sunny:1679517245.6589487
2023-03-22 15:34:06,660 - PublisherAppln - INFO - weather:rainy:1679517246.6601152
2023-03-22 15:34:07,661 - PublisherAppln - INFO - weather:rainy:1679517247.661324
2023-03-22 15:34:08,661 - PublisherAppln - INFO - weather:cloudy:1679517248.661762
2023-03-22 15:34:09,662 - PublisherAppln - INFO - weather:icy:1679517249.6629064
2023-03-22 15:34:10,663 - PublisherAppln - INFO - weather:foggy:1679517250.6635861
2023-03-22 15:34:11,664 - PublisherAppln - INFO - weather:rainy:1679517251.6648345
2023-03-22 15:34:12,665 - PublisherAppln - INFO - weather:icy:1679517252.6656725
2023-03-22 15:34:13,667 - PublisherAppln - INFO - weather:icy:1679517253.6669474
2023-03-22 15:34:14,668 - PublisherAppln - INFO - weather:cloudy:1679517254.6681206
2023-03-22 15:34:15,669 - PublisherAppln - INFO - weather:rainy:1679517255.6693819
2023-03-22 15:34:16,669 - PublisherAppln - INFO - weather:foggy:1679517256.669638
2023-03-22 15:34:17,670 - PublisherAppln - INFO - weather:cloudy:1679517257.670853
