2023-03-22 15:32:52,894 - root - INFO - Main - acquire a child logger and then log messages in the child
2023-03-22 15:32:52,894 - PublisherAppln - DEBUG - Main: parse command line arguments
2023-03-22 15:32:52,898 - PublisherAppln - DEBUG - Main: resetting log level to 20
2023-03-22 15:32:52,898 - PublisherAppln - INFO - PublisherAppln::configure
2023-03-22 15:32:52,899 - PublisherAppln - INFO - PublisherMW::configure
2023-03-22 15:32:52,899 - PublisherAppln - INFO - PublisherMW::configure completed
2023-03-22 15:32:52,899 - PublisherAppln - INFO - PublisherAppln::configure - configuration complete
2023-03-22 15:32:52,899 - PublisherAppln - INFO - PublisherAppln::driver
2023-03-22 15:32:52,899 - PublisherAppln - INFO - **********************************
2023-03-22 15:32:52,899 - PublisherAppln - INFO - PublisherAppln::dump
2023-03-22 15:32:52,899 - PublisherAppln - INFO - ------------------------------
2023-03-22 15:32:52,899 - PublisherAppln - INFO -      Name: pub24
2023-03-22 15:32:52,899 - PublisherAppln - INFO -      Lookup: Centralized
2023-03-22 15:32:52,899 - PublisherAppln - INFO -      Dissemination: Direct
2023-03-22 15:32:52,899 - PublisherAppln - INFO -      Num Topics: 1
2023-03-22 15:32:52,899 - PublisherAppln - INFO -      TopicList: ['sound']
2023-03-22 15:32:52,899 - PublisherAppln - INFO -      Iterations: 1000
2023-03-22 15:32:52,899 - PublisherAppln - INFO -      Frequency: 1
2023-03-22 15:32:52,899 - PublisherAppln - INFO - **********************************
2023-03-22 15:32:52,900 - PublisherAppln - INFO - PublisherMW::event_loop - run the event loop
2023-03-22 15:32:52,900 - PublisherAppln - INFO - PublisherAppln::invoke_operation
2023-03-22 15:32:52,900 - PublisherAppln - INFO - PublisherMW::register
2023-03-22 15:32:52,900 - PublisherAppln - INFO - PublisherMW::register - sent register message and now wait for reply
2023-03-22 15:32:53,157 - PublisherAppln - INFO - PublisherMW::handle_reply
2023-03-22 15:32:53,157 - PublisherAppln - INFO - PublisherAppln::register_response
2023-03-22 15:32:53,157 - PublisherAppln - INFO - PublisherAppln::register_response - registration is a success
2023-03-22 15:32:53,158 - PublisherAppln - INFO - PublisherAppln::invoke_operation
2023-03-22 15:32:53,158 - PublisherAppln - INFO - PublisherAppln::invoke_operation - check if are ready to go
2023-03-22 15:32:53,158 - PublisherAppln - INFO - PublisherMW::is_ready
2023-03-22 15:32:53,158 - PublisherAppln - INFO - PublisherMW::is_ready - request sent and now wait for reply
2023-03-22 15:32:53,641 - PublisherAppln - INFO - PublisherMW::handle_reply
2023-03-22 15:32:53,641 - PublisherAppln - INFO - PublisherAppln::isready_response
2023-03-22 15:32:53,641 - PublisherAppln - INFO - PublisherAppln::driver - Not ready yet; check again
2023-03-22 15:33:03,649 - PublisherAppln - INFO - PublisherAppln::invoke_operation
2023-03-22 15:33:03,649 - PublisherAppln - INFO - PublisherAppln::invoke_operation - check if are ready to go
2023-03-22 15:33:03,649 - PublisherAppln - INFO - PublisherMW::is_ready
2023-03-22 15:33:03,649 - PublisherAppln - INFO - PublisherMW::is_ready - request sent and now wait for reply
2023-03-22 15:33:03,665 - PublisherAppln - INFO - PublisherMW::handle_reply
2023-03-22 15:33:03,665 - PublisherAppln - INFO - PublisherAppln::isready_response
2023-03-22 15:33:03,665 - PublisherAppln - INFO - PublisherAppln::driver - System ready; let's go!!
2023-03-22 15:33:03,665 - PublisherAppln - INFO - PublisherAppln::invoke_operation
2023-03-22 15:33:03,665 - PublisherAppln - INFO - PublisherAppln::invoke_operation - start Disseminating
2023-03-22 15:33:03,665 - PublisherAppln - INFO - sound:49:1679517183.6656153
2023-03-22 15:33:04,665 - PublisherAppln - INFO - sound:70:1679517184.665791
2023-03-22 15:33:05,667 - PublisherAppln - INFO - sound:84:1679517185.6670752
2023-03-22 15:33:06,668 - PublisherAppln - INFO - sound:69:1679517186.6683524
2023-03-22 15:33:07,669 - PublisherAppln - INFO - sound:40:1679517187.6695244
2023-03-22 15:33:08,670 - PublisherAppln - INFO - sound:30:1679517188.6707091
2023-03-22 15:33:09,671 - PublisherAppln - INFO - sound:68:1679517189.6719086
2023-03-22 15:33:10,673 - PublisherAppln - INFO - sound:59:1679517190.67319
2023-03-22 15:33:11,673 - PublisherAppln - INFO - sound:64:1679517191.6737669
2023-03-22 15:33:12,674 - PublisherAppln - INFO - sound:59:1679517192.6749454
2023-03-22 15:33:13,676 - PublisherAppln - INFO - sound:58:1679517193.6762044
2023-03-22 15:33:14,677 - PublisherAppln - INFO - sound:45:1679517194.6774597
2023-03-22 15:33:15,678 - PublisherAppln - INFO - sound:94:1679517195.6786516
2023-03-22 15:33:16,679 - PublisherAppln - INFO - sound:47:1679517196.6798906
2023-03-22 15:33:17,681 - PublisherAppln - INFO - sound:89:1679517197.6810608
2023-03-22 15:33:18,681 - PublisherAppln - INFO - sound:32:1679517198.6816218
2023-03-22 15:33:19,682 - PublisherAppln - INFO - sound:42:1679517199.6827989
2023-03-22 15:33:20,683 - PublisherAppln - INFO - sound:61:1679517200.6839445
2023-03-22 15:33:21,685 - PublisherAppln - INFO - sound:78:1679517201.685183
2023-03-22 15:33:22,685 - PublisherAppln - INFO - sound:70:1679517202.6856508
2023-03-22 15:33:23,686 - PublisherAppln - INFO - sound:36:1679517203.6868565
2023-03-22 15:33:24,688 - PublisherAppln - INFO - sound:69:1679517204.6881516
2023-03-22 15:33:25,689 - PublisherAppln - INFO - sound:78:1679517205.689408
2023-03-22 15:33:26,689 - PublisherAppln - INFO - sound:68:1679517206.6897562
2023-03-22 15:33:27,690 - PublisherAppln - INFO - sound:47:1679517207.6909263
2023-03-22 15:33:28,692 - PublisherAppln - INFO - sound:87:1679517208.692162
2023-03-22 15:33:29,693 - PublisherAppln - INFO - sound:91:1679517209.693443
2023-03-22 15:33:30,694 - PublisherAppln - INFO - sound:34:1679517210.6946657
2023-03-22 15:33:31,695 - PublisherAppln - INFO - sound:84:1679517211.6958203
2023-03-22 15:33:32,697 - PublisherAppln - INFO - sound:38:1679517212.6970332
2023-03-22 15:33:33,697 - PublisherAppln - INFO - sound:58:1679517213.697663
2023-03-22 15:33:34,698 - PublisherAppln - INFO - sound:69:1679517214.6988096
2023-03-22 15:33:35,700 - PublisherAppln - INFO - sound:79:1679517215.6999834
2023-03-22 15:33:36,701 - PublisherAppln - INFO - sound:36:1679517216.7011657
2023-03-22 15:33:37,702 - PublisherAppln - INFO - sound:34:1679517217.7021677
2023-03-22 15:33:38,703 - PublisherAppln - INFO - sound:63:1679517218.7034345
2023-03-22 15:33:39,704 - PublisherAppln - INFO - sound:92:1679517219.7046053
2023-03-22 15:33:40,705 - PublisherAppln - INFO - sound:67:1679517220.705688
2023-03-22 15:33:41,706 - PublisherAppln - INFO - sound:50:1679517221.706919
2023-03-22 15:33:42,708 - PublisherAppln - INFO - sound:49:1679517222.7081232
2023-03-22 15:33:43,709 - PublisherAppln - INFO - sound:33:1679517223.7092638
2023-03-22 15:33:44,709 - PublisherAppln - INFO - sound:76:1679517224.7096941
2023-03-22 15:33:45,710 - PublisherAppln - INFO - sound:32:1679517225.7109368
2023-03-22 15:33:46,712 - PublisherAppln - INFO - sound:93:1679517226.7121348
2023-03-22 15:33:47,713 - PublisherAppln - INFO - sound:69:1679517227.713431
2023-03-22 15:33:48,713 - PublisherAppln - INFO - sound:36:1679517228.7136636
2023-03-22 15:33:49,714 - PublisherAppln - INFO - sound:60:1679517229.7148438
2023-03-22 15:33:50,716 - PublisherAppln - INFO - sound:87:1679517230.716022
2023-03-22 15:33:51,717 - PublisherAppln - INFO - sound:76:1679517231.7172778
2023-03-22 15:33:52,717 - PublisherAppln - INFO - sound:51:1679517232.7176743
2023-03-22 15:33:53,718 - PublisherAppln - INFO - sound:89:1679517233.7188718
2023-03-22 15:33:54,720 - PublisherAppln - INFO - sound:94:1679517234.7201116
2023-03-22 15:33:55,721 - PublisherAppln - INFO - sound:56:1679517235.721395
2023-03-22 15:33:56,721 - PublisherAppln - INFO - sound:88:1679517236.7217665
2023-03-22 15:33:57,722 - PublisherAppln - INFO - sound:80:1679517237.7229142
2023-03-22 15:33:58,724 - PublisherAppln - INFO - sound:38:1679517238.7241628
2023-03-22 15:33:59,725 - PublisherAppln - INFO - sound:52:1679517239.7253962
2023-03-22 15:34:00,725 - PublisherAppln - INFO - sound:41:1679517240.7257009
2023-03-22 15:34:01,727 - PublisherAppln - INFO - sound:32:1679517241.7269473
2023-03-22 15:34:02,728 - PublisherAppln - INFO - sound:71:1679517242.7282398
2023-03-22 15:34:03,729 - PublisherAppln - INFO - sound:88:1679517243.729473
2023-03-22 15:34:04,730 - PublisherAppln - INFO - sound:35:1679517244.730703
2023-03-22 15:34:05,731 - PublisherAppln - INFO - sound:64:1679517245.7316487
2023-03-22 15:34:06,732 - PublisherAppln - INFO - sound:81:1679517246.7328305
2023-03-22 15:34:07,733 - PublisherAppln - INFO - sound:66:1679517247.7336276
2023-03-22 15:34:08,734 - PublisherAppln - INFO - sound:30:1679517248.7347746
2023-03-22 15:34:09,736 - PublisherAppln - INFO - sound:62:1679517249.7360358
2023-03-22 15:34:10,737 - PublisherAppln - INFO - sound:70:1679517250.7374873
2023-03-22 15:34:11,738 - PublisherAppln - INFO - sound:63:1679517251.7386787
2023-03-22 15:34:12,739 - PublisherAppln - INFO - sound:30:1679517252.7398865
2023-03-22 15:34:13,741 - PublisherAppln - INFO - sound:89:1679517253.741284
2023-03-22 15:34:14,742 - PublisherAppln - INFO - sound:80:1679517254.742511
2023-03-22 15:34:15,743 - PublisherAppln - INFO - sound:40:1679517255.7436612
2023-03-22 15:34:16,744 - PublisherAppln - INFO - sound:72:1679517256.7448106
2023-03-22 15:34:17,745 - PublisherAppln - INFO - sound:70:1679517257.745652
