2023-03-22 15:32:52,927 - root - INFO - Main - acquire a child logger and then log messages in the child
2023-03-22 15:32:52,927 - PublisherAppln - DEBUG - Main: parse command line arguments
2023-03-22 15:32:52,931 - PublisherAppln - DEBUG - Main: resetting log level to 20
2023-03-22 15:32:52,931 - PublisherAppln - INFO - PublisherAppln::configure
2023-03-22 15:32:52,931 - PublisherAppln - INFO - PublisherMW::configure
2023-03-22 15:32:52,932 - PublisherAppln - INFO - PublisherMW::configure completed
2023-03-22 15:32:52,932 - PublisherAppln - INFO - PublisherAppln::configure - configuration complete
2023-03-22 15:32:52,932 - PublisherAppln - INFO - PublisherAppln::driver
2023-03-22 15:32:52,932 - PublisherAppln - INFO - **********************************
2023-03-22 15:32:52,932 - PublisherAppln - INFO - PublisherAppln::dump
2023-03-22 15:32:52,932 - PublisherAppln - INFO - ------------------------------
2023-03-22 15:32:52,932 - PublisherAppln - INFO -      Name: pub27
2023-03-22 15:32:52,932 - PublisherAppln - INFO -      Lookup: Centralized
2023-03-22 15:32:52,932 - PublisherAppln - INFO -      Dissemination: Direct
2023-03-22 15:32:52,932 - PublisherAppln - INFO -      Num Topics: 1
2023-03-22 15:32:52,932 - PublisherAppln - INFO -      TopicList: ['sound']
2023-03-22 15:32:52,932 - PublisherAppln - INFO -      Iterations: 1000
2023-03-22 15:32:52,932 - PublisherAppln - INFO -      Frequency: 1
2023-03-22 15:32:52,932 - PublisherAppln - INFO - **********************************
2023-03-22 15:32:52,932 - PublisherAppln - INFO - PublisherMW::event_loop - run the event loop
2023-03-22 15:32:52,932 - PublisherAppln - INFO - PublisherAppln::invoke_operation
2023-03-22 15:32:52,932 - PublisherAppln - INFO - PublisherMW::register
2023-03-22 15:32:52,932 - PublisherAppln - INFO - PublisherMW::register - sent register message and now wait for reply
2023-03-22 15:32:53,168 - PublisherAppln - INFO - PublisherMW::handle_reply
2023-03-22 15:32:53,169 - PublisherAppln - INFO - PublisherAppln::register_response
2023-03-22 15:32:53,169 - PublisherAppln - INFO - PublisherAppln::register_response - registration is a success
2023-03-22 15:32:53,169 - PublisherAppln - INFO - PublisherAppln::invoke_operation
2023-03-22 15:32:53,169 - PublisherAppln - INFO - PublisherAppln::invoke_operation - check if are ready to go
2023-03-22 15:32:53,169 - PublisherAppln - INFO - PublisherMW::is_ready
2023-03-22 15:32:53,169 - PublisherAppln - INFO - PublisherMW::is_ready - request sent and now wait for reply
2023-03-22 15:32:53,681 - PublisherAppln - INFO - PublisherMW::handle_reply
2023-03-22 15:32:53,681 - PublisherAppln - INFO - PublisherAppln::isready_response
2023-03-22 15:32:53,681 - PublisherAppln - INFO - PublisherAppln::driver - Not ready yet; check again
2023-03-22 15:33:03,690 - PublisherAppln - INFO - PublisherAppln::invoke_operation
2023-03-22 15:33:03,690 - PublisherAppln - INFO - PublisherAppln::invoke_operation - check if are ready to go
2023-03-22 15:33:03,690 - PublisherAppln - INFO - PublisherMW::is_ready
2023-03-22 15:33:03,691 - PublisherAppln - INFO - PublisherMW::is_ready - request sent and now wait for reply
2023-03-22 15:33:03,705 - PublisherAppln - INFO - PublisherMW::handle_reply
2023-03-22 15:33:03,705 - PublisherAppln - INFO - PublisherAppln::isready_response
2023-03-22 15:33:03,705 - PublisherAppln - INFO - PublisherAppln::driver - Not ready yet; check again
2023-03-22 15:33:13,713 - PublisherAppln - INFO - PublisherAppln::invoke_operation
2023-03-22 15:33:13,713 - PublisherAppln - INFO - PublisherAppln::invoke_operation - check if are ready to go
2023-03-22 15:33:13,713 - PublisherAppln - INFO - PublisherMW::is_ready
2023-03-22 15:33:13,713 - PublisherAppln - INFO - PublisherMW::is_ready - request sent and now wait for reply
2023-03-22 15:33:13,726 - PublisherAppln - INFO - PublisherMW::handle_reply
2023-03-22 15:33:13,726 - PublisherAppln - INFO - PublisherAppln::isready_response
2023-03-22 15:33:13,726 - PublisherAppln - INFO - PublisherAppln::driver - Not ready yet; check again
2023-03-22 15:33:23,733 - PublisherAppln - INFO - PublisherAppln::invoke_operation
2023-03-22 15:33:23,733 - PublisherAppln - INFO - PublisherAppln::invoke_operation - check if are ready to go
2023-03-22 15:33:23,733 - PublisherAppln - INFO - PublisherMW::is_ready
2023-03-22 15:33:23,733 - PublisherAppln - INFO - PublisherMW::is_ready - request sent and now wait for reply
2023-03-22 15:33:23,747 - PublisherAppln - INFO - PublisherMW::handle_reply
2023-03-22 15:33:23,747 - PublisherAppln - INFO - PublisherAppln::isready_response
2023-03-22 15:33:23,747 - PublisherAppln - INFO - PublisherAppln::driver - Not ready yet; check again
2023-03-22 15:33:33,757 - PublisherAppln - INFO - PublisherAppln::invoke_operation
2023-03-22 15:33:33,757 - PublisherAppln - INFO - PublisherAppln::invoke_operation - check if are ready to go
2023-03-22 15:33:33,757 - PublisherAppln - INFO - PublisherMW::is_ready
2023-03-22 15:33:33,757 - PublisherAppln - INFO - PublisherMW::is_ready - request sent and now wait for reply
2023-03-22 15:33:33,772 - PublisherAppln - INFO - PublisherMW::handle_reply
2023-03-22 15:33:33,772 - PublisherAppln - INFO - PublisherAppln::isready_response
2023-03-22 15:33:33,772 - PublisherAppln - INFO - PublisherAppln::driver - System ready; let's go!!
2023-03-22 15:33:33,772 - PublisherAppln - INFO - PublisherAppln::invoke_operation
2023-03-22 15:33:33,772 - PublisherAppln - INFO - PublisherAppln::invoke_operation - start Disseminating
2023-03-22 15:33:33,772 - PublisherAppln - INFO - sound:39:1679517213.7726471
2023-03-22 15:33:34,773 - PublisherAppln - INFO - sound:62:1679517214.773771
2023-03-22 15:33:35,774 - PublisherAppln - INFO - sound:43:1679517215.774931
2023-03-22 15:33:36,776 - PublisherAppln - INFO - sound:80:1679517216.7761633
2023-03-22 15:33:37,777 - PublisherAppln - INFO - sound:91:1679517217.7774498
2023-03-22 15:33:38,779 - PublisherAppln - INFO - sound:93:1679517218.7789526
2023-03-22 15:33:39,780 - PublisherAppln - INFO - sound:74:1679517219.7801528
2023-03-22 15:33:40,781 - PublisherAppln - INFO - sound:69:1679517220.781291
2023-03-22 15:33:41,781 - PublisherAppln - INFO - sound:48:1679517221.7816987
2023-03-22 15:33:42,783 - PublisherAppln - INFO - sound:43:1679517222.7831545
2023-03-22 15:33:43,784 - PublisherAppln - INFO - sound:74:1679517223.7842033
2023-03-22 15:33:44,785 - PublisherAppln - INFO - sound:59:1679517224.785412
2023-03-22 15:33:45,787 - PublisherAppln - INFO - sound:60:1679517225.7869682
2023-03-22 15:33:46,788 - PublisherAppln - INFO - sound:59:1679517226.7882764
2023-03-22 15:33:47,789 - PublisherAppln - INFO - sound:39:1679517227.7897513
2023-03-22 15:33:48,791 - PublisherAppln - INFO - sound:90:1679517228.7912536
2023-03-22 15:33:49,792 - PublisherAppln - INFO - sound:80:1679517229.7925239
2023-03-22 15:33:50,793 - PublisherAppln - INFO - sound:57:1679517230.7939243
2023-03-22 15:33:51,795 - PublisherAppln - INFO - sound:83:1679517231.7950673
2023-03-22 15:33:52,796 - PublisherAppln - INFO - sound:56:1679517232.7962105
2023-03-22 15:33:53,797 - PublisherAppln - INFO - sound:61:1679517233.7973323
2023-03-22 15:33:54,797 - PublisherAppln - INFO - sound:72:1679517234.7976198
2023-03-22 15:33:55,798 - PublisherAppln - INFO - sound:85:1679517235.7988293
2023-03-22 15:33:56,800 - PublisherAppln - INFO - sound:52:1679517236.8002856
2023-03-22 15:33:57,801 - PublisherAppln - INFO - sound:66:1679517237.8015141
2023-03-22 15:33:58,802 - PublisherAppln - INFO - sound:58:1679517238.8027732
2023-03-22 15:33:59,804 - PublisherAppln - INFO - sound:30:1679517239.8042262
2023-03-22 15:34:00,805 - PublisherAppln - INFO - sound:36:1679517240.8054643
2023-03-22 15:34:01,806 - PublisherAppln - INFO - sound:41:1679517241.8069174
2023-03-22 15:34:02,808 - PublisherAppln - INFO - sound:52:1679517242.808411
2023-03-22 15:34:03,809 - PublisherAppln - INFO - sound:76:1679517243.8097653
2023-03-22 15:34:04,811 - PublisherAppln - INFO - sound:43:1679517244.8111796
2023-03-22 15:34:05,812 - PublisherAppln - INFO - sound:46:1679517245.8123684
2023-03-22 15:34:06,813 - PublisherAppln - INFO - sound:34:1679517246.81365
2023-03-22 15:34:07,815 - PublisherAppln - INFO - sound:52:1679517247.8150618
2023-03-22 15:34:08,816 - PublisherAppln - INFO - sound:74:1679517248.8161883
2023-03-22 15:34:09,817 - PublisherAppln - INFO - sound:53:1679517249.8173501
2023-03-22 15:34:10,818 - PublisherAppln - INFO - sound:52:1679517250.8186212
2023-03-22 15:34:11,820 - PublisherAppln - INFO - sound:60:1679517251.8201532
2023-03-22 15:34:12,821 - PublisherAppln - INFO - sound:31:1679517252.8213623
2023-03-22 15:34:13,821 - PublisherAppln - INFO - sound:90:1679517253.8218064
2023-03-22 15:34:14,823 - PublisherAppln - INFO - sound:35:1679517254.823275
2023-03-22 15:34:15,824 - PublisherAppln - INFO - sound:57:1679517255.8247073
2023-03-22 15:34:16,825 - PublisherAppln - INFO - sound:73:1679517256.8256266
2023-03-22 15:34:17,826 - PublisherAppln - INFO - sound:91:1679517257.8267746
