2023-03-22 15:32:52,888 - root - INFO - Main - acquire a child logger and then log messages in the child
2023-03-22 15:32:52,888 - PublisherAppln - DEBUG - Main: parse command line arguments
2023-03-22 15:32:52,891 - PublisherAppln - DEBUG - Main: resetting log level to 20
2023-03-22 15:32:52,892 - PublisherAppln - INFO - PublisherAppln::configure
2023-03-22 15:32:52,892 - PublisherAppln - INFO - PublisherMW::configure
2023-03-22 15:32:52,893 - PublisherAppln - INFO - PublisherMW::configure completed
2023-03-22 15:32:52,893 - PublisherAppln - INFO - PublisherAppln::configure - configuration complete
2023-03-22 15:32:52,893 - PublisherAppln - INFO - PublisherAppln::driver
2023-03-22 15:32:52,893 - PublisherAppln - INFO - **********************************
2023-03-22 15:32:52,893 - PublisherAppln - INFO - PublisherAppln::dump
2023-03-22 15:32:52,893 - PublisherAppln - INFO - ------------------------------
2023-03-22 15:32:52,893 - PublisherAppln - INFO -      Name: pub25
2023-03-22 15:32:52,893 - PublisherAppln - INFO -      Lookup: Centralized
2023-03-22 15:32:52,893 - PublisherAppln - INFO -      Dissemination: Direct
2023-03-22 15:32:52,893 - PublisherAppln - INFO -      Num Topics: 1
2023-03-22 15:32:52,893 - PublisherAppln - INFO -      TopicList: ['humidity']
2023-03-22 15:32:52,893 - PublisherAppln - INFO -      Iterations: 1000
2023-03-22 15:32:52,893 - PublisherAppln - INFO -      Frequency: 1
2023-03-22 15:32:52,893 - PublisherAppln - INFO - **********************************
2023-03-22 15:32:52,893 - PublisherAppln - INFO - PublisherMW::event_loop - run the event loop
2023-03-22 15:32:52,893 - PublisherAppln - INFO - PublisherAppln::invoke_operation
2023-03-22 15:32:52,893 - PublisherAppln - INFO - PublisherMW::register
2023-03-22 15:32:52,913 - PublisherAppln - INFO - PublisherMW::register - sent register message and now wait for reply
2023-03-22 15:32:53,144 - PublisherAppln - INFO - PublisherMW::handle_reply
2023-03-22 15:32:53,144 - PublisherAppln - INFO - PublisherAppln::register_response
2023-03-22 15:32:53,144 - PublisherAppln - INFO - PublisherAppln::register_response - registration is a success
2023-03-22 15:32:53,144 - PublisherAppln - INFO - PublisherAppln::invoke_operation
2023-03-22 15:32:53,144 - PublisherAppln - INFO - PublisherAppln::invoke_operation - check if are ready to go
2023-03-22 15:32:53,144 - PublisherAppln - INFO - PublisherMW::is_ready
2023-03-22 15:32:53,144 - PublisherAppln - INFO - PublisherMW::is_ready - request sent and now wait for reply
2023-03-22 15:32:53,585 - PublisherAppln - INFO - PublisherMW::handle_reply
2023-03-22 15:32:53,585 - PublisherAppln - INFO - PublisherAppln::isready_response
2023-03-22 15:32:53,585 - PublisherAppln - INFO - PublisherAppln::driver - System ready; let's go!!
2023-03-22 15:32:53,585 - PublisherAppln - INFO - PublisherAppln::invoke_operation
2023-03-22 15:32:53,586 - PublisherAppln - INFO - PublisherAppln::invoke_operation - start Disseminating
2023-03-22 15:32:53,586 - PublisherAppln - INFO - humidity:88.69111710529862:1679517173.5860431
2023-03-22 15:32:54,587 - PublisherAppln - INFO - humidity:25.020850654155364:1679517174.5871387
2023-03-22 15:32:55,588 - PublisherAppln - INFO - humidity:68.02619832883167:1679517175.588413
2023-03-22 15:32:56,589 - PublisherAppln - INFO - humidity:82.0849061394943:1679517176.5896866
2023-03-22 15:32:57,591 - PublisherAppln - INFO - humidity:22.013145404165762:1679517177.591138
2023-03-22 15:32:58,592 - PublisherAppln - INFO - humidity:55.26770630449698:1679517178.5925732
2023-03-22 15:32:59,593 - PublisherAppln - INFO - humidity:49.49247899034353:1679517179.5936973
2023-03-22 15:33:00,595 - PublisherAppln - INFO - humidity:12.39789083751624:1679517180.5949945
2023-03-22 15:33:01,596 - PublisherAppln - INFO - humidity:56.69489294969495:1679517181.5962806
2023-03-22 15:33:02,597 - PublisherAppln - INFO - humidity:20.92459711945964:1679517182.5976415
2023-03-22 15:33:03,598 - PublisherAppln - INFO - humidity:48.34720169264445:1679517183.5988002
2023-03-22 15:33:04,599 - PublisherAppln - INFO - humidity:27.069323332697977:1679517184.5999374
2023-03-22 15:33:05,601 - PublisherAppln - INFO - humidity:85.19577616827911:1679517185.601081
2023-03-22 15:33:06,601 - PublisherAppln - INFO - humidity:62.93707542343877:1679517186.6016295
2023-03-22 15:33:07,602 - PublisherAppln - INFO - humidity:37.36228451822377:1679517187.6027734
2023-03-22 15:33:08,603 - PublisherAppln - INFO - humidity:73.89222083108044:1679517188.6039207
2023-03-22 15:33:09,604 - PublisherAppln - INFO - humidity:78.32649173161727:1679517189.604393
2023-03-22 15:33:10,605 - PublisherAppln - INFO - humidity:49.29401671299167:1679517190.6055567
2023-03-22 15:33:11,606 - PublisherAppln - INFO - humidity:26.827949276206116:1679517191.6066976
2023-03-22 15:33:12,607 - PublisherAppln - INFO - humidity:73.85143686424895:1679517192.6078537
2023-03-22 15:33:13,608 - PublisherAppln - INFO - humidity:24.298264475276174:1679517193.608986
2023-03-22 15:33:14,609 - PublisherAppln - INFO - humidity:64.33901877581522:1679517194.6096284
2023-03-22 15:33:15,610 - PublisherAppln - INFO - humidity:61.000089013258574:1679517195.6107855
2023-03-22 15:33:16,611 - PublisherAppln - INFO - humidity:62.012951454966085:1679517196.6119087
2023-03-22 15:33:17,613 - PublisherAppln - INFO - humidity:54.78454038076247:1679517197.6130445
2023-03-22 15:33:18,613 - PublisherAppln - INFO - humidity:88.3438918185913:1679517198.6137056
2023-03-22 15:33:19,615 - PublisherAppln - INFO - humidity:88.98299636868335:1679517199.615107
2023-03-22 15:33:20,616 - PublisherAppln - INFO - humidity:80.02727061848186:1679517200.6162643
2023-03-22 15:33:21,617 - PublisherAppln - INFO - humidity:75.07759160426943:1679517201.6174364
2023-03-22 15:33:22,618 - PublisherAppln - INFO - humidity:97.91887216601533:1679517202.6189167
2023-03-22 15:33:23,620 - PublisherAppln - INFO - humidity:34.185805925943455:1679517203.6200411
2023-03-22 15:33:24,621 - PublisherAppln - INFO - humidity:81.71802350640938:1679517204.6211605
2023-03-22 15:33:25,621 - PublisherAppln - INFO - humidity:77.39808023273454:1679517205.6216278
2023-03-22 15:33:26,622 - PublisherAppln - INFO - humidity:28.703403450802963:1679517206.6227696
2023-03-22 15:33:27,623 - PublisherAppln - INFO - humidity:71.44853830268663:1679517207.623885
2023-03-22 15:33:28,625 - PublisherAppln - INFO - humidity:93.75509850432165:1679517208.6250265
2023-03-22 15:33:29,625 - PublisherAppln - INFO - humidity:68.31060304343421:1679517209.6256194
2023-03-22 15:33:30,626 - PublisherAppln - INFO - humidity:95.40377024675351:1679517210.6267362
2023-03-22 15:33:31,627 - PublisherAppln - INFO - humidity:32.804094881544785:1679517211.6278565
2023-03-22 15:33:32,628 - PublisherAppln - INFO - humidity:80.72200688024063:1679517212.6289766
2023-03-22 15:33:33,629 - PublisherAppln - INFO - humidity:85.1785399728584:1679517213.6296213
2023-03-22 15:33:34,630 - PublisherAppln - INFO - humidity:95.04018757212076:1679517214.6307504
2023-03-22 15:33:35,631 - PublisherAppln - INFO - humidity:53.345208401635716:1679517215.631899
2023-03-22 15:33:36,633 - PublisherAppln - INFO - humidity:41.02849222709315:1679517216.6330347
2023-03-22 15:33:37,633 - PublisherAppln - INFO - humidity:18.71990996244442:1679517217.6336162
2023-03-22 15:33:38,634 - PublisherAppln - INFO - humidity:19.931628567119276:1679517218.6347408
2023-03-22 15:33:39,635 - PublisherAppln - INFO - humidity:83.524056366349:1679517219.6358619
2023-03-22 15:33:40,637 - PublisherAppln - INFO - humidity:55.95674287237185:1679517220.6369894
2023-03-22 15:33:41,637 - PublisherAppln - INFO - humidity:67.74702231897706:1679517221.6376283
2023-03-22 15:33:42,638 - PublisherAppln - INFO - humidity:82.94052185171864:1679517222.6387455
2023-03-22 15:33:43,639 - PublisherAppln - INFO - humidity:24.791526366600003:1679517223.6398942
2023-03-22 15:33:44,641 - PublisherAppln - INFO - humidity:48.20425524164628:1679517224.6410549
2023-03-22 15:33:45,641 - PublisherAppln - INFO - humidity:22.17317192971121:1679517225.6416247
2023-03-22 15:33:46,642 - PublisherAppln - INFO - humidity:66.14346633437796:1679517226.6427834
2023-03-22 15:33:47,643 - PublisherAppln - INFO - humidity:87.26254086629704:1679517227.6439285
2023-03-22 15:33:48,645 - PublisherAppln - INFO - humidity:47.12271407670539:1679517228.6451254
2023-03-22 15:33:49,645 - PublisherAppln - INFO - humidity:83.31657014334132:1679517229.645642
2023-03-22 15:33:50,645 - PublisherAppln - INFO - humidity:28.78451435679861:1679517230.645813
2023-03-22 15:33:51,646 - PublisherAppln - INFO - humidity:13.366087322172582:1679517231.6469378
2023-03-22 15:33:52,648 - PublisherAppln - INFO - humidity:64.7004937806829:1679517232.6480467
2023-03-22 15:33:53,649 - PublisherAppln - INFO - humidity:52.52189849397717:1679517233.6491714
2023-03-22 15:33:54,649 - PublisherAppln - INFO - humidity:41.0635107166551:1679517234.6497
2023-03-22 15:33:55,651 - PublisherAppln - INFO - humidity:32.41547504923354:1679517235.6511428
2023-03-22 15:33:56,652 - PublisherAppln - INFO - humidity:27.22603333228823:1679517236.652261
2023-03-22 15:33:57,653 - PublisherAppln - INFO - humidity:53.76670191951648:1679517237.6533778
2023-03-22 15:33:58,653 - PublisherAppln - INFO - humidity:76.5260469624991:1679517238.6536183
2023-03-22 15:33:59,654 - PublisherAppln - INFO - humidity:86.93103006054238:1679517239.6542118
2023-03-22 15:34:00,655 - PublisherAppln - INFO - humidity:83.38526190803778:1679517240.65536
2023-03-22 15:34:01,656 - PublisherAppln - INFO - humidity:78.875906209292:1679517241.656468
2023-03-22 15:34:02,657 - PublisherAppln - INFO - humidity:11.142917235285573:1679517242.6575782
2023-03-22 15:34:03,658 - PublisherAppln - INFO - humidity:18.349020940448803:1679517243.6587164
2023-03-22 15:34:04,659 - PublisherAppln - INFO - humidity:45.20786511260835:1679517244.659862
2023-03-22 15:34:05,660 - PublisherAppln - INFO - humidity:76.83466601990334:1679517245.6609795
2023-03-22 15:34:06,661 - PublisherAppln - INFO - humidity:11.207684420455493:1679517246.6616185
2023-03-22 15:34:07,662 - PublisherAppln - INFO - humidity:35.47640102309069:1679517247.6627378
2023-03-22 15:34:08,663 - PublisherAppln - INFO - humidity:98.72046605214642:1679517248.6638887
2023-03-22 15:34:09,665 - PublisherAppln - INFO - humidity:84.40668574521108:1679517249.6650164
2023-03-22 15:34:10,665 - PublisherAppln - INFO - humidity:44.339137556396906:1679517250.6656506
2023-03-22 15:34:11,666 - PublisherAppln - INFO - humidity:22.60624453386205:1679517251.6667838
2023-03-22 15:34:12,667 - PublisherAppln - INFO - humidity:97.69346351911028:1679517252.6678956
2023-03-22 15:34:13,669 - PublisherAppln - INFO - humidity:55.325151201878185:1679517253.6690154
2023-03-22 15:34:14,669 - PublisherAppln - INFO - humidity:51.917668302655194:1679517254.6696167
2023-03-22 15:34:15,670 - PublisherAppln - INFO - humidity:40.0224791643068:1679517255.6707294
2023-03-22 15:34:16,671 - PublisherAppln - INFO - humidity:99.64528059883263:1679517256.6718652
2023-03-22 15:34:17,673 - PublisherAppln - INFO - humidity:73.1012037735262:1679517257.673052
