2023-03-22 15:32:52,834 - root - INFO - Main - acquire a child logger and then log messages in the child
2023-03-22 15:32:52,852 - PublisherAppln - DEBUG - Main: parse command line arguments
2023-03-22 15:32:52,857 - PublisherAppln - DEBUG - Main: resetting log level to 20
2023-03-22 15:32:52,857 - PublisherAppln - INFO - PublisherAppln::configure
2023-03-22 15:32:52,858 - PublisherAppln - INFO - PublisherMW::configure
2023-03-22 15:32:52,858 - PublisherAppln - INFO - PublisherMW::configure completed
2023-03-22 15:32:52,858 - PublisherAppln - INFO - PublisherAppln::configure - configuration complete
2023-03-22 15:32:52,858 - PublisherAppln - INFO - PublisherAppln::driver
2023-03-22 15:32:52,858 - PublisherAppln - INFO - **********************************
2023-03-22 15:32:52,858 - PublisherAppln - INFO - PublisherAppln::dump
2023-03-22 15:32:52,858 - PublisherAppln - INFO - ------------------------------
2023-03-22 15:32:52,858 - PublisherAppln - INFO -      Name: pub21
2023-03-22 15:32:52,858 - PublisherAppln - INFO -      Lookup: Centralized
2023-03-22 15:32:52,858 - PublisherAppln - INFO -      Dissemination: Direct
2023-03-22 15:32:52,858 - PublisherAppln - INFO -      Num Topics: 1
2023-03-22 15:32:52,858 - PublisherAppln - INFO -      TopicList: ['light']
2023-03-22 15:32:52,858 - PublisherAppln - INFO -      Iterations: 1000
2023-03-22 15:32:52,858 - PublisherAppln - INFO -      Frequency: 1
2023-03-22 15:32:52,859 - PublisherAppln - INFO - **********************************
2023-03-22 15:32:52,859 - PublisherAppln - INFO - PublisherMW::event_loop - run the event loop
2023-03-22 15:32:52,859 - PublisherAppln - INFO - PublisherAppln::invoke_operation
2023-03-22 15:32:52,859 - PublisherAppln - INFO - PublisherMW::register
2023-03-22 15:32:52,859 - PublisherAppln - INFO - PublisherMW::register - sent register message and now wait for reply
2023-03-22 15:32:53,120 - PublisherAppln - INFO - PublisherMW::handle_reply
2023-03-22 15:32:53,120 - PublisherAppln - INFO - PublisherAppln::register_response
2023-03-22 15:32:53,120 - PublisherAppln - INFO - PublisherAppln::register_response - registration is a success
2023-03-22 15:32:53,121 - PublisherAppln - INFO - PublisherAppln::invoke_operation
2023-03-22 15:32:53,121 - PublisherAppln - INFO - PublisherAppln::invoke_operation - check if are ready to go
2023-03-22 15:32:53,121 - PublisherAppln - INFO - PublisherMW::is_ready
2023-03-22 15:32:53,121 - PublisherAppln - INFO - PublisherMW::is_ready - request sent and now wait for reply
2023-03-22 15:32:53,489 - PublisherAppln - INFO - PublisherMW::handle_reply
2023-03-22 15:32:53,489 - PublisherAppln - INFO - PublisherAppln::isready_response
2023-03-22 15:32:53,489 - PublisherAppln - INFO - PublisherAppln::driver - Not ready yet; check again
2023-03-22 15:33:03,497 - PublisherAppln - INFO - PublisherAppln::invoke_operation
2023-03-22 15:33:03,497 - PublisherAppln - INFO - PublisherAppln::invoke_operation - check if are ready to go
2023-03-22 15:33:03,497 - PublisherAppln - INFO - PublisherMW::is_ready
2023-03-22 15:33:03,497 - PublisherAppln - INFO - PublisherMW::is_ready - request sent and now wait for reply
2023-03-22 15:33:03,513 - PublisherAppln - INFO - PublisherMW::handle_reply
2023-03-22 15:33:03,513 - PublisherAppln - INFO - PublisherAppln::isready_response
2023-03-22 15:33:03,513 - PublisherAppln - INFO - PublisherAppln::driver - System ready; let's go!!
2023-03-22 15:33:03,513 - PublisherAppln - INFO - PublisherAppln::invoke_operation
2023-03-22 15:33:03,513 - PublisherAppln - INFO - PublisherAppln::invoke_operation - start Disseminating
2023-03-22 15:33:03,513 - PublisherAppln - INFO - light:800:1679517183.5139258
2023-03-22 15:33:04,515 - PublisherAppln - INFO - light:450:1679517184.5150325
2023-03-22 15:33:05,516 - PublisherAppln - INFO - light:450:1679517185.5162284
2023-03-22 15:33:06,517 - PublisherAppln - INFO - light:1600:1679517186.5176167
2023-03-22 15:33:07,518 - PublisherAppln - INFO - light:1100:1679517187.518751
2023-03-22 15:33:08,520 - PublisherAppln - INFO - light:450:1679517188.5199347
2023-03-22 15:33:09,521 - PublisherAppln - INFO - light:1100:1679517189.52117
2023-03-22 15:33:10,521 - PublisherAppln - INFO - light:1100:1679517190.521623
2023-03-22 15:33:11,522 - PublisherAppln - INFO - light:1100:1679517191.522798
2023-03-22 15:33:12,523 - PublisherAppln - INFO - light:1600:1679517192.5239363
2023-03-22 15:33:13,525 - PublisherAppln - INFO - light:1600:1679517193.5251179
2023-03-22 15:33:14,525 - PublisherAppln - INFO - light:1100:1679517194.5256603
2023-03-22 15:33:15,526 - PublisherAppln - INFO - light:1600:1679517195.526824
2023-03-22 15:33:16,528 - PublisherAppln - INFO - light:450:1679517196.528058
2023-03-22 15:33:17,529 - PublisherAppln - INFO - light:1100:1679517197.5293267
2023-03-22 15:33:18,529 - PublisherAppln - INFO - light:1100:1679517198.529654
2023-03-22 15:33:19,530 - PublisherAppln - INFO - light:450:1679517199.5307868
2023-03-22 15:33:20,531 - PublisherAppln - INFO - light:1600:1679517200.5319204
2023-03-22 15:33:21,533 - PublisherAppln - INFO - light:800:1679517201.533096
2023-03-22 15:33:22,533 - PublisherAppln - INFO - light:1100:1679517202.5336785
2023-03-22 15:33:23,534 - PublisherAppln - INFO - light:800:1679517203.5349166
2023-03-22 15:33:24,536 - PublisherAppln - INFO - light:800:1679517204.5361428
2023-03-22 15:33:25,537 - PublisherAppln - INFO - light:1600:1679517205.5374062
2023-03-22 15:33:26,537 - PublisherAppln - INFO - light:450:1679517206.5376875
2023-03-22 15:33:27,538 - PublisherAppln - INFO - light:1600:1679517207.5388768
2023-03-22 15:33:28,540 - PublisherAppln - INFO - light:450:1679517208.5400958
2023-03-22 15:33:29,541 - PublisherAppln - INFO - light:450:1679517209.5413241
2023-03-22 15:33:30,541 - PublisherAppln - INFO - light:1100:1679517210.5416403
2023-03-22 15:33:31,542 - PublisherAppln - INFO - light:800:1679517211.5428495
2023-03-22 15:33:32,544 - PublisherAppln - INFO - light:1100:1679517212.544058
2023-03-22 15:33:33,545 - PublisherAppln - INFO - light:450:1679517213.545255
2023-03-22 15:33:34,545 - PublisherAppln - INFO - light:1600:1679517214.5456798
2023-03-22 15:33:35,546 - PublisherAppln - INFO - light:1100:1679517215.5468616
2023-03-22 15:33:36,548 - PublisherAppln - INFO - light:800:1679517216.5480142
2023-03-22 15:33:37,549 - PublisherAppln - INFO - light:800:1679517217.5492134
2023-03-22 15:33:38,549 - PublisherAppln - INFO - light:450:1679517218.5497625
2023-03-22 15:33:39,550 - PublisherAppln - INFO - light:1600:1679517219.550933
2023-03-22 15:33:40,552 - PublisherAppln - INFO - light:450:1679517220.5520744
2023-03-22 15:33:41,553 - PublisherAppln - INFO - light:800:1679517221.5532374
2023-03-22 15:33:42,553 - PublisherAppln - INFO - light:1600:1679517222.5536745
2023-03-22 15:33:43,554 - PublisherAppln - INFO - light:450:1679517223.5549057
2023-03-22 15:33:44,556 - PublisherAppln - INFO - light:1100:1679517224.5560982
2023-03-22 15:33:45,557 - PublisherAppln - INFO - light:800:1679517225.5572917
2023-03-22 15:33:46,557 - PublisherAppln - INFO - light:800:1679517226.5577495
2023-03-22 15:33:47,558 - PublisherAppln - INFO - light:1100:1679517227.5588863
2023-03-22 15:33:48,560 - PublisherAppln - INFO - light:450:1679517228.5600178
2023-03-22 15:33:49,561 - PublisherAppln - INFO - light:800:1679517229.561207
2023-03-22 15:33:50,561 - PublisherAppln - INFO - light:800:1679517230.5616567
2023-03-22 15:33:51,562 - PublisherAppln - INFO - light:800:1679517231.5628176
2023-03-22 15:33:52,563 - PublisherAppln - INFO - light:450:1679517232.5639832
2023-03-22 15:33:53,565 - PublisherAppln - INFO - light:450:1679517233.5651536
2023-03-22 15:33:54,565 - PublisherAppln - INFO - light:1100:1679517234.5656173
2023-03-22 15:33:55,566 - PublisherAppln - INFO - light:1600:1679517235.5667915
2023-03-22 15:33:56,568 - PublisherAppln - INFO - light:800:1679517236.5679626
2023-03-22 15:33:57,569 - PublisherAppln - INFO - light:450:1679517237.569187
2023-03-22 15:33:58,569 - PublisherAppln - INFO - light:800:1679517238.5696912
2023-03-22 15:33:59,571 - PublisherAppln - INFO - light:1600:1679517239.5709517
2023-03-22 15:34:00,572 - PublisherAppln - INFO - light:800:1679517240.5721865
2023-03-22 15:34:01,572 - PublisherAppln - INFO - light:800:1679517241.572933
2023-03-22 15:34:02,573 - PublisherAppln - INFO - light:450:1679517242.5737634
2023-03-22 15:34:03,575 - PublisherAppln - INFO - light:1600:1679517243.5749562
2023-03-22 15:34:04,576 - PublisherAppln - INFO - light:800:1679517244.576137
2023-03-22 15:34:05,577 - PublisherAppln - INFO - light:450:1679517245.5773218
2023-03-22 15:34:06,577 - PublisherAppln - INFO - light:1600:1679517246.5776966
2023-03-22 15:34:07,578 - PublisherAppln - INFO - light:1600:1679517247.5789256
2023-03-22 15:34:08,580 - PublisherAppln - INFO - light:1100:1679517248.5801086
2023-03-22 15:34:09,581 - PublisherAppln - INFO - light:450:1679517249.5812557
2023-03-22 15:34:10,581 - PublisherAppln - INFO - light:800:1679517250.5816317
2023-03-22 15:34:11,582 - PublisherAppln - INFO - light:450:1679517251.582835
2023-03-22 15:34:12,584 - PublisherAppln - INFO - light:1600:1679517252.584075
2023-03-22 15:34:13,585 - PublisherAppln - INFO - light:1600:1679517253.5853286
2023-03-22 15:34:14,585 - PublisherAppln - INFO - light:800:1679517254.5856514
2023-03-22 15:34:15,586 - PublisherAppln - INFO - light:1100:1679517255.5868468
2023-03-22 15:34:16,587 - PublisherAppln - INFO - light:800:1679517256.5879447
2023-03-22 15:34:17,589 - PublisherAppln - INFO - light:1600:1679517257.5891664
