2023-03-22 15:32:52,938 - root - INFO - Main - acquire a child logger and then log messages in the child
2023-03-22 15:32:52,946 - PublisherAppln - DEBUG - Main: parse command line arguments
2023-03-22 15:32:52,954 - PublisherAppln - DEBUG - Main: resetting log level to 20
2023-03-22 15:32:52,954 - PublisherAppln - INFO - PublisherAppln::configure
2023-03-22 15:32:52,954 - PublisherAppln - INFO - PublisherMW::configure
2023-03-22 15:32:52,955 - PublisherAppln - INFO - PublisherMW::configure completed
2023-03-22 15:32:52,955 - PublisherAppln - INFO - PublisherAppln::configure - configuration complete
2023-03-22 15:32:52,955 - PublisherAppln - INFO - PublisherAppln::driver
2023-03-22 15:32:52,955 - PublisherAppln - INFO - **********************************
2023-03-22 15:32:52,955 - PublisherAppln - INFO - PublisherAppln::dump
2023-03-22 15:32:52,955 - PublisherAppln - INFO - ------------------------------
2023-03-22 15:32:52,955 - PublisherAppln - INFO -      Name: pub28
2023-03-22 15:32:52,955 - PublisherAppln - INFO -      Lookup: Centralized
2023-03-22 15:32:52,955 - PublisherAppln - INFO -      Dissemination: Direct
2023-03-22 15:32:52,955 - PublisherAppln - INFO -      Num Topics: 1
2023-03-22 15:32:52,955 - PublisherAppln - INFO -      TopicList: ['weather']
2023-03-22 15:32:52,955 - PublisherAppln - INFO -      Iterations: 1000
2023-03-22 15:32:52,955 - PublisherAppln - INFO -      Frequency: 1
2023-03-22 15:32:52,955 - PublisherAppln - INFO - **********************************
2023-03-22 15:32:52,955 - PublisherAppln - INFO - PublisherMW::event_loop - run the event loop
2023-03-22 15:32:52,955 - PublisherAppln - INFO - PublisherAppln::invoke_operation
2023-03-22 15:32:52,955 - PublisherAppln - INFO - PublisherMW::register
2023-03-22 15:32:52,956 - PublisherAppln - INFO - PublisherMW::register - sent register message and now wait for reply
2023-03-22 15:32:53,187 - PublisherAppln - INFO - PublisherMW::handle_reply
2023-03-22 15:32:53,187 - PublisherAppln - INFO - PublisherAppln::register_response
2023-03-22 15:32:53,187 - PublisherAppln - INFO - PublisherAppln::register_response - registration is a success
2023-03-22 15:32:53,187 - PublisherAppln - INFO - PublisherAppln::invoke_operation
2023-03-22 15:32:53,187 - PublisherAppln - INFO - PublisherAppln::invoke_operation - check if are ready to go
2023-03-22 15:32:53,187 - PublisherAppln - INFO - PublisherMW::is_ready
2023-03-22 15:32:53,187 - PublisherAppln - INFO - PublisherMW::is_ready - request sent and now wait for reply
2023-03-22 15:32:53,751 - PublisherAppln - INFO - PublisherMW::handle_reply
2023-03-22 15:32:53,751 - PublisherAppln - INFO - PublisherAppln::isready_response
2023-03-22 15:32:53,751 - PublisherAppln - INFO - PublisherAppln::driver - System ready; let's go!!
2023-03-22 15:32:53,751 - PublisherAppln - INFO - PublisherAppln::invoke_operation
2023-03-22 15:32:53,751 - PublisherAppln - INFO - PublisherAppln::invoke_operation - start Disseminating
2023-03-22 15:32:53,751 - PublisherAppln - INFO - weather:cloudy:1679517173.7514217
2023-03-22 15:32:54,752 - PublisherAppln - INFO - weather:foggy:1679517174.7525392
2023-03-22 15:32:55,753 - PublisherAppln - INFO - weather:sunny:1679517175.753616
2023-03-22 15:32:56,754 - PublisherAppln - INFO - weather:rainy:1679517176.754801
2023-03-22 15:32:57,756 - PublisherAppln - INFO - weather:rainy:1679517177.756011
2023-03-22 15:32:58,757 - PublisherAppln - INFO - weather:sunny:1679517178.757351
2023-03-22 15:32:59,757 - PublisherAppln - INFO - weather:foggy:1679517179.7576623
2023-03-22 15:33:00,758 - PublisherAppln - INFO - weather:icy:1679517180.7589042
2023-03-22 15:33:01,760 - PublisherAppln - INFO - weather:cloudy:1679517181.7602222
2023-03-22 15:33:02,761 - PublisherAppln - INFO - weather:icy:1679517182.7616909
2023-03-22 15:33:03,763 - PublisherAppln - INFO - weather:sunny:1679517183.7629821
2023-03-22 15:33:04,764 - PublisherAppln - INFO - weather:foggy:1679517184.7641244
2023-03-22 15:33:05,765 - PublisherAppln - INFO - weather:rainy:1679517185.7652357
2023-03-22 15:33:06,765 - PublisherAppln - INFO - weather:foggy:1679517186.765617
2023-03-22 15:33:07,766 - PublisherAppln - INFO - weather:sunny:1679517187.7667558
2023-03-22 15:33:08,767 - PublisherAppln - INFO - weather:sunny:1679517188.7679284
2023-03-22 15:33:09,769 - PublisherAppln - INFO - weather:icy:1679517189.7691226
2023-03-22 15:33:10,769 - PublisherAppln - INFO - weather:rainy:1679517190.7697575
2023-03-22 15:33:11,771 - PublisherAppln - INFO - weather:sunny:1679517191.7711804
2023-03-22 15:33:12,772 - PublisherAppln - INFO - weather:foggy:1679517192.7724535
2023-03-22 15:33:13,773 - PublisherAppln - INFO - weather:cloudy:1679517193.773622
2023-03-22 15:33:14,774 - PublisherAppln - INFO - weather:rainy:1679517194.7747395
2023-03-22 15:33:15,775 - PublisherAppln - INFO - weather:icy:1679517195.775866
2023-03-22 15:33:16,777 - PublisherAppln - INFO - weather:rainy:1679517196.7770386
2023-03-22 15:33:17,777 - PublisherAppln - INFO - weather:cloudy:1679517197.7776835
2023-03-22 15:33:18,779 - PublisherAppln - INFO - weather:cloudy:1679517198.7790358
2023-03-22 15:33:19,780 - PublisherAppln - INFO - weather:sunny:1679517199.7802331
2023-03-22 15:33:20,781 - PublisherAppln - INFO - weather:cloudy:1679517200.7816865
2023-03-22 15:33:21,783 - PublisherAppln - INFO - weather:sunny:1679517201.7830935
2023-03-22 15:33:22,784 - PublisherAppln - INFO - weather:foggy:1679517202.7844446
2023-03-22 15:33:23,785 - PublisherAppln - INFO - weather:sunny:1679517203.7855668
2023-03-22 15:33:24,786 - PublisherAppln - INFO - weather:icy:1679517204.7867796
2023-03-22 15:33:25,788 - PublisherAppln - INFO - weather:rainy:1679517205.7881498
2023-03-22 15:33:26,789 - PublisherAppln - INFO - weather:foggy:1679517206.7892675
2023-03-22 15:33:27,789 - PublisherAppln - INFO - weather:foggy:1679517207.7896438
2023-03-22 15:33:28,790 - PublisherAppln - INFO - weather:foggy:1679517208.7907608
2023-03-22 15:33:29,791 - PublisherAppln - INFO - weather:icy:1679517209.7918692
2023-03-22 15:33:30,792 - PublisherAppln - INFO - weather:icy:1679517210.7929811
2023-03-22 15:33:31,793 - PublisherAppln - INFO - weather:cloudy:1679517211.7936127
2023-03-22 15:33:32,794 - PublisherAppln - INFO - weather:foggy:1679517212.794726
2023-03-22 15:33:33,795 - PublisherAppln - INFO - weather:sunny:1679517213.7958395
2023-03-22 15:33:34,796 - PublisherAppln - INFO - weather:rainy:1679517214.7969577
2023-03-22 15:33:35,797 - PublisherAppln - INFO - weather:sunny:1679517215.7976463
2023-03-22 15:33:36,798 - PublisherAppln - INFO - weather:foggy:1679517216.798757
2023-03-22 15:33:37,799 - PublisherAppln - INFO - weather:sunny:1679517217.7998788
2023-03-22 15:33:38,801 - PublisherAppln - INFO - weather:icy:1679517218.8010015
2023-03-22 15:33:39,801 - PublisherAppln - INFO - weather:foggy:1679517219.8016274
2023-03-22 15:33:40,802 - PublisherAppln - INFO - weather:foggy:1679517220.8027837
2023-03-22 15:33:41,803 - PublisherAppln - INFO - weather:icy:1679517221.8038955
2023-03-22 15:33:42,805 - PublisherAppln - INFO - weather:rainy:1679517222.8050122
2023-03-22 15:33:43,805 - PublisherAppln - INFO - weather:rainy:1679517223.8056192
2023-03-22 15:33:44,806 - PublisherAppln - INFO - weather:icy:1679517224.8068237
2023-03-22 15:33:45,808 - PublisherAppln - INFO - weather:foggy:1679517225.8081808
2023-03-22 15:33:46,809 - PublisherAppln - INFO - weather:foggy:1679517226.8093295
2023-03-22 15:33:47,809 - PublisherAppln - INFO - weather:cloudy:1679517227.809616
2023-03-22 15:33:48,810 - PublisherAppln - INFO - weather:foggy:1679517228.8107607
2023-03-22 15:33:49,811 - PublisherAppln - INFO - weather:icy:1679517229.8118782
2023-03-22 15:33:50,813 - PublisherAppln - INFO - weather:icy:1679517230.8130026
2023-03-22 15:33:51,813 - PublisherAppln - INFO - weather:cloudy:1679517231.8136156
2023-03-22 15:33:52,814 - PublisherAppln - INFO - weather:sunny:1679517232.8147306
2023-03-22 15:33:53,815 - PublisherAppln - INFO - weather:icy:1679517233.8158484
2023-03-22 15:33:54,816 - PublisherAppln - INFO - weather:cloudy:1679517234.8169756
2023-03-22 15:33:55,817 - PublisherAppln - INFO - weather:icy:1679517235.8176205
2023-03-22 15:33:56,818 - PublisherAppln - INFO - weather:cloudy:1679517236.8187351
2023-03-22 15:33:57,819 - PublisherAppln - INFO - weather:rainy:1679517237.8198948
2023-03-22 15:33:58,821 - PublisherAppln - INFO - weather:cloudy:1679517238.821014
2023-03-22 15:33:59,821 - PublisherAppln - INFO - weather:icy:1679517239.82162
2023-03-22 15:34:00,822 - PublisherAppln - INFO - weather:icy:1679517240.8227394
2023-03-22 15:34:01,823 - PublisherAppln - INFO - weather:foggy:1679517241.823856
2023-03-22 15:34:02,825 - PublisherAppln - INFO - weather:rainy:1679517242.8250504
2023-03-22 15:34:03,825 - PublisherAppln - INFO - weather:sunny:1679517243.8257015
2023-03-22 15:34:04,827 - PublisherAppln - INFO - weather:icy:1679517244.8271322
2023-03-22 15:34:05,828 - PublisherAppln - INFO - weather:icy:1679517245.8282573
2023-03-22 15:34:06,829 - PublisherAppln - INFO - weather:sunny:1679517246.82937
2023-03-22 15:34:07,829 - PublisherAppln - INFO - weather:icy:1679517247.8296149
2023-03-22 15:34:08,830 - PublisherAppln - INFO - weather:icy:1679517248.830722
2023-03-22 15:34:09,831 - PublisherAppln - INFO - weather:foggy:1679517249.8318844
2023-03-22 15:34:10,833 - PublisherAppln - INFO - weather:foggy:1679517250.8330178
2023-03-22 15:34:11,833 - PublisherAppln - INFO - weather:cloudy:1679517251.8336186
2023-03-22 15:34:12,834 - PublisherAppln - INFO - weather:icy:1679517252.8347266
2023-03-22 15:34:13,835 - PublisherAppln - INFO - weather:foggy:1679517253.8358886
2023-03-22 15:34:14,837 - PublisherAppln - INFO - weather:cloudy:1679517254.8372207
2023-03-22 15:34:15,837 - PublisherAppln - INFO - weather:cloudy:1679517255.8376396
2023-03-22 15:34:16,838 - PublisherAppln - INFO - weather:icy:1679517256.838811
2023-03-22 15:34:17,839 - PublisherAppln - INFO - weather:sunny:1679517257.8399458
