2023-03-22 15:32:52,882 - root - INFO - Main - acquire a child logger and then log messages in the child
2023-03-22 15:32:52,882 - PublisherAppln - DEBUG - Main: parse command line arguments
2023-03-22 15:32:52,922 - PublisherAppln - DEBUG - Main: resetting log level to 20
2023-03-22 15:32:52,922 - PublisherAppln - INFO - PublisherAppln::configure
2023-03-22 15:32:52,923 - PublisherAppln - INFO - PublisherMW::configure
2023-03-22 15:32:52,923 - PublisherAppln - INFO - PublisherMW::configure completed
2023-03-22 15:32:52,926 - PublisherAppln - INFO - PublisherAppln::configure - configuration complete
2023-03-22 15:32:52,926 - PublisherAppln - INFO - PublisherAppln::driver
2023-03-22 15:32:52,926 - PublisherAppln - INFO - **********************************
2023-03-22 15:32:52,926 - PublisherAppln - INFO - PublisherAppln::dump
2023-03-22 15:32:52,926 - PublisherAppln - INFO - ------------------------------
2023-03-22 15:32:52,926 - PublisherAppln - INFO -      Name: pub29
2023-03-22 15:32:52,926 - PublisherAppln - INFO -      Lookup: Centralized
2023-03-22 15:32:52,926 - PublisherAppln - INFO -      Dissemination: Direct
2023-03-22 15:32:52,926 - PublisherAppln - INFO -      Num Topics: 1
2023-03-22 15:32:52,926 - PublisherAppln - INFO -      TopicList: ['sound']
2023-03-22 15:32:52,926 - PublisherAppln - INFO -      Iterations: 1000
2023-03-22 15:32:52,926 - PublisherAppln - INFO -      Frequency: 1
2023-03-22 15:32:52,926 - PublisherAppln - INFO - **********************************
2023-03-22 15:32:52,926 - PublisherAppln - INFO - PublisherMW::event_loop - run the event loop
2023-03-22 15:32:52,926 - PublisherAppln - INFO - PublisherAppln::invoke_operation
2023-03-22 15:32:52,926 - PublisherAppln - INFO - PublisherMW::register
2023-03-22 15:32:52,927 - PublisherAppln - INFO - PublisherMW::register - sent register message and now wait for reply
2023-03-22 15:32:53,178 - PublisherAppln - INFO - PublisherMW::handle_reply
2023-03-22 15:32:53,178 - PublisherAppln - INFO - PublisherAppln::register_response
2023-03-22 15:32:53,178 - PublisherAppln - INFO - PublisherAppln::register_response - registration is a success
2023-03-22 15:32:53,178 - PublisherAppln - INFO - PublisherAppln::invoke_operation
2023-03-22 15:32:53,178 - PublisherAppln - INFO - PublisherAppln::invoke_operation - check if are ready to go
2023-03-22 15:32:53,178 - PublisherAppln - INFO - PublisherMW::is_ready
2023-03-22 15:32:53,178 - PublisherAppln - INFO - PublisherMW::is_ready - request sent and now wait for reply
2023-03-22 15:32:53,723 - PublisherAppln - INFO - PublisherMW::handle_reply
2023-03-22 15:32:53,723 - PublisherAppln - INFO - PublisherAppln::isready_response
2023-03-22 15:32:53,723 - PublisherAppln - INFO - PublisherAppln::driver - Not ready yet; check again
2023-03-22 15:33:03,729 - PublisherAppln - INFO - PublisherAppln::invoke_operation
2023-03-22 15:33:03,729 - PublisherAppln - INFO - PublisherAppln::invoke_operation - check if are ready to go
2023-03-22 15:33:03,729 - PublisherAppln - INFO - PublisherMW::is_ready
2023-03-22 15:33:03,729 - PublisherAppln - INFO - PublisherMW::is_ready - request sent and now wait for reply
2023-03-22 15:33:03,744 - PublisherAppln - INFO - PublisherMW::handle_reply
2023-03-22 15:33:03,744 - PublisherAppln - INFO - PublisherAppln::isready_response
2023-03-22 15:33:03,744 - PublisherAppln - INFO - PublisherAppln::driver - Not ready yet; check again
2023-03-22 15:33:13,753 - PublisherAppln - INFO - PublisherAppln::invoke_operation
2023-03-22 15:33:13,753 - PublisherAppln - INFO - PublisherAppln::invoke_operation - check if are ready to go
2023-03-22 15:33:13,753 - PublisherAppln - INFO - PublisherMW::is_ready
2023-03-22 15:33:13,754 - PublisherAppln - INFO - PublisherMW::is_ready - request sent and now wait for reply
2023-03-22 15:33:13,768 - PublisherAppln - INFO - PublisherMW::handle_reply
2023-03-22 15:33:13,768 - PublisherAppln - INFO - PublisherAppln::isready_response
2023-03-22 15:33:13,768 - PublisherAppln - INFO - PublisherAppln::driver - System ready; let's go!!
2023-03-22 15:33:13,768 - PublisherAppln - INFO - PublisherAppln::invoke_operation
2023-03-22 15:33:13,768 - PublisherAppln - INFO - PublisherAppln::invoke_operation - start Disseminating
2023-03-22 15:33:13,768 - PublisherAppln - INFO - sound:80:1679517193.7685888
2023-03-22 15:33:14,769 - PublisherAppln - INFO - sound:47:1679517194.7696674
2023-03-22 15:33:15,771 - PublisherAppln - INFO - sound:67:1679517195.7709672
2023-03-22 15:33:16,772 - PublisherAppln - INFO - sound:75:1679517196.772241
2023-03-22 15:33:17,773 - PublisherAppln - INFO - sound:30:1679517197.7737343
2023-03-22 15:33:18,775 - PublisherAppln - INFO - sound:50:1679517198.7752483
2023-03-22 15:33:19,776 - PublisherAppln - INFO - sound:42:1679517199.776819
2023-03-22 15:33:20,778 - PublisherAppln - INFO - sound:35:1679517200.7783456
2023-03-22 15:33:21,779 - PublisherAppln - INFO - sound:78:1679517201.7798429
2023-03-22 15:33:22,781 - PublisherAppln - INFO - sound:51:1679517202.7813659
2023-03-22 15:33:23,781 - PublisherAppln - INFO - sound:71:1679517203.7816887
2023-03-22 15:33:24,783 - PublisherAppln - INFO - sound:34:1679517204.783021
2023-03-22 15:33:25,784 - PublisherAppln - INFO - sound:75:1679517205.784627
2023-03-22 15:33:26,785 - PublisherAppln - INFO - sound:36:1679517206.7858062
2023-03-22 15:33:27,786 - PublisherAppln - INFO - sound:38:1679517207.7869568
2023-03-22 15:33:28,788 - PublisherAppln - INFO - sound:42:1679517208.7880979
2023-03-22 15:33:29,789 - PublisherAppln - INFO - sound:76:1679517209.7892468
2023-03-22 15:33:30,789 - PublisherAppln - INFO - sound:76:1679517210.7897758
2023-03-22 15:33:31,791 - PublisherAppln - INFO - sound:54:1679517211.7909796
2023-03-22 15:33:32,792 - PublisherAppln - INFO - sound:35:1679517212.7921839
2023-03-22 15:33:33,793 - PublisherAppln - INFO - sound:38:1679517213.7933576
2023-03-22 15:33:34,793 - PublisherAppln - INFO - sound:67:1679517214.7937503
2023-03-22 15:33:35,795 - PublisherAppln - INFO - sound:49:1679517215.795049
2023-03-22 15:33:36,796 - PublisherAppln - INFO - sound:50:1679517216.7962172
2023-03-22 15:33:37,797 - PublisherAppln - INFO - sound:37:1679517217.797364
2023-03-22 15:33:38,797 - PublisherAppln - INFO - sound:59:1679517218.7978115
2023-03-22 15:33:39,799 - PublisherAppln - INFO - sound:74:1679517219.799019
2023-03-22 15:33:40,800 - PublisherAppln - INFO - sound:36:1679517220.8002954
2023-03-22 15:33:41,801 - PublisherAppln - INFO - sound:71:1679517221.8014708
2023-03-22 15:33:42,801 - PublisherAppln - INFO - sound:47:1679517222.8016193
2023-03-22 15:33:43,801 - PublisherAppln - INFO - sound:37:1679517223.8017805
2023-03-22 15:33:44,803 - PublisherAppln - INFO - sound:55:1679517224.803021
2023-03-22 15:33:45,804 - PublisherAppln - INFO - sound:49:1679517225.8044538
2023-03-22 15:33:46,805 - PublisherAppln - INFO - sound:51:1679517226.8056169
2023-03-22 15:33:47,806 - PublisherAppln - INFO - sound:34:1679517227.8067873
2023-03-22 15:33:48,808 - PublisherAppln - INFO - sound:58:1679517228.808018
2023-03-22 15:33:49,809 - PublisherAppln - INFO - sound:30:1679517229.8091855
2023-03-22 15:33:50,809 - PublisherAppln - INFO - sound:61:1679517230.8096888
2023-03-22 15:33:51,810 - PublisherAppln - INFO - sound:91:1679517231.810938
2023-03-22 15:33:52,812 - PublisherAppln - INFO - sound:60:1679517232.8121226
2023-03-22 15:33:53,813 - PublisherAppln - INFO - sound:46:1679517233.8133633
2023-03-22 15:33:54,813 - PublisherAppln - INFO - sound:63:1679517234.8136268
2023-03-22 15:33:55,814 - PublisherAppln - INFO - sound:76:1679517235.8147874
2023-03-22 15:33:56,815 - PublisherAppln - INFO - sound:36:1679517236.8159578
2023-03-22 15:33:57,817 - PublisherAppln - INFO - sound:71:1679517237.8171616
2023-03-22 15:33:58,817 - PublisherAppln - INFO - sound:67:1679517238.817704
2023-03-22 15:33:59,819 - PublisherAppln - INFO - sound:58:1679517239.8191628
2023-03-22 15:34:00,820 - PublisherAppln - INFO - sound:89:1679517240.8203082
2023-03-22 15:34:01,821 - PublisherAppln - INFO - sound:50:1679517241.8214505
2023-03-22 15:34:02,821 - PublisherAppln - INFO - sound:62:1679517242.8217657
2023-03-22 15:34:03,823 - PublisherAppln - INFO - sound:40:1679517243.8232465
2023-03-22 15:34:04,824 - PublisherAppln - INFO - sound:35:1679517244.8246975
2023-03-22 15:34:05,825 - PublisherAppln - INFO - sound:34:1679517245.8257186
2023-03-22 15:34:06,826 - PublisherAppln - INFO - sound:73:1679517246.8268864
2023-03-22 15:34:07,828 - PublisherAppln - INFO - sound:80:1679517247.8280888
2023-03-22 15:34:08,829 - PublisherAppln - INFO - sound:36:1679517248.8293226
2023-03-22 15:34:09,829 - PublisherAppln - INFO - sound:93:1679517249.8296907
2023-03-22 15:34:10,830 - PublisherAppln - INFO - sound:74:1679517250.830859
2023-03-22 15:34:11,832 - PublisherAppln - INFO - sound:86:1679517251.8319972
2023-03-22 15:34:12,833 - PublisherAppln - INFO - sound:63:1679517252.8332
2023-03-22 15:34:13,833 - PublisherAppln - INFO - sound:70:1679517253.833712
2023-03-22 15:34:14,835 - PublisherAppln - INFO - sound:91:1679517254.835237
2023-03-22 15:34:15,836 - PublisherAppln - INFO - sound:33:1679517255.8364098
2023-03-22 15:34:16,837 - PublisherAppln - INFO - sound:90:1679517256.837677
2023-03-22 15:34:17,838 - PublisherAppln - INFO - sound:40:1679517257.8389013
