2023-03-22 15:32:52,946 - root - INFO - Main - acquire a child logger and then log messages in the child
2023-03-22 15:32:52,946 - PublisherAppln - DEBUG - Main: parse command line arguments
2023-03-22 15:32:52,959 - PublisherAppln - DEBUG - Main: resetting log level to 20
2023-03-22 15:32:52,959 - PublisherAppln - INFO - PublisherAppln::configure
2023-03-22 15:32:52,959 - PublisherAppln - INFO - PublisherMW::configure
2023-03-22 15:32:52,960 - PublisherAppln - INFO - PublisherMW::configure completed
2023-03-22 15:32:52,960 - PublisherAppln - INFO - PublisherAppln::configure - configuration complete
2023-03-22 15:32:52,960 - PublisherAppln - INFO - PublisherAppln::driver
2023-03-22 15:32:52,960 - PublisherAppln - INFO - **********************************
2023-03-22 15:32:52,960 - PublisherAppln - INFO - PublisherAppln::dump
2023-03-22 15:32:52,960 - PublisherAppln - INFO - ------------------------------
2023-03-22 15:32:52,960 - PublisherAppln - INFO -      Name: pub30
2023-03-22 15:32:52,960 - PublisherAppln - INFO -      Lookup: Centralized
2023-03-22 15:32:52,960 - PublisherAppln - INFO -      Dissemination: Direct
2023-03-22 15:32:52,960 - PublisherAppln - INFO -      Num Topics: 1
2023-03-22 15:32:52,960 - PublisherAppln - INFO -      TopicList: ['light']
2023-03-22 15:32:52,960 - PublisherAppln - INFO -      Iterations: 1000
2023-03-22 15:32:52,960 - PublisherAppln - INFO -      Frequency: 1
2023-03-22 15:32:52,960 - PublisherAppln - INFO - **********************************
2023-03-22 15:32:52,960 - PublisherAppln - INFO - PublisherMW::event_loop - run the event loop
2023-03-22 15:32:52,960 - PublisherAppln - INFO - PublisherAppln::invoke_operation
2023-03-22 15:32:52,960 - PublisherAppln - INFO - PublisherMW::register
2023-03-22 15:32:52,961 - PublisherAppln - INFO - PublisherMW::register - sent register message and now wait for reply
2023-03-22 15:32:53,174 - PublisherAppln - INFO - PublisherMW::handle_reply
2023-03-22 15:32:53,174 - PublisherAppln - INFO - PublisherAppln::register_response
2023-03-22 15:32:53,174 - PublisherAppln - INFO - PublisherAppln::register_response - registration is a success
2023-03-22 15:32:53,174 - PublisherAppln - INFO - PublisherAppln::invoke_operation
2023-03-22 15:32:53,175 - PublisherAppln - INFO - PublisherAppln::invoke_operation - check if are ready to go
2023-03-22 15:32:53,175 - PublisherAppln - INFO - PublisherMW::is_ready
2023-03-22 15:32:53,175 - PublisherAppln - INFO - PublisherMW::is_ready - request sent and now wait for reply
2023-03-22 15:32:53,710 - PublisherAppln - INFO - PublisherMW::handle_reply
2023-03-22 15:32:53,710 - PublisherAppln - INFO - PublisherAppln::isready_response
2023-03-22 15:32:53,710 - PublisherAppln - INFO - PublisherAppln::driver - System ready; let's go!!
2023-03-22 15:32:53,710 - PublisherAppln - INFO - PublisherAppln::invoke_operation
2023-03-22 15:32:53,710 - PublisherAppln - INFO - PublisherAppln::invoke_operation - start Disseminating
2023-03-22 15:32:53,710 - PublisherAppln - INFO - light:1600:1679517173.7109125
2023-03-22 15:32:54,712 - PublisherAppln - INFO - light:450:1679517174.7120113
2023-03-22 15:32:55,713 - PublisherAppln - INFO - light:1600:1679517175.7132406
2023-03-22 15:32:56,714 - PublisherAppln - INFO - light:1600:1679517176.7148187
2023-03-22 15:32:57,716 - PublisherAppln - INFO - light:800:1679517177.7160904
2023-03-22 15:32:58,717 - PublisherAppln - INFO - light:450:1679517178.7175028
2023-03-22 15:32:59,717 - PublisherAppln - INFO - light:800:1679517179.7177565
2023-03-22 15:33:00,719 - PublisherAppln - INFO - light:800:1679517180.7193017
2023-03-22 15:33:01,720 - PublisherAppln - INFO - light:1100:1679517181.7205672
2023-03-22 15:33:02,721 - PublisherAppln - INFO - light:1600:1679517182.721886
2023-03-22 15:33:03,723 - PublisherAppln - INFO - light:1100:1679517183.7232742
2023-03-22 15:33:04,724 - PublisherAppln - INFO - light:450:1679517184.7245133
2023-03-22 15:33:05,725 - PublisherAppln - INFO - light:800:1679517185.725753
2023-03-22 15:33:06,727 - PublisherAppln - INFO - light:1100:1679517186.727313
2023-03-22 15:33:07,728 - PublisherAppln - INFO - light:450:1679517187.728598
2023-03-22 15:33:08,729 - PublisherAppln - INFO - light:450:1679517188.7297862
2023-03-22 15:33:09,730 - PublisherAppln - INFO - light:450:1679517189.7309258
2023-03-22 15:33:10,732 - PublisherAppln - INFO - light:450:1679517190.7320983
2023-03-22 15:33:11,733 - PublisherAppln - INFO - light:1600:1679517191.733388
2023-03-22 15:33:12,734 - PublisherAppln - INFO - light:1100:1679517192.7348657
2023-03-22 15:33:13,736 - PublisherAppln - INFO - light:1600:1679517193.7360995
2023-03-22 15:33:14,737 - PublisherAppln - INFO - light:1100:1679517194.73739
2023-03-22 15:33:15,737 - PublisherAppln - INFO - light:450:1679517195.7377346
2023-03-22 15:33:16,739 - PublisherAppln - INFO - light:1100:1679517196.7391667
2023-03-22 15:33:17,740 - PublisherAppln - INFO - light:450:1679517197.7406552
2023-03-22 15:33:18,741 - PublisherAppln - INFO - light:800:1679517198.741802
2023-03-22 15:33:19,743 - PublisherAppln - INFO - light:800:1679517199.743323
2023-03-22 15:33:20,744 - PublisherAppln - INFO - light:450:1679517200.744772
2023-03-22 15:33:21,746 - PublisherAppln - INFO - light:800:1679517201.746224
2023-03-22 15:33:22,747 - PublisherAppln - INFO - light:800:1679517202.7474105
2023-03-22 15:33:23,748 - PublisherAppln - INFO - light:800:1679517203.7488174
2023-03-22 15:33:24,749 - PublisherAppln - INFO - light:800:1679517204.74976
2023-03-22 15:33:25,751 - PublisherAppln - INFO - light:1600:1679517205.7512965
2023-03-22 15:33:26,752 - PublisherAppln - INFO - light:1100:1679517206.752582
2023-03-22 15:33:27,753 - PublisherAppln - INFO - light:450:1679517207.7537045
2023-03-22 15:33:28,754 - PublisherAppln - INFO - light:800:1679517208.7548501
2023-03-22 15:33:29,756 - PublisherAppln - INFO - light:450:1679517209.7560413
2023-03-22 15:33:30,757 - PublisherAppln - INFO - light:450:1679517210.7572687
2023-03-22 15:33:31,758 - PublisherAppln - INFO - light:1600:1679517211.7587578
2023-03-22 15:33:32,760 - PublisherAppln - INFO - light:800:1679517212.7602415
2023-03-22 15:33:33,761 - PublisherAppln - INFO - light:800:1679517213.7616158
2023-03-22 15:33:34,761 - PublisherAppln - INFO - light:1600:1679517214.7618432
2023-03-22 15:33:35,763 - PublisherAppln - INFO - light:800:1679517215.7630434
2023-03-22 15:33:36,764 - PublisherAppln - INFO - light:800:1679517216.764443
2023-03-22 15:33:37,764 - PublisherAppln - INFO - light:1600:1679517217.7646842
2023-03-22 15:33:38,765 - PublisherAppln - INFO - light:450:1679517218.765677
2023-03-22 15:33:39,766 - PublisherAppln - INFO - light:1100:1679517219.7669332
2023-03-22 15:33:40,768 - PublisherAppln - INFO - light:1600:1679517220.7684088
2023-03-22 15:33:41,769 - PublisherAppln - INFO - light:1100:1679517221.7696984
2023-03-22 15:33:42,770 - PublisherAppln - INFO - light:1100:1679517222.770879
2023-03-22 15:33:43,772 - PublisherAppln - INFO - light:1100:1679517223.7721257
2023-03-22 15:33:44,773 - PublisherAppln - INFO - light:1600:1679517224.77362
2023-03-22 15:33:45,774 - PublisherAppln - INFO - light:1600:1679517225.7748418
2023-03-22 15:33:46,776 - PublisherAppln - INFO - light:450:1679517226.7761393
2023-03-22 15:33:47,777 - PublisherAppln - INFO - light:450:1679517227.7775862
2023-03-22 15:33:48,779 - PublisherAppln - INFO - light:450:1679517228.7790399
2023-03-22 15:33:49,780 - PublisherAppln - INFO - light:450:1679517229.780273
2023-03-22 15:33:50,781 - PublisherAppln - INFO - light:1600:1679517230.7816794
2023-03-22 15:33:51,782 - PublisherAppln - INFO - light:1100:1679517231.7829158
2023-03-22 15:33:52,784 - PublisherAppln - INFO - light:800:1679517232.7843184
2023-03-22 15:33:53,785 - PublisherAppln - INFO - light:800:1679517233.7854824
2023-03-22 15:33:54,785 - PublisherAppln - INFO - light:1100:1679517234.785763
2023-03-22 15:33:55,787 - PublisherAppln - INFO - light:450:1679517235.7869773
2023-03-22 15:33:56,788 - PublisherAppln - INFO - light:1600:1679517236.7884698
2023-03-22 15:33:57,789 - PublisherAppln - INFO - light:1600:1679517237.7896624
2023-03-22 15:33:58,790 - PublisherAppln - INFO - light:800:1679517238.7908497
2023-03-22 15:33:59,792 - PublisherAppln - INFO - light:1100:1679517239.7922509
2023-03-22 15:34:00,793 - PublisherAppln - INFO - light:1100:1679517240.7935038
2023-03-22 15:34:01,795 - PublisherAppln - INFO - light:800:1679517241.7950265
2023-03-22 15:34:02,796 - PublisherAppln - INFO - light:450:1679517242.7964616
2023-03-22 15:34:03,797 - PublisherAppln - INFO - light:450:1679517243.7977962
2023-03-22 15:34:04,799 - PublisherAppln - INFO - light:450:1679517244.7992988
2023-03-22 15:34:05,800 - PublisherAppln - INFO - light:800:1679517245.8007877
2023-03-22 15:34:06,802 - PublisherAppln - INFO - light:1100:1679517246.8020184
2023-03-22 15:34:07,803 - PublisherAppln - INFO - light:450:1679517247.8035147
2023-03-22 15:34:08,804 - PublisherAppln - INFO - light:800:1679517248.8047864
2023-03-22 15:34:09,806 - PublisherAppln - INFO - light:1100:1679517249.8061159
2023-03-22 15:34:10,807 - PublisherAppln - INFO - light:450:1679517250.807349
2023-03-22 15:34:11,808 - PublisherAppln - INFO - light:450:1679517251.8086286
2023-03-22 15:34:12,809 - PublisherAppln - INFO - light:1100:1679517252.8096297
2023-03-22 15:34:13,810 - PublisherAppln - INFO - light:1600:1679517253.8108501
2023-03-22 15:34:14,812 - PublisherAppln - INFO - light:800:1679517254.812312
2023-03-22 15:34:15,813 - PublisherAppln - INFO - light:450:1679517255.8136294
2023-03-22 15:34:16,814 - PublisherAppln - INFO - light:800:1679517256.8139954
2023-03-22 15:34:17,815 - PublisherAppln - INFO - light:450:1679517257.815131
