2023-03-22 15:36:14,820 - root - INFO - Main - acquire a child logger and then log messages in the child
2023-03-22 15:36:14,820 - PublisherAppln - DEBUG - Main: parse command line arguments
2023-03-22 15:36:14,836 - PublisherAppln - DEBUG - Main: resetting log level to 20
2023-03-22 15:36:14,836 - PublisherAppln - INFO - PublisherAppln::configure
2023-03-22 15:36:14,836 - PublisherAppln - INFO - PublisherMW::configure
2023-03-22 15:36:14,837 - PublisherAppln - INFO - PublisherMW::configure completed
2023-03-22 15:36:14,837 - PublisherAppln - INFO - PublisherAppln::configure - configuration complete
2023-03-22 15:36:14,837 - PublisherAppln - INFO - PublisherAppln::driver
2023-03-22 15:36:14,837 - PublisherAppln - INFO - **********************************
2023-03-22 15:36:14,837 - PublisherAppln - INFO - PublisherAppln::dump
2023-03-22 15:36:14,837 - PublisherAppln - INFO - ------------------------------
2023-03-22 15:36:14,837 - PublisherAppln - INFO -      Name: pub8
2023-03-22 15:36:14,837 - PublisherAppln - INFO -      Lookup: Centralized
2023-03-22 15:36:14,837 - PublisherAppln - INFO -      Dissemination: Direct
2023-03-22 15:36:14,837 - PublisherAppln - INFO -      Num Topics: 1
2023-03-22 15:36:14,837 - PublisherAppln - INFO -      TopicList: ['location']
2023-03-22 15:36:14,837 - PublisherAppln - INFO -      Iterations: 1000
2023-03-22 15:36:14,837 - PublisherAppln - INFO -      Frequency: 1
2023-03-22 15:36:14,837 - PublisherAppln - INFO - **********************************
2023-03-22 15:36:14,837 - PublisherAppln - INFO - PublisherMW::event_loop - run the event loop
2023-03-22 15:36:14,837 - PublisherAppln - INFO - PublisherAppln::invoke_operation
2023-03-22 15:36:14,838 - PublisherAppln - INFO - PublisherMW::register
2023-03-22 15:36:14,838 - PublisherAppln - INFO - PublisherMW::register - sent register message and now wait for reply
2023-03-22 15:36:15,161 - PublisherAppln - INFO - PublisherMW::handle_reply
2023-03-22 15:36:15,161 - PublisherAppln - INFO - PublisherAppln::register_response
2023-03-22 15:36:15,161 - PublisherAppln - INFO - PublisherAppln::register_response - registration is a success
2023-03-22 15:36:15,161 - PublisherAppln - INFO - PublisherAppln::invoke_operation
2023-03-22 15:36:15,161 - PublisherAppln - INFO - PublisherAppln::invoke_operation - check if are ready to go
2023-03-22 15:36:15,161 - PublisherAppln - INFO - PublisherMW::is_ready
2023-03-22 15:36:15,162 - PublisherAppln - INFO - PublisherMW::is_ready - request sent and now wait for reply
2023-03-22 15:36:15,376 - PublisherAppln - INFO - PublisherMW::handle_reply
2023-03-22 15:36:15,376 - PublisherAppln - INFO - PublisherAppln::isready_response
2023-03-22 15:36:15,376 - PublisherAppln - INFO - PublisherAppln::driver - Not ready yet; check again
2023-03-22 15:36:25,386 - PublisherAppln - INFO - PublisherAppln::invoke_operation
2023-03-22 15:36:25,386 - PublisherAppln - INFO - PublisherAppln::invoke_operation - check if are ready to go
2023-03-22 15:36:25,387 - PublisherAppln - INFO - PublisherMW::is_ready
2023-03-22 15:36:25,387 - PublisherAppln - INFO - PublisherMW::is_ready - request sent and now wait for reply
2023-03-22 15:36:25,403 - PublisherAppln - INFO - PublisherMW::handle_reply
2023-03-22 15:36:25,403 - PublisherAppln - INFO - PublisherAppln::isready_response
2023-03-22 15:36:25,403 - PublisherAppln - INFO - PublisherAppln::driver - System ready; let's go!!
2023-03-22 15:36:25,403 - PublisherAppln - INFO - PublisherAppln::invoke_operation
2023-03-22 15:36:25,403 - PublisherAppln - INFO - PublisherAppln::invoke_operation - start Disseminating
2023-03-22 15:36:25,403 - PublisherAppln - INFO - location:Australia:1679517385.4035802
2023-03-22 15:36:26,404 - PublisherAppln - INFO - location:Europe:1679517386.40485
2023-03-22 15:36:27,406 - PublisherAppln - INFO - location:Asia:1679517387.4060595
2023-03-22 15:36:28,407 - PublisherAppln - INFO - location:Africa:1679517388.4072044
2023-03-22 15:36:29,408 - PublisherAppln - INFO - location:America:1679517389.4083498
2023-03-22 15:36:30,409 - PublisherAppln - INFO - location:Australia:1679517390.4094913
2023-03-22 15:36:31,410 - PublisherAppln - INFO - location:Australia:1679517391.410756
2023-03-22 15:36:32,412 - PublisherAppln - INFO - location:Africa:1679517392.4122102
2023-03-22 15:36:33,413 - PublisherAppln - INFO - location:Africa:1679517393.413351
2023-03-22 15:36:34,413 - PublisherAppln - INFO - location:Asia:1679517394.4136755
2023-03-22 15:36:35,414 - PublisherAppln - INFO - location:Africa:1679517395.414882
2023-03-22 15:36:36,416 - PublisherAppln - INFO - location:Australia:1679517396.4160886
2023-03-22 15:36:37,416 - PublisherAppln - INFO - location:Asia:1679517397.4166908
2023-03-22 15:36:38,417 - PublisherAppln - INFO - location:Australia:1679517398.4176276
2023-03-22 15:36:39,418 - PublisherAppln - INFO - location:Europe:1679517399.418804
2023-03-22 15:36:40,420 - PublisherAppln - INFO - location:Europe:1679517400.4200778
2023-03-22 15:36:41,421 - PublisherAppln - INFO - location:Australia:1679517401.4214766
2023-03-22 15:36:42,422 - PublisherAppln - INFO - location:Africa:1679517402.42265
2023-03-22 15:36:43,423 - PublisherAppln - INFO - location:Asia:1679517403.4238899
2023-03-22 15:36:44,425 - PublisherAppln - INFO - location:Australia:1679517404.425124
2023-03-22 15:36:45,425 - PublisherAppln - INFO - location:Africa:1679517405.4256394
2023-03-22 15:36:46,426 - PublisherAppln - INFO - location:Europe:1679517406.426864
2023-03-22 15:36:47,428 - PublisherAppln - INFO - location:Africa:1679517407.4280617
2023-03-22 15:36:48,429 - PublisherAppln - INFO - location:Australia:1679517408.4293382
2023-03-22 15:36:49,429 - PublisherAppln - INFO - location:Europe:1679517409.4296637
2023-03-22 15:36:50,431 - PublisherAppln - INFO - location:Europe:1679517410.43099
2023-03-22 15:36:51,432 - PublisherAppln - INFO - location:Europe:1679517411.432196
2023-03-22 15:36:52,433 - PublisherAppln - INFO - location:Europe:1679517412.43338
2023-03-22 15:36:53,433 - PublisherAppln - INFO - location:Africa:1679517413.4338217
2023-03-22 15:36:54,435 - PublisherAppln - INFO - location:America:1679517414.4349883
2023-03-22 15:36:55,436 - PublisherAppln - INFO - location:America:1679517415.436195
2023-03-22 15:36:56,437 - PublisherAppln - INFO - location:America:1679517416.4373844
2023-03-22 15:36:57,437 - PublisherAppln - INFO - location:Australia:1679517417.437744
2023-03-22 15:36:58,439 - PublisherAppln - INFO - location:Asia:1679517418.4392383
2023-03-22 15:36:59,440 - PublisherAppln - INFO - location:Asia:1679517419.440541
2023-03-22 15:37:00,441 - PublisherAppln - INFO - location:Asia:1679517420.441654
2023-03-22 15:37:01,442 - PublisherAppln - INFO - location:Australia:1679517421.442851
2023-03-22 15:37:02,443 - PublisherAppln - INFO - location:Africa:1679517422.4435794
2023-03-22 15:37:03,444 - PublisherAppln - INFO - location:Africa:1679517423.4447668
