2023-03-22 15:36:15,034 - root - INFO - Main - acquire a child logger and then log messages in the child
2023-03-22 15:36:15,034 - SubscriberAppln - DEBUG - Main: parse command line arguments
2023-03-22 15:36:15,038 - SubscriberAppln - DEBUG - Main: resetting log level to 20
2023-03-22 15:36:15,038 - SubscriberAppln - INFO - SubscriberAppln::configure
2023-03-22 15:36:15,038 - SubscriberAppln - INFO - SubscriberMW::configure
2023-03-22 15:36:15,039 - SubscriberAppln - INFO - SubscriberMW::configure completed
2023-03-22 15:36:15,039 - SubscriberAppln - INFO - SubscriberAppln::configure - configuration complete
2023-03-22 15:36:15,039 - SubscriberAppln - INFO - SubscriberAppln::driver
2023-03-22 15:36:15,039 - SubscriberAppln - INFO - **********************************
2023-03-22 15:36:15,039 - SubscriberAppln - INFO - SubscriberAppln::dump
2023-03-22 15:36:15,039 - SubscriberAppln - INFO - ------------------------------
2023-03-22 15:36:15,039 - SubscriberAppln - INFO -      Name: sub19
2023-03-22 15:36:15,039 - SubscriberAppln - INFO -      Lookup: Centralized
2023-03-22 15:36:15,039 - SubscriberAppln - INFO -      Num Topics: 1
2023-03-22 15:36:15,039 - SubscriberAppln - INFO -      TopicList: ['pressure']
2023-03-22 15:36:15,039 - SubscriberAppln - INFO -      Iterations: 1000
2023-03-22 15:36:15,039 - SubscriberAppln - INFO -      Frequency: 1
2023-03-22 15:36:15,039 - SubscriberAppln - INFO - **********************************
2023-03-22 15:36:15,039 - SubscriberAppln - INFO - SubscriberMW::event_loop - run the event loop
2023-03-22 15:36:15,039 - SubscriberAppln - INFO - SubscriberAppln::invoke_operation
2023-03-22 15:36:15,039 - SubscriberAppln - INFO - SubscriberMW::register
2023-03-22 15:36:15,039 - SubscriberAppln - INFO - 1679517312.0
2023-03-22 15:36:15,039 - SubscriberAppln - INFO - 2
2023-03-22 15:36:15,039 - SubscriberAppln - INFO - SubscriberMW::register - sent register message and now now wait for reply
2023-03-22 15:36:15,295 - SubscriberAppln - INFO - SubscriberMW::handle_reply
2023-03-22 15:36:15,295 - SubscriberAppln - INFO - SubscriberAppln::register_response
2023-03-22 15:36:15,295 - SubscriberAppln - INFO - SubscriberAppln::register_response - registration is a success
2023-03-22 15:36:15,295 - SubscriberAppln - INFO - 1679517312.0
2023-03-22 15:36:15,296 - SubscriberAppln - INFO - 1679517375.2959864
2023-03-22 15:36:15,296 - SubscriberAppln - INFO - 63.29598665237427
2023-03-22 15:36:15,296 - SubscriberAppln - INFO - SubscriberAppln::invoke_operation
2023-03-22 15:36:15,296 - SubscriberAppln - INFO - SubscriberMW::is_ready
2023-03-22 15:36:15,296 - SubscriberAppln - INFO - SubscriberMW::is_ready - request sent and now wait for reply
2023-03-22 15:36:15,903 - SubscriberAppln - INFO - SubscriberMW::handle_reply
2023-03-22 15:36:15,903 - SubscriberAppln - INFO - SubscriberAppln::isready_response
2023-03-22 15:36:15,903 - SubscriberAppln - INFO - SubscriberAppln::driver - System ready; let's connect to discovery for getting publisher information!!
2023-03-22 15:36:15,903 - SubscriberAppln - INFO - SubscriberAppln::invoke_operation
2023-03-22 15:36:15,903 - SubscriberAppln - INFO - SubscriberAppln::invoke_operation - start getting publisher information
2023-03-22 15:36:15,903 - SubscriberAppln - INFO - ['pressure']
2023-03-22 15:36:15,904 - SubscriberAppln - INFO - SubscriberAppln::invoke_operation - Find publisher completed
2023-03-22 15:36:15,956 - SubscriberAppln - INFO - SubscriberMW::handle_reply
2023-03-22 15:36:15,956 - SubscriberAppln - INFO - SubscriberMW::try to set the topic filtering
2023-03-22 15:36:15,956 - SubscriberAppln - INFO - SubscriberMW::connect to publisher
2023-03-22 15:36:25,542 - SubscriberAppln - INFO - Topc:pressure	Content:1006	Time_interval:0.0001952648162841797
2023-03-22 15:36:26,543 - SubscriberAppln - INFO - Topc:pressure	Content:1023	Time_interval:0.0003218650817871094
2023-03-22 15:36:27,544 - SubscriberAppln - INFO - Topc:pressure	Content:926	Time_interval:0.00025582313537597656
2023-03-22 15:36:28,545 - SubscriberAppln - INFO - Topc:pressure	Content:925	Time_interval:0.00023126602172851562
2023-03-22 15:36:29,547 - SubscriberAppln - INFO - Topc:pressure	Content:905	Time_interval:0.0002105236053466797
2023-03-22 15:36:30,548 - SubscriberAppln - INFO - Topc:pressure	Content:1031	Time_interval:0.0003147125244140625
2023-03-22 15:36:31,549 - SubscriberAppln - INFO - Topc:pressure	Content:1007	Time_interval:0.0003895759582519531
2023-03-22 15:36:32,549 - SubscriberAppln - INFO - Topc:pressure	Content:1054	Time_interval:0.00023102760314941406
2023-03-22 15:36:33,551 - SubscriberAppln - INFO - Topc:pressure	Content:985	Time_interval:0.0002079010009765625
2023-03-22 15:36:34,551 - SubscriberAppln - INFO - Topc:pressure	Content:997	Time_interval:0.0002429485321044922
2023-03-22 15:36:35,552 - SubscriberAppln - INFO - Topc:pressure	Content:956	Time_interval:0.00020813941955566406
2023-03-22 15:36:36,553 - SubscriberAppln - INFO - Topc:pressure	Content:897	Time_interval:0.00020742416381835938
2023-03-22 15:36:37,554 - SubscriberAppln - INFO - Topc:pressure	Content:929	Time_interval:0.00020503997802734375
2023-03-22 15:36:38,555 - SubscriberAppln - INFO - Topc:pressure	Content:959	Time_interval:0.00020837783813476562
2023-03-22 15:36:39,556 - SubscriberAppln - INFO - Topc:pressure	Content:891	Time_interval:0.00023746490478515625
2023-03-22 15:36:40,557 - SubscriberAppln - INFO - Topc:pressure	Content:923	Time_interval:0.00021648406982421875
2023-03-22 15:36:41,557 - SubscriberAppln - INFO - Topc:pressure	Content:1082	Time_interval:0.00024056434631347656
2023-03-22 15:36:42,559 - SubscriberAppln - INFO - Topc:pressure	Content:1046	Time_interval:0.000202178955078125
2023-03-22 15:36:43,560 - SubscriberAppln - INFO - Topc:pressure	Content:1035	Time_interval:0.00029397010803222656
2023-03-22 15:36:44,561 - SubscriberAppln - INFO - Topc:pressure	Content:982	Time_interval:0.00027632713317871094
2023-03-22 15:36:45,562 - SubscriberAppln - INFO - Topc:pressure	Content:1017	Time_interval:0.00029468536376953125
2023-03-22 15:36:46,563 - SubscriberAppln - INFO - Topc:pressure	Content:907	Time_interval:0.0002460479736328125
2023-03-22 15:36:47,564 - SubscriberAppln - INFO - Topc:pressure	Content:1005	Time_interval:0.0003781318664550781
2023-03-22 15:36:48,566 - SubscriberAppln - INFO - Topc:pressure	Content:899	Time_interval:0.0007724761962890625
2023-03-22 15:36:49,567 - SubscriberAppln - INFO - Topc:pressure	Content:1010	Time_interval:0.00025272369384765625
2023-03-22 15:36:50,568 - SubscriberAppln - INFO - Topc:pressure	Content:1025	Time_interval:0.0007443428039550781
2023-03-22 15:36:51,569 - SubscriberAppln - INFO - Topc:pressure	Content:882	Time_interval:0.0002624988555908203
2023-03-22 15:36:52,570 - SubscriberAppln - INFO - Topc:pressure	Content:979	Time_interval:0.0005033016204833984
2023-03-22 15:36:53,571 - SubscriberAppln - INFO - Topc:pressure	Content:953	Time_interval:0.0007691383361816406
2023-03-22 15:36:54,572 - SubscriberAppln - INFO - Topc:pressure	Content:972	Time_interval:0.00023365020751953125
2023-03-22 15:36:55,573 - SubscriberAppln - INFO - Topc:pressure	Content:965	Time_interval:0.00022935867309570312
2023-03-22 15:36:56,575 - SubscriberAppln - INFO - Topc:pressure	Content:894	Time_interval:0.00021004676818847656
2023-03-22 15:36:57,576 - SubscriberAppln - INFO - Topc:pressure	Content:1003	Time_interval:0.0007364749908447266
2023-03-22 15:36:58,577 - SubscriberAppln - INFO - Topc:pressure	Content:1049	Time_interval:0.00025844573974609375
2023-03-22 15:36:59,577 - SubscriberAppln - INFO - Topc:pressure	Content:974	Time_interval:0.00021529197692871094
2023-03-22 15:37:00,579 - SubscriberAppln - INFO - Topc:pressure	Content:1007	Time_interval:0.00024008750915527344
2023-03-22 15:37:01,579 - SubscriberAppln - INFO - Topc:pressure	Content:918	Time_interval:0.00021457672119140625
2023-03-22 15:37:02,581 - SubscriberAppln - INFO - Topc:pressure	Content:1084	Time_interval:0.00020575523376464844
