2023-03-22 15:36:14,968 - root - INFO - Main - acquire a child logger and then log messages in the child
2023-03-22 15:36:14,968 - SubscriberAppln - DEBUG - Main: parse command line arguments
2023-03-22 15:36:14,971 - SubscriberAppln - DEBUG - Main: resetting log level to 20
2023-03-22 15:36:14,972 - SubscriberAppln - INFO - SubscriberAppln::configure
2023-03-22 15:36:14,972 - SubscriberAppln - INFO - SubscriberMW::configure
2023-03-22 15:36:14,973 - SubscriberAppln - INFO - SubscriberMW::configure completed
2023-03-22 15:36:14,973 - SubscriberAppln - INFO - SubscriberAppln::configure - configuration complete
2023-03-22 15:36:14,973 - SubscriberAppln - INFO - SubscriberAppln::driver
2023-03-22 15:36:14,973 - SubscriberAppln - INFO - **********************************
2023-03-22 15:36:14,973 - SubscriberAppln - INFO - SubscriberAppln::dump
2023-03-22 15:36:14,973 - SubscriberAppln - INFO - ------------------------------
2023-03-22 15:36:14,973 - SubscriberAppln - INFO -      Name: sub11
2023-03-22 15:36:14,973 - SubscriberAppln - INFO -      Lookup: Centralized
2023-03-22 15:36:14,973 - SubscriberAppln - INFO -      Num Topics: 1
2023-03-22 15:36:14,973 - SubscriberAppln - INFO -      TopicList: ['sound']
2023-03-22 15:36:14,973 - SubscriberAppln - INFO -      Iterations: 1000
2023-03-22 15:36:14,973 - SubscriberAppln - INFO -      Frequency: 1
2023-03-22 15:36:14,973 - SubscriberAppln - INFO - **********************************
2023-03-22 15:36:14,973 - SubscriberAppln - INFO - SubscriberMW::event_loop - run the event loop
2023-03-22 15:36:14,973 - SubscriberAppln - INFO - SubscriberAppln::invoke_operation
2023-03-22 15:36:14,973 - SubscriberAppln - INFO - SubscriberMW::register
2023-03-22 15:36:14,974 - SubscriberAppln - INFO - 1679517312.0
2023-03-22 15:36:14,974 - SubscriberAppln - INFO - 2
2023-03-22 15:36:14,974 - SubscriberAppln - INFO - SubscriberMW::register - sent register message and now now wait for reply
2023-03-22 15:36:15,238 - SubscriberAppln - INFO - SubscriberMW::handle_reply
2023-03-22 15:36:15,239 - SubscriberAppln - INFO - SubscriberAppln::register_response
2023-03-22 15:36:15,239 - SubscriberAppln - INFO - SubscriberAppln::register_response - registration is a success
2023-03-22 15:36:15,239 - SubscriberAppln - INFO - 1679517312.0
2023-03-22 15:36:15,239 - SubscriberAppln - INFO - 1679517375.2391195
2023-03-22 15:36:15,239 - SubscriberAppln - INFO - 63.23911952972412
2023-03-22 15:36:15,239 - SubscriberAppln - INFO - SubscriberAppln::invoke_operation
2023-03-22 15:36:15,239 - SubscriberAppln - INFO - SubscriberMW::is_ready
2023-03-22 15:36:15,239 - SubscriberAppln - INFO - SubscriberMW::is_ready - request sent and now wait for reply
2023-03-22 15:36:15,677 - SubscriberAppln - INFO - SubscriberMW::handle_reply
2023-03-22 15:36:15,677 - SubscriberAppln - INFO - SubscriberAppln::isready_response
2023-03-22 15:36:15,677 - SubscriberAppln - INFO - SubscriberAppln::driver - Not ready yet; check again
2023-03-22 15:36:25,685 - SubscriberAppln - INFO - SubscriberAppln::invoke_operation
2023-03-22 15:36:25,685 - SubscriberAppln - INFO - SubscriberMW::is_ready
2023-03-22 15:36:25,685 - SubscriberAppln - INFO - SubscriberMW::is_ready - request sent and now wait for reply
2023-03-22 15:36:25,699 - SubscriberAppln - INFO - SubscriberMW::handle_reply
2023-03-22 15:36:25,700 - SubscriberAppln - INFO - SubscriberAppln::isready_response
2023-03-22 15:36:25,700 - SubscriberAppln - INFO - SubscriberAppln::driver - Not ready yet; check again
2023-03-22 15:36:35,709 - SubscriberAppln - INFO - SubscriberAppln::invoke_operation
2023-03-22 15:36:35,709 - SubscriberAppln - INFO - SubscriberMW::is_ready
2023-03-22 15:36:35,709 - SubscriberAppln - INFO - SubscriberMW::is_ready - request sent and now wait for reply
2023-03-22 15:36:35,724 - SubscriberAppln - INFO - SubscriberMW::handle_reply
2023-03-22 15:36:35,724 - SubscriberAppln - INFO - SubscriberAppln::isready_response
2023-03-22 15:36:35,724 - SubscriberAppln - INFO - SubscriberAppln::driver - Not ready yet; check again
2023-03-22 15:36:45,733 - SubscriberAppln - INFO - SubscriberAppln::invoke_operation
2023-03-22 15:36:45,733 - SubscriberAppln - INFO - SubscriberMW::is_ready
2023-03-22 15:36:45,733 - SubscriberAppln - INFO - SubscriberMW::is_ready - request sent and now wait for reply
2023-03-22 15:36:45,749 - SubscriberAppln - INFO - SubscriberMW::handle_reply
2023-03-22 15:36:45,750 - SubscriberAppln - INFO - SubscriberAppln::isready_response
2023-03-22 15:36:45,750 - SubscriberAppln - INFO - SubscriberAppln::driver - System ready; let's connect to discovery for getting publisher information!!
2023-03-22 15:36:45,750 - SubscriberAppln - INFO - SubscriberAppln::invoke_operation
2023-03-22 15:36:45,750 - SubscriberAppln - INFO - SubscriberAppln::invoke_operation - start getting publisher information
2023-03-22 15:36:45,750 - SubscriberAppln - INFO - ['sound']
2023-03-22 15:36:45,750 - SubscriberAppln - INFO - SubscriberAppln::invoke_operation - Find publisher completed
2023-03-22 15:36:45,755 - SubscriberAppln - INFO - SubscriberMW::handle_reply
2023-03-22 15:36:45,755 - SubscriberAppln - INFO - SubscriberMW::try to set the topic filtering
2023-03-22 15:36:45,755 - SubscriberAppln - INFO - SubscriberMW::connect to publisher
2023-03-22 15:36:45,844 - SubscriberAppln - INFO - Topc:sound	Content:58	Time_interval:0.00023174285888671875
2023-03-22 15:36:46,709 - SubscriberAppln - INFO - Topc:sound	Content:69	Time_interval:0.00026345252990722656
2023-03-22 15:36:46,725 - SubscriberAppln - INFO - Topc:sound	Content:48	Time_interval:0.0003044605255126953
2023-03-22 15:36:46,846 - SubscriberAppln - INFO - Topc:sound	Content:39	Time_interval:0.0008442401885986328
2023-03-22 15:36:47,709 - SubscriberAppln - INFO - Topc:sound	Content:72	Time_interval:0.0003204345703125
2023-03-22 15:36:47,727 - SubscriberAppln - INFO - Topc:sound	Content:51	Time_interval:0.00028228759765625
2023-03-22 15:36:47,847 - SubscriberAppln - INFO - Topc:sound	Content:61	Time_interval:0.00025463104248046875
2023-03-22 15:36:48,711 - SubscriberAppln - INFO - Topc:sound	Content:31	Time_interval:0.0008029937744140625
2023-03-22 15:36:48,728 - SubscriberAppln - INFO - Topc:sound	Content:46	Time_interval:0.0008025169372558594
2023-03-22 15:36:48,848 - SubscriberAppln - INFO - Topc:sound	Content:80	Time_interval:0.0003082752227783203
2023-03-22 15:36:49,712 - SubscriberAppln - INFO - Topc:sound	Content:71	Time_interval:0.0002982616424560547
2023-03-22 15:36:49,729 - SubscriberAppln - INFO - Topc:sound	Content:35	Time_interval:0.00027108192443847656
2023-03-22 15:36:49,849 - SubscriberAppln - INFO - Topc:sound	Content:70	Time_interval:0.0002772808074951172
2023-03-22 15:36:50,713 - SubscriberAppln - INFO - Topc:sound	Content:62	Time_interval:0.00022912025451660156
2023-03-22 15:36:50,730 - SubscriberAppln - INFO - Topc:sound	Content:37	Time_interval:0.00026345252990722656
2023-03-22 15:36:50,850 - SubscriberAppln - INFO - Topc:sound	Content:44	Time_interval:0.0002505779266357422
2023-03-22 15:36:51,715 - SubscriberAppln - INFO - Topc:sound	Content:65	Time_interval:0.000301361083984375
2023-03-22 15:36:51,731 - SubscriberAppln - INFO - Topc:sound	Content:71	Time_interval:0.0002532005310058594
2023-03-22 15:36:51,851 - SubscriberAppln - INFO - Topc:sound	Content:58	Time_interval:0.0002472400665283203
2023-03-22 15:36:52,716 - SubscriberAppln - INFO - Topc:sound	Content:90	Time_interval:0.0002810955047607422
2023-03-22 15:36:52,732 - SubscriberAppln - INFO - Topc:sound	Content:92	Time_interval:0.00025200843811035156
2023-03-22 15:36:52,853 - SubscriberAppln - INFO - Topc:sound	Content:54	Time_interval:0.0002849102020263672
2023-03-22 15:36:53,717 - SubscriberAppln - INFO - Topc:sound	Content:69	Time_interval:0.0002548694610595703
2023-03-22 15:36:53,733 - SubscriberAppln - INFO - Topc:sound	Content:58	Time_interval:0.0002532005310058594
2023-03-22 15:36:53,854 - SubscriberAppln - INFO - Topc:sound	Content:59	Time_interval:0.00039124488830566406
2023-03-22 15:36:54,718 - SubscriberAppln - INFO - Topc:sound	Content:47	Time_interval:0.0003275871276855469
2023-03-22 15:36:54,733 - SubscriberAppln - INFO - Topc:sound	Content:87	Time_interval:0.00024390220642089844
2023-03-22 15:36:54,855 - SubscriberAppln - INFO - Topc:sound	Content:90	Time_interval:0.00030541419982910156
2023-03-22 15:36:55,720 - SubscriberAppln - INFO - Topc:sound	Content:77	Time_interval:0.0002372264862060547
2023-03-22 15:36:55,734 - SubscriberAppln - INFO - Topc:sound	Content:66	Time_interval:0.00020694732666015625
2023-03-22 15:36:55,856 - SubscriberAppln - INFO - Topc:sound	Content:84	Time_interval:0.00021409988403320312
2023-03-22 15:36:56,721 - SubscriberAppln - INFO - Topc:sound	Content:83	Time_interval:0.0002651214599609375
2023-03-22 15:36:56,736 - SubscriberAppln - INFO - Topc:sound	Content:52	Time_interval:0.0002338886260986328
2023-03-22 15:36:56,857 - SubscriberAppln - INFO - Topc:sound	Content:69	Time_interval:0.0002579689025878906
2023-03-22 15:36:57,722 - SubscriberAppln - INFO - Topc:sound	Content:37	Time_interval:0.0002703666687011719
2023-03-22 15:36:57,737 - SubscriberAppln - INFO - Topc:sound	Content:43	Time_interval:0.00024008750915527344
2023-03-22 15:36:57,858 - SubscriberAppln - INFO - Topc:sound	Content:45	Time_interval:0.0003523826599121094
2023-03-22 15:36:58,723 - SubscriberAppln - INFO - Topc:sound	Content:87	Time_interval:0.00032329559326171875
2023-03-22 15:36:58,738 - SubscriberAppln - INFO - Topc:sound	Content:43	Time_interval:0.00027942657470703125
2023-03-22 15:36:58,859 - SubscriberAppln - INFO - Topc:sound	Content:33	Time_interval:0.0002732276916503906
2023-03-22 15:36:59,724 - SubscriberAppln - INFO - Topc:sound	Content:92	Time_interval:0.00031948089599609375
2023-03-22 15:36:59,739 - SubscriberAppln - INFO - Topc:sound	Content:59	Time_interval:0.0002377033233642578
2023-03-22 15:36:59,860 - SubscriberAppln - INFO - Topc:sound	Content:70	Time_interval:0.00030422210693359375
2023-03-22 15:37:00,726 - SubscriberAppln - INFO - Topc:sound	Content:53	Time_interval:0.0008563995361328125
2023-03-22 15:37:00,740 - SubscriberAppln - INFO - Topc:sound	Content:41	Time_interval:0.0007264614105224609
2023-03-22 15:37:00,861 - SubscriberAppln - INFO - Topc:sound	Content:91	Time_interval:0.0002574920654296875
2023-03-22 15:37:01,727 - SubscriberAppln - INFO - Topc:sound	Content:44	Time_interval:0.0002646446228027344
