2023-03-22 15:36:15,049 - root - INFO - Main - acquire a child logger and then log messages in the child
2023-03-22 15:36:15,050 - SubscriberAppln - DEBUG - Main: parse command line arguments
2023-03-22 15:36:15,052 - SubscriberAppln - DEBUG - Main: resetting log level to 20
2023-03-22 15:36:15,052 - SubscriberAppln - INFO - SubscriberAppln::configure
2023-03-22 15:36:15,052 - SubscriberAppln - INFO - SubscriberMW::configure
2023-03-22 15:36:15,052 - SubscriberAppln - INFO - SubscriberMW::configure completed
2023-03-22 15:36:15,053 - SubscriberAppln - INFO - SubscriberAppln::configure - configuration complete
2023-03-22 15:36:15,053 - SubscriberAppln - INFO - SubscriberAppln::driver
2023-03-22 15:36:15,053 - SubscriberAppln - INFO - **********************************
2023-03-22 15:36:15,053 - SubscriberAppln - INFO - SubscriberAppln::dump
2023-03-22 15:36:15,053 - SubscriberAppln - INFO - ------------------------------
2023-03-22 15:36:15,053 - SubscriberAppln - INFO -      Name: sub10
2023-03-22 15:36:15,053 - SubscriberAppln - INFO -      Lookup: Centralized
2023-03-22 15:36:15,053 - SubscriberAppln - INFO -      Num Topics: 1
2023-03-22 15:36:15,053 - SubscriberAppln - INFO -      TopicList: ['temperature']
2023-03-22 15:36:15,053 - SubscriberAppln - INFO -      Iterations: 1000
2023-03-22 15:36:15,053 - SubscriberAppln - INFO -      Frequency: 1
2023-03-22 15:36:15,053 - SubscriberAppln - INFO - **********************************
2023-03-22 15:36:15,053 - SubscriberAppln - INFO - SubscriberMW::event_loop - run the event loop
2023-03-22 15:36:15,053 - SubscriberAppln - INFO - SubscriberAppln::invoke_operation
2023-03-22 15:36:15,053 - SubscriberAppln - INFO - SubscriberMW::register
2023-03-22 15:36:15,053 - SubscriberAppln - INFO - 1679517312.0
2023-03-22 15:36:15,053 - SubscriberAppln - INFO - 2
2023-03-22 15:36:15,053 - SubscriberAppln - INFO - SubscriberMW::register - sent register message and now now wait for reply
2023-03-22 15:36:15,306 - SubscriberAppln - INFO - SubscriberMW::handle_reply
2023-03-22 15:36:15,307 - SubscriberAppln - INFO - SubscriberAppln::register_response
2023-03-22 15:36:15,307 - SubscriberAppln - INFO - SubscriberAppln::register_response - registration is a success
2023-03-22 15:36:15,307 - SubscriberAppln - INFO - 1679517312.0
2023-03-22 15:36:15,307 - SubscriberAppln - INFO - 1679517375.3070924
2023-03-22 15:36:15,307 - SubscriberAppln - INFO - 63.30709266662598
2023-03-22 15:36:15,307 - SubscriberAppln - INFO - SubscriberAppln::invoke_operation
2023-03-22 15:36:15,307 - SubscriberAppln - INFO - SubscriberMW::is_ready
2023-03-22 15:36:15,307 - SubscriberAppln - INFO - SubscriberMW::is_ready - request sent and now wait for reply
2023-03-22 15:36:15,947 - SubscriberAppln - INFO - SubscriberMW::handle_reply
2023-03-22 15:36:15,947 - SubscriberAppln - INFO - SubscriberAppln::isready_response
2023-03-22 15:36:15,947 - SubscriberAppln - INFO - SubscriberAppln::driver - Not ready yet; check again
2023-03-22 15:36:25,957 - SubscriberAppln - INFO - SubscriberAppln::invoke_operation
2023-03-22 15:36:25,957 - SubscriberAppln - INFO - SubscriberMW::is_ready
2023-03-22 15:36:25,957 - SubscriberAppln - INFO - SubscriberMW::is_ready - request sent and now wait for reply
2023-03-22 15:36:25,974 - SubscriberAppln - INFO - SubscriberMW::handle_reply
2023-03-22 15:36:25,974 - SubscriberAppln - INFO - SubscriberAppln::isready_response
2023-03-22 15:36:25,974 - SubscriberAppln - INFO - SubscriberAppln::driver - System ready; let's connect to discovery for getting publisher information!!
2023-03-22 15:36:25,974 - SubscriberAppln - INFO - SubscriberAppln::invoke_operation
2023-03-22 15:36:25,974 - SubscriberAppln - INFO - SubscriberAppln::invoke_operation - start getting publisher information
2023-03-22 15:36:25,974 - SubscriberAppln - INFO - ['temperature']
2023-03-22 15:36:25,974 - SubscriberAppln - INFO - SubscriberAppln::invoke_operation - Find publisher completed
2023-03-22 15:36:25,978 - SubscriberAppln - INFO - SubscriberMW::handle_reply
2023-03-22 15:36:25,978 - SubscriberAppln - INFO - SubscriberMW::try to set the topic filtering
2023-03-22 15:36:25,978 - SubscriberAppln - INFO - SubscriberMW::connect to publisher
2023-03-22 15:36:26,608 - SubscriberAppln - INFO - Topc:temperature	Content:-22	Time_interval:0.0003452301025390625
2023-03-22 15:36:26,641 - SubscriberAppln - INFO - Topc:temperature	Content:-28	Time_interval:0.00023293495178222656
2023-03-22 15:36:27,609 - SubscriberAppln - INFO - Topc:temperature	Content:56	Time_interval:0.0002999305725097656
2023-03-22 15:36:27,641 - SubscriberAppln - INFO - Topc:temperature	Content:-5	Time_interval:0.00034999847412109375
2023-03-22 15:36:28,609 - SubscriberAppln - INFO - Topc:temperature	Content:4	Time_interval:0.0002906322479248047
2023-03-22 15:36:28,643 - SubscriberAppln - INFO - Topc:temperature	Content:64	Time_interval:0.0002663135528564453
2023-03-22 15:36:29,611 - SubscriberAppln - INFO - Topc:temperature	Content:-52	Time_interval:0.000324249267578125
2023-03-22 15:36:29,644 - SubscriberAppln - INFO - Topc:temperature	Content:82	Time_interval:0.0002980232238769531
2023-03-22 15:36:30,612 - SubscriberAppln - INFO - Topc:temperature	Content:-94	Time_interval:0.0002689361572265625
2023-03-22 15:36:30,645 - SubscriberAppln - INFO - Topc:temperature	Content:24	Time_interval:0.0002129077911376953
2023-03-22 15:36:31,613 - SubscriberAppln - INFO - Topc:temperature	Content:-72	Time_interval:0.00030994415283203125
2023-03-22 15:36:31,646 - SubscriberAppln - INFO - Topc:temperature	Content:-57	Time_interval:0.00024580955505371094
2023-03-22 15:36:32,614 - SubscriberAppln - INFO - Topc:temperature	Content:-23	Time_interval:0.0002853870391845703
2023-03-22 15:36:32,647 - SubscriberAppln - INFO - Topc:temperature	Content:-56	Time_interval:0.0003345012664794922
2023-03-22 15:36:33,615 - SubscriberAppln - INFO - Topc:temperature	Content:-27	Time_interval:0.00029468536376953125
2023-03-22 15:36:33,648 - SubscriberAppln - INFO - Topc:temperature	Content:91	Time_interval:0.0003418922424316406
2023-03-22 15:36:34,616 - SubscriberAppln - INFO - Topc:temperature	Content:-85	Time_interval:0.0002415180206298828
2023-03-22 15:36:34,649 - SubscriberAppln - INFO - Topc:temperature	Content:-62	Time_interval:0.0002593994140625
2023-03-22 15:36:35,617 - SubscriberAppln - INFO - Topc:temperature	Content:43	Time_interval:0.00018405914306640625
2023-03-22 15:36:35,650 - SubscriberAppln - INFO - Topc:temperature	Content:-78	Time_interval:0.00032782554626464844
2023-03-22 15:36:36,617 - SubscriberAppln - INFO - Topc:temperature	Content:2	Time_interval:0.00025463104248046875
2023-03-22 15:36:36,651 - SubscriberAppln - INFO - Topc:temperature	Content:-75	Time_interval:0.00027441978454589844
2023-03-22 15:36:37,619 - SubscriberAppln - INFO - Topc:temperature	Content:56	Time_interval:0.0003261566162109375
2023-03-22 15:36:37,652 - SubscriberAppln - INFO - Topc:temperature	Content:33	Time_interval:0.00030922889709472656
2023-03-22 15:36:38,621 - SubscriberAppln - INFO - Topc:temperature	Content:95	Time_interval:0.0008146762847900391
2023-03-22 15:36:38,653 - SubscriberAppln - INFO - Topc:temperature	Content:-21	Time_interval:0.000331878662109375
2023-03-22 15:36:39,622 - SubscriberAppln - INFO - Topc:temperature	Content:71	Time_interval:0.00032401084899902344
2023-03-22 15:36:39,655 - SubscriberAppln - INFO - Topc:temperature	Content:19	Time_interval:0.0003180503845214844
2023-03-22 15:36:40,623 - SubscriberAppln - INFO - Topc:temperature	Content:35	Time_interval:0.0002262592315673828
2023-03-22 15:36:40,656 - SubscriberAppln - INFO - Topc:temperature	Content:-48	Time_interval:0.0002551078796386719
2023-03-22 15:36:41,624 - SubscriberAppln - INFO - Topc:temperature	Content:82	Time_interval:0.0002238750457763672
2023-03-22 15:36:41,657 - SubscriberAppln - INFO - Topc:temperature	Content:44	Time_interval:0.0002503395080566406
2023-03-22 15:36:42,625 - SubscriberAppln - INFO - Topc:temperature	Content:-63	Time_interval:0.00022912025451660156
2023-03-22 15:36:42,657 - SubscriberAppln - INFO - Topc:temperature	Content:84	Time_interval:0.000244140625
2023-03-22 15:36:43,625 - SubscriberAppln - INFO - Topc:temperature	Content:36	Time_interval:0.0002486705780029297
2023-03-22 15:36:43,659 - SubscriberAppln - INFO - Topc:temperature	Content:-3	Time_interval:0.00025391578674316406
2023-03-22 15:36:44,627 - SubscriberAppln - INFO - Topc:temperature	Content:37	Time_interval:0.00026869773864746094
2023-03-22 15:36:44,660 - SubscriberAppln - INFO - Topc:temperature	Content:32	Time_interval:0.0002713203430175781
2023-03-22 15:36:45,628 - SubscriberAppln - INFO - Topc:temperature	Content:-91	Time_interval:0.0002079010009765625
2023-03-22 15:36:45,661 - SubscriberAppln - INFO - Topc:temperature	Content:-9	Time_interval:0.0002601146697998047
2023-03-22 15:36:46,630 - SubscriberAppln - INFO - Topc:temperature	Content:62	Time_interval:0.0009274482727050781
2023-03-22 15:36:46,661 - SubscriberAppln - INFO - Topc:temperature	Content:55	Time_interval:0.00030112266540527344
2023-03-22 15:36:47,631 - SubscriberAppln - INFO - Topc:temperature	Content:57	Time_interval:0.0002624988555908203
2023-03-22 15:36:47,663 - SubscriberAppln - INFO - Topc:temperature	Content:39	Time_interval:0.0008065700531005859
2023-03-22 15:36:48,632 - SubscriberAppln - INFO - Topc:temperature	Content:-1	Time_interval:0.00030803680419921875
2023-03-22 15:36:48,664 - SubscriberAppln - INFO - Topc:temperature	Content:81	Time_interval:0.00031113624572753906
2023-03-22 15:36:49,633 - SubscriberAppln - INFO - Topc:temperature	Content:31	Time_interval:0.0003066062927246094
2023-03-22 15:36:49,665 - SubscriberAppln - INFO - Topc:temperature	Content:47	Time_interval:0.00026226043701171875
2023-03-22 15:36:50,633 - SubscriberAppln - INFO - Topc:temperature	Content:-78	Time_interval:0.0002803802490234375
2023-03-22 15:36:50,666 - SubscriberAppln - INFO - Topc:temperature	Content:-41	Time_interval:0.0002551078796386719
2023-03-22 15:36:51,635 - SubscriberAppln - INFO - Topc:temperature	Content:-74	Time_interval:0.0002422332763671875
2023-03-22 15:36:51,668 - SubscriberAppln - INFO - Topc:temperature	Content:-5	Time_interval:0.00034809112548828125
2023-03-22 15:36:52,636 - SubscriberAppln - INFO - Topc:temperature	Content:-27	Time_interval:0.00025582313537597656
2023-03-22 15:36:52,669 - SubscriberAppln - INFO - Topc:temperature	Content:-4	Time_interval:0.00026226043701171875
2023-03-22 15:36:53,637 - SubscriberAppln - INFO - Topc:temperature	Content:-39	Time_interval:0.00025463104248046875
2023-03-22 15:36:53,669 - SubscriberAppln - INFO - Topc:temperature	Content:51	Time_interval:0.00024127960205078125
2023-03-22 15:36:54,637 - SubscriberAppln - INFO - Topc:temperature	Content:69	Time_interval:0.00026988983154296875
2023-03-22 15:36:54,671 - SubscriberAppln - INFO - Topc:temperature	Content:76	Time_interval:0.0010113716125488281
2023-03-22 15:36:55,639 - SubscriberAppln - INFO - Topc:temperature	Content:-18	Time_interval:0.00032448768615722656
2023-03-22 15:36:55,672 - SubscriberAppln - INFO - Topc:temperature	Content:66	Time_interval:0.00025534629821777344
2023-03-22 15:36:56,640 - SubscriberAppln - INFO - Topc:temperature	Content:10	Time_interval:0.000270843505859375
2023-03-22 15:36:56,673 - SubscriberAppln - INFO - Topc:temperature	Content:56	Time_interval:0.0002703666687011719
2023-03-22 15:36:57,641 - SubscriberAppln - INFO - Topc:temperature	Content:-97	Time_interval:0.0002467632293701172
2023-03-22 15:36:57,673 - SubscriberAppln - INFO - Topc:temperature	Content:4	Time_interval:0.00024700164794921875
2023-03-22 15:36:58,641 - SubscriberAppln - INFO - Topc:temperature	Content:-71	Time_interval:0.00031566619873046875
2023-03-22 15:36:58,675 - SubscriberAppln - INFO - Topc:temperature	Content:82	Time_interval:0.00022363662719726562
2023-03-22 15:36:59,643 - SubscriberAppln - INFO - Topc:temperature	Content:73	Time_interval:0.0006258487701416016
2023-03-22 15:36:59,676 - SubscriberAppln - INFO - Topc:temperature	Content:15	Time_interval:0.0003268718719482422
2023-03-22 15:37:00,644 - SubscriberAppln - INFO - Topc:temperature	Content:12	Time_interval:0.0002663135528564453
2023-03-22 15:37:00,677 - SubscriberAppln - INFO - Topc:temperature	Content:48	Time_interval:0.00023484230041503906
