2023-03-22 15:32:53,076 - root - INFO - Main - acquire a child logger and then log messages in the child
2023-03-22 15:32:53,076 - SubscriberAppln - DEBUG - Main: parse command line arguments
2023-03-22 15:32:53,080 - SubscriberAppln - DEBUG - Main: resetting log level to 20
2023-03-22 15:32:53,080 - SubscriberAppln - INFO - SubscriberAppln::configure
2023-03-22 15:32:53,081 - SubscriberAppln - INFO - SubscriberMW::configure
2023-03-22 15:32:53,081 - SubscriberAppln - INFO - SubscriberMW::configure completed
2023-03-22 15:32:53,081 - SubscriberAppln - INFO - SubscriberAppln::configure - configuration complete
2023-03-22 15:32:53,081 - SubscriberAppln - INFO - SubscriberAppln::driver
2023-03-22 15:32:53,081 - SubscriberAppln - INFO - **********************************
2023-03-22 15:32:53,081 - SubscriberAppln - INFO - SubscriberAppln::dump
2023-03-22 15:32:53,081 - SubscriberAppln - INFO - ------------------------------
2023-03-22 15:32:53,081 - SubscriberAppln - INFO -      Name: sub27
2023-03-22 15:32:53,081 - SubscriberAppln - INFO -      Lookup: Centralized
2023-03-22 15:32:53,081 - SubscriberAppln - INFO -      Num Topics: 1
2023-03-22 15:32:53,082 - SubscriberAppln - INFO -      TopicList: ['airquality']
2023-03-22 15:32:53,082 - SubscriberAppln - INFO -      Iterations: 1000
2023-03-22 15:32:53,082 - SubscriberAppln - INFO -      Frequency: 1
2023-03-22 15:32:53,082 - SubscriberAppln - INFO - **********************************
2023-03-22 15:32:53,082 - SubscriberAppln - INFO - SubscriberMW::event_loop - run the event loop
2023-03-22 15:32:53,082 - SubscriberAppln - INFO - SubscriberAppln::invoke_operation
2023-03-22 15:32:53,082 - SubscriberAppln - INFO - SubscriberMW::register
2023-03-22 15:32:53,082 - SubscriberAppln - INFO - 1679517184.0
2023-03-22 15:32:53,082 - SubscriberAppln - INFO - 2
2023-03-22 15:32:53,082 - SubscriberAppln - INFO - SubscriberMW::register - sent register message and now now wait for reply
2023-03-22 15:32:53,317 - SubscriberAppln - INFO - SubscriberMW::handle_reply
2023-03-22 15:32:53,318 - SubscriberAppln - INFO - SubscriberAppln::register_response
2023-03-22 15:32:53,318 - SubscriberAppln - INFO - SubscriberAppln::register_response - registration is a success
2023-03-22 15:32:53,318 - SubscriberAppln - INFO - 1679517184.0
2023-03-22 15:32:53,318 - SubscriberAppln - INFO - 1679517173.318111
2023-03-22 15:32:53,318 - SubscriberAppln - INFO - -10.681889057159424
2023-03-22 15:32:53,318 - SubscriberAppln - INFO - SubscriberAppln::invoke_operation
2023-03-22 15:32:53,318 - SubscriberAppln - INFO - SubscriberMW::is_ready
2023-03-22 15:32:53,318 - SubscriberAppln - INFO - SubscriberMW::is_ready - request sent and now wait for reply
2023-03-22 15:32:54,086 - SubscriberAppln - INFO - SubscriberMW::handle_reply
2023-03-22 15:32:54,086 - SubscriberAppln - INFO - SubscriberAppln::isready_response
2023-03-22 15:32:54,087 - SubscriberAppln - INFO - SubscriberAppln::driver - Not ready yet; check again
2023-03-22 15:33:04,093 - SubscriberAppln - INFO - SubscriberAppln::invoke_operation
2023-03-22 15:33:04,093 - SubscriberAppln - INFO - SubscriberMW::is_ready
2023-03-22 15:33:04,093 - SubscriberAppln - INFO - SubscriberMW::is_ready - request sent and now wait for reply
2023-03-22 15:33:04,107 - SubscriberAppln - INFO - SubscriberMW::handle_reply
2023-03-22 15:33:04,107 - SubscriberAppln - INFO - SubscriberAppln::isready_response
2023-03-22 15:33:04,107 - SubscriberAppln - INFO - SubscriberAppln::driver - Not ready yet; check again
2023-03-22 15:33:14,117 - SubscriberAppln - INFO - SubscriberAppln::invoke_operation
2023-03-22 15:33:14,117 - SubscriberAppln - INFO - SubscriberMW::is_ready
2023-03-22 15:33:14,117 - SubscriberAppln - INFO - SubscriberMW::is_ready - request sent and now wait for reply
2023-03-22 15:33:14,131 - SubscriberAppln - INFO - SubscriberMW::handle_reply
2023-03-22 15:33:14,132 - SubscriberAppln - INFO - SubscriberAppln::isready_response
2023-03-22 15:33:14,132 - SubscriberAppln - INFO - SubscriberAppln::driver - System ready; let's connect to discovery for getting publisher information!!
2023-03-22 15:33:14,132 - SubscriberAppln - INFO - SubscriberAppln::invoke_operation
2023-03-22 15:33:14,132 - SubscriberAppln - INFO - SubscriberAppln::invoke_operation - start getting publisher information
2023-03-22 15:33:14,132 - SubscriberAppln - INFO - ['airquality']
2023-03-22 15:33:14,132 - SubscriberAppln - INFO - SubscriberAppln::invoke_operation - Find publisher completed
2023-03-22 15:33:14,137 - SubscriberAppln - INFO - SubscriberMW::handle_reply
2023-03-22 15:33:14,137 - SubscriberAppln - INFO - SubscriberMW::try to set the topic filtering
2023-03-22 15:33:14,137 - SubscriberAppln - INFO - SubscriberMW::connect to publisher
2023-03-22 15:33:14,471 - SubscriberAppln - INFO - Topc:airquality	Content:poor	Time_interval:0.0012738704681396484
2023-03-22 15:33:14,558 - SubscriberAppln - INFO - Topc:airquality	Content:poor	Time_interval:0.0003464221954345703
2023-03-22 15:33:15,471 - SubscriberAppln - INFO - Topc:airquality	Content:smog	Time_interval:0.00028967857360839844
2023-03-22 15:33:15,559 - SubscriberAppln - INFO - Topc:airquality	Content:good	Time_interval:0.0008792877197265625
2023-03-22 15:33:16,472 - SubscriberAppln - INFO - Topc:airquality	Content:poor	Time_interval:0.0002665519714355469
2023-03-22 15:33:16,561 - SubscriberAppln - INFO - Topc:airquality	Content:good	Time_interval:0.0009138584136962891
2023-03-22 15:33:17,473 - SubscriberAppln - INFO - Topc:airquality	Content:smog	Time_interval:0.00021910667419433594
2023-03-22 15:33:17,562 - SubscriberAppln - INFO - Topc:airquality	Content:smog	Time_interval:0.0003287792205810547
2023-03-22 15:33:18,475 - SubscriberAppln - INFO - Topc:airquality	Content:poor	Time_interval:0.00025010108947753906
2023-03-22 15:33:18,562 - SubscriberAppln - INFO - Topc:airquality	Content:poor	Time_interval:0.0002791881561279297
2023-03-22 15:33:19,476 - SubscriberAppln - INFO - Topc:airquality	Content:good	Time_interval:0.00023889541625976562
2023-03-22 15:33:19,564 - SubscriberAppln - INFO - Topc:airquality	Content:smog	Time_interval:0.0002980232238769531
2023-03-22 15:33:20,477 - SubscriberAppln - INFO - Topc:airquality	Content:poor	Time_interval:0.0002605915069580078
2023-03-22 15:33:20,566 - SubscriberAppln - INFO - Topc:airquality	Content:good	Time_interval:0.0008313655853271484
2023-03-22 15:33:21,477 - SubscriberAppln - INFO - Topc:airquality	Content:poor	Time_interval:0.0002522468566894531
2023-03-22 15:33:21,566 - SubscriberAppln - INFO - Topc:airquality	Content:good	Time_interval:0.00032448768615722656
2023-03-22 15:33:22,479 - SubscriberAppln - INFO - Topc:airquality	Content:poor	Time_interval:0.00029921531677246094
2023-03-22 15:33:22,568 - SubscriberAppln - INFO - Topc:airquality	Content:good	Time_interval:0.0002884864807128906
2023-03-22 15:33:23,480 - SubscriberAppln - INFO - Topc:airquality	Content:poor	Time_interval:0.0002048015594482422
2023-03-22 15:33:23,569 - SubscriberAppln - INFO - Topc:airquality	Content:smog	Time_interval:0.000274658203125
2023-03-22 15:33:24,481 - SubscriberAppln - INFO - Topc:airquality	Content:good	Time_interval:0.0002593994140625
2023-03-22 15:33:24,570 - SubscriberAppln - INFO - Topc:airquality	Content:poor	Time_interval:0.00025010108947753906
2023-03-22 15:33:25,481 - SubscriberAppln - INFO - Topc:airquality	Content:poor	Time_interval:0.0002288818359375
2023-03-22 15:33:25,571 - SubscriberAppln - INFO - Topc:airquality	Content:smog	Time_interval:0.00030684471130371094
2023-03-22 15:33:26,483 - SubscriberAppln - INFO - Topc:airquality	Content:good	Time_interval:0.00022912025451660156
2023-03-22 15:33:26,573 - SubscriberAppln - INFO - Topc:airquality	Content:poor	Time_interval:0.0007696151733398438
2023-03-22 15:33:27,484 - SubscriberAppln - INFO - Topc:airquality	Content:good	Time_interval:0.0003008842468261719
2023-03-22 15:33:27,574 - SubscriberAppln - INFO - Topc:airquality	Content:smog	Time_interval:0.0002512931823730469
2023-03-22 15:33:28,485 - SubscriberAppln - INFO - Topc:airquality	Content:good	Time_interval:0.0002598762512207031
2023-03-22 15:33:28,575 - SubscriberAppln - INFO - Topc:airquality	Content:smog	Time_interval:0.0008168220520019531
2023-03-22 15:33:29,485 - SubscriberAppln - INFO - Topc:airquality	Content:good	Time_interval:0.00028514862060546875
2023-03-22 15:33:29,576 - SubscriberAppln - INFO - Topc:airquality	Content:smog	Time_interval:0.0002727508544921875
2023-03-22 15:33:30,487 - SubscriberAppln - INFO - Topc:airquality	Content:good	Time_interval:0.00024127960205078125
2023-03-22 15:33:30,577 - SubscriberAppln - INFO - Topc:airquality	Content:good	Time_interval:0.00033211708068847656
2023-03-22 15:33:31,488 - SubscriberAppln - INFO - Topc:airquality	Content:poor	Time_interval:0.00022935867309570312
2023-03-22 15:33:31,579 - SubscriberAppln - INFO - Topc:airquality	Content:poor	Time_interval:0.0002446174621582031
2023-03-22 15:33:32,489 - SubscriberAppln - INFO - Topc:airquality	Content:poor	Time_interval:0.0002498626708984375
2023-03-22 15:33:32,580 - SubscriberAppln - INFO - Topc:airquality	Content:smog	Time_interval:0.0002434253692626953
2023-03-22 15:33:33,489 - SubscriberAppln - INFO - Topc:airquality	Content:poor	Time_interval:0.00020122528076171875
2023-03-22 15:33:33,581 - SubscriberAppln - INFO - Topc:airquality	Content:poor	Time_interval:0.00022673606872558594
2023-03-22 15:33:34,491 - SubscriberAppln - INFO - Topc:airquality	Content:smog	Time_interval:0.00031113624572753906
2023-03-22 15:33:34,581 - SubscriberAppln - INFO - Topc:airquality	Content:good	Time_interval:0.00026535987854003906
2023-03-22 15:33:35,492 - SubscriberAppln - INFO - Topc:airquality	Content:poor	Time_interval:0.0006399154663085938
2023-03-22 15:33:35,583 - SubscriberAppln - INFO - Topc:airquality	Content:poor	Time_interval:0.0007920265197753906
2023-03-22 15:33:36,493 - SubscriberAppln - INFO - Topc:airquality	Content:good	Time_interval:0.00023436546325683594
2023-03-22 15:33:36,585 - SubscriberAppln - INFO - Topc:airquality	Content:good	Time_interval:0.0008320808410644531
2023-03-22 15:33:37,493 - SubscriberAppln - INFO - Topc:airquality	Content:good	Time_interval:0.0002930164337158203
2023-03-22 15:33:37,586 - SubscriberAppln - INFO - Topc:airquality	Content:poor	Time_interval:0.0008699893951416016
2023-03-22 15:33:38,495 - SubscriberAppln - INFO - Topc:airquality	Content:good	Time_interval:0.0007853507995605469
2023-03-22 15:33:38,588 - SubscriberAppln - INFO - Topc:airquality	Content:poor	Time_interval:0.0009341239929199219
2023-03-22 15:33:39,496 - SubscriberAppln - INFO - Topc:airquality	Content:smog	Time_interval:0.0003008842468261719
2023-03-22 15:33:39,589 - SubscriberAppln - INFO - Topc:airquality	Content:smog	Time_interval:0.000904083251953125
2023-03-22 15:33:40,497 - SubscriberAppln - INFO - Topc:airquality	Content:good	Time_interval:0.0002739429473876953
2023-03-22 15:33:40,589 - SubscriberAppln - INFO - Topc:airquality	Content:good	Time_interval:0.00025773048400878906
2023-03-22 15:33:41,498 - SubscriberAppln - INFO - Topc:airquality	Content:smog	Time_interval:0.00025534629821777344
2023-03-22 15:33:41,591 - SubscriberAppln - INFO - Topc:airquality	Content:good	Time_interval:0.0002713203430175781
2023-03-22 15:33:42,499 - SubscriberAppln - INFO - Topc:airquality	Content:smog	Time_interval:0.00022602081298828125
2023-03-22 15:33:42,592 - SubscriberAppln - INFO - Topc:airquality	Content:good	Time_interval:0.000255584716796875
2023-03-22 15:33:43,500 - SubscriberAppln - INFO - Topc:airquality	Content:poor	Time_interval:0.00021004676818847656
2023-03-22 15:33:43,593 - SubscriberAppln - INFO - Topc:airquality	Content:poor	Time_interval:0.0003173351287841797
2023-03-22 15:33:44,501 - SubscriberAppln - INFO - Topc:airquality	Content:poor	Time_interval:0.00024175643920898438
2023-03-22 15:33:44,593 - SubscriberAppln - INFO - Topc:airquality	Content:good	Time_interval:0.0002980232238769531
2023-03-22 15:33:45,502 - SubscriberAppln - INFO - Topc:airquality	Content:good	Time_interval:0.0010759830474853516
2023-03-22 15:33:45,595 - SubscriberAppln - INFO - Topc:airquality	Content:smog	Time_interval:0.0002989768981933594
2023-03-22 15:33:46,503 - SubscriberAppln - INFO - Topc:airquality	Content:good	Time_interval:0.0002295970916748047
2023-03-22 15:33:46,596 - SubscriberAppln - INFO - Topc:airquality	Content:good	Time_interval:0.0002932548522949219
2023-03-22 15:33:47,504 - SubscriberAppln - INFO - Topc:airquality	Content:poor	Time_interval:0.0002357959747314453
2023-03-22 15:33:47,598 - SubscriberAppln - INFO - Topc:airquality	Content:smog	Time_interval:0.0008914470672607422
2023-03-22 15:33:48,506 - SubscriberAppln - INFO - Topc:airquality	Content:smog	Time_interval:0.0006072521209716797
2023-03-22 15:33:48,599 - SubscriberAppln - INFO - Topc:airquality	Content:smog	Time_interval:0.0007798671722412109
2023-03-22 15:33:49,507 - SubscriberAppln - INFO - Topc:airquality	Content:smog	Time_interval:0.0003418922424316406
2023-03-22 15:33:49,600 - SubscriberAppln - INFO - Topc:airquality	Content:good	Time_interval:0.0002734661102294922
2023-03-22 15:33:50,508 - SubscriberAppln - INFO - Topc:airquality	Content:smog	Time_interval:0.00025963783264160156
2023-03-22 15:33:50,601 - SubscriberAppln - INFO - Topc:airquality	Content:poor	Time_interval:0.0002493858337402344
2023-03-22 15:33:51,509 - SubscriberAppln - INFO - Topc:airquality	Content:smog	Time_interval:0.0002913475036621094
2023-03-22 15:33:51,602 - SubscriberAppln - INFO - Topc:airquality	Content:poor	Time_interval:0.0008525848388671875
2023-03-22 15:33:52,509 - SubscriberAppln - INFO - Topc:airquality	Content:poor	Time_interval:0.00028967857360839844
2023-03-22 15:33:52,603 - SubscriberAppln - INFO - Topc:airquality	Content:good	Time_interval:0.00029659271240234375
2023-03-22 15:33:53,511 - SubscriberAppln - INFO - Topc:airquality	Content:poor	Time_interval:0.0003147125244140625
2023-03-22 15:33:53,604 - SubscriberAppln - INFO - Topc:airquality	Content:poor	Time_interval:0.00028204917907714844
2023-03-22 15:33:54,513 - SubscriberAppln - INFO - Topc:airquality	Content:smog	Time_interval:0.0008437633514404297
2023-03-22 15:33:54,605 - SubscriberAppln - INFO - Topc:airquality	Content:smog	Time_interval:0.00027108192443847656
2023-03-22 15:33:55,514 - SubscriberAppln - INFO - Topc:airquality	Content:good	Time_interval:0.00029754638671875
2023-03-22 15:33:55,607 - SubscriberAppln - INFO - Topc:airquality	Content:smog	Time_interval:0.00022864341735839844
2023-03-22 15:33:56,515 - SubscriberAppln - INFO - Topc:airquality	Content:smog	Time_interval:0.00033545494079589844
2023-03-22 15:33:56,608 - SubscriberAppln - INFO - Topc:airquality	Content:good	Time_interval:0.0002396106719970703
2023-03-22 15:33:57,516 - SubscriberAppln - INFO - Topc:airquality	Content:smog	Time_interval:0.0002415180206298828
2023-03-22 15:33:57,610 - SubscriberAppln - INFO - Topc:airquality	Content:poor	Time_interval:0.0008280277252197266
2023-03-22 15:33:58,517 - SubscriberAppln - INFO - Topc:airquality	Content:good	Time_interval:0.0002753734588623047
2023-03-22 15:33:58,610 - SubscriberAppln - INFO - Topc:airquality	Content:good	Time_interval:0.0002593994140625
2023-03-22 15:33:59,517 - SubscriberAppln - INFO - Topc:airquality	Content:good	Time_interval:0.00024700164794921875
2023-03-22 15:33:59,612 - SubscriberAppln - INFO - Topc:airquality	Content:good	Time_interval:0.0008904933929443359
2023-03-22 15:34:00,519 - SubscriberAppln - INFO - Topc:airquality	Content:good	Time_interval:0.00027942657470703125
2023-03-22 15:34:00,613 - SubscriberAppln - INFO - Topc:airquality	Content:good	Time_interval:0.0002837181091308594
2023-03-22 15:34:01,520 - SubscriberAppln - INFO - Topc:airquality	Content:smog	Time_interval:0.00026679039001464844
2023-03-22 15:34:01,614 - SubscriberAppln - INFO - Topc:airquality	Content:poor	Time_interval:0.00027108192443847656
2023-03-22 15:34:02,521 - SubscriberAppln - INFO - Topc:airquality	Content:good	Time_interval:0.00029349327087402344
2023-03-22 15:34:02,616 - SubscriberAppln - INFO - Topc:airquality	Content:good	Time_interval:0.00023984909057617188
2023-03-22 15:34:03,522 - SubscriberAppln - INFO - Topc:airquality	Content:good	Time_interval:0.00037598609924316406
2023-03-22 15:34:03,617 - SubscriberAppln - INFO - Topc:airquality	Content:smog	Time_interval:0.0002582073211669922
2023-03-22 15:34:04,522 - SubscriberAppln - INFO - Topc:airquality	Content:poor	Time_interval:0.000316619873046875
2023-03-22 15:34:04,618 - SubscriberAppln - INFO - Topc:airquality	Content:poor	Time_interval:0.0009312629699707031
2023-03-22 15:34:05,523 - SubscriberAppln - INFO - Topc:airquality	Content:good	Time_interval:0.0003485679626464844
2023-03-22 15:34:05,619 - SubscriberAppln - INFO - Topc:airquality	Content:poor	Time_interval:0.0002760887145996094
2023-03-22 15:34:06,524 - SubscriberAppln - INFO - Topc:airquality	Content:smog	Time_interval:0.00026535987854003906
2023-03-22 15:34:06,620 - SubscriberAppln - INFO - Topc:airquality	Content:poor	Time_interval:0.0002932548522949219
2023-03-22 15:34:07,526 - SubscriberAppln - INFO - Topc:airquality	Content:smog	Time_interval:0.0003616809844970703
2023-03-22 15:34:07,622 - SubscriberAppln - INFO - Topc:airquality	Content:poor	Time_interval:0.0008842945098876953
2023-03-22 15:34:08,527 - SubscriberAppln - INFO - Topc:airquality	Content:poor	Time_interval:0.0002777576446533203
2023-03-22 15:34:08,623 - SubscriberAppln - INFO - Topc:airquality	Content:smog	Time_interval:0.000278472900390625
2023-03-22 15:34:09,528 - SubscriberAppln - INFO - Topc:airquality	Content:good	Time_interval:0.00028586387634277344
2023-03-22 15:34:09,625 - SubscriberAppln - INFO - Topc:airquality	Content:good	Time_interval:0.0008051395416259766
2023-03-22 15:34:10,529 - SubscriberAppln - INFO - Topc:airquality	Content:smog	Time_interval:0.00024700164794921875
2023-03-22 15:34:10,626 - SubscriberAppln - INFO - Topc:airquality	Content:smog	Time_interval:0.0002779960632324219
2023-03-22 15:34:11,531 - SubscriberAppln - INFO - Topc:airquality	Content:smog	Time_interval:0.0002810955047607422
2023-03-22 15:34:11,627 - SubscriberAppln - INFO - Topc:airquality	Content:good	Time_interval:0.0002646446228027344
2023-03-22 15:34:12,532 - SubscriberAppln - INFO - Topc:airquality	Content:good	Time_interval:0.00029540061950683594
2023-03-22 15:34:12,628 - SubscriberAppln - INFO - Topc:airquality	Content:poor	Time_interval:0.00028514862060546875
2023-03-22 15:34:13,533 - SubscriberAppln - INFO - Topc:airquality	Content:poor	Time_interval:0.0002963542938232422
2023-03-22 15:34:13,629 - SubscriberAppln - INFO - Topc:airquality	Content:good	Time_interval:0.0003299713134765625
2023-03-22 15:34:14,533 - SubscriberAppln - INFO - Topc:airquality	Content:good	Time_interval:0.0002562999725341797
2023-03-22 15:34:14,630 - SubscriberAppln - INFO - Topc:airquality	Content:poor	Time_interval:0.00030112266540527344
2023-03-22 15:34:15,631 - SubscriberAppln - INFO - Topc:airquality	Content:smog	Time_interval:0.0002770423889160156
