2023-03-22 15:32:53,074 - root - INFO - Main - acquire a child logger and then log messages in the child
2023-03-22 15:32:53,074 - SubscriberAppln - DEBUG - Main: parse command line arguments
2023-03-22 15:32:53,078 - SubscriberAppln - DEBUG - Main: resetting log level to 20
2023-03-22 15:32:53,078 - SubscriberAppln - INFO - SubscriberAppln::configure
2023-03-22 15:32:53,078 - SubscriberAppln - INFO - SubscriberMW::configure
2023-03-22 15:32:53,079 - SubscriberAppln - INFO - SubscriberMW::configure completed
2023-03-22 15:32:53,079 - SubscriberAppln - INFO - SubscriberAppln::configure - configuration complete
2023-03-22 15:32:53,079 - SubscriberAppln - INFO - SubscriberAppln::driver
2023-03-22 15:32:53,079 - SubscriberAppln - INFO - **********************************
2023-03-22 15:32:53,079 - SubscriberAppln - INFO - SubscriberAppln::dump
2023-03-22 15:32:53,079 - SubscriberAppln - INFO - ------------------------------
2023-03-22 15:32:53,079 - SubscriberAppln - INFO -      Name: sub29
2023-03-22 15:32:53,079 - SubscriberAppln - INFO -      Lookup: Centralized
2023-03-22 15:32:53,079 - SubscriberAppln - INFO -      Num Topics: 1
2023-03-22 15:32:53,079 - SubscriberAppln - INFO -      TopicList: ['sound']
2023-03-22 15:32:53,079 - SubscriberAppln - INFO -      Iterations: 1000
2023-03-22 15:32:53,080 - SubscriberAppln - INFO -      Frequency: 1
2023-03-22 15:32:53,080 - SubscriberAppln - INFO - **********************************
2023-03-22 15:32:53,080 - SubscriberAppln - INFO - SubscriberMW::event_loop - run the event loop
2023-03-22 15:32:53,080 - SubscriberAppln - INFO - SubscriberAppln::invoke_operation
2023-03-22 15:32:53,080 - SubscriberAppln - INFO - SubscriberMW::register
2023-03-22 15:32:53,080 - SubscriberAppln - INFO - 1679517184.0
2023-03-22 15:32:53,080 - SubscriberAppln - INFO - 2
2023-03-22 15:32:53,080 - SubscriberAppln - INFO - SubscriberMW::register - sent register message and now now wait for reply
2023-03-22 15:32:53,314 - SubscriberAppln - INFO - SubscriberMW::handle_reply
2023-03-22 15:32:53,314 - SubscriberAppln - INFO - SubscriberAppln::register_response
2023-03-22 15:32:53,314 - SubscriberAppln - INFO - SubscriberAppln::register_response - registration is a success
2023-03-22 15:32:53,314 - SubscriberAppln - INFO - 1679517184.0
2023-03-22 15:32:53,314 - SubscriberAppln - INFO - 1679517173.3143373
2023-03-22 15:32:53,314 - SubscriberAppln - INFO - -10.685662746429443
2023-03-22 15:32:53,314 - SubscriberAppln - INFO - SubscriberAppln::invoke_operation
2023-03-22 15:32:53,314 - SubscriberAppln - INFO - SubscriberMW::is_ready
2023-03-22 15:32:53,314 - SubscriberAppln - INFO - SubscriberMW::is_ready - request sent and now wait for reply
2023-03-22 15:32:54,073 - SubscriberAppln - INFO - SubscriberMW::handle_reply
2023-03-22 15:32:54,073 - SubscriberAppln - INFO - SubscriberAppln::isready_response
2023-03-22 15:32:54,073 - SubscriberAppln - INFO - SubscriberAppln::driver - System ready; let's connect to discovery for getting publisher information!!
2023-03-22 15:32:54,073 - SubscriberAppln - INFO - SubscriberAppln::invoke_operation
2023-03-22 15:32:54,074 - SubscriberAppln - INFO - SubscriberAppln::invoke_operation - start getting publisher information
2023-03-22 15:32:54,074 - SubscriberAppln - INFO - ['sound']
2023-03-22 15:32:54,074 - SubscriberAppln - INFO - SubscriberAppln::invoke_operation - Find publisher completed
2023-03-22 15:32:54,152 - SubscriberAppln - INFO - SubscriberMW::handle_reply
2023-03-22 15:32:54,152 - SubscriberAppln - INFO - SubscriberMW::try to set the topic filtering
2023-03-22 15:32:54,152 - SubscriberAppln - INFO - SubscriberMW::connect to publisher
2023-03-22 15:33:03,665 - SubscriberAppln - INFO - Topc:sound	Content:49	Time_interval:0.00011515617370605469
2023-03-22 15:33:03,680 - SubscriberAppln - INFO - Topc:sound	Content:68	Time_interval:0.00013685226440429688
2023-03-22 15:33:04,071 - SubscriberAppln - INFO - Topc:sound	Content:85	Time_interval:0.00013566017150878906
2023-03-22 15:33:04,666 - SubscriberAppln - INFO - Topc:sound	Content:70	Time_interval:0.00029969215393066406
2023-03-22 15:33:04,681 - SubscriberAppln - INFO - Topc:sound	Content:94	Time_interval:0.0002200603485107422
2023-03-22 15:33:05,072 - SubscriberAppln - INFO - Topc:sound	Content:39	Time_interval:0.0003590583801269531
2023-03-22 15:33:05,667 - SubscriberAppln - INFO - Topc:sound	Content:84	Time_interval:0.0003452301025390625
2023-03-22 15:33:05,681 - SubscriberAppln - INFO - Topc:sound	Content:40	Time_interval:0.00022363662719726562
2023-03-22 15:33:06,073 - SubscriberAppln - INFO - Topc:sound	Content:61	Time_interval:0.00022339820861816406
2023-03-22 15:33:06,668 - SubscriberAppln - INFO - Topc:sound	Content:69	Time_interval:0.00020933151245117188
2023-03-22 15:33:06,683 - SubscriberAppln - INFO - Topc:sound	Content:44	Time_interval:0.00021648406982421875
2023-03-22 15:33:07,075 - SubscriberAppln - INFO - Topc:sound	Content:38	Time_interval:0.0007102489471435547
2023-03-22 15:33:07,669 - SubscriberAppln - INFO - Topc:sound	Content:40	Time_interval:0.00024509429931640625
2023-03-22 15:33:07,684 - SubscriberAppln - INFO - Topc:sound	Content:37	Time_interval:0.0002243518829345703
2023-03-22 15:33:08,076 - SubscriberAppln - INFO - Topc:sound	Content:44	Time_interval:0.0007624626159667969
2023-03-22 15:33:08,670 - SubscriberAppln - INFO - Topc:sound	Content:30	Time_interval:0.00023865699768066406
2023-03-22 15:33:08,685 - SubscriberAppln - INFO - Topc:sound	Content:83	Time_interval:0.00023698806762695312
2023-03-22 15:33:09,077 - SubscriberAppln - INFO - Topc:sound	Content:75	Time_interval:0.000244140625
2023-03-22 15:33:09,672 - SubscriberAppln - INFO - Topc:sound	Content:68	Time_interval:0.0003001689910888672
2023-03-22 15:33:09,685 - SubscriberAppln - INFO - Topc:sound	Content:32	Time_interval:0.00023245811462402344
2023-03-22 15:33:10,078 - SubscriberAppln - INFO - Topc:sound	Content:36	Time_interval:0.00028514862060546875
2023-03-22 15:33:10,673 - SubscriberAppln - INFO - Topc:sound	Content:59	Time_interval:0.0002663135528564453
2023-03-22 15:33:10,687 - SubscriberAppln - INFO - Topc:sound	Content:89	Time_interval:0.0002295970916748047
2023-03-22 15:33:11,079 - SubscriberAppln - INFO - Topc:sound	Content:81	Time_interval:0.00029277801513671875
2023-03-22 15:33:11,674 - SubscriberAppln - INFO - Topc:sound	Content:64	Time_interval:0.00022864341735839844
2023-03-22 15:33:11,688 - SubscriberAppln - INFO - Topc:sound	Content:31	Time_interval:0.0001995563507080078
2023-03-22 15:33:12,080 - SubscriberAppln - INFO - Topc:sound	Content:42	Time_interval:0.0002772808074951172
2023-03-22 15:33:12,675 - SubscriberAppln - INFO - Topc:sound	Content:59	Time_interval:0.00021004676818847656
2023-03-22 15:33:12,689 - SubscriberAppln - INFO - Topc:sound	Content:75	Time_interval:0.00026535987854003906
2023-03-22 15:33:13,081 - SubscriberAppln - INFO - Topc:sound	Content:33	Time_interval:0.0002579689025878906
2023-03-22 15:33:13,676 - SubscriberAppln - INFO - Topc:sound	Content:58	Time_interval:0.0002887248992919922
2023-03-22 15:33:13,689 - SubscriberAppln - INFO - Topc:sound	Content:31	Time_interval:0.0002532005310058594
2023-03-22 15:33:13,768 - SubscriberAppln - INFO - Topc:sound	Content:80	Time_interval:0.000385284423828125
2023-03-22 15:33:14,083 - SubscriberAppln - INFO - Topc:sound	Content:32	Time_interval:0.0003407001495361328
2023-03-22 15:33:14,677 - SubscriberAppln - INFO - Topc:sound	Content:45	Time_interval:0.00025010108947753906
2023-03-22 15:33:14,691 - SubscriberAppln - INFO - Topc:sound	Content:42	Time_interval:0.00019788742065429688
2023-03-22 15:33:14,769 - SubscriberAppln - INFO - Topc:sound	Content:47	Time_interval:0.00030517578125
2023-03-22 15:33:15,084 - SubscriberAppln - INFO - Topc:sound	Content:53	Time_interval:0.0003218650817871094
2023-03-22 15:33:15,678 - SubscriberAppln - INFO - Topc:sound	Content:94	Time_interval:0.0002040863037109375
2023-03-22 15:33:15,692 - SubscriberAppln - INFO - Topc:sound	Content:92	Time_interval:0.00025343894958496094
2023-03-22 15:33:15,771 - SubscriberAppln - INFO - Topc:sound	Content:67	Time_interval:0.0002586841583251953
2023-03-22 15:33:16,085 - SubscriberAppln - INFO - Topc:sound	Content:55	Time_interval:0.0002853870391845703
2023-03-22 15:33:16,680 - SubscriberAppln - INFO - Topc:sound	Content:47	Time_interval:0.00025463104248046875
2023-03-22 15:33:16,693 - SubscriberAppln - INFO - Topc:sound	Content:51	Time_interval:0.0002646446228027344
2023-03-22 15:33:16,773 - SubscriberAppln - INFO - Topc:sound	Content:75	Time_interval:0.0008149147033691406
2023-03-22 15:33:17,086 - SubscriberAppln - INFO - Topc:sound	Content:50	Time_interval:0.0008492469787597656
2023-03-22 15:33:17,681 - SubscriberAppln - INFO - Topc:sound	Content:89	Time_interval:0.0002682209014892578
2023-03-22 15:33:17,693 - SubscriberAppln - INFO - Topc:sound	Content:45	Time_interval:0.000217437744140625
2023-03-22 15:33:17,774 - SubscriberAppln - INFO - Topc:sound	Content:30	Time_interval:0.0007128715515136719
2023-03-22 15:33:18,088 - SubscriberAppln - INFO - Topc:sound	Content:85	Time_interval:0.0007331371307373047
2023-03-22 15:33:18,681 - SubscriberAppln - INFO - Topc:sound	Content:32	Time_interval:0.0002033710479736328
2023-03-22 15:33:18,695 - SubscriberAppln - INFO - Topc:sound	Content:70	Time_interval:0.0001685619354248047
2023-03-22 15:33:18,776 - SubscriberAppln - INFO - Topc:sound	Content:50	Time_interval:0.0007617473602294922
2023-03-22 15:33:19,088 - SubscriberAppln - INFO - Topc:sound	Content:88	Time_interval:0.0002396106719970703
2023-03-22 15:33:19,683 - SubscriberAppln - INFO - Topc:sound	Content:42	Time_interval:0.00022649765014648438
2023-03-22 15:33:19,696 - SubscriberAppln - INFO - Topc:sound	Content:54	Time_interval:0.0002484321594238281
2023-03-22 15:33:19,777 - SubscriberAppln - INFO - Topc:sound	Content:42	Time_interval:0.0007460117340087891
2023-03-22 15:33:20,090 - SubscriberAppln - INFO - Topc:sound	Content:77	Time_interval:0.0002608299255371094
2023-03-22 15:33:20,684 - SubscriberAppln - INFO - Topc:sound	Content:61	Time_interval:0.00023674964904785156
2023-03-22 15:33:20,697 - SubscriberAppln - INFO - Topc:sound	Content:33	Time_interval:0.0001895427703857422
2023-03-22 15:33:20,779 - SubscriberAppln - INFO - Topc:sound	Content:35	Time_interval:0.0007152557373046875
2023-03-22 15:33:21,091 - SubscriberAppln - INFO - Topc:sound	Content:59	Time_interval:0.00028824806213378906
2023-03-22 15:33:21,686 - SubscriberAppln - INFO - Topc:sound	Content:78	Time_interval:0.0008106231689453125
2023-03-22 15:33:21,698 - SubscriberAppln - INFO - Topc:sound	Content:90	Time_interval:0.0006787776947021484
2023-03-22 15:33:21,780 - SubscriberAppln - INFO - Topc:sound	Content:78	Time_interval:0.0007464885711669922
2023-03-22 15:33:22,092 - SubscriberAppln - INFO - Topc:sound	Content:30	Time_interval:0.00021958351135253906
2023-03-22 15:33:22,685 - SubscriberAppln - INFO - Topc:sound	Content:70	Time_interval:0.0002307891845703125
2023-03-22 15:33:22,699 - SubscriberAppln - INFO - Topc:sound	Content:62	Time_interval:0.00024127960205078125
2023-03-22 15:33:22,781 - SubscriberAppln - INFO - Topc:sound	Content:51	Time_interval:0.00029730796813964844
2023-03-22 15:33:23,094 - SubscriberAppln - INFO - Topc:sound	Content:31	Time_interval:0.0008487701416015625
2023-03-22 15:33:23,687 - SubscriberAppln - INFO - Topc:sound	Content:36	Time_interval:0.00026679039001464844
2023-03-22 15:33:23,700 - SubscriberAppln - INFO - Topc:sound	Content:65	Time_interval:0.000247955322265625
2023-03-22 15:33:23,782 - SubscriberAppln - INFO - Topc:sound	Content:71	Time_interval:0.0003490447998046875
2023-03-22 15:33:24,095 - SubscriberAppln - INFO - Topc:sound	Content:71	Time_interval:0.0002989768981933594
2023-03-22 15:33:24,688 - SubscriberAppln - INFO - Topc:sound	Content:69	Time_interval:0.0002570152282714844
2023-03-22 15:33:24,701 - SubscriberAppln - INFO - Topc:sound	Content:81	Time_interval:0.00022840499877929688
2023-03-22 15:33:24,783 - SubscriberAppln - INFO - Topc:sound	Content:34	Time_interval:0.0008139610290527344
2023-03-22 15:33:25,096 - SubscriberAppln - INFO - Topc:sound	Content:62	Time_interval:0.0002684593200683594
2023-03-22 15:33:25,689 - SubscriberAppln - INFO - Topc:sound	Content:78	Time_interval:0.00022363662719726562
2023-03-22 15:33:25,701 - SubscriberAppln - INFO - Topc:sound	Content:78	Time_interval:0.00020265579223632812
2023-03-22 15:33:25,784 - SubscriberAppln - INFO - Topc:sound	Content:75	Time_interval:0.0002963542938232422
2023-03-22 15:33:26,098 - SubscriberAppln - INFO - Topc:sound	Content:40	Time_interval:0.00078582763671875
2023-03-22 15:33:26,690 - SubscriberAppln - INFO - Topc:sound	Content:68	Time_interval:0.00029015541076660156
2023-03-22 15:33:26,703 - SubscriberAppln - INFO - Topc:sound	Content:70	Time_interval:0.0002453327178955078
2023-03-22 15:33:26,786 - SubscriberAppln - INFO - Topc:sound	Content:36	Time_interval:0.00023102760314941406
2023-03-22 15:33:27,099 - SubscriberAppln - INFO - Topc:sound	Content:59	Time_interval:0.0002796649932861328
2023-03-22 15:33:27,691 - SubscriberAppln - INFO - Topc:sound	Content:47	Time_interval:0.0002224445343017578
2023-03-22 15:33:27,704 - SubscriberAppln - INFO - Topc:sound	Content:64	Time_interval:0.0002391338348388672
2023-03-22 15:33:27,787 - SubscriberAppln - INFO - Topc:sound	Content:38	Time_interval:0.0002467632293701172
2023-03-22 15:33:28,100 - SubscriberAppln - INFO - Topc:sound	Content:30	Time_interval:0.00031948089599609375
2023-03-22 15:33:28,692 - SubscriberAppln - INFO - Topc:sound	Content:87	Time_interval:0.0002677440643310547
2023-03-22 15:33:28,705 - SubscriberAppln - INFO - Topc:sound	Content:80	Time_interval:0.0002090930938720703
2023-03-22 15:33:28,788 - SubscriberAppln - INFO - Topc:sound	Content:42	Time_interval:0.0002541542053222656
2023-03-22 15:33:29,101 - SubscriberAppln - INFO - Topc:sound	Content:93	Time_interval:0.000232696533203125
2023-03-22 15:33:29,693 - SubscriberAppln - INFO - Topc:sound	Content:91	Time_interval:0.00026702880859375
2023-03-22 15:33:29,705 - SubscriberAppln - INFO - Topc:sound	Content:74	Time_interval:0.00020933151245117188
2023-03-22 15:33:29,789 - SubscriberAppln - INFO - Topc:sound	Content:76	Time_interval:0.0002396106719970703
2023-03-22 15:33:30,103 - SubscriberAppln - INFO - Topc:sound	Content:72	Time_interval:0.00021529197692871094
2023-03-22 15:33:30,694 - SubscriberAppln - INFO - Topc:sound	Content:34	Time_interval:0.00019550323486328125
2023-03-22 15:33:30,707 - SubscriberAppln - INFO - Topc:sound	Content:48	Time_interval:0.00020360946655273438
2023-03-22 15:33:30,790 - SubscriberAppln - INFO - Topc:sound	Content:76	Time_interval:0.00027489662170410156
2023-03-22 15:33:31,103 - SubscriberAppln - INFO - Topc:sound	Content:46	Time_interval:0.00023818016052246094
2023-03-22 15:33:31,696 - SubscriberAppln - INFO - Topc:sound	Content:84	Time_interval:0.0002677440643310547
2023-03-22 15:33:31,708 - SubscriberAppln - INFO - Topc:sound	Content:93	Time_interval:0.0002589225769042969
2023-03-22 15:33:31,791 - SubscriberAppln - INFO - Topc:sound	Content:54	Time_interval:0.0002567768096923828
2023-03-22 15:33:32,105 - SubscriberAppln - INFO - Topc:sound	Content:47	Time_interval:0.0006632804870605469
2023-03-22 15:33:32,697 - SubscriberAppln - INFO - Topc:sound	Content:38	Time_interval:0.0002009868621826172
2023-03-22 15:33:32,709 - SubscriberAppln - INFO - Topc:sound	Content:68	Time_interval:0.0002739429473876953
2023-03-22 15:33:32,792 - SubscriberAppln - INFO - Topc:sound	Content:35	Time_interval:0.00022554397583007812
2023-03-22 15:33:33,106 - SubscriberAppln - INFO - Topc:sound	Content:46	Time_interval:0.0002384185791015625
2023-03-22 15:33:33,697 - SubscriberAppln - INFO - Topc:sound	Content:58	Time_interval:0.00024056434631347656
2023-03-22 15:33:33,711 - SubscriberAppln - INFO - Topc:sound	Content:69	Time_interval:0.00026345252990722656
2023-03-22 15:33:33,773 - SubscriberAppln - INFO - Topc:sound	Content:39	Time_interval:0.0003733634948730469
2023-03-22 15:33:33,793 - SubscriberAppln - INFO - Topc:sound	Content:38	Time_interval:0.000194549560546875
2023-03-22 15:33:34,107 - SubscriberAppln - INFO - Topc:sound	Content:89	Time_interval:0.00032401084899902344
2023-03-22 15:33:34,699 - SubscriberAppln - INFO - Topc:sound	Content:69	Time_interval:0.0002532005310058594
2023-03-22 15:33:34,712 - SubscriberAppln - INFO - Topc:sound	Content:85	Time_interval:0.00021123886108398438
2023-03-22 15:33:34,774 - SubscriberAppln - INFO - Topc:sound	Content:62	Time_interval:0.00025463104248046875
2023-03-22 15:33:34,793 - SubscriberAppln - INFO - Topc:sound	Content:67	Time_interval:0.0002002716064453125
2023-03-22 15:33:35,109 - SubscriberAppln - INFO - Topc:sound	Content:87	Time_interval:0.0008630752563476562
2023-03-22 15:33:35,700 - SubscriberAppln - INFO - Topc:sound	Content:79	Time_interval:0.00022482872009277344
2023-03-22 15:33:35,713 - SubscriberAppln - INFO - Topc:sound	Content:82	Time_interval:0.00021910667419433594
2023-03-22 15:33:35,775 - SubscriberAppln - INFO - Topc:sound	Content:43	Time_interval:0.0002295970916748047
2023-03-22 15:33:35,795 - SubscriberAppln - INFO - Topc:sound	Content:49	Time_interval:0.00028061866760253906
2023-03-22 15:33:36,110 - SubscriberAppln - INFO - Topc:sound	Content:58	Time_interval:0.0007092952728271484
2023-03-22 15:33:36,701 - SubscriberAppln - INFO - Topc:sound	Content:36	Time_interval:0.00029969215393066406
2023-03-22 15:33:36,713 - SubscriberAppln - INFO - Topc:sound	Content:41	Time_interval:0.00023245811462402344
2023-03-22 15:33:36,776 - SubscriberAppln - INFO - Topc:sound	Content:80	Time_interval:0.00024819374084472656
2023-03-22 15:33:36,796 - SubscriberAppln - INFO - Topc:sound	Content:50	Time_interval:0.0002338886260986328
2023-03-22 15:33:37,112 - SubscriberAppln - INFO - Topc:sound	Content:42	Time_interval:0.0007264614105224609
2023-03-22 15:33:37,702 - SubscriberAppln - INFO - Topc:sound	Content:34	Time_interval:0.00029778480529785156
2023-03-22 15:33:37,715 - SubscriberAppln - INFO - Topc:sound	Content:90	Time_interval:0.00022029876708984375
2023-03-22 15:33:37,778 - SubscriberAppln - INFO - Topc:sound	Content:91	Time_interval:0.0007808208465576172
2023-03-22 15:33:37,797 - SubscriberAppln - INFO - Topc:sound	Content:37	Time_interval:0.0002110004425048828
2023-03-22 15:33:38,113 - SubscriberAppln - INFO - Topc:sound	Content:30	Time_interval:0.0003311634063720703
2023-03-22 15:33:38,703 - SubscriberAppln - INFO - Topc:sound	Content:63	Time_interval:0.00029754638671875
2023-03-22 15:33:38,716 - SubscriberAppln - INFO - Topc:sound	Content:65	Time_interval:0.00021219253540039062
2023-03-22 15:33:38,779 - SubscriberAppln - INFO - Topc:sound	Content:93	Time_interval:0.0002949237823486328
2023-03-22 15:33:38,798 - SubscriberAppln - INFO - Topc:sound	Content:59	Time_interval:0.00022292137145996094
2023-03-22 15:33:39,114 - SubscriberAppln - INFO - Topc:sound	Content:35	Time_interval:0.0008523464202880859
2023-03-22 15:33:39,704 - SubscriberAppln - INFO - Topc:sound	Content:92	Time_interval:0.00021576881408691406
2023-03-22 15:33:39,717 - SubscriberAppln - INFO - Topc:sound	Content:67	Time_interval:0.00023937225341796875
2023-03-22 15:33:39,780 - SubscriberAppln - INFO - Topc:sound	Content:74	Time_interval:0.0002129077911376953
2023-03-22 15:33:39,799 - SubscriberAppln - INFO - Topc:sound	Content:74	Time_interval:0.00025582313537597656
2023-03-22 15:33:40,116 - SubscriberAppln - INFO - Topc:sound	Content:46	Time_interval:0.0007774829864501953
2023-03-22 15:33:40,706 - SubscriberAppln - INFO - Topc:sound	Content:67	Time_interval:0.00029850006103515625
2023-03-22 15:33:40,717 - SubscriberAppln - INFO - Topc:sound	Content:69	Time_interval:0.00020265579223632812
2023-03-22 15:33:40,781 - SubscriberAppln - INFO - Topc:sound	Content:69	Time_interval:0.0001971721649169922
2023-03-22 15:33:40,800 - SubscriberAppln - INFO - Topc:sound	Content:36	Time_interval:0.0002777576446533203
2023-03-22 15:33:41,117 - SubscriberAppln - INFO - Topc:sound	Content:60	Time_interval:0.00030875205993652344
2023-03-22 15:33:41,707 - SubscriberAppln - INFO - Topc:sound	Content:50	Time_interval:0.0002593994140625
2023-03-22 15:33:41,719 - SubscriberAppln - INFO - Topc:sound	Content:53	Time_interval:0.00023412704467773438
2023-03-22 15:33:41,782 - SubscriberAppln - INFO - Topc:sound	Content:48	Time_interval:0.0006422996520996094
2023-03-22 15:33:41,801 - SubscriberAppln - INFO - Topc:sound	Content:71	Time_interval:0.00021457672119140625
2023-03-22 15:33:42,117 - SubscriberAppln - INFO - Topc:sound	Content:44	Time_interval:0.00019931793212890625
2023-03-22 15:33:42,708 - SubscriberAppln - INFO - Topc:sound	Content:49	Time_interval:0.00022339820861816406
2023-03-22 15:33:42,720 - SubscriberAppln - INFO - Topc:sound	Content:66	Time_interval:0.00020360946655273438
2023-03-22 15:33:42,783 - SubscriberAppln - INFO - Topc:sound	Content:43	Time_interval:0.0007152557373046875
2023-03-22 15:33:42,801 - SubscriberAppln - INFO - Topc:sound	Content:47	Time_interval:0.00018548965454101562
2023-03-22 15:33:43,119 - SubscriberAppln - INFO - Topc:sound	Content:63	Time_interval:0.000263214111328125
2023-03-22 15:33:43,709 - SubscriberAppln - INFO - Topc:sound	Content:33	Time_interval:0.00023818016052246094
2023-03-22 15:33:43,721 - SubscriberAppln - INFO - Topc:sound	Content:87	Time_interval:0.0002741813659667969
2023-03-22 15:33:43,784 - SubscriberAppln - INFO - Topc:sound	Content:74	Time_interval:0.00022983551025390625
2023-03-22 15:33:43,802 - SubscriberAppln - INFO - Topc:sound	Content:37	Time_interval:0.0002110004425048828
2023-03-22 15:33:44,120 - SubscriberAppln - INFO - Topc:sound	Content:33	Time_interval:0.000270843505859375
2023-03-22 15:33:44,710 - SubscriberAppln - INFO - Topc:sound	Content:76	Time_interval:0.0003006458282470703
2023-03-22 15:33:44,721 - SubscriberAppln - INFO - Topc:sound	Content:79	Time_interval:0.00021147727966308594
2023-03-22 15:33:44,786 - SubscriberAppln - INFO - Topc:sound	Content:59	Time_interval:0.0007488727569580078
2023-03-22 15:33:44,803 - SubscriberAppln - INFO - Topc:sound	Content:55	Time_interval:0.0007283687591552734
2023-03-22 15:33:45,121 - SubscriberAppln - INFO - Topc:sound	Content:32	Time_interval:0.0003592967987060547
2023-03-22 15:33:45,711 - SubscriberAppln - INFO - Topc:sound	Content:32	Time_interval:0.00020956993103027344
2023-03-22 15:33:45,723 - SubscriberAppln - INFO - Topc:sound	Content:69	Time_interval:0.0002579689025878906
2023-03-22 15:33:45,787 - SubscriberAppln - INFO - Topc:sound	Content:60	Time_interval:0.0003066062927246094
2023-03-22 15:33:45,804 - SubscriberAppln - INFO - Topc:sound	Content:49	Time_interval:0.0002346038818359375
2023-03-22 15:33:46,122 - SubscriberAppln - INFO - Topc:sound	Content:94	Time_interval:0.0006999969482421875
2023-03-22 15:33:46,712 - SubscriberAppln - INFO - Topc:sound	Content:93	Time_interval:0.00030231475830078125
2023-03-22 15:33:46,724 - SubscriberAppln - INFO - Topc:sound	Content:93	Time_interval:0.0002624988555908203
2023-03-22 15:33:46,789 - SubscriberAppln - INFO - Topc:sound	Content:59	Time_interval:0.0008563995361328125
2023-03-22 15:33:46,805 - SubscriberAppln - INFO - Topc:sound	Content:51	Time_interval:0.00025343894958496094
2023-03-22 15:33:47,123 - SubscriberAppln - INFO - Topc:sound	Content:45	Time_interval:0.00023174285888671875
2023-03-22 15:33:47,713 - SubscriberAppln - INFO - Topc:sound	Content:69	Time_interval:0.00023865699768066406
2023-03-22 15:33:47,725 - SubscriberAppln - INFO - Topc:sound	Content:88	Time_interval:0.000240325927734375
2023-03-22 15:33:47,790 - SubscriberAppln - INFO - Topc:sound	Content:39	Time_interval:0.0007443428039550781
2023-03-22 15:33:47,807 - SubscriberAppln - INFO - Topc:sound	Content:34	Time_interval:0.00023174285888671875
2023-03-22 15:33:48,125 - SubscriberAppln - INFO - Topc:sound	Content:94	Time_interval:0.0007734298706054688
2023-03-22 15:33:48,713 - SubscriberAppln - INFO - Topc:sound	Content:36	Time_interval:0.0002942085266113281
2023-03-22 15:33:48,725 - SubscriberAppln - INFO - Topc:sound	Content:84	Time_interval:0.000270843505859375
2023-03-22 15:33:48,791 - SubscriberAppln - INFO - Topc:sound	Content:90	Time_interval:0.00023603439331054688
2023-03-22 15:33:48,808 - SubscriberAppln - INFO - Topc:sound	Content:58	Time_interval:0.00027179718017578125
2023-03-22 15:33:49,126 - SubscriberAppln - INFO - Topc:sound	Content:38	Time_interval:0.0008070468902587891
2023-03-22 15:33:49,715 - SubscriberAppln - INFO - Topc:sound	Content:60	Time_interval:0.00025963783264160156
2023-03-22 15:33:49,727 - SubscriberAppln - INFO - Topc:sound	Content:80	Time_interval:0.00020003318786621094
2023-03-22 15:33:49,793 - SubscriberAppln - INFO - Topc:sound	Content:80	Time_interval:0.0006844997406005859
2023-03-22 15:33:49,809 - SubscriberAppln - INFO - Topc:sound	Content:30	Time_interval:0.0002124309539794922
2023-03-22 15:33:50,127 - SubscriberAppln - INFO - Topc:sound	Content:38	Time_interval:0.00026917457580566406
2023-03-22 15:33:50,716 - SubscriberAppln - INFO - Topc:sound	Content:87	Time_interval:0.00023865699768066406
2023-03-22 15:33:50,728 - SubscriberAppln - INFO - Topc:sound	Content:59	Time_interval:0.0002276897430419922
2023-03-22 15:33:50,794 - SubscriberAppln - INFO - Topc:sound	Content:57	Time_interval:0.00023484230041503906
2023-03-22 15:33:50,809 - SubscriberAppln - INFO - Topc:sound	Content:61	Time_interval:0.00027823448181152344
2023-03-22 15:33:51,129 - SubscriberAppln - INFO - Topc:sound	Content:51	Time_interval:0.0007174015045166016
2023-03-22 15:33:51,717 - SubscriberAppln - INFO - Topc:sound	Content:76	Time_interval:0.0002944469451904297
2023-03-22 15:33:51,729 - SubscriberAppln - INFO - Topc:sound	Content:62	Time_interval:0.0001957416534423828
2023-03-22 15:33:51,795 - SubscriberAppln - INFO - Topc:sound	Content:83	Time_interval:0.0001957416534423828
2023-03-22 15:33:51,811 - SubscriberAppln - INFO - Topc:sound	Content:91	Time_interval:0.00016689300537109375
2023-03-22 15:33:52,130 - SubscriberAppln - INFO - Topc:sound	Content:87	Time_interval:0.0006933212280273438
2023-03-22 15:33:52,718 - SubscriberAppln - INFO - Topc:sound	Content:51	Time_interval:0.0003154277801513672
2023-03-22 15:33:52,729 - SubscriberAppln - INFO - Topc:sound	Content:80	Time_interval:0.0002238750457763672
2023-03-22 15:33:52,796 - SubscriberAppln - INFO - Topc:sound	Content:56	Time_interval:0.00018715858459472656
2023-03-22 15:33:52,812 - SubscriberAppln - INFO - Topc:sound	Content:60	Time_interval:0.0002868175506591797
2023-03-22 15:33:53,131 - SubscriberAppln - INFO - Topc:sound	Content:89	Time_interval:0.00028133392333984375
2023-03-22 15:33:53,719 - SubscriberAppln - INFO - Topc:sound	Content:89	Time_interval:0.00026917457580566406
2023-03-22 15:33:53,730 - SubscriberAppln - INFO - Topc:sound	Content:90	Time_interval:0.00022029876708984375
2023-03-22 15:33:53,797 - SubscriberAppln - INFO - Topc:sound	Content:61	Time_interval:0.0001976490020751953
2023-03-22 15:33:53,813 - SubscriberAppln - INFO - Topc:sound	Content:46	Time_interval:0.00026988983154296875
2023-03-22 15:33:54,132 - SubscriberAppln - INFO - Topc:sound	Content:36	Time_interval:0.00022530555725097656
2023-03-22 15:33:54,720 - SubscriberAppln - INFO - Topc:sound	Content:94	Time_interval:0.000240325927734375
2023-03-22 15:33:54,732 - SubscriberAppln - INFO - Topc:sound	Content:65	Time_interval:0.00019502639770507812
2023-03-22 15:33:54,797 - SubscriberAppln - INFO - Topc:sound	Content:72	Time_interval:0.0002090930938720703
2023-03-22 15:33:54,813 - SubscriberAppln - INFO - Topc:sound	Content:63	Time_interval:0.0002300739288330078
2023-03-22 15:33:55,134 - SubscriberAppln - INFO - Topc:sound	Content:70	Time_interval:0.0007264614105224609
2023-03-22 15:33:55,721 - SubscriberAppln - INFO - Topc:sound	Content:56	Time_interval:0.0002722740173339844
2023-03-22 15:33:55,733 - SubscriberAppln - INFO - Topc:sound	Content:71	Time_interval:0.00022077560424804688
2023-03-22 15:33:55,799 - SubscriberAppln - INFO - Topc:sound	Content:85	Time_interval:0.0006678104400634766
2023-03-22 15:33:55,815 - SubscriberAppln - INFO - Topc:sound	Content:76	Time_interval:0.00021958351135253906
2023-03-22 15:33:56,135 - SubscriberAppln - INFO - Topc:sound	Content:33	Time_interval:0.00029349327087402344
2023-03-22 15:33:56,722 - SubscriberAppln - INFO - Topc:sound	Content:88	Time_interval:0.0002589225769042969
2023-03-22 15:33:56,733 - SubscriberAppln - INFO - Topc:sound	Content:68	Time_interval:0.00017952919006347656
2023-03-22 15:33:56,800 - SubscriberAppln - INFO - Topc:sound	Content:52	Time_interval:0.0001862049102783203
2023-03-22 15:33:56,816 - SubscriberAppln - INFO - Topc:sound	Content:36	Time_interval:0.00023031234741210938
2023-03-22 15:33:57,136 - SubscriberAppln - INFO - Topc:sound	Content:94	Time_interval:0.00025582313537597656
2023-03-22 15:33:57,723 - SubscriberAppln - INFO - Topc:sound	Content:80	Time_interval:0.00024580955505371094
2023-03-22 15:33:57,735 - SubscriberAppln - INFO - Topc:sound	Content:37	Time_interval:0.0002319812774658203
2023-03-22 15:33:57,801 - SubscriberAppln - INFO - Topc:sound	Content:66	Time_interval:0.00024271011352539062
2023-03-22 15:33:57,817 - SubscriberAppln - INFO - Topc:sound	Content:71	Time_interval:0.00024771690368652344
2023-03-22 15:33:58,138 - SubscriberAppln - INFO - Topc:sound	Content:35	Time_interval:0.0006048679351806641
2023-03-22 15:33:58,724 - SubscriberAppln - INFO - Topc:sound	Content:38	Time_interval:0.00031566619873046875
2023-03-22 15:33:58,736 - SubscriberAppln - INFO - Topc:sound	Content:81	Time_interval:0.0002598762512207031
2023-03-22 15:33:58,803 - SubscriberAppln - INFO - Topc:sound	Content:58	Time_interval:0.0007302761077880859
2023-03-22 15:33:58,818 - SubscriberAppln - INFO - Topc:sound	Content:67	Time_interval:0.0007350444793701172
2023-03-22 15:33:59,139 - SubscriberAppln - INFO - Topc:sound	Content:76	Time_interval:0.00026535987854003906
2023-03-22 15:33:59,725 - SubscriberAppln - INFO - Topc:sound	Content:52	Time_interval:0.00026154518127441406
2023-03-22 15:33:59,737 - SubscriberAppln - INFO - Topc:sound	Content:41	Time_interval:0.00023865699768066406
2023-03-22 15:33:59,804 - SubscriberAppln - INFO - Topc:sound	Content:30	Time_interval:0.0002562999725341797
2023-03-22 15:33:59,819 - SubscriberAppln - INFO - Topc:sound	Content:58	Time_interval:0.00022554397583007812
2023-03-22 15:34:00,141 - SubscriberAppln - INFO - Topc:sound	Content:76	Time_interval:0.0007569789886474609
2023-03-22 15:34:00,726 - SubscriberAppln - INFO - Topc:sound	Content:41	Time_interval:0.0002999305725097656
2023-03-22 15:34:00,737 - SubscriberAppln - INFO - Topc:sound	Content:94	Time_interval:0.0002372264862060547
2023-03-22 15:34:00,806 - SubscriberAppln - INFO - Topc:sound	Content:36	Time_interval:0.0007052421569824219
2023-03-22 15:34:00,820 - SubscriberAppln - INFO - Topc:sound	Content:89	Time_interval:0.0002009868621826172
2023-03-22 15:34:01,142 - SubscriberAppln - INFO - Topc:sound	Content:50	Time_interval:0.0007958412170410156
2023-03-22 15:34:01,727 - SubscriberAppln - INFO - Topc:sound	Content:32	Time_interval:0.0002770423889160156
2023-03-22 15:34:01,739 - SubscriberAppln - INFO - Topc:sound	Content:92	Time_interval:0.0002608299255371094
2023-03-22 15:34:01,807 - SubscriberAppln - INFO - Topc:sound	Content:41	Time_interval:0.0007219314575195312
2023-03-22 15:34:01,821 - SubscriberAppln - INFO - Topc:sound	Content:50	Time_interval:0.00019860267639160156
2023-03-22 15:34:02,143 - SubscriberAppln - INFO - Topc:sound	Content:90	Time_interval:0.0002467632293701172
2023-03-22 15:34:02,728 - SubscriberAppln - INFO - Topc:sound	Content:71	Time_interval:0.0002529621124267578
2023-03-22 15:34:02,740 - SubscriberAppln - INFO - Topc:sound	Content:47	Time_interval:0.0002677440643310547
2023-03-22 15:34:02,809 - SubscriberAppln - INFO - Topc:sound	Content:52	Time_interval:0.0007832050323486328
2023-03-22 15:34:02,822 - SubscriberAppln - INFO - Topc:sound	Content:62	Time_interval:0.000743865966796875
2023-03-22 15:34:03,144 - SubscriberAppln - INFO - Topc:sound	Content:36	Time_interval:0.00024771690368652344
2023-03-22 15:34:03,729 - SubscriberAppln - INFO - Topc:sound	Content:88	Time_interval:0.00028324127197265625
2023-03-22 15:34:03,741 - SubscriberAppln - INFO - Topc:sound	Content:65	Time_interval:0.0002295970916748047
2023-03-22 15:34:03,810 - SubscriberAppln - INFO - Topc:sound	Content:76	Time_interval:0.0007364749908447266
2023-03-22 15:34:03,824 - SubscriberAppln - INFO - Topc:sound	Content:40	Time_interval:0.0007078647613525391
2023-03-22 15:34:04,146 - SubscriberAppln - INFO - Topc:sound	Content:79	Time_interval:0.00026154518127441406
2023-03-22 15:34:04,730 - SubscriberAppln - INFO - Topc:sound	Content:35	Time_interval:0.0002639293670654297
2023-03-22 15:34:04,741 - SubscriberAppln - INFO - Topc:sound	Content:66	Time_interval:0.0002357959747314453
2023-03-22 15:34:04,811 - SubscriberAppln - INFO - Topc:sound	Content:43	Time_interval:0.00019025802612304688
2023-03-22 15:34:04,824 - SubscriberAppln - INFO - Topc:sound	Content:35	Time_interval:0.00020575523376464844
2023-03-22 15:34:05,147 - SubscriberAppln - INFO - Topc:sound	Content:62	Time_interval:0.0006990432739257812
2023-03-22 15:34:05,731 - SubscriberAppln - INFO - Topc:sound	Content:64	Time_interval:0.0001964569091796875
2023-03-22 15:34:05,743 - SubscriberAppln - INFO - Topc:sound	Content:72	Time_interval:0.00020551681518554688
2023-03-22 15:34:05,812 - SubscriberAppln - INFO - Topc:sound	Content:46	Time_interval:0.0002853870391845703
2023-03-22 15:34:05,825 - SubscriberAppln - INFO - Topc:sound	Content:34	Time_interval:0.0001964569091796875
2023-03-22 15:34:06,148 - SubscriberAppln - INFO - Topc:sound	Content:80	Time_interval:0.00024271011352539062
2023-03-22 15:34:06,733 - SubscriberAppln - INFO - Topc:sound	Content:81	Time_interval:0.0002551078796386719
2023-03-22 15:34:06,744 - SubscriberAppln - INFO - Topc:sound	Content:83	Time_interval:0.0002639293670654297
2023-03-22 15:34:06,814 - SubscriberAppln - INFO - Topc:sound	Content:34	Time_interval:0.0007703304290771484
2023-03-22 15:34:06,827 - SubscriberAppln - INFO - Topc:sound	Content:73	Time_interval:0.0002186298370361328
2023-03-22 15:34:07,149 - SubscriberAppln - INFO - Topc:sound	Content:61	Time_interval:0.0002181529998779297
2023-03-22 15:34:07,733 - SubscriberAppln - INFO - Topc:sound	Content:66	Time_interval:0.00023603439331054688
2023-03-22 15:34:07,745 - SubscriberAppln - INFO - Topc:sound	Content:75	Time_interval:0.000186920166015625
2023-03-22 15:34:07,815 - SubscriberAppln - INFO - Topc:sound	Content:52	Time_interval:0.00025725364685058594
2023-03-22 15:34:07,828 - SubscriberAppln - INFO - Topc:sound	Content:80	Time_interval:0.00024390220642089844
2023-03-22 15:34:08,150 - SubscriberAppln - INFO - Topc:sound	Content:48	Time_interval:0.0002307891845703125
2023-03-22 15:34:08,735 - SubscriberAppln - INFO - Topc:sound	Content:30	Time_interval:0.0002493858337402344
2023-03-22 15:34:08,745 - SubscriberAppln - INFO - Topc:sound	Content:50	Time_interval:0.00024008750915527344
2023-03-22 15:34:08,816 - SubscriberAppln - INFO - Topc:sound	Content:74	Time_interval:0.00023293495178222656
2023-03-22 15:34:08,829 - SubscriberAppln - INFO - Topc:sound	Content:36	Time_interval:0.0002238750457763672
2023-03-22 15:34:09,152 - SubscriberAppln - INFO - Topc:sound	Content:93	Time_interval:0.0003018379211425781
2023-03-22 15:34:09,736 - SubscriberAppln - INFO - Topc:sound	Content:62	Time_interval:0.0007293224334716797
2023-03-22 15:34:09,747 - SubscriberAppln - INFO - Topc:sound	Content:50	Time_interval:0.0007596015930175781
2023-03-22 15:34:09,817 - SubscriberAppln - INFO - Topc:sound	Content:53	Time_interval:0.000278472900390625
2023-03-22 15:34:09,829 - SubscriberAppln - INFO - Topc:sound	Content:93	Time_interval:0.00021028518676757812
2023-03-22 15:34:10,153 - SubscriberAppln - INFO - Topc:sound	Content:65	Time_interval:0.0007121562957763672
2023-03-22 15:34:10,737 - SubscriberAppln - INFO - Topc:sound	Content:70	Time_interval:0.00027489662170410156
2023-03-22 15:34:10,748 - SubscriberAppln - INFO - Topc:sound	Content:74	Time_interval:0.0002067089080810547
2023-03-22 15:34:10,819 - SubscriberAppln - INFO - Topc:sound	Content:52	Time_interval:0.0006835460662841797
2023-03-22 15:34:10,831 - SubscriberAppln - INFO - Topc:sound	Content:74	Time_interval:0.00019097328186035156
2023-03-22 15:34:11,155 - SubscriberAppln - INFO - Topc:sound	Content:89	Time_interval:0.0003218650817871094
2023-03-22 15:34:11,738 - SubscriberAppln - INFO - Topc:sound	Content:63	Time_interval:0.00021505355834960938
2023-03-22 15:34:11,749 - SubscriberAppln - INFO - Topc:sound	Content:65	Time_interval:0.00020313262939453125
2023-03-22 15:34:11,820 - SubscriberAppln - INFO - Topc:sound	Content:60	Time_interval:0.00031447410583496094
2023-03-22 15:34:11,832 - SubscriberAppln - INFO - Topc:sound	Content:86	Time_interval:0.0002429485321044922
2023-03-22 15:34:12,156 - SubscriberAppln - INFO - Topc:sound	Content:72	Time_interval:0.00022912025451660156
2023-03-22 15:34:12,740 - SubscriberAppln - INFO - Topc:sound	Content:30	Time_interval:0.0007731914520263672
2023-03-22 15:34:12,751 - SubscriberAppln - INFO - Topc:sound	Content:85	Time_interval:0.0006997585296630859
2023-03-22 15:34:12,821 - SubscriberAppln - INFO - Topc:sound	Content:31	Time_interval:0.0002689361572265625
2023-03-22 15:34:12,833 - SubscriberAppln - INFO - Topc:sound	Content:63	Time_interval:0.0002181529998779297
2023-03-22 15:34:13,158 - SubscriberAppln - INFO - Topc:sound	Content:59	Time_interval:0.0008866786956787109
2023-03-22 15:34:13,741 - SubscriberAppln - INFO - Topc:sound	Content:89	Time_interval:0.00020265579223632812
2023-03-22 15:34:13,752 - SubscriberAppln - INFO - Topc:sound	Content:33	Time_interval:0.0002906322479248047
2023-03-22 15:34:13,822 - SubscriberAppln - INFO - Topc:sound	Content:90	Time_interval:0.0007774829864501953
2023-03-22 15:34:13,834 - SubscriberAppln - INFO - Topc:sound	Content:70	Time_interval:0.0006885528564453125
2023-03-22 15:34:14,159 - SubscriberAppln - INFO - Topc:sound	Content:79	Time_interval:0.0006048679351806641
2023-03-22 15:34:14,742 - SubscriberAppln - INFO - Topc:sound	Content:80	Time_interval:0.00028395652770996094
2023-03-22 15:34:14,753 - SubscriberAppln - INFO - Topc:sound	Content:37	Time_interval:0.00026869773864746094
2023-03-22 15:34:14,824 - SubscriberAppln - INFO - Topc:sound	Content:35	Time_interval:0.0006711483001708984
2023-03-22 15:34:14,835 - SubscriberAppln - INFO - Topc:sound	Content:91	Time_interval:0.0002455711364746094
2023-03-22 15:34:15,160 - SubscriberAppln - INFO - Topc:sound	Content:66	Time_interval:0.00021386146545410156
2023-03-22 15:34:15,743 - SubscriberAppln - INFO - Topc:sound	Content:40	Time_interval:0.00020599365234375
2023-03-22 15:34:15,825 - SubscriberAppln - INFO - Topc:sound	Content:57	Time_interval:0.00028777122497558594
2023-03-22 15:34:15,836 - SubscriberAppln - INFO - Topc:sound	Content:33	Time_interval:0.00026679039001464844
2023-03-22 15:34:16,745 - SubscriberAppln - INFO - Topc:sound	Content:72	Time_interval:0.0002162456512451172
2023-03-22 15:34:16,825 - SubscriberAppln - INFO - Topc:sound	Content:73	Time_interval:0.00021266937255859375
2023-03-22 15:34:16,837 - SubscriberAppln - INFO - Topc:sound	Content:90	Time_interval:0.0003025531768798828
