2023-03-22 15:32:53,089 - root - INFO - Main - acquire a child logger and then log messages in the child
2023-03-22 15:32:53,089 - SubscriberAppln - DEBUG - Main: parse command line arguments
2023-03-22 15:32:53,092 - SubscriberAppln - DEBUG - Main: resetting log level to 20
2023-03-22 15:32:53,092 - SubscriberAppln - INFO - SubscriberAppln::configure
2023-03-22 15:32:53,093 - SubscriberAppln - INFO - SubscriberMW::configure
2023-03-22 15:32:53,093 - SubscriberAppln - INFO - SubscriberMW::configure completed
2023-03-22 15:32:53,093 - SubscriberAppln - INFO - SubscriberAppln::configure - configuration complete
2023-03-22 15:32:53,093 - SubscriberAppln - INFO - SubscriberAppln::driver
2023-03-22 15:32:53,093 - SubscriberAppln - INFO - **********************************
2023-03-22 15:32:53,093 - SubscriberAppln - INFO - SubscriberAppln::dump
2023-03-22 15:32:53,093 - SubscriberAppln - INFO - ------------------------------
2023-03-22 15:32:53,093 - SubscriberAppln - INFO -      Name: sub24
2023-03-22 15:32:53,093 - SubscriberAppln - INFO -      Lookup: Centralized
2023-03-22 15:32:53,093 - SubscriberAppln - INFO -      Num Topics: 1
2023-03-22 15:32:53,093 - SubscriberAppln - INFO -      TopicList: ['airquality']
2023-03-22 15:32:53,093 - SubscriberAppln - INFO -      Iterations: 1000
2023-03-22 15:32:53,093 - SubscriberAppln - INFO -      Frequency: 1
2023-03-22 15:32:53,093 - SubscriberAppln - INFO - **********************************
2023-03-22 15:32:53,093 - SubscriberAppln - INFO - SubscriberMW::event_loop - run the event loop
2023-03-22 15:32:53,093 - SubscriberAppln - INFO - SubscriberAppln::invoke_operation
2023-03-22 15:32:53,093 - SubscriberAppln - INFO - SubscriberMW::register
2023-03-22 15:32:53,093 - SubscriberAppln - INFO - 1679517184.0
2023-03-22 15:32:53,093 - SubscriberAppln - INFO - 2
2023-03-22 15:32:53,094 - SubscriberAppln - INFO - SubscriberMW::register - sent register message and now now wait for reply
2023-03-22 15:32:53,330 - SubscriberAppln - INFO - SubscriberMW::handle_reply
2023-03-22 15:32:53,330 - SubscriberAppln - INFO - SubscriberAppln::register_response
2023-03-22 15:32:53,330 - SubscriberAppln - INFO - SubscriberAppln::register_response - registration is a success
2023-03-22 15:32:53,330 - SubscriberAppln - INFO - 1679517184.0
2023-03-22 15:32:53,330 - SubscriberAppln - INFO - 1679517173.3309495
2023-03-22 15:32:53,330 - SubscriberAppln - INFO - -10.669050216674805
2023-03-22 15:32:53,331 - SubscriberAppln - INFO - SubscriberAppln::invoke_operation
2023-03-22 15:32:53,331 - SubscriberAppln - INFO - SubscriberMW::is_ready
2023-03-22 15:32:53,331 - SubscriberAppln - INFO - SubscriberMW::is_ready - request sent and now wait for reply
2023-03-22 15:32:54,140 - SubscriberAppln - INFO - SubscriberMW::handle_reply
2023-03-22 15:32:54,140 - SubscriberAppln - INFO - SubscriberAppln::isready_response
2023-03-22 15:32:54,140 - SubscriberAppln - INFO - SubscriberAppln::driver - Not ready yet; check again
2023-03-22 15:33:04,149 - SubscriberAppln - INFO - SubscriberAppln::invoke_operation
2023-03-22 15:33:04,149 - SubscriberAppln - INFO - SubscriberMW::is_ready
2023-03-22 15:33:04,149 - SubscriberAppln - INFO - SubscriberMW::is_ready - request sent and now wait for reply
2023-03-22 15:33:04,164 - SubscriberAppln - INFO - SubscriberMW::handle_reply
2023-03-22 15:33:04,164 - SubscriberAppln - INFO - SubscriberAppln::isready_response
2023-03-22 15:33:04,164 - SubscriberAppln - INFO - SubscriberAppln::driver - Not ready yet; check again
2023-03-22 15:33:14,173 - SubscriberAppln - INFO - SubscriberAppln::invoke_operation
2023-03-22 15:33:14,173 - SubscriberAppln - INFO - SubscriberMW::is_ready
2023-03-22 15:33:14,173 - SubscriberAppln - INFO - SubscriberMW::is_ready - request sent and now wait for reply
2023-03-22 15:33:14,187 - SubscriberAppln - INFO - SubscriberMW::handle_reply
2023-03-22 15:33:14,187 - SubscriberAppln - INFO - SubscriberAppln::isready_response
2023-03-22 15:33:14,187 - SubscriberAppln - INFO - SubscriberAppln::driver - Not ready yet; check again
2023-03-22 15:33:24,193 - SubscriberAppln - INFO - SubscriberAppln::invoke_operation
2023-03-22 15:33:24,193 - SubscriberAppln - INFO - SubscriberMW::is_ready
2023-03-22 15:33:24,193 - SubscriberAppln - INFO - SubscriberMW::is_ready - request sent and now wait for reply
2023-03-22 15:33:24,208 - SubscriberAppln - INFO - SubscriberMW::handle_reply
2023-03-22 15:33:24,208 - SubscriberAppln - INFO - SubscriberAppln::isready_response
2023-03-22 15:33:24,208 - SubscriberAppln - INFO - SubscriberAppln::driver - System ready; let's connect to discovery for getting publisher information!!
2023-03-22 15:33:24,208 - SubscriberAppln - INFO - SubscriberAppln::invoke_operation
2023-03-22 15:33:24,208 - SubscriberAppln - INFO - SubscriberAppln::invoke_operation - start getting publisher information
2023-03-22 15:33:24,208 - SubscriberAppln - INFO - ['airquality']
2023-03-22 15:33:24,208 - SubscriberAppln - INFO - SubscriberAppln::invoke_operation - Find publisher completed
2023-03-22 15:33:24,212 - SubscriberAppln - INFO - SubscriberMW::handle_reply
2023-03-22 15:33:24,212 - SubscriberAppln - INFO - SubscriberMW::try to set the topic filtering
2023-03-22 15:33:24,212 - SubscriberAppln - INFO - SubscriberMW::connect to publisher
2023-03-22 15:33:24,481 - SubscriberAppln - INFO - Topc:airquality	Content:good	Time_interval:0.00036215782165527344
2023-03-22 15:33:24,570 - SubscriberAppln - INFO - Topc:airquality	Content:poor	Time_interval:0.0003578662872314453
2023-03-22 15:33:25,481 - SubscriberAppln - INFO - Topc:airquality	Content:poor	Time_interval:0.00024318695068359375
2023-03-22 15:33:25,571 - SubscriberAppln - INFO - Topc:airquality	Content:smog	Time_interval:0.00028443336486816406
2023-03-22 15:33:26,483 - SubscriberAppln - INFO - Topc:airquality	Content:good	Time_interval:0.000335693359375
2023-03-22 15:33:26,573 - SubscriberAppln - INFO - Topc:airquality	Content:poor	Time_interval:0.0008559226989746094
2023-03-22 15:33:27,484 - SubscriberAppln - INFO - Topc:airquality	Content:good	Time_interval:0.0002593994140625
2023-03-22 15:33:27,574 - SubscriberAppln - INFO - Topc:airquality	Content:smog	Time_interval:0.00029587745666503906
2023-03-22 15:33:28,485 - SubscriberAppln - INFO - Topc:airquality	Content:good	Time_interval:0.00027680397033691406
2023-03-22 15:33:28,575 - SubscriberAppln - INFO - Topc:airquality	Content:smog	Time_interval:0.0008728504180908203
2023-03-22 15:33:29,485 - SubscriberAppln - INFO - Topc:airquality	Content:good	Time_interval:0.0002837181091308594
2023-03-22 15:33:29,576 - SubscriberAppln - INFO - Topc:airquality	Content:smog	Time_interval:0.00028514862060546875
2023-03-22 15:33:30,487 - SubscriberAppln - INFO - Topc:airquality	Content:good	Time_interval:0.00026702880859375
2023-03-22 15:33:30,577 - SubscriberAppln - INFO - Topc:airquality	Content:good	Time_interval:0.0003216266632080078
2023-03-22 15:33:31,488 - SubscriberAppln - INFO - Topc:airquality	Content:poor	Time_interval:0.00024962425231933594
2023-03-22 15:33:31,579 - SubscriberAppln - INFO - Topc:airquality	Content:poor	Time_interval:0.0003037452697753906
2023-03-22 15:33:32,489 - SubscriberAppln - INFO - Topc:airquality	Content:poor	Time_interval:0.00026297569274902344
2023-03-22 15:33:32,580 - SubscriberAppln - INFO - Topc:airquality	Content:smog	Time_interval:0.0002918243408203125
2023-03-22 15:33:33,489 - SubscriberAppln - INFO - Topc:airquality	Content:poor	Time_interval:0.00022912025451660156
2023-03-22 15:33:33,581 - SubscriberAppln - INFO - Topc:airquality	Content:poor	Time_interval:0.0002448558807373047
2023-03-22 15:33:34,491 - SubscriberAppln - INFO - Topc:airquality	Content:smog	Time_interval:0.0002970695495605469
2023-03-22 15:33:34,581 - SubscriberAppln - INFO - Topc:airquality	Content:good	Time_interval:0.00025773048400878906
2023-03-22 15:33:35,492 - SubscriberAppln - INFO - Topc:airquality	Content:poor	Time_interval:0.0006780624389648438
2023-03-22 15:33:35,583 - SubscriberAppln - INFO - Topc:airquality	Content:poor	Time_interval:0.0008261203765869141
2023-03-22 15:33:36,493 - SubscriberAppln - INFO - Topc:airquality	Content:good	Time_interval:0.0002522468566894531
2023-03-22 15:33:36,585 - SubscriberAppln - INFO - Topc:airquality	Content:good	Time_interval:0.0008528232574462891
2023-03-22 15:33:37,493 - SubscriberAppln - INFO - Topc:airquality	Content:good	Time_interval:0.0003020763397216797
2023-03-22 15:33:37,586 - SubscriberAppln - INFO - Topc:airquality	Content:poor	Time_interval:0.0009188652038574219
2023-03-22 15:33:38,495 - SubscriberAppln - INFO - Topc:airquality	Content:good	Time_interval:0.0007295608520507812
2023-03-22 15:33:38,588 - SubscriberAppln - INFO - Topc:airquality	Content:poor	Time_interval:0.0010075569152832031
2023-03-22 15:33:39,496 - SubscriberAppln - INFO - Topc:airquality	Content:smog	Time_interval:0.0003528594970703125
2023-03-22 15:33:39,589 - SubscriberAppln - INFO - Topc:airquality	Content:smog	Time_interval:0.0009031295776367188
2023-03-22 15:33:40,497 - SubscriberAppln - INFO - Topc:airquality	Content:good	Time_interval:0.00026488304138183594
2023-03-22 15:33:40,589 - SubscriberAppln - INFO - Topc:airquality	Content:good	Time_interval:0.0002772808074951172
2023-03-22 15:33:41,498 - SubscriberAppln - INFO - Topc:airquality	Content:smog	Time_interval:0.0002751350402832031
2023-03-22 15:33:41,591 - SubscriberAppln - INFO - Topc:airquality	Content:good	Time_interval:0.0002894401550292969
2023-03-22 15:33:42,499 - SubscriberAppln - INFO - Topc:airquality	Content:smog	Time_interval:0.00023818016052246094
2023-03-22 15:33:42,592 - SubscriberAppln - INFO - Topc:airquality	Content:good	Time_interval:0.00026988983154296875
2023-03-22 15:33:43,500 - SubscriberAppln - INFO - Topc:airquality	Content:poor	Time_interval:0.00022482872009277344
2023-03-22 15:33:43,593 - SubscriberAppln - INFO - Topc:airquality	Content:poor	Time_interval:0.0003268718719482422
2023-03-22 15:33:44,501 - SubscriberAppln - INFO - Topc:airquality	Content:poor	Time_interval:0.0002586841583251953
2023-03-22 15:33:44,593 - SubscriberAppln - INFO - Topc:airquality	Content:good	Time_interval:0.0002570152282714844
2023-03-22 15:33:45,502 - SubscriberAppln - INFO - Topc:airquality	Content:good	Time_interval:0.0010716915130615234
2023-03-22 15:33:45,595 - SubscriberAppln - INFO - Topc:airquality	Content:smog	Time_interval:0.0003173351287841797
2023-03-22 15:33:46,503 - SubscriberAppln - INFO - Topc:airquality	Content:good	Time_interval:0.00023746490478515625
2023-03-22 15:33:46,596 - SubscriberAppln - INFO - Topc:airquality	Content:good	Time_interval:0.00030517578125
2023-03-22 15:33:47,504 - SubscriberAppln - INFO - Topc:airquality	Content:poor	Time_interval:0.00024390220642089844
2023-03-22 15:33:47,598 - SubscriberAppln - INFO - Topc:airquality	Content:smog	Time_interval:0.0009317398071289062
2023-03-22 15:33:48,506 - SubscriberAppln - INFO - Topc:airquality	Content:smog	Time_interval:0.0006036758422851562
2023-03-22 15:33:48,599 - SubscriberAppln - INFO - Topc:airquality	Content:smog	Time_interval:0.000820159912109375
2023-03-22 15:33:49,507 - SubscriberAppln - INFO - Topc:airquality	Content:smog	Time_interval:0.0003070831298828125
2023-03-22 15:33:49,600 - SubscriberAppln - INFO - Topc:airquality	Content:good	Time_interval:0.0003192424774169922
2023-03-22 15:33:50,508 - SubscriberAppln - INFO - Topc:airquality	Content:smog	Time_interval:0.00022792816162109375
2023-03-22 15:33:50,601 - SubscriberAppln - INFO - Topc:airquality	Content:poor	Time_interval:0.0002682209014892578
2023-03-22 15:33:51,509 - SubscriberAppln - INFO - Topc:airquality	Content:smog	Time_interval:0.0002949237823486328
2023-03-22 15:33:51,602 - SubscriberAppln - INFO - Topc:airquality	Content:poor	Time_interval:0.0009615421295166016
2023-03-22 15:33:52,509 - SubscriberAppln - INFO - Topc:airquality	Content:poor	Time_interval:0.00030350685119628906
2023-03-22 15:33:52,603 - SubscriberAppln - INFO - Topc:airquality	Content:good	Time_interval:0.0003333091735839844
2023-03-22 15:33:53,511 - SubscriberAppln - INFO - Topc:airquality	Content:poor	Time_interval:0.0003254413604736328
2023-03-22 15:33:53,604 - SubscriberAppln - INFO - Topc:airquality	Content:poor	Time_interval:0.0002682209014892578
2023-03-22 15:33:54,513 - SubscriberAppln - INFO - Topc:airquality	Content:smog	Time_interval:0.0008690357208251953
2023-03-22 15:33:54,606 - SubscriberAppln - INFO - Topc:airquality	Content:smog	Time_interval:0.00031113624572753906
2023-03-22 15:33:55,514 - SubscriberAppln - INFO - Topc:airquality	Content:good	Time_interval:0.0003132820129394531
2023-03-22 15:33:55,607 - SubscriberAppln - INFO - Topc:airquality	Content:smog	Time_interval:0.0002675056457519531
2023-03-22 15:33:56,515 - SubscriberAppln - INFO - Topc:airquality	Content:smog	Time_interval:0.00031638145446777344
2023-03-22 15:33:56,608 - SubscriberAppln - INFO - Topc:airquality	Content:good	Time_interval:0.0002849102020263672
2023-03-22 15:33:57,516 - SubscriberAppln - INFO - Topc:airquality	Content:smog	Time_interval:0.0002720355987548828
2023-03-22 15:33:57,610 - SubscriberAppln - INFO - Topc:airquality	Content:poor	Time_interval:0.0009360313415527344
2023-03-22 15:33:58,517 - SubscriberAppln - INFO - Topc:airquality	Content:good	Time_interval:0.0004515647888183594
2023-03-22 15:33:58,611 - SubscriberAppln - INFO - Topc:airquality	Content:good	Time_interval:0.000278472900390625
2023-03-22 15:33:59,517 - SubscriberAppln - INFO - Topc:airquality	Content:good	Time_interval:0.000270843505859375
2023-03-22 15:33:59,612 - SubscriberAppln - INFO - Topc:airquality	Content:good	Time_interval:0.0009679794311523438
2023-03-22 15:34:00,519 - SubscriberAppln - INFO - Topc:airquality	Content:good	Time_interval:0.00024962425231933594
2023-03-22 15:34:00,613 - SubscriberAppln - INFO - Topc:airquality	Content:good	Time_interval:0.0002562999725341797
2023-03-22 15:34:01,520 - SubscriberAppln - INFO - Topc:airquality	Content:smog	Time_interval:0.0002498626708984375
2023-03-22 15:34:01,614 - SubscriberAppln - INFO - Topc:airquality	Content:poor	Time_interval:0.00025844573974609375
2023-03-22 15:34:02,521 - SubscriberAppln - INFO - Topc:airquality	Content:good	Time_interval:0.0002796649932861328
2023-03-22 15:34:02,616 - SubscriberAppln - INFO - Topc:airquality	Content:good	Time_interval:0.0002682209014892578
2023-03-22 15:34:03,522 - SubscriberAppln - INFO - Topc:airquality	Content:good	Time_interval:0.000324249267578125
2023-03-22 15:34:03,617 - SubscriberAppln - INFO - Topc:airquality	Content:smog	Time_interval:0.0002543926239013672
2023-03-22 15:34:04,522 - SubscriberAppln - INFO - Topc:airquality	Content:poor	Time_interval:0.00031638145446777344
2023-03-22 15:34:04,618 - SubscriberAppln - INFO - Topc:airquality	Content:poor	Time_interval:0.0009708404541015625
2023-03-22 15:34:05,523 - SubscriberAppln - INFO - Topc:airquality	Content:good	Time_interval:0.0003485679626464844
2023-03-22 15:34:05,619 - SubscriberAppln - INFO - Topc:airquality	Content:poor	Time_interval:0.00031256675720214844
2023-03-22 15:34:06,524 - SubscriberAppln - INFO - Topc:airquality	Content:smog	Time_interval:0.0002803802490234375
2023-03-22 15:34:06,620 - SubscriberAppln - INFO - Topc:airquality	Content:poor	Time_interval:0.00030875205993652344
2023-03-22 15:34:07,526 - SubscriberAppln - INFO - Topc:airquality	Content:smog	Time_interval:0.00034308433532714844
2023-03-22 15:34:07,622 - SubscriberAppln - INFO - Topc:airquality	Content:poor	Time_interval:0.0009419918060302734
2023-03-22 15:34:08,527 - SubscriberAppln - INFO - Topc:airquality	Content:poor	Time_interval:0.0002872943878173828
2023-03-22 15:34:08,623 - SubscriberAppln - INFO - Topc:airquality	Content:smog	Time_interval:0.0003082752227783203
2023-03-22 15:34:09,528 - SubscriberAppln - INFO - Topc:airquality	Content:good	Time_interval:0.00029587745666503906
2023-03-22 15:34:09,625 - SubscriberAppln - INFO - Topc:airquality	Content:good	Time_interval:0.0008325576782226562
2023-03-22 15:34:10,529 - SubscriberAppln - INFO - Topc:airquality	Content:smog	Time_interval:0.000247955322265625
2023-03-22 15:34:10,626 - SubscriberAppln - INFO - Topc:airquality	Content:smog	Time_interval:0.00034332275390625
2023-03-22 15:34:11,531 - SubscriberAppln - INFO - Topc:airquality	Content:smog	Time_interval:0.0003535747528076172
2023-03-22 15:34:11,627 - SubscriberAppln - INFO - Topc:airquality	Content:good	Time_interval:0.00030112266540527344
2023-03-22 15:34:12,532 - SubscriberAppln - INFO - Topc:airquality	Content:good	Time_interval:0.00035834312438964844
2023-03-22 15:34:12,628 - SubscriberAppln - INFO - Topc:airquality	Content:poor	Time_interval:0.0003542900085449219
2023-03-22 15:34:13,533 - SubscriberAppln - INFO - Topc:airquality	Content:poor	Time_interval:0.00029850006103515625
2023-03-22 15:34:13,629 - SubscriberAppln - INFO - Topc:airquality	Content:good	Time_interval:0.0003447532653808594
2023-03-22 15:34:14,533 - SubscriberAppln - INFO - Topc:airquality	Content:good	Time_interval:0.00031256675720214844
2023-03-22 15:34:14,630 - SubscriberAppln - INFO - Topc:airquality	Content:poor	Time_interval:0.00034308433532714844
2023-03-22 15:34:15,631 - SubscriberAppln - INFO - Topc:airquality	Content:smog	Time_interval:0.0002892017364501953
