2023-03-22 15:32:53,056 - root - INFO - Main - acquire a child logger and then log messages in the child
2023-03-22 15:32:53,056 - SubscriberAppln - DEBUG - Main: parse command line arguments
2023-03-22 15:32:53,060 - SubscriberAppln - DEBUG - Main: resetting log level to 20
2023-03-22 15:32:53,060 - SubscriberAppln - INFO - SubscriberAppln::configure
2023-03-22 15:32:53,060 - SubscriberAppln - INFO - SubscriberMW::configure
2023-03-22 15:32:53,061 - SubscriberAppln - INFO - SubscriberMW::configure completed
2023-03-22 15:32:53,061 - SubscriberAppln - INFO - SubscriberAppln::configure - configuration complete
2023-03-22 15:32:53,061 - SubscriberAppln - INFO - SubscriberAppln::driver
2023-03-22 15:32:53,061 - SubscriberAppln - INFO - **********************************
2023-03-22 15:32:53,061 - SubscriberAppln - INFO - SubscriberAppln::dump
2023-03-22 15:32:53,061 - SubscriberAppln - INFO - ------------------------------
2023-03-22 15:32:53,061 - SubscriberAppln - INFO -      Name: sub23
2023-03-22 15:32:53,061 - SubscriberAppln - INFO -      Lookup: Centralized
2023-03-22 15:32:53,061 - SubscriberAppln - INFO -      Num Topics: 1
2023-03-22 15:32:53,061 - SubscriberAppln - INFO -      TopicList: ['pressure']
2023-03-22 15:32:53,061 - SubscriberAppln - INFO -      Iterations: 1000
2023-03-22 15:32:53,061 - SubscriberAppln - INFO -      Frequency: 1
2023-03-22 15:32:53,061 - SubscriberAppln - INFO - **********************************
2023-03-22 15:32:53,061 - SubscriberAppln - INFO - SubscriberMW::event_loop - run the event loop
2023-03-22 15:32:53,061 - SubscriberAppln - INFO - SubscriberAppln::invoke_operation
2023-03-22 15:32:53,061 - SubscriberAppln - INFO - SubscriberMW::register
2023-03-22 15:32:53,061 - SubscriberAppln - INFO - 1679517184.0
2023-03-22 15:32:53,061 - SubscriberAppln - INFO - 2
2023-03-22 15:32:53,061 - SubscriberAppln - INFO - SubscriberMW::register - sent register message and now now wait for reply
2023-03-22 15:32:53,281 - SubscriberAppln - INFO - SubscriberMW::handle_reply
2023-03-22 15:32:53,281 - SubscriberAppln - INFO - SubscriberAppln::register_response
2023-03-22 15:32:53,281 - SubscriberAppln - INFO - SubscriberAppln::register_response - registration is a success
2023-03-22 15:32:53,281 - SubscriberAppln - INFO - 1679517184.0
2023-03-22 15:32:53,281 - SubscriberAppln - INFO - 1679517173.281824
2023-03-22 15:32:53,281 - SubscriberAppln - INFO - -10.718175888061523
2023-03-22 15:32:53,281 - SubscriberAppln - INFO - SubscriberAppln::invoke_operation
2023-03-22 15:32:53,281 - SubscriberAppln - INFO - SubscriberMW::is_ready
2023-03-22 15:32:53,282 - SubscriberAppln - INFO - SubscriberMW::is_ready - request sent and now wait for reply
2023-03-22 15:32:53,954 - SubscriberAppln - INFO - SubscriberMW::handle_reply
2023-03-22 15:32:53,954 - SubscriberAppln - INFO - SubscriberAppln::isready_response
2023-03-22 15:32:53,954 - SubscriberAppln - INFO - SubscriberAppln::driver - System ready; let's connect to discovery for getting publisher information!!
2023-03-22 15:32:53,954 - SubscriberAppln - INFO - SubscriberAppln::invoke_operation
2023-03-22 15:32:53,954 - SubscriberAppln - INFO - SubscriberAppln::invoke_operation - start getting publisher information
2023-03-22 15:32:53,954 - SubscriberAppln - INFO - ['pressure']
2023-03-22 15:32:53,954 - SubscriberAppln - INFO - SubscriberAppln::invoke_operation - Find publisher completed
2023-03-22 15:32:54,165 - SubscriberAppln - INFO - SubscriberMW::handle_reply
2023-03-22 15:32:54,165 - SubscriberAppln - INFO - SubscriberMW::try to set the topic filtering
2023-03-22 15:32:54,165 - SubscriberAppln - INFO - SubscriberMW::connect to publisher
