2023-03-22 15:32:53,065 - root - INFO - Main - acquire a child logger and then log messages in the child
2023-03-22 15:32:53,065 - SubscriberAppln - DEBUG - Main: parse command line arguments
2023-03-22 15:32:53,069 - SubscriberAppln - DEBUG - Main: resetting log level to 20
2023-03-22 15:32:53,069 - SubscriberAppln - INFO - SubscriberAppln::configure
2023-03-22 15:32:53,069 - SubscriberAppln - INFO - SubscriberMW::configure
2023-03-22 15:32:53,070 - SubscriberAppln - INFO - SubscriberMW::configure completed
2023-03-22 15:32:53,070 - SubscriberAppln - INFO - SubscriberAppln::configure - configuration complete
2023-03-22 15:32:53,070 - SubscriberAppln - INFO - SubscriberAppln::driver
2023-03-22 15:32:53,070 - SubscriberAppln - INFO - **********************************
2023-03-22 15:32:53,070 - SubscriberAppln - INFO - SubscriberAppln::dump
2023-03-22 15:32:53,070 - SubscriberAppln - INFO - ------------------------------
2023-03-22 15:32:53,070 - SubscriberAppln - INFO -      Name: sub25
2023-03-22 15:32:53,070 - SubscriberAppln - INFO -      Lookup: Centralized
2023-03-22 15:32:53,070 - SubscriberAppln - INFO -      Num Topics: 1
2023-03-22 15:32:53,070 - SubscriberAppln - INFO -      TopicList: ['humidity']
2023-03-22 15:32:53,070 - SubscriberAppln - INFO -      Iterations: 1000
2023-03-22 15:32:53,070 - SubscriberAppln - INFO -      Frequency: 1
2023-03-22 15:32:53,070 - SubscriberAppln - INFO - **********************************
2023-03-22 15:32:53,070 - SubscriberAppln - INFO - SubscriberMW::event_loop - run the event loop
2023-03-22 15:32:53,070 - SubscriberAppln - INFO - SubscriberAppln::invoke_operation
2023-03-22 15:32:53,070 - SubscriberAppln - INFO - SubscriberMW::register
2023-03-22 15:32:53,070 - SubscriberAppln - INFO - 1679517184.0
2023-03-22 15:32:53,070 - SubscriberAppln - INFO - 2
2023-03-22 15:32:53,070 - SubscriberAppln - INFO - SubscriberMW::register - sent register message and now now wait for reply
2023-03-22 15:32:53,282 - SubscriberAppln - INFO - SubscriberMW::handle_reply
2023-03-22 15:32:53,282 - SubscriberAppln - INFO - SubscriberAppln::register_response
2023-03-22 15:32:53,282 - SubscriberAppln - INFO - SubscriberAppln::register_response - registration is a success
2023-03-22 15:32:53,282 - SubscriberAppln - INFO - 1679517184.0
2023-03-22 15:32:53,282 - SubscriberAppln - INFO - 1679517173.2828274
2023-03-22 15:32:53,282 - SubscriberAppln - INFO - -10.717172622680664
2023-03-22 15:32:53,282 - SubscriberAppln - INFO - SubscriberAppln::invoke_operation
2023-03-22 15:32:53,283 - SubscriberAppln - INFO - SubscriberMW::is_ready
2023-03-22 15:32:53,283 - SubscriberAppln - INFO - SubscriberMW::is_ready - request sent and now wait for reply
2023-03-22 15:32:53,967 - SubscriberAppln - INFO - SubscriberMW::handle_reply
2023-03-22 15:32:53,967 - SubscriberAppln - INFO - SubscriberAppln::isready_response
2023-03-22 15:32:53,967 - SubscriberAppln - INFO - SubscriberAppln::driver - Not ready yet; check again
2023-03-22 15:33:03,977 - SubscriberAppln - INFO - SubscriberAppln::invoke_operation
2023-03-22 15:33:03,977 - SubscriberAppln - INFO - SubscriberMW::is_ready
2023-03-22 15:33:03,977 - SubscriberAppln - INFO - SubscriberMW::is_ready - request sent and now wait for reply
2023-03-22 15:33:03,991 - SubscriberAppln - INFO - SubscriberMW::handle_reply
2023-03-22 15:33:03,992 - SubscriberAppln - INFO - SubscriberAppln::isready_response
2023-03-22 15:33:03,992 - SubscriberAppln - INFO - SubscriberAppln::driver - System ready; let's connect to discovery for getting publisher information!!
2023-03-22 15:33:03,992 - SubscriberAppln - INFO - SubscriberAppln::invoke_operation
2023-03-22 15:33:03,992 - SubscriberAppln - INFO - SubscriberAppln::invoke_operation - start getting publisher information
2023-03-22 15:33:03,992 - SubscriberAppln - INFO - ['humidity']
2023-03-22 15:33:03,992 - SubscriberAppln - INFO - SubscriberAppln::invoke_operation - Find publisher completed
2023-03-22 15:33:04,007 - SubscriberAppln - INFO - SubscriberMW::handle_reply
2023-03-22 15:33:04,007 - SubscriberAppln - INFO - SubscriberMW::try to set the topic filtering
2023-03-22 15:33:04,007 - SubscriberAppln - INFO - SubscriberMW::connect to publisher
2023-03-22 15:33:04,434 - SubscriberAppln - INFO - Topc:humidity	Content:91.27810269138875	Time_interval:0.00032258033752441406
2023-03-22 15:33:04,600 - SubscriberAppln - INFO - Topc:humidity	Content:27.069323332697977	Time_interval:0.0003209114074707031
2023-03-22 15:33:04,625 - SubscriberAppln - INFO - Topc:humidity	Content:85.66952927125497	Time_interval:0.00035691261291503906
2023-03-22 15:33:04,639 - SubscriberAppln - INFO - Topc:humidity	Content:33.39254118750533	Time_interval:0.0002598762512207031
2023-03-22 15:33:05,436 - SubscriberAppln - INFO - Topc:humidity	Content:28.465050964576104	Time_interval:0.0009355545043945312
2023-03-22 15:33:05,601 - SubscriberAppln - INFO - Topc:humidity	Content:85.19577616827911	Time_interval:0.0002856254577636719
2023-03-22 15:33:05,627 - SubscriberAppln - INFO - Topc:humidity	Content:12.119748398227163	Time_interval:0.0003306865692138672
2023-03-22 15:33:05,640 - SubscriberAppln - INFO - Topc:humidity	Content:98.96422903919363	Time_interval:0.00028896331787109375
2023-03-22 15:33:06,437 - SubscriberAppln - INFO - Topc:humidity	Content:80.36745725174485	Time_interval:0.0009179115295410156
2023-03-22 15:33:06,601 - SubscriberAppln - INFO - Topc:humidity	Content:62.93707542343877	Time_interval:0.00029206275939941406
2023-03-22 15:33:06,628 - SubscriberAppln - INFO - Topc:humidity	Content:93.55597953632447	Time_interval:0.0003666877746582031
2023-03-22 15:33:06,641 - SubscriberAppln - INFO - Topc:humidity	Content:19.843837331493756	Time_interval:0.00024509429931640625
2023-03-22 15:33:07,438 - SubscriberAppln - INFO - Topc:humidity	Content:81.40195784386582	Time_interval:0.00036406517028808594
2023-03-22 15:33:07,603 - SubscriberAppln - INFO - Topc:humidity	Content:37.36228451822377	Time_interval:0.0002970695495605469
2023-03-22 15:33:07,629 - SubscriberAppln - INFO - Topc:humidity	Content:97.23838267181642	Time_interval:0.00024318695068359375
2023-03-22 15:33:07,641 - SubscriberAppln - INFO - Topc:humidity	Content:43.93317164647473	Time_interval:0.00025725364685058594
2023-03-22 15:33:08,439 - SubscriberAppln - INFO - Topc:humidity	Content:58.348818310196165	Time_interval:0.00048351287841796875
2023-03-22 15:33:08,604 - SubscriberAppln - INFO - Topc:humidity	Content:73.89222083108044	Time_interval:0.0002713203430175781
2023-03-22 15:33:08,630 - SubscriberAppln - INFO - Topc:humidity	Content:48.81396650134741	Time_interval:0.0003314018249511719
2023-03-22 15:33:08,643 - SubscriberAppln - INFO - Topc:humidity	Content:38.488567213481446	Time_interval:0.0002865791320800781
2023-03-22 15:33:09,440 - SubscriberAppln - INFO - Topc:humidity	Content:34.29990625515832	Time_interval:0.0004127025604248047
2023-03-22 15:33:09,604 - SubscriberAppln - INFO - Topc:humidity	Content:78.32649173161727	Time_interval:0.0002741813659667969
2023-03-22 15:33:09,631 - SubscriberAppln - INFO - Topc:humidity	Content:15.786365767956458	Time_interval:0.0003368854522705078
2023-03-22 15:33:09,644 - SubscriberAppln - INFO - Topc:humidity	Content:86.9244044081834	Time_interval:0.00028395652770996094
2023-03-22 15:33:10,442 - SubscriberAppln - INFO - Topc:humidity	Content:41.15325228734733	Time_interval:0.0009796619415283203
2023-03-22 15:33:10,605 - SubscriberAppln - INFO - Topc:humidity	Content:49.29401671299167	Time_interval:0.00024175643920898438
2023-03-22 15:33:10,632 - SubscriberAppln - INFO - Topc:humidity	Content:11.330276698168788	Time_interval:0.0002551078796386719
2023-03-22 15:33:10,645 - SubscriberAppln - INFO - Topc:humidity	Content:43.29609908567185	Time_interval:0.0002956390380859375
2023-03-22 15:33:11,443 - SubscriberAppln - INFO - Topc:humidity	Content:38.67466462408083	Time_interval:0.0009112358093261719
2023-03-22 15:33:11,606 - SubscriberAppln - INFO - Topc:humidity	Content:26.827949276206116	Time_interval:0.00022983551025390625
2023-03-22 15:33:11,633 - SubscriberAppln - INFO - Topc:humidity	Content:45.35226829454193	Time_interval:0.00026607513427734375
2023-03-22 15:33:11,645 - SubscriberAppln - INFO - Topc:humidity	Content:57.060584270075054	Time_interval:0.0002593994140625
2023-03-22 15:33:12,445 - SubscriberAppln - INFO - Topc:humidity	Content:16.957582069681248	Time_interval:0.0008838176727294922
2023-03-22 15:33:12,608 - SubscriberAppln - INFO - Topc:humidity	Content:73.85143686424895	Time_interval:0.00027298927307128906
2023-03-22 15:33:12,633 - SubscriberAppln - INFO - Topc:humidity	Content:13.997301240240269	Time_interval:0.0002372264862060547
2023-03-22 15:33:12,647 - SubscriberAppln - INFO - Topc:humidity	Content:86.78363912017133	Time_interval:0.0002644062042236328
2023-03-22 15:33:13,445 - SubscriberAppln - INFO - Topc:humidity	Content:43.440795855680946	Time_interval:0.00021767616271972656
2023-03-22 15:33:13,478 - SubscriberAppln - INFO - Topc:humidity	Content:52.074601375851294	Time_interval:0.00019979476928710938
2023-03-22 15:33:13,609 - SubscriberAppln - INFO - Topc:humidity	Content:24.298264475276174	Time_interval:0.00024509429931640625
2023-03-22 15:33:13,635 - SubscriberAppln - INFO - Topc:humidity	Content:89.02429461620481	Time_interval:0.00022721290588378906
2023-03-22 15:33:13,648 - SubscriberAppln - INFO - Topc:humidity	Content:39.44220272740688	Time_interval:0.00023937225341796875
2023-03-22 15:33:14,447 - SubscriberAppln - INFO - Topc:humidity	Content:98.06455365636117	Time_interval:0.0009236335754394531
2023-03-22 15:33:14,479 - SubscriberAppln - INFO - Topc:humidity	Content:29.136227099739838	Time_interval:0.00024247169494628906
2023-03-22 15:33:14,609 - SubscriberAppln - INFO - Topc:humidity	Content:64.33901877581522	Time_interval:0.0002799034118652344
2023-03-22 15:33:14,636 - SubscriberAppln - INFO - Topc:humidity	Content:15.869678017300004	Time_interval:0.00030875205993652344
2023-03-22 15:33:14,649 - SubscriberAppln - INFO - Topc:humidity	Content:36.35622505940627	Time_interval:0.00028228759765625
2023-03-22 15:33:15,448 - SubscriberAppln - INFO - Topc:humidity	Content:72.35653656489578	Time_interval:0.00033664703369140625
2023-03-22 15:33:15,481 - SubscriberAppln - INFO - Topc:humidity	Content:54.47720963127651	Time_interval:0.0002760887145996094
2023-03-22 15:33:15,611 - SubscriberAppln - INFO - Topc:humidity	Content:61.000089013258574	Time_interval:0.00025177001953125
2023-03-22 15:33:15,637 - SubscriberAppln - INFO - Topc:humidity	Content:23.02222677284933	Time_interval:0.00028777122497558594
2023-03-22 15:33:15,649 - SubscriberAppln - INFO - Topc:humidity	Content:42.709436035782026	Time_interval:0.00027179718017578125
2023-03-22 15:33:16,449 - SubscriberAppln - INFO - Topc:humidity	Content:85.00769702751055	Time_interval:0.0003170967102050781
2023-03-22 15:33:16,482 - SubscriberAppln - INFO - Topc:humidity	Content:24.336507434148025	Time_interval:0.00026154518127441406
2023-03-22 15:33:16,612 - SubscriberAppln - INFO - Topc:humidity	Content:62.012951454966085	Time_interval:0.00024890899658203125
2023-03-22 15:33:16,638 - SubscriberAppln - INFO - Topc:humidity	Content:40.319929661882014	Time_interval:0.0003414154052734375
2023-03-22 15:33:16,651 - SubscriberAppln - INFO - Topc:humidity	Content:55.533119191523284	Time_interval:0.0003440380096435547
2023-03-22 15:33:17,450 - SubscriberAppln - INFO - Topc:humidity	Content:97.74978017891107	Time_interval:0.0002791881561279297
2023-03-22 15:33:17,483 - SubscriberAppln - INFO - Topc:humidity	Content:22.439955232011705	Time_interval:0.0003139972686767578
2023-03-22 15:33:17,613 - SubscriberAppln - INFO - Topc:humidity	Content:54.78454038076247	Time_interval:0.00028514862060546875
2023-03-22 15:33:17,639 - SubscriberAppln - INFO - Topc:humidity	Content:41.53894031996372	Time_interval:0.00027871131896972656
2023-03-22 15:33:17,652 - SubscriberAppln - INFO - Topc:humidity	Content:50.622828654882895	Time_interval:0.0003066062927246094
2023-03-22 15:33:18,451 - SubscriberAppln - INFO - Topc:humidity	Content:37.5013793854314	Time_interval:0.0003323554992675781
2023-03-22 15:33:18,484 - SubscriberAppln - INFO - Topc:humidity	Content:37.848264038438806	Time_interval:0.00025534629821777344
2023-03-22 15:33:18,614 - SubscriberAppln - INFO - Topc:humidity	Content:88.3438918185913	Time_interval:0.0009737014770507812
2023-03-22 15:33:18,640 - SubscriberAppln - INFO - Topc:humidity	Content:35.91261765792913	Time_interval:0.0002970695495605469
2023-03-22 15:33:18,653 - SubscriberAppln - INFO - Topc:humidity	Content:19.43110607079555	Time_interval:0.00031280517578125
2023-03-22 15:33:19,453 - SubscriberAppln - INFO - Topc:humidity	Content:95.10014960698192	Time_interval:0.0008788108825683594
2023-03-22 15:33:19,485 - SubscriberAppln - INFO - Topc:humidity	Content:69.19211625451615	Time_interval:0.0002410411834716797
2023-03-22 15:33:19,615 - SubscriberAppln - INFO - Topc:humidity	Content:88.98299636868335	Time_interval:0.000286102294921875
2023-03-22 15:33:19,641 - SubscriberAppln - INFO - Topc:humidity	Content:19.330110661590613	Time_interval:0.0003452301025390625
2023-03-22 15:33:19,653 - SubscriberAppln - INFO - Topc:humidity	Content:20.624422666889533	Time_interval:0.0002429485321044922
2023-03-22 15:33:20,454 - SubscriberAppln - INFO - Topc:humidity	Content:34.71104109211258	Time_interval:0.00039458274841308594
2023-03-22 15:33:20,486 - SubscriberAppln - INFO - Topc:humidity	Content:69.35116225440544	Time_interval:0.00022864341735839844
2023-03-22 15:33:20,616 - SubscriberAppln - INFO - Topc:humidity	Content:80.02727061848186	Time_interval:0.0002892017364501953
2023-03-22 15:33:20,641 - SubscriberAppln - INFO - Topc:humidity	Content:19.31058583756558	Time_interval:0.0002758502960205078
2023-03-22 15:33:20,655 - SubscriberAppln - INFO - Topc:humidity	Content:99.06354636940516	Time_interval:0.00025081634521484375
2023-03-22 15:33:21,455 - SubscriberAppln - INFO - Topc:humidity	Content:31.432159810169075	Time_interval:0.0004208087921142578
2023-03-22 15:33:21,487 - SubscriberAppln - INFO - Topc:humidity	Content:19.64038327916805	Time_interval:0.00030231475830078125
2023-03-22 15:33:21,618 - SubscriberAppln - INFO - Topc:humidity	Content:75.07759160426943	Time_interval:0.0010678768157958984
2023-03-22 15:33:21,643 - SubscriberAppln - INFO - Topc:humidity	Content:80.78855697787473	Time_interval:0.0003001689910888672
2023-03-22 15:33:21,656 - SubscriberAppln - INFO - Topc:humidity	Content:43.4396535659141	Time_interval:0.0002999305725097656
2023-03-22 15:33:22,457 - SubscriberAppln - INFO - Topc:humidity	Content:27.083237227969533	Time_interval:0.0008664131164550781
2023-03-22 15:33:22,488 - SubscriberAppln - INFO - Topc:humidity	Content:18.706156879100032	Time_interval:0.0003037452697753906
2023-03-22 15:33:22,619 - SubscriberAppln - INFO - Topc:humidity	Content:97.91887216601533	Time_interval:0.00023746490478515625
2023-03-22 15:33:22,644 - SubscriberAppln - INFO - Topc:humidity	Content:90.53482487839223	Time_interval:0.00031447410583496094
2023-03-22 15:33:22,657 - SubscriberAppln - INFO - Topc:humidity	Content:99.75916241742476	Time_interval:0.00029540061950683594
2023-03-22 15:33:23,457 - SubscriberAppln - INFO - Topc:humidity	Content:23.853135093724752	Time_interval:0.00025343894958496094
2023-03-22 15:33:23,489 - SubscriberAppln - INFO - Topc:humidity	Content:31.804868960289	Time_interval:0.00026297569274902344
2023-03-22 15:33:23,584 - SubscriberAppln - INFO - Topc:humidity	Content:21.571851726588193	Time_interval:0.0002167224884033203
2023-03-22 15:33:23,620 - SubscriberAppln - INFO - Topc:humidity	Content:34.185805925943455	Time_interval:0.00023698806762695312
2023-03-22 15:33:23,645 - SubscriberAppln - INFO - Topc:humidity	Content:91.33839295919866	Time_interval:0.00030040740966796875
2023-03-22 15:33:23,657 - SubscriberAppln - INFO - Topc:humidity	Content:85.87769843633329	Time_interval:0.0002853870391845703
2023-03-22 15:33:24,459 - SubscriberAppln - INFO - Topc:humidity	Content:19.055545665579608	Time_interval:0.0002911090850830078
2023-03-22 15:33:24,490 - SubscriberAppln - INFO - Topc:humidity	Content:90.92571563255713	Time_interval:0.0003333091735839844
2023-03-22 15:33:24,586 - SubscriberAppln - INFO - Topc:humidity	Content:17.69793689450864	Time_interval:0.00028133392333984375
2023-03-22 15:33:24,621 - SubscriberAppln - INFO - Topc:humidity	Content:81.71802350640938	Time_interval:0.0002529621124267578
2023-03-22 15:33:24,646 - SubscriberAppln - INFO - Topc:humidity	Content:44.3361880976572	Time_interval:0.0002942085266113281
2023-03-22 15:33:24,658 - SubscriberAppln - INFO - Topc:humidity	Content:78.19575758876933	Time_interval:0.00023865699768066406
2023-03-22 15:33:25,460 - SubscriberAppln - INFO - Topc:humidity	Content:10.791604055334078	Time_interval:0.000339508056640625
2023-03-22 15:33:25,491 - SubscriberAppln - INFO - Topc:humidity	Content:22.967782977548435	Time_interval:0.00035190582275390625
2023-03-22 15:33:25,587 - SubscriberAppln - INFO - Topc:humidity	Content:27.93891668448262	Time_interval:0.0002524852752685547
2023-03-22 15:33:25,621 - SubscriberAppln - INFO - Topc:humidity	Content:77.39808023273454	Time_interval:0.00028204917907714844
2023-03-22 15:33:25,647 - SubscriberAppln - INFO - Topc:humidity	Content:14.220823868055225	Time_interval:0.00032138824462890625
2023-03-22 15:33:25,659 - SubscriberAppln - INFO - Topc:humidity	Content:60.54948188046197	Time_interval:0.00024771690368652344
2023-03-22 15:33:26,461 - SubscriberAppln - INFO - Topc:humidity	Content:26.92062024728155	Time_interval:0.0003447532653808594
2023-03-22 15:33:26,492 - SubscriberAppln - INFO - Topc:humidity	Content:46.855959145849	Time_interval:0.0002741813659667969
2023-03-22 15:33:26,588 - SubscriberAppln - INFO - Topc:humidity	Content:63.68214288456173	Time_interval:0.0008373260498046875
2023-03-22 15:33:26,623 - SubscriberAppln - INFO - Topc:humidity	Content:28.703403450802963	Time_interval:0.00022602081298828125
2023-03-22 15:33:26,648 - SubscriberAppln - INFO - Topc:humidity	Content:94.27344455187465	Time_interval:0.0002732276916503906
2023-03-22 15:33:26,660 - SubscriberAppln - INFO - Topc:humidity	Content:34.72055726932115	Time_interval:0.00039267539978027344
2023-03-22 15:33:27,462 - SubscriberAppln - INFO - Topc:humidity	Content:49.75668303540893	Time_interval:0.0002818107604980469
2023-03-22 15:33:27,493 - SubscriberAppln - INFO - Topc:humidity	Content:50.630266540399816	Time_interval:0.0003032684326171875
2023-03-22 15:33:27,589 - SubscriberAppln - INFO - Topc:humidity	Content:24.216423701337874	Time_interval:0.00029587745666503906
2023-03-22 15:33:27,624 - SubscriberAppln - INFO - Topc:humidity	Content:71.44853830268663	Time_interval:0.00021195411682128906
2023-03-22 15:33:27,649 - SubscriberAppln - INFO - Topc:humidity	Content:84.97496393578672	Time_interval:0.00036144256591796875
2023-03-22 15:33:27,661 - SubscriberAppln - INFO - Topc:humidity	Content:99.99998465731024	Time_interval:0.00026702880859375
2023-03-22 15:33:28,463 - SubscriberAppln - INFO - Topc:humidity	Content:32.568121036101815	Time_interval:0.00026035308837890625
2023-03-22 15:33:28,493 - SubscriberAppln - INFO - Topc:humidity	Content:44.12202993526058	Time_interval:0.00025081634521484375
2023-03-22 15:33:28,591 - SubscriberAppln - INFO - Topc:humidity	Content:14.244150125986387	Time_interval:0.0009264945983886719
2023-03-22 15:33:28,625 - SubscriberAppln - INFO - Topc:humidity	Content:93.75509850432165	Time_interval:0.00023365020751953125
2023-03-22 15:33:28,650 - SubscriberAppln - INFO - Topc:humidity	Content:46.60012146131526	Time_interval:0.0009844303131103516
2023-03-22 15:33:28,662 - SubscriberAppln - INFO - Topc:humidity	Content:17.443831161685928	Time_interval:0.0008141994476318359
2023-03-22 15:33:29,464 - SubscriberAppln - INFO - Topc:humidity	Content:81.72641828380337	Time_interval:0.00032448768615722656
2023-03-22 15:33:29,495 - SubscriberAppln - INFO - Topc:humidity	Content:33.905892984407856	Time_interval:0.00023293495178222656
2023-03-22 15:33:29,592 - SubscriberAppln - INFO - Topc:humidity	Content:50.96706812002588	Time_interval:0.0003190040588378906
2023-03-22 15:33:29,625 - SubscriberAppln - INFO - Topc:humidity	Content:68.31060304343421	Time_interval:0.00022912025451660156
2023-03-22 15:33:29,651 - SubscriberAppln - INFO - Topc:humidity	Content:62.76894079135594	Time_interval:0.0003151893615722656
2023-03-22 15:33:29,663 - SubscriberAppln - INFO - Topc:humidity	Content:67.37176180981047	Time_interval:0.0003237724304199219
2023-03-22 15:33:30,465 - SubscriberAppln - INFO - Topc:humidity	Content:14.237597214006447	Time_interval:0.000286102294921875
2023-03-22 15:33:30,496 - SubscriberAppln - INFO - Topc:humidity	Content:83.31105851071712	Time_interval:0.00024080276489257812
2023-03-22 15:33:30,593 - SubscriberAppln - INFO - Topc:humidity	Content:26.02583826034001	Time_interval:0.00023794174194335938
2023-03-22 15:33:30,626 - SubscriberAppln - INFO - Topc:humidity	Content:95.40377024675351	Time_interval:0.0002448558807373047
2023-03-22 15:33:30,652 - SubscriberAppln - INFO - Topc:humidity	Content:47.36075148634215	Time_interval:0.000286102294921875
2023-03-22 15:33:30,664 - SubscriberAppln - INFO - Topc:humidity	Content:61.804317758050225	Time_interval:0.0002713203430175781
2023-03-22 15:33:31,467 - SubscriberAppln - INFO - Topc:humidity	Content:89.871264698251	Time_interval:0.0009405612945556641
2023-03-22 15:33:31,497 - SubscriberAppln - INFO - Topc:humidity	Content:81.88135988572978	Time_interval:0.00025463104248046875
2023-03-22 15:33:31,593 - SubscriberAppln - INFO - Topc:humidity	Content:29.375390420303766	Time_interval:0.00024008750915527344
2023-03-22 15:33:31,628 - SubscriberAppln - INFO - Topc:humidity	Content:32.804094881544785	Time_interval:0.00023412704467773438
2023-03-22 15:33:31,653 - SubscriberAppln - INFO - Topc:humidity	Content:13.592910980861896	Time_interval:0.00032639503479003906
2023-03-22 15:33:31,665 - SubscriberAppln - INFO - Topc:humidity	Content:10.411963390966196	Time_interval:0.0003097057342529297
2023-03-22 15:33:32,468 - SubscriberAppln - INFO - Topc:humidity	Content:43.744017218636856	Time_interval:0.0002493858337402344
2023-03-22 15:33:32,498 - SubscriberAppln - INFO - Topc:humidity	Content:31.62687273861284	Time_interval:0.00030112266540527344
2023-03-22 15:33:32,595 - SubscriberAppln - INFO - Topc:humidity	Content:57.94400183836263	Time_interval:0.0002810955047607422
2023-03-22 15:33:32,629 - SubscriberAppln - INFO - Topc:humidity	Content:80.72200688024063	Time_interval:0.00023794174194335938
2023-03-22 15:33:32,655 - SubscriberAppln - INFO - Topc:humidity	Content:28.026438912454278	Time_interval:0.0003159046173095703
2023-03-22 15:33:32,667 - SubscriberAppln - INFO - Topc:humidity	Content:27.19208510193166	Time_interval:0.0002677440643310547
2023-03-22 15:33:33,469 - SubscriberAppln - INFO - Topc:humidity	Content:89.26375465532594	Time_interval:0.00025200843811035156
2023-03-22 15:33:33,499 - SubscriberAppln - INFO - Topc:humidity	Content:84.61210824483707	Time_interval:0.0002570152282714844
2023-03-22 15:33:33,596 - SubscriberAppln - INFO - Topc:humidity	Content:40.14267552180159	Time_interval:0.0003142356872558594
2023-03-22 15:33:33,629 - SubscriberAppln - INFO - Topc:humidity	Content:85.1785399728584	Time_interval:0.0002307891845703125
2023-03-22 15:33:33,656 - SubscriberAppln - INFO - Topc:humidity	Content:30.445658970847685	Time_interval:0.00033855438232421875
2023-03-22 15:33:33,668 - SubscriberAppln - INFO - Topc:humidity	Content:30.646361414955077	Time_interval:0.0002532005310058594
2023-03-22 15:33:34,469 - SubscriberAppln - INFO - Topc:humidity	Content:19.915505382928583	Time_interval:0.00023317337036132812
2023-03-22 15:33:34,500 - SubscriberAppln - INFO - Topc:humidity	Content:58.72296160065126	Time_interval:0.00022101402282714844
2023-03-22 15:33:34,597 - SubscriberAppln - INFO - Topc:humidity	Content:96.05380763233254	Time_interval:0.0002536773681640625
2023-03-22 15:33:34,631 - SubscriberAppln - INFO - Topc:humidity	Content:95.04018757212076	Time_interval:0.000263214111328125
2023-03-22 15:33:34,657 - SubscriberAppln - INFO - Topc:humidity	Content:97.57951120829509	Time_interval:0.000392913818359375
2023-03-22 15:33:34,669 - SubscriberAppln - INFO - Topc:humidity	Content:87.32285568186822	Time_interval:0.0002493858337402344
2023-03-22 15:33:35,471 - SubscriberAppln - INFO - Topc:humidity	Content:43.13549757127609	Time_interval:0.0008549690246582031
2023-03-22 15:33:35,501 - SubscriberAppln - INFO - Topc:humidity	Content:76.7928264601837	Time_interval:0.000240325927734375
2023-03-22 15:33:35,597 - SubscriberAppln - INFO - Topc:humidity	Content:83.41498742368043	Time_interval:0.0002384185791015625
2023-03-22 15:33:35,632 - SubscriberAppln - INFO - Topc:humidity	Content:53.345208401635716	Time_interval:0.0002868175506591797
2023-03-22 15:33:35,658 - SubscriberAppln - INFO - Topc:humidity	Content:85.69056318234108	Time_interval:0.0003230571746826172
2023-03-22 15:33:35,670 - SubscriberAppln - INFO - Topc:humidity	Content:83.77901800035842	Time_interval:0.0003345012664794922
2023-03-22 15:33:36,472 - SubscriberAppln - INFO - Topc:humidity	Content:85.38650276134712	Time_interval:0.00024318695068359375
2023-03-22 15:33:36,501 - SubscriberAppln - INFO - Topc:humidity	Content:82.17261074307372	Time_interval:0.00023698806762695312
2023-03-22 15:33:36,599 - SubscriberAppln - INFO - Topc:humidity	Content:82.62570254038245	Time_interval:0.0007169246673583984
2023-03-22 15:33:36,633 - SubscriberAppln - INFO - Topc:humidity	Content:41.02849222709315	Time_interval:0.00025725364685058594
2023-03-22 15:33:36,659 - SubscriberAppln - INFO - Topc:humidity	Content:23.92795153613214	Time_interval:0.00030040740966796875
2023-03-22 15:33:36,671 - SubscriberAppln - INFO - Topc:humidity	Content:84.11588522540922	Time_interval:0.00029754638671875
2023-03-22 15:33:37,473 - SubscriberAppln - INFO - Topc:humidity	Content:21.09671074535396	Time_interval:0.0002758502960205078
2023-03-22 15:33:37,503 - SubscriberAppln - INFO - Topc:humidity	Content:66.86273379226203	Time_interval:0.00031948089599609375
2023-03-22 15:33:37,601 - SubscriberAppln - INFO - Topc:humidity	Content:81.70365878332845	Time_interval:0.0010118484497070312
2023-03-22 15:33:37,633 - SubscriberAppln - INFO - Topc:humidity	Content:18.71990996244442	Time_interval:0.0002455711364746094
2023-03-22 15:33:37,660 - SubscriberAppln - INFO - Topc:humidity	Content:18.731965010084586	Time_interval:0.00030684471130371094
2023-03-22 15:33:37,672 - SubscriberAppln - INFO - Topc:humidity	Content:50.561132354039664	Time_interval:0.0002887248992919922
2023-03-22 15:33:38,474 - SubscriberAppln - INFO - Topc:humidity	Content:73.51035720290912	Time_interval:0.0008928775787353516
2023-03-22 15:33:38,504 - SubscriberAppln - INFO - Topc:humidity	Content:76.63696849381304	Time_interval:0.0002503395080566406
2023-03-22 15:33:38,601 - SubscriberAppln - INFO - Topc:humidity	Content:61.37733285232725	Time_interval:0.00025582313537597656
2023-03-22 15:33:38,635 - SubscriberAppln - INFO - Topc:humidity	Content:19.931628567119276	Time_interval:0.00024437904357910156
2023-03-22 15:33:38,661 - SubscriberAppln - INFO - Topc:humidity	Content:94.27861937404282	Time_interval:0.0002453327178955078
2023-03-22 15:33:38,673 - SubscriberAppln - INFO - Topc:humidity	Content:46.170795130264054	Time_interval:0.00032448768615722656
2023-03-22 15:33:39,475 - SubscriberAppln - INFO - Topc:humidity	Content:62.07070033611081	Time_interval:0.0003294944763183594
2023-03-22 15:33:39,505 - SubscriberAppln - INFO - Topc:humidity	Content:76.54791398057564	Time_interval:0.00028252601623535156
2023-03-22 15:33:39,603 - SubscriberAppln - INFO - Topc:humidity	Content:43.471289252556815	Time_interval:0.00026726722717285156
2023-03-22 15:33:39,636 - SubscriberAppln - INFO - Topc:humidity	Content:83.524056366349	Time_interval:0.00023627281188964844
2023-03-22 15:33:39,661 - SubscriberAppln - INFO - Topc:humidity	Content:39.127631958747415	Time_interval:0.0002586841583251953
2023-03-22 15:33:39,674 - SubscriberAppln - INFO - Topc:humidity	Content:80.5311453153237	Time_interval:0.00030994415283203125
2023-03-22 15:33:40,476 - SubscriberAppln - INFO - Topc:humidity	Content:99.39089482777872	Time_interval:0.0003643035888671875
2023-03-22 15:33:40,506 - SubscriberAppln - INFO - Topc:humidity	Content:90.05663735147132	Time_interval:0.0003008842468261719
2023-03-22 15:33:40,604 - SubscriberAppln - INFO - Topc:humidity	Content:80.98622355490659	Time_interval:0.0003085136413574219
2023-03-22 15:33:40,637 - SubscriberAppln - INFO - Topc:humidity	Content:55.95674287237185	Time_interval:0.00026488304138183594
2023-03-22 15:33:40,663 - SubscriberAppln - INFO - Topc:humidity	Content:37.73400183916941	Time_interval:0.0002751350402832031
2023-03-22 15:33:40,675 - SubscriberAppln - INFO - Topc:humidity	Content:63.09542852165857	Time_interval:0.00027942657470703125
2023-03-22 15:33:41,478 - SubscriberAppln - INFO - Topc:humidity	Content:17.05602054169308	Time_interval:0.0002460479736328125
2023-03-22 15:33:41,507 - SubscriberAppln - INFO - Topc:humidity	Content:29.508352077986117	Time_interval:0.0002486705780029297
2023-03-22 15:33:41,605 - SubscriberAppln - INFO - Topc:humidity	Content:44.44085486954929	Time_interval:0.00026869773864746094
2023-03-22 15:33:41,637 - SubscriberAppln - INFO - Topc:humidity	Content:67.74702231897706	Time_interval:0.00023937225341796875
2023-03-22 15:33:41,663 - SubscriberAppln - INFO - Topc:humidity	Content:69.81805027838891	Time_interval:0.0003764629364013672
2023-03-22 15:33:41,676 - SubscriberAppln - INFO - Topc:humidity	Content:29.494343467136623	Time_interval:0.00033736228942871094
2023-03-22 15:33:42,479 - SubscriberAppln - INFO - Topc:humidity	Content:99.00770820671215	Time_interval:0.0008237361907958984
2023-03-22 15:33:42,508 - SubscriberAppln - INFO - Topc:humidity	Content:32.2734008192142	Time_interval:0.0003936290740966797
2023-03-22 15:33:42,606 - SubscriberAppln - INFO - Topc:humidity	Content:72.19930281523969	Time_interval:0.0002593994140625
2023-03-22 15:33:42,639 - SubscriberAppln - INFO - Topc:humidity	Content:82.94052185171864	Time_interval:0.0002665519714355469
2023-03-22 15:33:42,664 - SubscriberAppln - INFO - Topc:humidity	Content:98.83069881928068	Time_interval:0.00032711029052734375
2023-03-22 15:33:42,677 - SubscriberAppln - INFO - Topc:humidity	Content:58.75169364948129	Time_interval:0.00024628639221191406
2023-03-22 15:33:43,480 - SubscriberAppln - INFO - Topc:humidity	Content:33.129880698831826	Time_interval:0.0003116130828857422
2023-03-22 15:33:43,509 - SubscriberAppln - INFO - Topc:humidity	Content:16.204676772967545	Time_interval:0.00023412704467773438
2023-03-22 15:33:43,607 - SubscriberAppln - INFO - Topc:humidity	Content:68.23288097814549	Time_interval:0.00023818016052246094
2023-03-22 15:33:43,640 - SubscriberAppln - INFO - Topc:humidity	Content:24.791526366600003	Time_interval:0.0002455711364746094
2023-03-22 15:33:43,665 - SubscriberAppln - INFO - Topc:humidity	Content:53.57435777560384	Time_interval:0.000270843505859375
2023-03-22 15:33:43,677 - SubscriberAppln - INFO - Topc:humidity	Content:11.869501315090924	Time_interval:0.00028228759765625
2023-03-22 15:33:44,481 - SubscriberAppln - INFO - Topc:humidity	Content:39.72564235271169	Time_interval:0.00034809112548828125
2023-03-22 15:33:44,509 - SubscriberAppln - INFO - Topc:humidity	Content:51.59538489224566	Time_interval:0.00025463104248046875
2023-03-22 15:33:44,608 - SubscriberAppln - INFO - Topc:humidity	Content:66.29889500967806	Time_interval:0.0002791881561279297
2023-03-22 15:33:44,641 - SubscriberAppln - INFO - Topc:humidity	Content:48.20425524164628	Time_interval:0.00035643577575683594
2023-03-22 15:33:44,667 - SubscriberAppln - INFO - Topc:humidity	Content:29.887848762027378	Time_interval:0.0003681182861328125
2023-03-22 15:33:44,679 - SubscriberAppln - INFO - Topc:humidity	Content:54.39323756105105	Time_interval:0.00028896331787109375
2023-03-22 15:33:45,482 - SubscriberAppln - INFO - Topc:humidity	Content:84.36037371594901	Time_interval:0.0009212493896484375
2023-03-22 15:33:45,511 - SubscriberAppln - INFO - Topc:humidity	Content:80.20612090251691	Time_interval:0.00027489662170410156
2023-03-22 15:33:45,609 - SubscriberAppln - INFO - Topc:humidity	Content:67.75845421913723	Time_interval:0.00022292137145996094
2023-03-22 15:33:45,641 - SubscriberAppln - INFO - Topc:humidity	Content:22.17317192971121	Time_interval:0.00029397010803222656
2023-03-22 15:33:45,668 - SubscriberAppln - INFO - Topc:humidity	Content:59.56722914952436	Time_interval:0.00030493736267089844
2023-03-22 15:33:45,679 - SubscriberAppln - INFO - Topc:humidity	Content:74.20617783013992	Time_interval:0.00023484230041503906
2023-03-22 15:33:46,484 - SubscriberAppln - INFO - Topc:humidity	Content:45.85404526189925	Time_interval:0.0013134479522705078
2023-03-22 15:33:46,512 - SubscriberAppln - INFO - Topc:humidity	Content:88.73883620213392	Time_interval:0.00027751922607421875
2023-03-22 15:33:46,609 - SubscriberAppln - INFO - Topc:humidity	Content:14.722425766467811	Time_interval:0.00023174285888671875
2023-03-22 15:33:46,643 - SubscriberAppln - INFO - Topc:humidity	Content:66.14346633437796	Time_interval:0.00021529197692871094
2023-03-22 15:33:46,669 - SubscriberAppln - INFO - Topc:humidity	Content:44.04198244498577	Time_interval:0.0002930164337158203
2023-03-22 15:33:46,681 - SubscriberAppln - INFO - Topc:humidity	Content:92.85071511378885	Time_interval:0.0002353191375732422
2023-03-22 15:33:47,484 - SubscriberAppln - INFO - Topc:humidity	Content:47.966140591620935	Time_interval:0.00026988983154296875
2023-03-22 15:33:47,513 - SubscriberAppln - INFO - Topc:humidity	Content:66.41966161517647	Time_interval:0.00027751922607421875
2023-03-22 15:33:47,611 - SubscriberAppln - INFO - Topc:humidity	Content:22.26944603063043	Time_interval:0.0003407001495361328
2023-03-22 15:33:47,644 - SubscriberAppln - INFO - Topc:humidity	Content:87.26254086629704	Time_interval:0.0004143714904785156
2023-03-22 15:33:47,669 - SubscriberAppln - INFO - Topc:humidity	Content:51.63693338708045	Time_interval:0.00024390220642089844
2023-03-22 15:33:47,682 - SubscriberAppln - INFO - Topc:humidity	Content:49.34345707229021	Time_interval:0.00034356117248535156
2023-03-22 15:33:48,486 - SubscriberAppln - INFO - Topc:humidity	Content:65.44407771525724	Time_interval:0.0009031295776367188
2023-03-22 15:33:48,513 - SubscriberAppln - INFO - Topc:humidity	Content:93.29606409954054	Time_interval:0.00021791458129882812
2023-03-22 15:33:48,612 - SubscriberAppln - INFO - Topc:humidity	Content:67.33563689785507	Time_interval:0.0008244514465332031
2023-03-22 15:33:48,645 - SubscriberAppln - INFO - Topc:humidity	Content:47.12271407670539	Time_interval:0.00024247169494628906
2023-03-22 15:33:48,671 - SubscriberAppln - INFO - Topc:humidity	Content:31.82532069705295	Time_interval:0.00025725364685058594
2023-03-22 15:33:48,683 - SubscriberAppln - INFO - Topc:humidity	Content:98.48335138476766	Time_interval:0.000263214111328125
2023-03-22 15:33:49,487 - SubscriberAppln - INFO - Topc:humidity	Content:94.22895522397219	Time_interval:0.00026726722717285156
2023-03-22 15:33:49,515 - SubscriberAppln - INFO - Topc:humidity	Content:52.199360052310695	Time_interval:0.0002753734588623047
2023-03-22 15:33:49,613 - SubscriberAppln - INFO - Topc:humidity	Content:65.78719823860979	Time_interval:0.0002779960632324219
2023-03-22 15:33:49,645 - SubscriberAppln - INFO - Topc:humidity	Content:83.31657014334132	Time_interval:0.00021529197692871094
2023-03-22 15:33:49,672 - SubscriberAppln - INFO - Topc:humidity	Content:12.103873513138499	Time_interval:0.00034165382385253906
2023-03-22 15:33:49,684 - SubscriberAppln - INFO - Topc:humidity	Content:83.76824174285488	Time_interval:0.0002818107604980469
2023-03-22 15:33:50,488 - SubscriberAppln - INFO - Topc:humidity	Content:11.00415784314191	Time_interval:0.0002696514129638672
2023-03-22 15:33:50,516 - SubscriberAppln - INFO - Topc:humidity	Content:37.34493896594252	Time_interval:0.00028514862060546875
2023-03-22 15:33:50,613 - SubscriberAppln - INFO - Topc:humidity	Content:60.99336311740656	Time_interval:0.00025081634521484375
2023-03-22 15:33:50,646 - SubscriberAppln - INFO - Topc:humidity	Content:28.78451435679861	Time_interval:0.0002219676971435547
2023-03-22 15:33:50,673 - SubscriberAppln - INFO - Topc:humidity	Content:84.60081320808075	Time_interval:0.0003197193145751953
2023-03-22 15:33:50,685 - SubscriberAppln - INFO - Topc:humidity	Content:73.44740557376831	Time_interval:0.00028634071350097656
2023-03-22 15:33:51,489 - SubscriberAppln - INFO - Topc:humidity	Content:56.563011322347855	Time_interval:0.0003418922424316406
2023-03-22 15:33:51,517 - SubscriberAppln - INFO - Topc:humidity	Content:47.04583569632629	Time_interval:0.0002930164337158203
2023-03-22 15:33:51,615 - SubscriberAppln - INFO - Topc:humidity	Content:28.215003137035417	Time_interval:0.0010075569152832031
2023-03-22 15:33:51,647 - SubscriberAppln - INFO - Topc:humidity	Content:13.366087322172582	Time_interval:0.0002739429473876953
2023-03-22 15:33:51,673 - SubscriberAppln - INFO - Topc:humidity	Content:62.772433712840595	Time_interval:0.0002944469451904297
2023-03-22 15:33:51,685 - SubscriberAppln - INFO - Topc:humidity	Content:79.9407504199927	Time_interval:0.00025844573974609375
2023-03-22 15:33:52,490 - SubscriberAppln - INFO - Topc:humidity	Content:88.59995184697362	Time_interval:0.00022649765014648438
2023-03-22 15:33:52,517 - SubscriberAppln - INFO - Topc:humidity	Content:12.944760175994624	Time_interval:0.00024247169494628906
2023-03-22 15:33:52,616 - SubscriberAppln - INFO - Topc:humidity	Content:10.800414016966146	Time_interval:0.00022935867309570312
2023-03-22 15:33:52,648 - SubscriberAppln - INFO - Topc:humidity	Content:64.7004937806829	Time_interval:0.00024700164794921875
2023-03-22 15:33:52,675 - SubscriberAppln - INFO - Topc:humidity	Content:23.527030711946995	Time_interval:0.00028514862060546875
2023-03-22 15:33:52,687 - SubscriberAppln - INFO - Topc:humidity	Content:48.80048864891504	Time_interval:0.0002491474151611328
2023-03-22 15:33:53,491 - SubscriberAppln - INFO - Topc:humidity	Content:22.12461152003609	Time_interval:0.0002856254577636719
2023-03-22 15:33:53,519 - SubscriberAppln - INFO - Topc:humidity	Content:12.99653940873582	Time_interval:0.00023818016052246094
2023-03-22 15:33:53,534 - SubscriberAppln - INFO - Topc:humidity	Content:68.2814568358079	Time_interval:0.0002117156982421875
2023-03-22 15:33:53,617 - SubscriberAppln - INFO - Topc:humidity	Content:94.25722744157197	Time_interval:0.0003516674041748047
2023-03-22 15:33:53,649 - SubscriberAppln - INFO - Topc:humidity	Content:52.52189849397717	Time_interval:0.00027179718017578125
2023-03-22 15:33:53,676 - SubscriberAppln - INFO - Topc:humidity	Content:49.00858690857292	Time_interval:0.00030612945556640625
2023-03-22 15:33:53,688 - SubscriberAppln - INFO - Topc:humidity	Content:44.723652738728276	Time_interval:0.0002791881561279297
2023-03-22 15:33:54,493 - SubscriberAppln - INFO - Topc:humidity	Content:45.67116655086047	Time_interval:0.0009002685546875
2023-03-22 15:33:54,520 - SubscriberAppln - INFO - Topc:humidity	Content:74.87144872841837	Time_interval:0.0009183883666992188
2023-03-22 15:33:54,535 - SubscriberAppln - INFO - Topc:humidity	Content:25.951103943691706	Time_interval:0.0002818107604980469
2023-03-22 15:33:54,617 - SubscriberAppln - INFO - Topc:humidity	Content:17.58276697266175	Time_interval:0.0002300739288330078
2023-03-22 15:33:54,650 - SubscriberAppln - INFO - Topc:humidity	Content:41.0635107166551	Time_interval:0.0009865760803222656
2023-03-22 15:33:54,677 - SubscriberAppln - INFO - Topc:humidity	Content:49.881738418798086	Time_interval:0.0003185272216796875
2023-03-22 15:33:54,689 - SubscriberAppln - INFO - Topc:humidity	Content:75.64593850716751	Time_interval:0.0003039836883544922
2023-03-22 15:33:55,494 - SubscriberAppln - INFO - Topc:humidity	Content:20.461390182813826	Time_interval:0.00031065940856933594
2023-03-22 15:33:55,521 - SubscriberAppln - INFO - Topc:humidity	Content:48.81908954442708	Time_interval:0.00025582313537597656
2023-03-22 15:33:55,537 - SubscriberAppln - INFO - Topc:humidity	Content:34.909970969825	Time_interval:0.0003077983856201172
2023-03-22 15:33:55,619 - SubscriberAppln - INFO - Topc:humidity	Content:92.2470189850373	Time_interval:0.0002865791320800781
2023-03-22 15:33:55,651 - SubscriberAppln - INFO - Topc:humidity	Content:32.41547504923354	Time_interval:0.0002086162567138672
2023-03-22 15:33:55,677 - SubscriberAppln - INFO - Topc:humidity	Content:34.03843752574713	Time_interval:0.00027632713317871094
2023-03-22 15:33:55,689 - SubscriberAppln - INFO - Topc:humidity	Content:94.25820597173674	Time_interval:0.00030803680419921875
2023-03-22 15:33:56,495 - SubscriberAppln - INFO - Topc:humidity	Content:95.00898980621876	Time_interval:0.0002677440643310547
2023-03-22 15:33:56,522 - SubscriberAppln - INFO - Topc:humidity	Content:81.32925948799635	Time_interval:0.0002841949462890625
2023-03-22 15:33:56,537 - SubscriberAppln - INFO - Topc:humidity	Content:28.91332859343119	Time_interval:0.00029850006103515625
2023-03-22 15:33:56,619 - SubscriberAppln - INFO - Topc:humidity	Content:89.63462086074507	Time_interval:0.0002224445343017578
2023-03-22 15:33:56,652 - SubscriberAppln - INFO - Topc:humidity	Content:27.22603333228823	Time_interval:0.0002548694610595703
2023-03-22 15:33:56,679 - SubscriberAppln - INFO - Topc:humidity	Content:29.001267066284615	Time_interval:0.0003046989440917969
2023-03-22 15:33:56,691 - SubscriberAppln - INFO - Topc:humidity	Content:51.06093522058659	Time_interval:0.00032520294189453125
2023-03-22 15:33:57,496 - SubscriberAppln - INFO - Topc:humidity	Content:84.99326915833471	Time_interval:0.0002932548522949219
2023-03-22 15:33:57,523 - SubscriberAppln - INFO - Topc:humidity	Content:90.8342092206177	Time_interval:0.00030875205993652344
2023-03-22 15:33:57,539 - SubscriberAppln - INFO - Topc:humidity	Content:27.90716637752829	Time_interval:0.0003407001495361328
2023-03-22 15:33:57,621 - SubscriberAppln - INFO - Topc:humidity	Content:34.194691073815534	Time_interval:0.0008685588836669922
2023-03-22 15:33:57,653 - SubscriberAppln - INFO - Topc:humidity	Content:53.76670191951648	Time_interval:0.000244140625
2023-03-22 15:33:57,680 - SubscriberAppln - INFO - Topc:humidity	Content:81.41792840674846	Time_interval:0.0002684593200683594
2023-03-22 15:33:57,692 - SubscriberAppln - INFO - Topc:humidity	Content:14.990800225028249	Time_interval:0.0002541542053222656
2023-03-22 15:33:58,497 - SubscriberAppln - INFO - Topc:humidity	Content:28.59634393817837	Time_interval:0.00027060508728027344
2023-03-22 15:33:58,524 - SubscriberAppln - INFO - Topc:humidity	Content:55.75828085575892	Time_interval:0.00023508071899414062
2023-03-22 15:33:58,540 - SubscriberAppln - INFO - Topc:humidity	Content:92.92379060293219	Time_interval:0.0002334117889404297
2023-03-22 15:33:58,621 - SubscriberAppln - INFO - Topc:humidity	Content:19.77665983955478	Time_interval:0.0002269744873046875
2023-03-22 15:33:58,653 - SubscriberAppln - INFO - Topc:humidity	Content:76.5260469624991	Time_interval:0.0002849102020263672
2023-03-22 15:33:58,681 - SubscriberAppln - INFO - Topc:humidity	Content:78.35442859039411	Time_interval:0.00024199485778808594
2023-03-22 15:33:58,693 - SubscriberAppln - INFO - Topc:humidity	Content:99.28549866939265	Time_interval:0.000278472900390625
2023-03-22 15:33:59,498 - SubscriberAppln - INFO - Topc:humidity	Content:20.79998078032103	Time_interval:0.00034046173095703125
2023-03-22 15:33:59,525 - SubscriberAppln - INFO - Topc:humidity	Content:19.466993932879614	Time_interval:0.00027942657470703125
2023-03-22 15:33:59,541 - SubscriberAppln - INFO - Topc:humidity	Content:35.30471644361805	Time_interval:0.00029277801513671875
2023-03-22 15:33:59,623 - SubscriberAppln - INFO - Topc:humidity	Content:46.70533000688916	Time_interval:0.0008399486541748047
2023-03-22 15:33:59,654 - SubscriberAppln - INFO - Topc:humidity	Content:86.93103006054238	Time_interval:0.0002796649932861328
2023-03-22 15:33:59,682 - SubscriberAppln - INFO - Topc:humidity	Content:43.91868516799476	Time_interval:0.00033473968505859375
2023-03-22 15:33:59,693 - SubscriberAppln - INFO - Topc:humidity	Content:19.06337499972046	Time_interval:0.0003008842468261719
2023-03-22 15:34:00,499 - SubscriberAppln - INFO - Topc:humidity	Content:90.08111349966458	Time_interval:0.00028252601623535156
2023-03-22 15:34:00,525 - SubscriberAppln - INFO - Topc:humidity	Content:91.2256350113082	Time_interval:0.0002598762512207031
2023-03-22 15:34:00,541 - SubscriberAppln - INFO - Topc:humidity	Content:27.54943974241527	Time_interval:0.00026297569274902344
2023-03-22 15:34:00,624 - SubscriberAppln - INFO - Topc:humidity	Content:71.69100762032599	Time_interval:0.00023055076599121094
2023-03-22 15:34:00,655 - SubscriberAppln - INFO - Topc:humidity	Content:83.38526190803778	Time_interval:0.00021719932556152344
2023-03-22 15:34:00,683 - SubscriberAppln - INFO - Topc:humidity	Content:77.17941927822777	Time_interval:0.0003657341003417969
2023-03-22 15:34:00,695 - SubscriberAppln - INFO - Topc:humidity	Content:86.91064696542541	Time_interval:0.00027871131896972656
2023-03-22 15:34:01,500 - SubscriberAppln - INFO - Topc:humidity	Content:66.52334335927009	Time_interval:0.00028967857360839844
2023-03-22 15:34:01,527 - SubscriberAppln - INFO - Topc:humidity	Content:92.93225767368929	Time_interval:0.0002357959747314453
2023-03-22 15:34:01,543 - SubscriberAppln - INFO - Topc:humidity	Content:90.9795906990886	Time_interval:0.0003230571746826172
2023-03-22 15:34:01,625 - SubscriberAppln - INFO - Topc:humidity	Content:36.76088658689724	Time_interval:0.0002143383026123047
2023-03-22 15:34:01,656 - SubscriberAppln - INFO - Topc:humidity	Content:78.875906209292	Time_interval:0.00021386146545410156
2023-03-22 15:34:01,684 - SubscriberAppln - INFO - Topc:humidity	Content:45.70799907977591	Time_interval:0.0003192424774169922
2023-03-22 15:34:01,696 - SubscriberAppln - INFO - Topc:humidity	Content:82.38541583566082	Time_interval:0.0002548694610595703
2023-03-22 15:34:02,501 - SubscriberAppln - INFO - Topc:humidity	Content:96.49522998236522	Time_interval:0.00026345252990722656
2023-03-22 15:34:02,528 - SubscriberAppln - INFO - Topc:humidity	Content:39.715079014248474	Time_interval:0.00024318695068359375
2023-03-22 15:34:02,544 - SubscriberAppln - INFO - Topc:humidity	Content:56.0718986254227	Time_interval:0.0002675056457519531
2023-03-22 15:34:02,625 - SubscriberAppln - INFO - Topc:humidity	Content:78.38188054117438	Time_interval:0.00021529197692871094
2023-03-22 15:34:02,657 - SubscriberAppln - INFO - Topc:humidity	Content:11.142917235285573	Time_interval:0.00025177001953125
2023-03-22 15:34:02,685 - SubscriberAppln - INFO - Topc:humidity	Content:72.19855240272601	Time_interval:0.0002868175506591797
2023-03-22 15:34:02,697 - SubscriberAppln - INFO - Topc:humidity	Content:64.45727720663017	Time_interval:0.00024318695068359375
2023-03-22 15:34:03,501 - SubscriberAppln - INFO - Topc:humidity	Content:48.5682353265662	Time_interval:0.00025177001953125
2023-03-22 15:34:03,529 - SubscriberAppln - INFO - Topc:humidity	Content:68.17014349345229	Time_interval:0.00028252601623535156
2023-03-22 15:34:03,545 - SubscriberAppln - INFO - Topc:humidity	Content:83.20022078750108	Time_interval:0.00024628639221191406
2023-03-22 15:34:03,626 - SubscriberAppln - INFO - Topc:humidity	Content:39.428833676879755	Time_interval:0.00022292137145996094
2023-03-22 15:34:03,659 - SubscriberAppln - INFO - Topc:humidity	Content:18.349020940448803	Time_interval:0.00026869773864746094
2023-03-22 15:34:03,686 - SubscriberAppln - INFO - Topc:humidity	Content:12.694487033657067	Time_interval:0.00023937225341796875
2023-03-22 15:34:03,697 - SubscriberAppln - INFO - Topc:humidity	Content:28.25743140080328	Time_interval:0.000263214111328125
2023-03-22 15:34:04,503 - SubscriberAppln - INFO - Topc:humidity	Content:25.340819303840018	Time_interval:0.0002956390380859375
2023-03-22 15:34:04,529 - SubscriberAppln - INFO - Topc:humidity	Content:10.673245818162398	Time_interval:0.0002465248107910156
2023-03-22 15:34:04,545 - SubscriberAppln - INFO - Topc:humidity	Content:29.604847712292145	Time_interval:0.0002448558807373047
2023-03-22 15:34:04,628 - SubscriberAppln - INFO - Topc:humidity	Content:27.184315271650522	Time_interval:0.0007719993591308594
2023-03-22 15:34:04,660 - SubscriberAppln - INFO - Topc:humidity	Content:45.20786511260835	Time_interval:0.0002548694610595703
2023-03-22 15:34:04,687 - SubscriberAppln - INFO - Topc:humidity	Content:48.982679213497796	Time_interval:0.0002942085266113281
2023-03-22 15:34:04,699 - SubscriberAppln - INFO - Topc:humidity	Content:77.9958189722251	Time_interval:0.00029659271240234375
2023-03-22 15:34:05,504 - SubscriberAppln - INFO - Topc:humidity	Content:68.77202834844901	Time_interval:0.0002541542053222656
2023-03-22 15:34:05,531 - SubscriberAppln - INFO - Topc:humidity	Content:72.98996268343643	Time_interval:0.00025773048400878906
2023-03-22 15:34:05,547 - SubscriberAppln - INFO - Topc:humidity	Content:86.51540073353269	Time_interval:0.0002493858337402344
2023-03-22 15:34:05,629 - SubscriberAppln - INFO - Topc:humidity	Content:41.14833182646692	Time_interval:0.0002384185791015625
2023-03-22 15:34:05,661 - SubscriberAppln - INFO - Topc:humidity	Content:76.83466601990334	Time_interval:0.00022649765014648438
2023-03-22 15:34:05,688 - SubscriberAppln - INFO - Topc:humidity	Content:43.73589776002457	Time_interval:0.00031113624572753906
2023-03-22 15:34:05,700 - SubscriberAppln - INFO - Topc:humidity	Content:48.915331755941985	Time_interval:0.00029206275939941406
2023-03-22 15:34:06,505 - SubscriberAppln - INFO - Topc:humidity	Content:14.313949444088017	Time_interval:0.0002837181091308594
2023-03-22 15:34:06,532 - SubscriberAppln - INFO - Topc:humidity	Content:57.551085592510155	Time_interval:0.00026798248291015625
2023-03-22 15:34:06,548 - SubscriberAppln - INFO - Topc:humidity	Content:87.22021215914256	Time_interval:0.00029754638671875
2023-03-22 15:34:06,629 - SubscriberAppln - INFO - Topc:humidity	Content:81.49690456809995	Time_interval:0.0002143383026123047
2023-03-22 15:34:06,661 - SubscriberAppln - INFO - Topc:humidity	Content:11.207684420455493	Time_interval:0.00022339820861816406
2023-03-22 15:34:06,689 - SubscriberAppln - INFO - Topc:humidity	Content:66.81640107021384	Time_interval:0.0002808570861816406
2023-03-22 15:34:06,701 - SubscriberAppln - INFO - Topc:humidity	Content:73.30055354243348	Time_interval:0.00031876564025878906
2023-03-22 15:34:07,506 - SubscriberAppln - INFO - Topc:humidity	Content:17.27619759721957	Time_interval:0.00033092498779296875
2023-03-22 15:34:07,533 - SubscriberAppln - INFO - Topc:humidity	Content:24.949210011371633	Time_interval:0.0002532005310058594
2023-03-22 15:34:07,549 - SubscriberAppln - INFO - Topc:humidity	Content:21.373855397253095	Time_interval:0.0003006458282470703
2023-03-22 15:34:07,631 - SubscriberAppln - INFO - Topc:humidity	Content:31.133680088596627	Time_interval:0.0009129047393798828
2023-03-22 15:34:07,663 - SubscriberAppln - INFO - Topc:humidity	Content:35.47640102309069	Time_interval:0.00023937225341796875
2023-03-22 15:34:07,690 - SubscriberAppln - INFO - Topc:humidity	Content:39.63838144213346	Time_interval:0.00037097930908203125
2023-03-22 15:34:07,701 - SubscriberAppln - INFO - Topc:humidity	Content:38.64329606801666	Time_interval:0.0002620220184326172
2023-03-22 15:34:08,507 - SubscriberAppln - INFO - Topc:humidity	Content:15.41352441644426	Time_interval:0.00032520294189453125
2023-03-22 15:34:08,533 - SubscriberAppln - INFO - Topc:humidity	Content:30.08068759290077	Time_interval:0.0002589225769042969
2023-03-22 15:34:08,549 - SubscriberAppln - INFO - Topc:humidity	Content:73.112000769481	Time_interval:0.00025010108947753906
2023-03-22 15:34:08,632 - SubscriberAppln - INFO - Topc:humidity	Content:70.75097278133563	Time_interval:0.00029969215393066406
2023-03-22 15:34:08,664 - SubscriberAppln - INFO - Topc:humidity	Content:98.72046605214642	Time_interval:0.00023984909057617188
2023-03-22 15:34:08,691 - SubscriberAppln - INFO - Topc:humidity	Content:50.36040113718145	Time_interval:0.000293731689453125
2023-03-22 15:34:08,703 - SubscriberAppln - INFO - Topc:humidity	Content:58.24614571772872	Time_interval:0.0003180503845214844
2023-03-22 15:34:09,508 - SubscriberAppln - INFO - Topc:humidity	Content:89.00760274023352	Time_interval:0.0002818107604980469
2023-03-22 15:34:09,535 - SubscriberAppln - INFO - Topc:humidity	Content:86.2063208969197	Time_interval:0.0002772808074951172
2023-03-22 15:34:09,551 - SubscriberAppln - INFO - Topc:humidity	Content:12.165277097509883	Time_interval:0.0002231597900390625
2023-03-22 15:34:09,634 - SubscriberAppln - INFO - Topc:humidity	Content:42.2265325439944	Time_interval:0.0008394718170166016
2023-03-22 15:34:09,665 - SubscriberAppln - INFO - Topc:humidity	Content:84.40668574521108	Time_interval:0.0002655982971191406
2023-03-22 15:34:09,692 - SubscriberAppln - INFO - Topc:humidity	Content:79.55163801120902	Time_interval:0.00032258033752441406
2023-03-22 15:34:09,704 - SubscriberAppln - INFO - Topc:humidity	Content:15.043895151677766	Time_interval:0.0002663135528564453
2023-03-22 15:34:10,510 - SubscriberAppln - INFO - Topc:humidity	Content:96.02013171800961	Time_interval:0.000919342041015625
2023-03-22 15:34:10,536 - SubscriberAppln - INFO - Topc:humidity	Content:44.44731736216334	Time_interval:0.0002455711364746094
2023-03-22 15:34:10,552 - SubscriberAppln - INFO - Topc:humidity	Content:43.01414498670965	Time_interval:0.0003266334533691406
2023-03-22 15:34:10,635 - SubscriberAppln - INFO - Topc:humidity	Content:30.832095077406862	Time_interval:0.00023174285888671875
2023-03-22 15:34:10,665 - SubscriberAppln - INFO - Topc:humidity	Content:44.339137556396906	Time_interval:0.00026345252990722656
2023-03-22 15:34:10,693 - SubscriberAppln - INFO - Topc:humidity	Content:13.303650407307419	Time_interval:0.0003600120544433594
2023-03-22 15:34:10,705 - SubscriberAppln - INFO - Topc:humidity	Content:72.51423105427402	Time_interval:0.0002815723419189453
2023-03-22 15:34:11,511 - SubscriberAppln - INFO - Topc:humidity	Content:48.20880430332454	Time_interval:0.00025653839111328125
2023-03-22 15:34:11,537 - SubscriberAppln - INFO - Topc:humidity	Content:97.47508155411326	Time_interval:0.0002789497375488281
2023-03-22 15:34:11,553 - SubscriberAppln - INFO - Topc:humidity	Content:87.53351187261667	Time_interval:0.0002300739288330078
2023-03-22 15:34:11,636 - SubscriberAppln - INFO - Topc:humidity	Content:69.99661092414456	Time_interval:0.00023055076599121094
2023-03-22 15:34:11,667 - SubscriberAppln - INFO - Topc:humidity	Content:22.60624453386205	Time_interval:0.00023889541625976562
2023-03-22 15:34:11,694 - SubscriberAppln - INFO - Topc:humidity	Content:31.384875115409912	Time_interval:0.00028514862060546875
2023-03-22 15:34:11,705 - SubscriberAppln - INFO - Topc:humidity	Content:98.81478128561464	Time_interval:0.0002913475036621094
2023-03-22 15:34:12,512 - SubscriberAppln - INFO - Topc:humidity	Content:56.78156690160241	Time_interval:0.0003211498260498047
2023-03-22 15:34:12,538 - SubscriberAppln - INFO - Topc:humidity	Content:79.71240674324801	Time_interval:0.00040459632873535156
2023-03-22 15:34:12,553 - SubscriberAppln - INFO - Topc:humidity	Content:11.933656918709593	Time_interval:0.00022459030151367188
2023-03-22 15:34:12,637 - SubscriberAppln - INFO - Topc:humidity	Content:74.14892261593263	Time_interval:0.00022935867309570312
2023-03-22 15:34:12,668 - SubscriberAppln - INFO - Topc:humidity	Content:97.69346351911028	Time_interval:0.0002446174621582031
2023-03-22 15:34:12,695 - SubscriberAppln - INFO - Topc:humidity	Content:30.203058135826662	Time_interval:0.0003287792205810547
2023-03-22 15:34:12,707 - SubscriberAppln - INFO - Topc:humidity	Content:60.76622815053982	Time_interval:0.0003058910369873047
2023-03-22 15:34:13,513 - SubscriberAppln - INFO - Topc:humidity	Content:17.116990810686023	Time_interval:0.00033473968505859375
2023-03-22 15:34:13,538 - SubscriberAppln - INFO - Topc:humidity	Content:82.7059275542395	Time_interval:0.00022864341735839844
2023-03-22 15:34:13,555 - SubscriberAppln - INFO - Topc:humidity	Content:47.80982103376763	Time_interval:0.00027751922607421875
2023-03-22 15:34:13,637 - SubscriberAppln - INFO - Topc:humidity	Content:62.7033178677421	Time_interval:0.00024819374084472656
2023-03-22 15:34:13,669 - SubscriberAppln - INFO - Topc:humidity	Content:55.325151201878185	Time_interval:0.00023126602172851562
2023-03-22 15:34:13,696 - SubscriberAppln - INFO - Topc:humidity	Content:84.78892355219399	Time_interval:0.00035500526428222656
2023-03-22 15:34:13,708 - SubscriberAppln - INFO - Topc:humidity	Content:45.683614013256346	Time_interval:0.0003006458282470703
2023-03-22 15:34:14,514 - SubscriberAppln - INFO - Topc:humidity	Content:99.84174876922692	Time_interval:0.00028324127197265625
2023-03-22 15:34:14,539 - SubscriberAppln - INFO - Topc:humidity	Content:63.66595752926291	Time_interval:0.00024890899658203125
2023-03-22 15:34:14,556 - SubscriberAppln - INFO - Topc:humidity	Content:85.95334620986146	Time_interval:0.00028228759765625
2023-03-22 15:34:14,639 - SubscriberAppln - INFO - Topc:humidity	Content:75.806110602669	Time_interval:0.0002205371856689453
2023-03-22 15:34:14,669 - SubscriberAppln - INFO - Topc:humidity	Content:51.917668302655194	Time_interval:0.00021314620971679688
2023-03-22 15:34:14,697 - SubscriberAppln - INFO - Topc:humidity	Content:20.319009576174217	Time_interval:0.0003147125244140625
2023-03-22 15:34:14,709 - SubscriberAppln - INFO - Topc:humidity	Content:93.41978660603603	Time_interval:0.00028514862060546875
2023-03-22 15:34:15,540 - SubscriberAppln - INFO - Topc:humidity	Content:45.78074837273177	Time_interval:0.0002739429473876953
2023-03-22 15:34:15,639 - SubscriberAppln - INFO - Topc:humidity	Content:15.49036152007615	Time_interval:0.00023055076599121094
2023-03-22 15:34:15,671 - SubscriberAppln - INFO - Topc:humidity	Content:40.0224791643068	Time_interval:0.0002684593200683594
2023-03-22 15:34:15,709 - SubscriberAppln - INFO - Topc:humidity	Content:49.889684399408246	Time_interval:0.00028777122497558594
2023-03-22 15:34:16,672 - SubscriberAppln - INFO - Topc:humidity	Content:99.64528059883263	Time_interval:0.00030803680419921875
