2023-03-22 15:32:53,072 - root - INFO - Main - acquire a child logger and then log messages in the child
2023-03-22 15:32:53,072 - SubscriberAppln - DEBUG - Main: parse command line arguments
2023-03-22 15:32:53,076 - SubscriberAppln - DEBUG - Main: resetting log level to 20
2023-03-22 15:32:53,077 - SubscriberAppln - INFO - SubscriberAppln::configure
2023-03-22 15:32:53,077 - SubscriberAppln - INFO - SubscriberMW::configure
2023-03-22 15:32:53,077 - SubscriberAppln - INFO - SubscriberMW::configure completed
2023-03-22 15:32:53,077 - SubscriberAppln - INFO - SubscriberAppln::configure - configuration complete
2023-03-22 15:32:53,078 - SubscriberAppln - INFO - SubscriberAppln::driver
2023-03-22 15:32:53,078 - SubscriberAppln - INFO - **********************************
2023-03-22 15:32:53,078 - SubscriberAppln - INFO - SubscriberAppln::dump
2023-03-22 15:32:53,078 - SubscriberAppln - INFO - ------------------------------
2023-03-22 15:32:53,078 - SubscriberAppln - INFO -      Name: sub28
2023-03-22 15:32:53,078 - SubscriberAppln - INFO -      Lookup: Centralized
2023-03-22 15:32:53,078 - SubscriberAppln - INFO -      Num Topics: 1
2023-03-22 15:32:53,078 - SubscriberAppln - INFO -      TopicList: ['pressure']
2023-03-22 15:32:53,078 - SubscriberAppln - INFO -      Iterations: 1000
2023-03-22 15:32:53,078 - SubscriberAppln - INFO -      Frequency: 1
2023-03-22 15:32:53,078 - SubscriberAppln - INFO - **********************************
2023-03-22 15:32:53,078 - SubscriberAppln - INFO - SubscriberMW::event_loop - run the event loop
2023-03-22 15:32:53,078 - SubscriberAppln - INFO - SubscriberAppln::invoke_operation
2023-03-22 15:32:53,078 - SubscriberAppln - INFO - SubscriberMW::register
2023-03-22 15:32:53,078 - SubscriberAppln - INFO - 1679517184.0
2023-03-22 15:32:53,078 - SubscriberAppln - INFO - 2
2023-03-22 15:32:53,079 - SubscriberAppln - INFO - SubscriberMW::register - sent register message and now now wait for reply
2023-03-22 15:32:53,309 - SubscriberAppln - INFO - SubscriberMW::handle_reply
2023-03-22 15:32:53,309 - SubscriberAppln - INFO - SubscriberAppln::register_response
2023-03-22 15:32:53,309 - SubscriberAppln - INFO - SubscriberAppln::register_response - registration is a success
2023-03-22 15:32:53,309 - SubscriberAppln - INFO - 1679517184.0
2023-03-22 15:32:53,309 - SubscriberAppln - INFO - 1679517173.309781
2023-03-22 15:32:53,309 - SubscriberAppln - INFO - -10.690218687057495
2023-03-22 15:32:53,309 - SubscriberAppln - INFO - SubscriberAppln::invoke_operation
2023-03-22 15:32:53,309 - SubscriberAppln - INFO - SubscriberMW::is_ready
2023-03-22 15:32:53,310 - SubscriberAppln - INFO - SubscriberMW::is_ready - request sent and now wait for reply
2023-03-22 15:32:54,058 - SubscriberAppln - INFO - SubscriberMW::handle_reply
2023-03-22 15:32:54,058 - SubscriberAppln - INFO - SubscriberAppln::isready_response
2023-03-22 15:32:54,058 - SubscriberAppln - INFO - SubscriberAppln::driver - Not ready yet; check again
2023-03-22 15:33:04,065 - SubscriberAppln - INFO - SubscriberAppln::invoke_operation
2023-03-22 15:33:04,065 - SubscriberAppln - INFO - SubscriberMW::is_ready
2023-03-22 15:33:04,065 - SubscriberAppln - INFO - SubscriberMW::is_ready - request sent and now wait for reply
2023-03-22 15:33:04,085 - SubscriberAppln - INFO - SubscriberMW::handle_reply
2023-03-22 15:33:04,085 - SubscriberAppln - INFO - SubscriberAppln::isready_response
2023-03-22 15:33:04,085 - SubscriberAppln - INFO - SubscriberAppln::driver - System ready; let's connect to discovery for getting publisher information!!
2023-03-22 15:33:04,085 - SubscriberAppln - INFO - SubscriberAppln::invoke_operation
2023-03-22 15:33:04,085 - SubscriberAppln - INFO - SubscriberAppln::invoke_operation - start getting publisher information
2023-03-22 15:33:04,085 - SubscriberAppln - INFO - ['pressure']
2023-03-22 15:33:04,085 - SubscriberAppln - INFO - SubscriberAppln::invoke_operation - Find publisher completed
2023-03-22 15:33:04,086 - SubscriberAppln - INFO - SubscriberMW::handle_reply
2023-03-22 15:33:04,086 - SubscriberAppln - INFO - SubscriberMW::try to set the topic filtering
2023-03-22 15:33:04,086 - SubscriberAppln - INFO - SubscriberMW::connect to publisher
