2023-03-22 15:36:15,005 - root - INFO - Main - acquire a child logger and then log messages in the child
2023-03-22 15:36:15,005 - SubscriberAppln - DEBUG - Main: parse command line arguments
2023-03-22 15:36:15,010 - SubscriberAppln - DEBUG - Main: resetting log level to 20
2023-03-22 15:36:15,010 - SubscriberAppln - INFO - SubscriberAppln::configure
2023-03-22 15:36:15,010 - SubscriberAppln - INFO - SubscriberMW::configure
2023-03-22 15:36:15,012 - SubscriberAppln - INFO - SubscriberMW::configure completed
2023-03-22 15:36:15,012 - SubscriberAppln - INFO - SubscriberAppln::configure - configuration complete
2023-03-22 15:36:15,012 - SubscriberAppln - INFO - SubscriberAppln::driver
2023-03-22 15:36:15,012 - SubscriberAppln - INFO - **********************************
2023-03-22 15:36:15,012 - SubscriberAppln - INFO - SubscriberAppln::dump
2023-03-22 15:36:15,012 - SubscriberAppln - INFO - ------------------------------
2023-03-22 15:36:15,012 - SubscriberAppln - INFO -      Name: sub20
2023-03-22 15:36:15,012 - SubscriberAppln - INFO -      Lookup: Centralized
2023-03-22 15:36:15,012 - SubscriberAppln - INFO -      Num Topics: 1
2023-03-22 15:36:15,013 - SubscriberAppln - INFO -      TopicList: ['humidity']
2023-03-22 15:36:15,013 - SubscriberAppln - INFO -      Iterations: 1000
2023-03-22 15:36:15,013 - SubscriberAppln - INFO -      Frequency: 1
2023-03-22 15:36:15,013 - SubscriberAppln - INFO - **********************************
2023-03-22 15:36:15,013 - SubscriberAppln - INFO - SubscriberMW::event_loop - run the event loop
2023-03-22 15:36:15,013 - SubscriberAppln - INFO - SubscriberAppln::invoke_operation
2023-03-22 15:36:15,013 - SubscriberAppln - INFO - SubscriberMW::register
2023-03-22 15:36:15,013 - SubscriberAppln - INFO - 1679517312.0
2023-03-22 15:36:15,013 - SubscriberAppln - INFO - 2
2023-03-22 15:36:15,013 - SubscriberAppln - INFO - SubscriberMW::register - sent register message and now now wait for reply
2023-03-22 15:36:15,267 - SubscriberAppln - INFO - SubscriberMW::handle_reply
2023-03-22 15:36:15,267 - SubscriberAppln - INFO - SubscriberAppln::register_response
2023-03-22 15:36:15,267 - SubscriberAppln - INFO - SubscriberAppln::register_response - registration is a success
2023-03-22 15:36:15,267 - SubscriberAppln - INFO - 1679517312.0
2023-03-22 15:36:15,267 - SubscriberAppln - INFO - 1679517375.2675738
2023-03-22 15:36:15,267 - SubscriberAppln - INFO - 63.267573833465576
2023-03-22 15:36:15,267 - SubscriberAppln - INFO - SubscriberAppln::invoke_operation
2023-03-22 15:36:15,267 - SubscriberAppln - INFO - SubscriberMW::is_ready
2023-03-22 15:36:15,267 - SubscriberAppln - INFO - SubscriberMW::is_ready - request sent and now wait for reply
2023-03-22 15:36:15,793 - SubscriberAppln - INFO - SubscriberMW::handle_reply
2023-03-22 15:36:15,793 - SubscriberAppln - INFO - SubscriberAppln::isready_response
2023-03-22 15:36:15,793 - SubscriberAppln - INFO - SubscriberAppln::driver - Not ready yet; check again
2023-03-22 15:36:25,801 - SubscriberAppln - INFO - SubscriberAppln::invoke_operation
2023-03-22 15:36:25,801 - SubscriberAppln - INFO - SubscriberMW::is_ready
2023-03-22 15:36:25,801 - SubscriberAppln - INFO - SubscriberMW::is_ready - request sent and now wait for reply
2023-03-22 15:36:25,815 - SubscriberAppln - INFO - SubscriberMW::handle_reply
2023-03-22 15:36:25,815 - SubscriberAppln - INFO - SubscriberAppln::isready_response
2023-03-22 15:36:25,815 - SubscriberAppln - INFO - SubscriberAppln::driver - System ready; let's connect to discovery for getting publisher information!!
2023-03-22 15:36:25,815 - SubscriberAppln - INFO - SubscriberAppln::invoke_operation
2023-03-22 15:36:25,815 - SubscriberAppln - INFO - SubscriberAppln::invoke_operation - start getting publisher information
2023-03-22 15:36:25,815 - SubscriberAppln - INFO - ['humidity']
2023-03-22 15:36:25,815 - SubscriberAppln - INFO - SubscriberAppln::invoke_operation - Find publisher completed
2023-03-22 15:36:25,816 - SubscriberAppln - INFO - SubscriberMW::handle_reply
2023-03-22 15:36:25,817 - SubscriberAppln - INFO - SubscriberMW::try to set the topic filtering
2023-03-22 15:36:25,817 - SubscriberAppln - INFO - SubscriberMW::connect to publisher
2023-03-22 15:36:45,497 - SubscriberAppln - INFO - Topc:humidity	Content:56.28343857039015	Time_interval:0.00018548965454101562
2023-03-22 15:36:46,497 - SubscriberAppln - INFO - Topc:humidity	Content:36.14714532333194	Time_interval:0.00023794174194335938
2023-03-22 15:36:47,499 - SubscriberAppln - INFO - Topc:humidity	Content:58.82271215590341	Time_interval:0.0002551078796386719
2023-03-22 15:36:48,500 - SubscriberAppln - INFO - Topc:humidity	Content:79.76865831810909	Time_interval:0.0002105236053466797
2023-03-22 15:36:49,501 - SubscriberAppln - INFO - Topc:humidity	Content:43.345342382282084	Time_interval:0.00018310546875
2023-03-22 15:36:50,502 - SubscriberAppln - INFO - Topc:humidity	Content:68.1339951551623	Time_interval:0.0006544589996337891
2023-03-22 15:36:51,503 - SubscriberAppln - INFO - Topc:humidity	Content:71.44807548854723	Time_interval:0.00018739700317382812
2023-03-22 15:36:52,504 - SubscriberAppln - INFO - Topc:humidity	Content:90.15954582571023	Time_interval:0.0003292560577392578
2023-03-22 15:36:53,505 - SubscriberAppln - INFO - Topc:humidity	Content:31.989809965318084	Time_interval:0.0002410411834716797
2023-03-22 15:36:54,506 - SubscriberAppln - INFO - Topc:humidity	Content:91.52064480380459	Time_interval:0.00025463104248046875
2023-03-22 15:36:55,491 - SubscriberAppln - INFO - Topc:humidity	Content:91.8210297976289	Time_interval:0.00020647048950195312
2023-03-22 15:36:55,508 - SubscriberAppln - INFO - Topc:humidity	Content:69.74661926928621	Time_interval:0.0002014636993408203
2023-03-22 15:36:56,492 - SubscriberAppln - INFO - Topc:humidity	Content:45.934511701600044	Time_interval:0.000240325927734375
2023-03-22 15:36:56,509 - SubscriberAppln - INFO - Topc:humidity	Content:77.25864400777131	Time_interval:0.0001862049102783203
2023-03-22 15:36:57,493 - SubscriberAppln - INFO - Topc:humidity	Content:82.23118160103941	Time_interval:0.0002148151397705078
2023-03-22 15:36:57,509 - SubscriberAppln - INFO - Topc:humidity	Content:51.48393283504507	Time_interval:0.0001838207244873047
2023-03-22 15:36:58,494 - SubscriberAppln - INFO - Topc:humidity	Content:50.35484438428437	Time_interval:0.000213623046875
2023-03-22 15:36:58,510 - SubscriberAppln - INFO - Topc:humidity	Content:58.24358869857718	Time_interval:0.00018930435180664062
2023-03-22 15:36:59,495 - SubscriberAppln - INFO - Topc:humidity	Content:23.007657449774342	Time_interval:0.0002124309539794922
2023-03-22 15:36:59,512 - SubscriberAppln - INFO - Topc:humidity	Content:18.140607578725273	Time_interval:0.00018644332885742188
2023-03-22 15:37:00,497 - SubscriberAppln - INFO - Topc:humidity	Content:25.60774330807116	Time_interval:0.0002052783966064453
2023-03-22 15:37:00,513 - SubscriberAppln - INFO - Topc:humidity	Content:68.66145087939913	Time_interval:0.0001881122589111328
2023-03-22 15:37:01,513 - SubscriberAppln - INFO - Topc:humidity	Content:15.223427032992891	Time_interval:0.00023317337036132812
