2023-03-22 15:32:53,062 - root - INFO - Main - acquire a child logger and then log messages in the child
2023-03-22 15:32:53,062 - SubscriberAppln - DEBUG - Main: parse command line arguments
2023-03-22 15:32:53,066 - SubscriberAppln - DEBUG - Main: resetting log level to 20
2023-03-22 15:32:53,066 - SubscriberAppln - INFO - SubscriberAppln::configure
2023-03-22 15:32:53,066 - SubscriberAppln - INFO - SubscriberMW::configure
2023-03-22 15:32:53,067 - SubscriberAppln - INFO - SubscriberMW::configure completed
2023-03-22 15:32:53,067 - SubscriberAppln - INFO - SubscriberAppln::configure - configuration complete
2023-03-22 15:32:53,067 - SubscriberAppln - INFO - SubscriberAppln::driver
2023-03-22 15:32:53,067 - SubscriberAppln - INFO - **********************************
2023-03-22 15:32:53,067 - SubscriberAppln - INFO - SubscriberAppln::dump
2023-03-22 15:32:53,067 - SubscriberAppln - INFO - ------------------------------
2023-03-22 15:32:53,067 - SubscriberAppln - INFO -      Name: sub22
2023-03-22 15:32:53,067 - SubscriberAppln - INFO -      Lookup: Centralized
2023-03-22 15:32:53,067 - SubscriberAppln - INFO -      Num Topics: 1
2023-03-22 15:32:53,067 - SubscriberAppln - INFO -      TopicList: ['weather']
2023-03-22 15:32:53,067 - SubscriberAppln - INFO -      Iterations: 1000
2023-03-22 15:32:53,067 - SubscriberAppln - INFO -      Frequency: 1
2023-03-22 15:32:53,067 - SubscriberAppln - INFO - **********************************
2023-03-22 15:32:53,067 - SubscriberAppln - INFO - SubscriberMW::event_loop - run the event loop
2023-03-22 15:32:53,067 - SubscriberAppln - INFO - SubscriberAppln::invoke_operation
2023-03-22 15:32:53,067 - SubscriberAppln - INFO - SubscriberMW::register
2023-03-22 15:32:53,067 - SubscriberAppln - INFO - 1679517184.0
2023-03-22 15:32:53,067 - SubscriberAppln - INFO - 2
2023-03-22 15:32:53,067 - SubscriberAppln - INFO - SubscriberMW::register - sent register message and now now wait for reply
2023-03-22 15:32:53,295 - SubscriberAppln - INFO - SubscriberMW::handle_reply
2023-03-22 15:32:53,295 - SubscriberAppln - INFO - SubscriberAppln::register_response
2023-03-22 15:32:53,295 - SubscriberAppln - INFO - SubscriberAppln::register_response - registration is a success
2023-03-22 15:32:53,295 - SubscriberAppln - INFO - 1679517184.0
2023-03-22 15:32:53,295 - SubscriberAppln - INFO - 1679517173.295728
2023-03-22 15:32:53,295 - SubscriberAppln - INFO - -10.704272031784058
2023-03-22 15:32:53,295 - SubscriberAppln - INFO - SubscriberAppln::invoke_operation
2023-03-22 15:32:53,295 - SubscriberAppln - INFO - SubscriberMW::is_ready
2023-03-22 15:32:53,295 - SubscriberAppln - INFO - SubscriberMW::is_ready - request sent and now wait for reply
2023-03-22 15:32:54,005 - SubscriberAppln - INFO - SubscriberMW::handle_reply
2023-03-22 15:32:54,006 - SubscriberAppln - INFO - SubscriberAppln::isready_response
2023-03-22 15:32:54,006 - SubscriberAppln - INFO - SubscriberAppln::driver - Not ready yet; check again
2023-03-22 15:33:04,013 - SubscriberAppln - INFO - SubscriberAppln::invoke_operation
2023-03-22 15:33:04,013 - SubscriberAppln - INFO - SubscriberMW::is_ready
2023-03-22 15:33:04,013 - SubscriberAppln - INFO - SubscriberMW::is_ready - request sent and now wait for reply
2023-03-22 15:33:04,028 - SubscriberAppln - INFO - SubscriberMW::handle_reply
2023-03-22 15:33:04,028 - SubscriberAppln - INFO - SubscriberAppln::isready_response
2023-03-22 15:33:04,028 - SubscriberAppln - INFO - SubscriberAppln::driver - System ready; let's connect to discovery for getting publisher information!!
2023-03-22 15:33:04,028 - SubscriberAppln - INFO - SubscriberAppln::invoke_operation
2023-03-22 15:33:04,028 - SubscriberAppln - INFO - SubscriberAppln::invoke_operation - start getting publisher information
2023-03-22 15:33:04,028 - SubscriberAppln - INFO - ['weather']
2023-03-22 15:33:04,028 - SubscriberAppln - INFO - SubscriberAppln::invoke_operation - Find publisher completed
2023-03-22 15:33:04,031 - SubscriberAppln - INFO - SubscriberMW::handle_reply
2023-03-22 15:33:04,031 - SubscriberAppln - INFO - SubscriberMW::try to set the topic filtering
2023-03-22 15:33:04,032 - SubscriberAppln - INFO - SubscriberMW::connect to publisher
2023-03-22 15:33:04,294 - SubscriberAppln - INFO - Topc:weather	Content:foggy	Time_interval:0.0003879070281982422
2023-03-22 15:33:04,595 - SubscriberAppln - INFO - Topc:weather	Content:rainy	Time_interval:0.000396728515625
2023-03-22 15:33:04,764 - SubscriberAppln - INFO - Topc:weather	Content:foggy	Time_interval:0.0002696514129638672
2023-03-22 15:33:05,295 - SubscriberAppln - INFO - Topc:weather	Content:foggy	Time_interval:0.0009071826934814453
2023-03-22 15:33:05,596 - SubscriberAppln - INFO - Topc:weather	Content:rainy	Time_interval:0.0002930164337158203
2023-03-22 15:33:05,765 - SubscriberAppln - INFO - Topc:weather	Content:rainy	Time_interval:0.00019812583923339844
2023-03-22 15:33:06,296 - SubscriberAppln - INFO - Topc:weather	Content:sunny	Time_interval:0.0002734661102294922
2023-03-22 15:33:06,597 - SubscriberAppln - INFO - Topc:weather	Content:foggy	Time_interval:0.0002624988555908203
2023-03-22 15:33:06,765 - SubscriberAppln - INFO - Topc:weather	Content:foggy	Time_interval:0.00023698806762695312
2023-03-22 15:33:07,298 - SubscriberAppln - INFO - Topc:weather	Content:sunny	Time_interval:0.00034999847412109375
2023-03-22 15:33:07,597 - SubscriberAppln - INFO - Topc:weather	Content:foggy	Time_interval:0.00022602081298828125
2023-03-22 15:33:07,767 - SubscriberAppln - INFO - Topc:weather	Content:sunny	Time_interval:0.0003840923309326172
2023-03-22 15:33:08,299 - SubscriberAppln - INFO - Topc:weather	Content:cloudy	Time_interval:0.0002655982971191406
2023-03-22 15:33:08,599 - SubscriberAppln - INFO - Topc:weather	Content:foggy	Time_interval:0.00032973289489746094
2023-03-22 15:33:08,768 - SubscriberAppln - INFO - Topc:weather	Content:sunny	Time_interval:0.0002567768096923828
2023-03-22 15:33:09,300 - SubscriberAppln - INFO - Topc:weather	Content:cloudy	Time_interval:0.0008401870727539062
2023-03-22 15:33:09,600 - SubscriberAppln - INFO - Topc:weather	Content:cloudy	Time_interval:0.0002684593200683594
2023-03-22 15:33:09,769 - SubscriberAppln - INFO - Topc:weather	Content:icy	Time_interval:0.0008218288421630859
2023-03-22 15:33:10,302 - SubscriberAppln - INFO - Topc:weather	Content:sunny	Time_interval:0.0008347034454345703
2023-03-22 15:33:10,601 - SubscriberAppln - INFO - Topc:weather	Content:rainy	Time_interval:0.0003337860107421875
2023-03-22 15:33:10,770 - SubscriberAppln - INFO - Topc:weather	Content:rainy	Time_interval:0.000858306884765625
2023-03-22 15:33:11,303 - SubscriberAppln - INFO - Topc:weather	Content:rainy	Time_interval:0.00024819374084472656
2023-03-22 15:33:11,602 - SubscriberAppln - INFO - Topc:weather	Content:foggy	Time_interval:0.00022935867309570312
2023-03-22 15:33:11,771 - SubscriberAppln - INFO - Topc:weather	Content:sunny	Time_interval:0.0003612041473388672
2023-03-22 15:33:12,304 - SubscriberAppln - INFO - Topc:weather	Content:foggy	Time_interval:0.00029015541076660156
2023-03-22 15:33:12,603 - SubscriberAppln - INFO - Topc:weather	Content:icy	Time_interval:0.0003218650817871094
2023-03-22 15:33:12,773 - SubscriberAppln - INFO - Topc:weather	Content:foggy	Time_interval:0.0008480548858642578
2023-03-22 15:33:13,305 - SubscriberAppln - INFO - Topc:weather	Content:sunny	Time_interval:0.00026917457580566406
2023-03-22 15:33:13,604 - SubscriberAppln - INFO - Topc:weather	Content:cloudy	Time_interval:0.00019621849060058594
2023-03-22 15:33:13,773 - SubscriberAppln - INFO - Topc:weather	Content:cloudy	Time_interval:0.00020360946655273438
2023-03-22 15:33:14,307 - SubscriberAppln - INFO - Topc:weather	Content:foggy	Time_interval:0.00033092498779296875
2023-03-22 15:33:14,606 - SubscriberAppln - INFO - Topc:weather	Content:sunny	Time_interval:0.00030732154846191406
2023-03-22 15:33:14,774 - SubscriberAppln - INFO - Topc:weather	Content:rainy	Time_interval:0.00023102760314941406
2023-03-22 15:33:15,308 - SubscriberAppln - INFO - Topc:weather	Content:rainy	Time_interval:0.0003325939178466797
2023-03-22 15:33:15,607 - SubscriberAppln - INFO - Topc:weather	Content:cloudy	Time_interval:0.00027871131896972656
2023-03-22 15:33:15,776 - SubscriberAppln - INFO - Topc:weather	Content:icy	Time_interval:0.00022149085998535156
2023-03-22 15:33:16,309 - SubscriberAppln - INFO - Topc:weather	Content:foggy	Time_interval:0.000293731689453125
2023-03-22 15:33:16,608 - SubscriberAppln - INFO - Topc:weather	Content:sunny	Time_interval:0.0003440380096435547
2023-03-22 15:33:16,777 - SubscriberAppln - INFO - Topc:weather	Content:rainy	Time_interval:0.0007855892181396484
2023-03-22 15:33:17,310 - SubscriberAppln - INFO - Topc:weather	Content:foggy	Time_interval:0.0008087158203125
2023-03-22 15:33:17,609 - SubscriberAppln - INFO - Topc:weather	Content:cloudy	Time_interval:0.00027942657470703125
2023-03-22 15:33:17,778 - SubscriberAppln - INFO - Topc:weather	Content:cloudy	Time_interval:0.0007669925689697266
2023-03-22 15:33:18,311 - SubscriberAppln - INFO - Topc:weather	Content:icy	Time_interval:0.0003483295440673828
2023-03-22 15:33:18,611 - SubscriberAppln - INFO - Topc:weather	Content:rainy	Time_interval:0.0008680820465087891
2023-03-22 15:33:18,779 - SubscriberAppln - INFO - Topc:weather	Content:cloudy	Time_interval:0.000225067138671875
2023-03-22 15:33:19,312 - SubscriberAppln - INFO - Topc:weather	Content:icy	Time_interval:0.0002799034118652344
2023-03-22 15:33:19,612 - SubscriberAppln - INFO - Topc:weather	Content:icy	Time_interval:0.00023865699768066406
2023-03-22 15:33:19,780 - SubscriberAppln - INFO - Topc:weather	Content:sunny	Time_interval:0.0007140636444091797
2023-03-22 15:33:20,313 - SubscriberAppln - INFO - Topc:weather	Content:icy	Time_interval:0.00027561187744140625
2023-03-22 15:33:20,613 - SubscriberAppln - INFO - Topc:weather	Content:icy	Time_interval:0.0002827644348144531
2023-03-22 15:33:20,782 - SubscriberAppln - INFO - Topc:weather	Content:cloudy	Time_interval:0.0007026195526123047
2023-03-22 15:33:21,315 - SubscriberAppln - INFO - Topc:weather	Content:sunny	Time_interval:0.0003268718719482422
2023-03-22 15:33:21,615 - SubscriberAppln - INFO - Topc:weather	Content:cloudy	Time_interval:0.0008289813995361328
2023-03-22 15:33:21,783 - SubscriberAppln - INFO - Topc:weather	Content:sunny	Time_interval:0.0007040500640869141
2023-03-22 15:33:22,316 - SubscriberAppln - INFO - Topc:weather	Content:cloudy	Time_interval:0.00030231475830078125
2023-03-22 15:33:22,616 - SubscriberAppln - INFO - Topc:weather	Content:foggy	Time_interval:0.0002999305725097656
2023-03-22 15:33:22,784 - SubscriberAppln - INFO - Topc:weather	Content:foggy	Time_interval:0.00022292137145996094
2023-03-22 15:33:23,317 - SubscriberAppln - INFO - Topc:weather	Content:foggy	Time_interval:0.0002720355987548828
2023-03-22 15:33:23,617 - SubscriberAppln - INFO - Topc:weather	Content:icy	Time_interval:0.0002758502960205078
2023-03-22 15:33:23,785 - SubscriberAppln - INFO - Topc:weather	Content:sunny	Time_interval:0.00026226043701171875
2023-03-22 15:33:24,318 - SubscriberAppln - INFO - Topc:weather	Content:rainy	Time_interval:0.0006906986236572266
2023-03-22 15:33:24,617 - SubscriberAppln - INFO - Topc:weather	Content:foggy	Time_interval:0.0002636909484863281
2023-03-22 15:33:24,787 - SubscriberAppln - INFO - Topc:weather	Content:icy	Time_interval:0.0007448196411132812
2023-03-22 15:33:25,320 - SubscriberAppln - INFO - Topc:weather	Content:sunny	Time_interval:0.0008623600006103516
2023-03-22 15:33:25,619 - SubscriberAppln - INFO - Topc:weather	Content:foggy	Time_interval:0.00022172927856445312
2023-03-22 15:33:25,788 - SubscriberAppln - INFO - Topc:weather	Content:rainy	Time_interval:0.00019502639770507812
2023-03-22 15:33:26,320 - SubscriberAppln - INFO - Topc:weather	Content:rainy	Time_interval:0.00031280517578125
2023-03-22 15:33:26,619 - SubscriberAppln - INFO - Topc:weather	Content:rainy	Time_interval:0.0002906322479248047
2023-03-22 15:33:26,789 - SubscriberAppln - INFO - Topc:weather	Content:foggy	Time_interval:0.00021409988403320312
2023-03-22 15:33:27,322 - SubscriberAppln - INFO - Topc:weather	Content:sunny	Time_interval:0.0008857250213623047
2023-03-22 15:33:27,621 - SubscriberAppln - INFO - Topc:weather	Content:sunny	Time_interval:0.0002925395965576172
2023-03-22 15:33:27,789 - SubscriberAppln - INFO - Topc:weather	Content:foggy	Time_interval:0.00019168853759765625
2023-03-22 15:33:28,324 - SubscriberAppln - INFO - Topc:weather	Content:sunny	Time_interval:0.0008475780487060547
2023-03-22 15:33:28,622 - SubscriberAppln - INFO - Topc:weather	Content:rainy	Time_interval:0.0002319812774658203
2023-03-22 15:33:28,790 - SubscriberAppln - INFO - Topc:weather	Content:foggy	Time_interval:0.00018739700317382812
2023-03-22 15:33:29,325 - SubscriberAppln - INFO - Topc:weather	Content:icy	Time_interval:0.000301361083984375
2023-03-22 15:33:29,623 - SubscriberAppln - INFO - Topc:weather	Content:sunny	Time_interval:0.0002357959747314453
2023-03-22 15:33:29,792 - SubscriberAppln - INFO - Topc:weather	Content:icy	Time_interval:0.00020766258239746094
2023-03-22 15:33:30,326 - SubscriberAppln - INFO - Topc:weather	Content:sunny	Time_interval:0.0002238750457763672
2023-03-22 15:33:30,624 - SubscriberAppln - INFO - Topc:weather	Content:icy	Time_interval:0.00025844573974609375
2023-03-22 15:33:30,793 - SubscriberAppln - INFO - Topc:weather	Content:icy	Time_interval:0.00019311904907226562
2023-03-22 15:33:31,327 - SubscriberAppln - INFO - Topc:weather	Content:rainy	Time_interval:0.0008111000061035156
2023-03-22 15:33:31,625 - SubscriberAppln - INFO - Topc:weather	Content:icy	Time_interval:0.0002753734588623047
2023-03-22 15:33:31,793 - SubscriberAppln - INFO - Topc:weather	Content:cloudy	Time_interval:0.00018835067749023438
2023-03-22 15:33:32,329 - SubscriberAppln - INFO - Topc:weather	Content:sunny	Time_interval:0.0008647441864013672
2023-03-22 15:33:32,625 - SubscriberAppln - INFO - Topc:weather	Content:sunny	Time_interval:0.0002472400665283203
2023-03-22 15:33:32,794 - SubscriberAppln - INFO - Topc:weather	Content:foggy	Time_interval:0.00018787384033203125
2023-03-22 15:33:33,329 - SubscriberAppln - INFO - Topc:weather	Content:cloudy	Time_interval:0.0003108978271484375
2023-03-22 15:33:33,627 - SubscriberAppln - INFO - Topc:weather	Content:foggy	Time_interval:0.00022649765014648438
2023-03-22 15:33:33,796 - SubscriberAppln - INFO - Topc:weather	Content:sunny	Time_interval:0.00018787384033203125
2023-03-22 15:33:34,331 - SubscriberAppln - INFO - Topc:weather	Content:icy	Time_interval:0.00029730796813964844
2023-03-22 15:33:34,628 - SubscriberAppln - INFO - Topc:weather	Content:foggy	Time_interval:0.0002498626708984375
2023-03-22 15:33:34,797 - SubscriberAppln - INFO - Topc:weather	Content:rainy	Time_interval:0.00019884109497070312
2023-03-22 15:33:35,333 - SubscriberAppln - INFO - Topc:weather	Content:sunny	Time_interval:0.0009493827819824219
2023-03-22 15:33:35,629 - SubscriberAppln - INFO - Topc:weather	Content:icy	Time_interval:0.00024127960205078125
2023-03-22 15:33:35,797 - SubscriberAppln - INFO - Topc:weather	Content:sunny	Time_interval:0.0001938343048095703
2023-03-22 15:33:36,334 - SubscriberAppln - INFO - Topc:weather	Content:foggy	Time_interval:0.001027822494506836
2023-03-22 15:33:36,629 - SubscriberAppln - INFO - Topc:weather	Content:foggy	Time_interval:0.00027823448181152344
2023-03-22 15:33:36,799 - SubscriberAppln - INFO - Topc:weather	Content:foggy	Time_interval:0.00022530555725097656
2023-03-22 15:33:37,335 - SubscriberAppln - INFO - Topc:weather	Content:foggy	Time_interval:0.000354766845703125
2023-03-22 15:33:37,631 - SubscriberAppln - INFO - Topc:weather	Content:icy	Time_interval:0.00024390220642089844
2023-03-22 15:33:37,800 - SubscriberAppln - INFO - Topc:weather	Content:sunny	Time_interval:0.00020647048950195312
2023-03-22 15:33:38,337 - SubscriberAppln - INFO - Topc:weather	Content:rainy	Time_interval:0.0009350776672363281
2023-03-22 15:33:38,632 - SubscriberAppln - INFO - Topc:weather	Content:icy	Time_interval:0.0002536773681640625
2023-03-22 15:33:38,801 - SubscriberAppln - INFO - Topc:weather	Content:icy	Time_interval:0.00020813941955566406
2023-03-22 15:33:39,338 - SubscriberAppln - INFO - Topc:weather	Content:sunny	Time_interval:0.00029730796813964844
2023-03-22 15:33:39,633 - SubscriberAppln - INFO - Topc:weather	Content:sunny	Time_interval:0.0002999305725097656
2023-03-22 15:33:39,801 - SubscriberAppln - INFO - Topc:weather	Content:foggy	Time_interval:0.0002415180206298828
2023-03-22 15:33:40,339 - SubscriberAppln - INFO - Topc:weather	Content:rainy	Time_interval:0.0007147789001464844
2023-03-22 15:33:40,633 - SubscriberAppln - INFO - Topc:weather	Content:sunny	Time_interval:0.0002410411834716797
2023-03-22 15:33:40,803 - SubscriberAppln - INFO - Topc:weather	Content:foggy	Time_interval:0.00020384788513183594
2023-03-22 15:33:41,341 - SubscriberAppln - INFO - Topc:weather	Content:cloudy	Time_interval:0.0007879734039306641
2023-03-22 15:33:41,635 - SubscriberAppln - INFO - Topc:weather	Content:sunny	Time_interval:0.00026726722717285156
2023-03-22 15:33:41,804 - SubscriberAppln - INFO - Topc:weather	Content:icy	Time_interval:0.0001914501190185547
2023-03-22 15:33:42,343 - SubscriberAppln - INFO - Topc:weather	Content:foggy	Time_interval:0.0008299350738525391
2023-03-22 15:33:42,636 - SubscriberAppln - INFO - Topc:weather	Content:foggy	Time_interval:0.0002315044403076172
2023-03-22 15:33:42,805 - SubscriberAppln - INFO - Topc:weather	Content:rainy	Time_interval:0.00023245811462402344
2023-03-22 15:33:43,344 - SubscriberAppln - INFO - Topc:weather	Content:cloudy	Time_interval:0.0009641647338867188
2023-03-22 15:33:43,637 - SubscriberAppln - INFO - Topc:weather	Content:foggy	Time_interval:0.00024819374084472656
2023-03-22 15:33:43,805 - SubscriberAppln - INFO - Topc:weather	Content:rainy	Time_interval:0.0002377033233642578
2023-03-22 15:33:44,345 - SubscriberAppln - INFO - Topc:weather	Content:rainy	Time_interval:0.0003883838653564453
2023-03-22 15:33:44,637 - SubscriberAppln - INFO - Topc:weather	Content:foggy	Time_interval:0.0002491474151611328
2023-03-22 15:33:44,807 - SubscriberAppln - INFO - Topc:weather	Content:icy	Time_interval:0.0007534027099609375
2023-03-22 15:33:45,346 - SubscriberAppln - INFO - Topc:weather	Content:cloudy	Time_interval:0.0003504753112792969
2023-03-22 15:33:45,639 - SubscriberAppln - INFO - Topc:weather	Content:icy	Time_interval:0.0003139972686767578
2023-03-22 15:33:45,808 - SubscriberAppln - INFO - Topc:weather	Content:foggy	Time_interval:0.00023126602172851562
2023-03-22 15:33:46,346 - SubscriberAppln - INFO - Topc:weather	Content:rainy	Time_interval:0.0003132820129394531
2023-03-22 15:33:46,640 - SubscriberAppln - INFO - Topc:weather	Content:icy	Time_interval:0.0002808570861816406
2023-03-22 15:33:46,809 - SubscriberAppln - INFO - Topc:weather	Content:foggy	Time_interval:0.0001952648162841797
2023-03-22 15:33:47,348 - SubscriberAppln - INFO - Topc:weather	Content:foggy	Time_interval:0.0008060932159423828
2023-03-22 15:33:47,641 - SubscriberAppln - INFO - Topc:weather	Content:foggy	Time_interval:0.0002048015594482422
2023-03-22 15:33:47,809 - SubscriberAppln - INFO - Topc:weather	Content:cloudy	Time_interval:0.00021529197692871094
2023-03-22 15:33:48,349 - SubscriberAppln - INFO - Topc:weather	Content:icy	Time_interval:0.0007586479187011719
2023-03-22 15:33:48,641 - SubscriberAppln - INFO - Topc:weather	Content:icy	Time_interval:0.00022983551025390625
2023-03-22 15:33:48,810 - SubscriberAppln - INFO - Topc:weather	Content:foggy	Time_interval:0.00022149085998535156
2023-03-22 15:33:49,350 - SubscriberAppln - INFO - Topc:weather	Content:foggy	Time_interval:0.0004265308380126953
2023-03-22 15:33:49,643 - SubscriberAppln - INFO - Topc:weather	Content:cloudy	Time_interval:0.0002846717834472656
2023-03-22 15:33:49,812 - SubscriberAppln - INFO - Topc:weather	Content:icy	Time_interval:0.0001983642578125
2023-03-22 15:33:50,351 - SubscriberAppln - INFO - Topc:weather	Content:foggy	Time_interval:0.00041794776916503906
2023-03-22 15:33:50,644 - SubscriberAppln - INFO - Topc:weather	Content:cloudy	Time_interval:0.0002276897430419922
2023-03-22 15:33:50,813 - SubscriberAppln - INFO - Topc:weather	Content:icy	Time_interval:0.00020647048950195312
2023-03-22 15:33:51,352 - SubscriberAppln - INFO - Topc:weather	Content:foggy	Time_interval:0.0008559226989746094
2023-03-22 15:33:51,645 - SubscriberAppln - INFO - Topc:weather	Content:rainy	Time_interval:0.0002219676971435547
2023-03-22 15:33:51,813 - SubscriberAppln - INFO - Topc:weather	Content:cloudy	Time_interval:0.00018334388732910156
2023-03-22 15:33:52,353 - SubscriberAppln - INFO - Topc:weather	Content:sunny	Time_interval:0.00028252601623535156
2023-03-22 15:33:52,645 - SubscriberAppln - INFO - Topc:weather	Content:rainy	Time_interval:0.00031375885009765625
2023-03-22 15:33:52,814 - SubscriberAppln - INFO - Topc:weather	Content:sunny	Time_interval:0.00020742416381835938
2023-03-22 15:33:53,355 - SubscriberAppln - INFO - Topc:weather	Content:icy	Time_interval:0.00031948089599609375
2023-03-22 15:33:53,646 - SubscriberAppln - INFO - Topc:weather	Content:icy	Time_interval:0.0002396106719970703
2023-03-22 15:33:53,816 - SubscriberAppln - INFO - Topc:weather	Content:icy	Time_interval:0.0002155303955078125
2023-03-22 15:33:54,356 - SubscriberAppln - INFO - Topc:weather	Content:rainy	Time_interval:0.00027108192443847656
2023-03-22 15:33:54,647 - SubscriberAppln - INFO - Topc:weather	Content:sunny	Time_interval:0.0008311271667480469
2023-03-22 15:33:54,817 - SubscriberAppln - INFO - Topc:weather	Content:cloudy	Time_interval:0.00019025802612304688
2023-03-22 15:33:55,357 - SubscriberAppln - INFO - Topc:weather	Content:sunny	Time_interval:0.0003230571746826172
2023-03-22 15:33:55,648 - SubscriberAppln - INFO - Topc:weather	Content:sunny	Time_interval:0.00023126602172851562
2023-03-22 15:33:55,817 - SubscriberAppln - INFO - Topc:weather	Content:icy	Time_interval:0.00018453598022460938
2023-03-22 15:33:56,358 - SubscriberAppln - INFO - Topc:weather	Content:cloudy	Time_interval:0.0003216266632080078
2023-03-22 15:33:56,649 - SubscriberAppln - INFO - Topc:weather	Content:foggy	Time_interval:0.0002605915069580078
2023-03-22 15:33:56,818 - SubscriberAppln - INFO - Topc:weather	Content:cloudy	Time_interval:0.00021147727966308594
2023-03-22 15:33:57,359 - SubscriberAppln - INFO - Topc:weather	Content:icy	Time_interval:0.0008192062377929688
2023-03-22 15:33:57,651 - SubscriberAppln - INFO - Topc:weather	Content:rainy	Time_interval:0.00025653839111328125
2023-03-22 15:33:57,820 - SubscriberAppln - INFO - Topc:weather	Content:rainy	Time_interval:0.00023412704467773438
2023-03-22 15:33:58,360 - SubscriberAppln - INFO - Topc:weather	Content:icy	Time_interval:0.0003638267517089844
2023-03-22 15:33:58,652 - SubscriberAppln - INFO - Topc:weather	Content:foggy	Time_interval:0.0002682209014892578
2023-03-22 15:33:58,821 - SubscriberAppln - INFO - Topc:weather	Content:cloudy	Time_interval:0.00020933151245117188
2023-03-22 15:33:59,362 - SubscriberAppln - INFO - Topc:weather	Content:foggy	Time_interval:0.00036644935607910156
2023-03-22 15:33:59,653 - SubscriberAppln - INFO - Topc:weather	Content:foggy	Time_interval:0.00021409988403320312
2023-03-22 15:33:59,821 - SubscriberAppln - INFO - Topc:weather	Content:icy	Time_interval:0.00020742416381835938
2023-03-22 15:34:00,364 - SubscriberAppln - INFO - Topc:weather	Content:foggy	Time_interval:0.0010166168212890625
2023-03-22 15:34:00,653 - SubscriberAppln - INFO - Topc:weather	Content:cloudy	Time_interval:0.0002472400665283203
2023-03-22 15:34:00,822 - SubscriberAppln - INFO - Topc:weather	Content:icy	Time_interval:0.00019621849060058594
2023-03-22 15:34:01,364 - SubscriberAppln - INFO - Topc:weather	Content:icy	Time_interval:0.0003497600555419922
2023-03-22 15:34:01,655 - SubscriberAppln - INFO - Topc:weather	Content:icy	Time_interval:0.00022554397583007812
2023-03-22 15:34:01,824 - SubscriberAppln - INFO - Topc:weather	Content:foggy	Time_interval:0.0001881122589111328
2023-03-22 15:34:02,365 - SubscriberAppln - INFO - Topc:weather	Content:rainy	Time_interval:0.00029659271240234375
2023-03-22 15:34:02,656 - SubscriberAppln - INFO - Topc:weather	Content:foggy	Time_interval:0.0002562999725341797
2023-03-22 15:34:02,825 - SubscriberAppln - INFO - Topc:weather	Content:rainy	Time_interval:0.0008387565612792969
2023-03-22 15:34:03,367 - SubscriberAppln - INFO - Topc:weather	Content:cloudy	Time_interval:0.0008559226989746094
2023-03-22 15:34:03,657 - SubscriberAppln - INFO - Topc:weather	Content:icy	Time_interval:0.000274658203125
2023-03-22 15:34:03,826 - SubscriberAppln - INFO - Topc:weather	Content:sunny	Time_interval:0.0008056163787841797
2023-03-22 15:34:04,368 - SubscriberAppln - INFO - Topc:weather	Content:icy	Time_interval:0.00028252601623535156
2023-03-22 15:34:04,658 - SubscriberAppln - INFO - Topc:weather	Content:sunny	Time_interval:0.0002238750457763672
2023-03-22 15:34:04,827 - SubscriberAppln - INFO - Topc:weather	Content:icy	Time_interval:0.00020194053649902344
2023-03-22 15:34:05,369 - SubscriberAppln - INFO - Topc:weather	Content:cloudy	Time_interval:0.00024962425231933594
2023-03-22 15:34:05,659 - SubscriberAppln - INFO - Topc:weather	Content:sunny	Time_interval:0.00026106834411621094
2023-03-22 15:34:05,828 - SubscriberAppln - INFO - Topc:weather	Content:icy	Time_interval:0.0002009868621826172
2023-03-22 15:34:06,369 - SubscriberAppln - INFO - Topc:weather	Content:rainy	Time_interval:0.0003056526184082031
2023-03-22 15:34:06,660 - SubscriberAppln - INFO - Topc:weather	Content:rainy	Time_interval:0.0002758502960205078
2023-03-22 15:34:06,829 - SubscriberAppln - INFO - Topc:weather	Content:sunny	Time_interval:0.00020003318786621094
2023-03-22 15:34:07,371 - SubscriberAppln - INFO - Topc:weather	Content:sunny	Time_interval:0.0002689361572265625
2023-03-22 15:34:07,661 - SubscriberAppln - INFO - Topc:weather	Content:rainy	Time_interval:0.0002582073211669922
2023-03-22 15:34:07,829 - SubscriberAppln - INFO - Topc:weather	Content:icy	Time_interval:0.0001811981201171875
2023-03-22 15:34:08,372 - SubscriberAppln - INFO - Topc:weather	Content:foggy	Time_interval:0.0008211135864257812
2023-03-22 15:34:08,662 - SubscriberAppln - INFO - Topc:weather	Content:cloudy	Time_interval:0.0002512931823730469
2023-03-22 15:34:08,831 - SubscriberAppln - INFO - Topc:weather	Content:icy	Time_interval:0.0002644062042236328
2023-03-22 15:34:09,373 - SubscriberAppln - INFO - Topc:weather	Content:cloudy	Time_interval:0.00031113624572753906
2023-03-22 15:34:09,663 - SubscriberAppln - INFO - Topc:weather	Content:icy	Time_interval:0.0002346038818359375
2023-03-22 15:34:09,832 - SubscriberAppln - INFO - Topc:weather	Content:foggy	Time_interval:0.00021529197692871094
2023-03-22 15:34:10,375 - SubscriberAppln - INFO - Topc:weather	Content:foggy	Time_interval:0.00033092498779296875
2023-03-22 15:34:10,663 - SubscriberAppln - INFO - Topc:weather	Content:foggy	Time_interval:0.00036025047302246094
2023-03-22 15:34:10,833 - SubscriberAppln - INFO - Topc:weather	Content:foggy	Time_interval:0.0002052783966064453
2023-03-22 15:34:11,376 - SubscriberAppln - INFO - Topc:weather	Content:rainy	Time_interval:0.0003120899200439453
2023-03-22 15:34:11,665 - SubscriberAppln - INFO - Topc:weather	Content:rainy	Time_interval:0.00025463104248046875
2023-03-22 15:34:11,833 - SubscriberAppln - INFO - Topc:weather	Content:cloudy	Time_interval:0.0001804828643798828
2023-03-22 15:34:12,377 - SubscriberAppln - INFO - Topc:weather	Content:icy	Time_interval:0.00030231475830078125
2023-03-22 15:34:12,665 - SubscriberAppln - INFO - Topc:weather	Content:icy	Time_interval:0.00028324127197265625
2023-03-22 15:34:12,834 - SubscriberAppln - INFO - Topc:weather	Content:icy	Time_interval:0.0002467632293701172
2023-03-22 15:34:13,378 - SubscriberAppln - INFO - Topc:weather	Content:sunny	Time_interval:0.0002942085266113281
2023-03-22 15:34:13,667 - SubscriberAppln - INFO - Topc:weather	Content:icy	Time_interval:0.00028061866760253906
2023-03-22 15:34:13,836 - SubscriberAppln - INFO - Topc:weather	Content:foggy	Time_interval:0.0006778240203857422
2023-03-22 15:34:14,379 - SubscriberAppln - INFO - Topc:weather	Content:sunny	Time_interval:0.0002574920654296875
2023-03-22 15:34:14,668 - SubscriberAppln - INFO - Topc:weather	Content:cloudy	Time_interval:0.00026345252990722656
2023-03-22 15:34:14,837 - SubscriberAppln - INFO - Topc:weather	Content:cloudy	Time_interval:0.0002334117889404297
2023-03-22 15:34:15,669 - SubscriberAppln - INFO - Topc:weather	Content:rainy	Time_interval:0.0002808570861816406
2023-03-22 15:34:15,837 - SubscriberAppln - INFO - Topc:weather	Content:cloudy	Time_interval:0.000255584716796875
2023-03-22 15:34:16,670 - SubscriberAppln - INFO - Topc:weather	Content:foggy	Time_interval:0.0003616809844970703
2023-03-22 15:34:16,839 - SubscriberAppln - INFO - Topc:weather	Content:icy	Time_interval:0.00019359588623046875
